randr: (g=0): rw=randread, bs=(R) 8192B-8192B, (W) 8192B-8192B, (T) 8192B-8192B, ioengine=libaio, iodepth=1
fio-3.18
Starting 1 thread

randr: (groupid=0, jobs=1): err= 0: pid=116497: Thu Feb 20 08:43:57 2020
  read: IOPS=562, BW=4502KiB/s (4610kB/s)(1319MiB/300001msec)
    slat (usec): min=21, max=311, avg=40.80, stdev= 4.21
    clat (usec): min=381, max=185882, avg=1734.94, stdev=5239.02
     lat (usec): min=413, max=185919, avg=1775.88, stdev=5239.08
    clat percentiles (usec):
     |  1.00th=[   506],  5.00th=[   545], 10.00th=[   570], 20.00th=[   603],
     | 30.00th=[   627], 40.00th=[   644], 50.00th=[   668], 60.00th=[   693],
     | 70.00th=[   717], 80.00th=[   758], 90.00th=[   898], 95.00th=[ 10028],
     | 99.00th=[ 19268], 99.50th=[ 21365], 99.90th=[ 71828], 99.95th=[ 99091],
     | 99.99th=[141558]
   bw (  KiB/s): min=  624, max=11680, per=100.00%, avg=4502.74, stdev=3913.85, samples=599
   iops        : min=   78, max= 1460, avg=562.84, stdev=489.23, samples=599
  lat (usec)   : 500=0.86%, 750=77.19%, 1000=13.08%
  lat (msec)   : 2=1.08%, 4=0.86%, 10=1.93%, 20=4.25%, 50=0.57%
  lat (msec)   : 100=0.12%, 250=0.05%
  cpu          : usr=0.19%, sys=1.76%, ctx=336707, majf=0, minf=115
  IO depths    : 1=100.0%, 2=0.0%, 4=0.0%, 8=0.0%, 16=0.0%, 32=0.0%, >=64=0.0%
     submit    : 0=0.0%, 4=100.0%, 8=0.0%, 16=0.0%, 32=0.0%, 64=0.0%, >=64=0.0%
     complete  : 0=0.0%, 4=100.0%, 8=0.0%, 16=0.0%, 32=0.0%, 64=0.0%, >=64=0.0%
     issued rwts: total=168819,0,0,0 short=0,0,0,0 dropped=0,0,0,0
     latency   : target=0, window=0, percentile=100.00%, depth=1

Run status group 0 (all jobs):
   READ: bw=4502KiB/s (4610kB/s), 4502KiB/s-4502KiB/s (4610kB/s-4610kB/s), io=1319MiB (1383MB), run=300001-300001msec
