randr: (g=0): rw=randread, bs=(R) 8192B-8192B, (W) 8192B-8192B, (T) 8192B-8192B, ioengine=libaio, iodepth=1
...
fio-3.18
Starting 8 threads

randr: (groupid=0, jobs=8): err= 0: pid=115509: Thu Feb 20 08:27:23 2020
  read: IOPS=1116, BW=8930KiB/s (9144kB/s)(2616MiB/300013msec)
    slat (usec): min=23, max=600, avg=45.39, stdev= 9.30
    clat (usec): min=150, max=281097, avg=7118.99, stdev=6485.11
     lat (usec): min=429, max=281132, avg=7164.53, stdev=6485.15
    clat percentiles (usec):
     |  1.00th=[   545],  5.00th=[   603], 10.00th=[   635], 20.00th=[   709],
     | 30.00th=[  2769], 40.00th=[  6194], 50.00th=[  7635], 60.00th=[  8586],
     | 70.00th=[  9372], 80.00th=[ 10028], 90.00th=[ 13304], 95.00th=[ 16581],
     | 99.00th=[ 24249], 99.50th=[ 28705], 99.90th=[ 85459], 99.95th=[103285],
     | 99.99th=[110625]
   bw (  KiB/s): min= 4816, max=18592, per=100.00%, avg=8937.23, stdev=441.09, samples=4792
   iops        : min=  602, max= 2324, avg=1117.15, stdev=55.14, samples=4792
  lat (usec)   : 250=0.01%, 500=0.12%, 750=23.62%, 1000=4.50%
  lat (msec)   : 2=0.89%, 4=2.97%, 10=47.15%, 20=18.70%, 50=1.85%
  lat (msec)   : 100=0.15%, 250=0.05%, 500=0.01%
  cpu          : usr=0.05%, sys=0.52%, ctx=598965, majf=0, minf=5063
  IO depths    : 1=100.0%, 2=0.0%, 4=0.0%, 8=0.0%, 16=0.0%, 32=0.0%, >=64=0.0%
     submit    : 0=0.0%, 4=100.0%, 8=0.0%, 16=0.0%, 32=0.0%, 64=0.0%, >=64=0.0%
     complete  : 0=0.0%, 4=100.0%, 8=0.0%, 16=0.0%, 32=0.0%, 64=0.0%, >=64=0.0%
     issued rwts: total=334888,0,0,0 short=0,0,0,0 dropped=0,0,0,0
     latency   : target=0, window=0, percentile=100.00%, depth=1

Run status group 0 (all jobs):
   READ: bw=8930KiB/s (9144kB/s), 8930KiB/s-8930KiB/s (9144kB/s-9144kB/s), io=2616MiB (2743MB), run=300013-300013msec
