randr: (g=0): rw=randread, bs=(R) 8192B-8192B, (W) 8192B-8192B, (T) 8192B-8192B, ioengine=libaio, iodepth=1
...
fio-3.18
Starting 4 threads

randr: (groupid=0, jobs=4): err= 0: pid=115826: Thu Feb 20 08:32:54 2020
  read: IOPS=937, BW=7498KiB/s (7678kB/s)(2197MiB/300016msec)
    slat (usec): min=22, max=443, avg=44.34, stdev= 7.95
    clat (usec): min=246, max=121746, avg=4221.17, stdev=5668.11
     lat (usec): min=423, max=121781, avg=4265.66, stdev=5668.13
    clat percentiles (usec):
     |  1.00th=[   529],  5.00th=[   570], 10.00th=[   594], 20.00th=[   635],
     | 30.00th=[   668], 40.00th=[   709], 50.00th=[   766], 60.00th=[  2212],
     | 70.00th=[  6259], 80.00th=[  8586], 90.00th=[ 10683], 95.00th=[ 15664],
     | 99.00th=[ 20317], 99.50th=[ 23200], 99.90th=[ 35914], 99.95th=[ 73925],
     | 99.99th=[107480]
   bw (  KiB/s): min= 3424, max=17920, per=100.00%, avg=7503.39, stdev=1293.95, samples=2396
   iops        : min=  428, max= 2240, avg=937.92, stdev=161.74, samples=2396
  lat (usec)   : 250=0.01%, 500=0.32%, 750=47.98%, 1000=9.66%
  lat (msec)   : 2=1.78%, 4=3.76%, 10=24.57%, 20=10.84%, 50=1.03%
  lat (msec)   : 100=0.05%, 250=0.03%
  cpu          : usr=0.09%, sys=0.82%, ctx=520326, majf=0, minf=2664
  IO depths    : 1=100.0%, 2=0.0%, 4=0.0%, 8=0.0%, 16=0.0%, 32=0.0%, >=64=0.0%
     submit    : 0=0.0%, 4=100.0%, 8=0.0%, 16=0.0%, 32=0.0%, 64=0.0%, >=64=0.0%
     complete  : 0=0.0%, 4=100.0%, 8=0.0%, 16=0.0%, 32=0.0%, 64=0.0%, >=64=0.0%
     issued rwts: total=281207,0,0,0 short=0,0,0,0 dropped=0,0,0,0
     latency   : target=0, window=0, percentile=100.00%, depth=1

Run status group 0 (all jobs):
   READ: bw=7498KiB/s (7678kB/s), 7498KiB/s-7498KiB/s (7678kB/s-7678kB/s), io=2197MiB (2304MB), run=300016-300016msec
