seqr: (g=0): rw=read, bs=(R) 64.0KiB-64.0KiB, (W) 64.0KiB-64.0KiB, (T) 64.0KiB-64.0KiB, ioengine=libaio, iodepth=1
...
fio-3.18
Starting 128 threads
seqr: Laying out IO file (1 file / 2048MiB)
seqr: Laying out IO file (1 file / 2048MiB)
seqr: Laying out IO file (1 file / 2048MiB)
seqr: Laying out IO file (1 file / 2048MiB)
seqr: Laying out IO file (1 file / 2048MiB)
seqr: Laying out IO file (1 file / 2048MiB)
seqr: Laying out IO file (1 file / 2048MiB)
seqr: Laying out IO file (1 file / 2048MiB)
seqr: Laying out IO file (1 file / 2048MiB)
seqr: Laying out IO file (1 file / 2048MiB)
seqr: Laying out IO file (1 file / 2048MiB)
seqr: Laying out IO file (1 file / 2048MiB)
seqr: Laying out IO file (1 file / 2048MiB)
seqr: Laying out IO file (1 file / 2048MiB)
seqr: Laying out IO file (1 file / 2048MiB)
seqr: Laying out IO file (1 file / 2048MiB)
seqr: Laying out IO file (1 file / 2048MiB)
seqr: Laying out IO file (1 file / 2048MiB)
seqr: Laying out IO file (1 file / 2048MiB)
seqr: Laying out IO file (1 file / 2048MiB)
seqr: Laying out IO file (1 file / 2048MiB)
seqr: Laying out IO file (1 file / 2048MiB)
seqr: Laying out IO file (1 file / 2048MiB)
seqr: Laying out IO file (1 file / 2048MiB)
seqr: Laying out IO file (1 file / 2048MiB)
seqr: Laying out IO file (1 file / 2048MiB)
seqr: Laying out IO file (1 file / 2048MiB)
seqr: Laying out IO file (1 file / 2048MiB)
seqr: Laying out IO file (1 file / 2048MiB)
seqr: Laying out IO file (1 file / 2048MiB)
seqr: Laying out IO file (1 file / 2048MiB)
seqr: Laying out IO file (1 file / 2048MiB)
seqr: Laying out IO file (1 file / 2048MiB)
seqr: Laying out IO file (1 file / 2048MiB)
seqr: Laying out IO file (1 file / 2048MiB)
seqr: Laying out IO file (1 file / 2048MiB)
seqr: Laying out IO file (1 file / 2048MiB)
seqr: Laying out IO file (1 file / 2048MiB)
seqr: Laying out IO file (1 file / 2048MiB)
seqr: Laying out IO file (1 file / 2048MiB)
seqr: Laying out IO file (1 file / 2048MiB)
seqr: Laying out IO file (1 file / 2048MiB)
seqr: Laying out IO file (1 file / 2048MiB)
seqr: Laying out IO file (1 file / 2048MiB)
seqr: Laying out IO file (1 file / 2048MiB)
seqr: Laying out IO file (1 file / 2048MiB)
seqr: Laying out IO file (1 file / 2048MiB)
seqr: Laying out IO file (1 file / 2048MiB)
seqr: Laying out IO file (1 file / 2048MiB)
seqr: Laying out IO file (1 file / 2048MiB)
seqr: Laying out IO file (1 file / 2048MiB)
seqr: Laying out IO file (1 file / 2048MiB)
seqr: Laying out IO file (1 file / 2048MiB)
seqr: Laying out IO file (1 file / 2048MiB)
seqr: Laying out IO file (1 file / 2048MiB)
seqr: Laying out IO file (1 file / 2048MiB)
seqr: Laying out IO file (1 file / 2048MiB)
seqr: Laying out IO file (1 file / 2048MiB)
seqr: Laying out IO file (1 file / 2048MiB)
seqr: Laying out IO file (1 file / 2048MiB)
seqr: Laying out IO file (1 file / 2048MiB)
seqr: Laying out IO file (1 file / 2048MiB)
seqr: Laying out IO file (1 file / 2048MiB)
seqr: Laying out IO file (1 file / 2048MiB)
seqr: Laying out IO file (1 file / 2048MiB)
seqr: Laying out IO file (1 file / 2048MiB)
seqr: Laying out IO file (1 file / 2048MiB)
seqr: Laying out IO file (1 file / 2048MiB)
seqr: Laying out IO file (1 file / 2048MiB)
seqr: Laying out IO file (1 file / 2048MiB)
seqr: Laying out IO file (1 file / 2048MiB)
seqr: Laying out IO file (1 file / 2048MiB)
seqr: Laying out IO file (1 file / 2048MiB)
seqr: Laying out IO file (1 file / 2048MiB)
seqr: Laying out IO file (1 file / 2048MiB)
seqr: Laying out IO file (1 file / 2048MiB)
seqr: Laying out IO file (1 file / 2048MiB)
seqr: Laying out IO file (1 file / 2048MiB)
seqr: Laying out IO file (1 file / 2048MiB)
seqr: Laying out IO file (1 file / 2048MiB)
seqr: Laying out IO file (1 file / 2048MiB)
seqr: Laying out IO file (1 file / 2048MiB)
seqr: Laying out IO file (1 file / 2048MiB)
seqr: Laying out IO file (1 file / 2048MiB)
seqr: Laying out IO file (1 file / 2048MiB)
seqr: Laying out IO file (1 file / 2048MiB)
seqr: Laying out IO file (1 file / 2048MiB)
seqr: Laying out IO file (1 file / 2048MiB)
seqr: Laying out IO file (1 file / 2048MiB)
seqr: Laying out IO file (1 file / 2048MiB)
seqr: Laying out IO file (1 file / 2048MiB)
seqr: Laying out IO file (1 file / 2048MiB)
seqr: Laying out IO file (1 file / 2048MiB)
seqr: Laying out IO file (1 file / 2048MiB)
seqr: Laying out IO file (1 file / 2048MiB)
seqr: Laying out IO file (1 file / 2048MiB)
seqr: Laying out IO file (1 file / 2048MiB)
seqr: Laying out IO file (1 file / 2048MiB)
seqr: Laying out IO file (1 file / 2048MiB)
seqr: Laying out IO file (1 file / 2048MiB)
seqr: Laying out IO file (1 file / 2048MiB)
seqr: Laying out IO file (1 file / 2048MiB)
seqr: Laying out IO file (1 file / 2048MiB)
seqr: Laying out IO file (1 file / 2048MiB)
seqr: Laying out IO file (1 file / 2048MiB)
seqr: Laying out IO file (1 file / 2048MiB)
seqr: Laying out IO file (1 file / 2048MiB)
seqr: Laying out IO file (1 file / 2048MiB)
seqr: Laying out IO file (1 file / 2048MiB)
seqr: Laying out IO file (1 file / 2048MiB)
seqr: Laying out IO file (1 file / 2048MiB)
seqr: Laying out IO file (1 file / 2048MiB)
seqr: Laying out IO file (1 file / 2048MiB)
seqr: Laying out IO file (1 file / 2048MiB)
seqr: Laying out IO file (1 file / 2048MiB)
seqr: Laying out IO file (1 file / 2048MiB)
seqr: Laying out IO file (1 file / 2048MiB)
seqr: Laying out IO file (1 file / 2048MiB)
seqr: Laying out IO file (1 file / 2048MiB)
seqr: Laying out IO file (1 file / 2048MiB)
seqr: Laying out IO file (1 file / 2048MiB)
seqr: Laying out IO file (1 file / 2048MiB)
seqr: Laying out IO file (1 file / 2048MiB)
seqr: Laying out IO file (1 file / 2048MiB)
seqr: Laying out IO file (1 file / 2048MiB)
seqr: Laying out IO file (1 file / 2048MiB)
seqr: Laying out IO file (1 file / 2048MiB)
seqr: Laying out IO file (1 file / 2048MiB)

seqr: (groupid=0, jobs=128): err= 0: pid=109002: Thu Feb 20 06:53:04 2020
  read: IOPS=6164, BW=385MiB/s (404MB/s)(113GiB/300162msec)
    slat (usec): min=22, max=2259, avg=49.50, stdev=18.37
    clat (usec): min=3, max=4061.9k, avg=20703.12, stdev=40030.79
     lat (usec): min=794, max=4061.9k, avg=20752.80, stdev=40030.78
    clat percentiles (usec):
     |  1.00th=[    988],  5.00th=[   1106], 10.00th=[   1287],
     | 20.00th=[   4883], 30.00th=[   7898], 40.00th=[  10159],
     | 50.00th=[  12649], 60.00th=[  16188], 70.00th=[  21103],
     | 80.00th=[  28443], 90.00th=[  43254], 95.00th=[  61080],
     | 99.00th=[ 128451], 99.50th=[ 181404], 99.90th=[ 413139],
     | 99.95th=[ 616563], 99.99th=[1484784]
   bw (  KiB/s): min=31576, max=1716460, per=100.00%, avg=401160.49, stdev=1672.15, samples=75452
   iops        : min=  493, max=26817, avg=6268.03, stdev=26.13, samples=75452
  lat (usec)   : 4=0.01%, 750=0.01%, 1000=1.19%
  lat (msec)   : 2=12.27%, 4=4.30%, 10=21.73%, 20=28.69%, 50=24.25%
  lat (msec)   : 100=5.87%, 250=1.43%, 500=0.20%, 750=0.04%, 1000=0.01%
  lat (msec)   : 2000=0.02%, >=2000=0.01%
  cpu          : usr=0.02%, sys=0.22%, ctx=2677230, majf=0, minf=129424
  IO depths    : 1=100.0%, 2=0.0%, 4=0.0%, 8=0.0%, 16=0.0%, 32=0.0%, >=64=0.0%
     submit    : 0=0.0%, 4=100.0%, 8=0.0%, 16=0.0%, 32=0.0%, 64=0.0%, >=64=0.0%
     complete  : 0=0.0%, 4=100.0%, 8=0.0%, 16=0.0%, 32=0.0%, 64=0.0%, >=64=0.0%
     issued rwts: total=1850276,0,0,0 short=0,0,0,0 dropped=0,0,0,0
     latency   : target=0, window=0, percentile=100.00%, depth=1

Run status group 0 (all jobs):
   READ: bw=385MiB/s (404MB/s), 385MiB/s-385MiB/s (404MB/s-404MB/s), io=113GiB (121GB), run=300162-300162msec
