seqr: (g=0): rw=read, bs=(R) 64.0KiB-64.0KiB, (W) 64.0KiB-64.0KiB, (T) 64.0KiB-64.0KiB, ioengine=libaio, iodepth=1
...
fio-3.18
Starting 8 threads

seqr: (groupid=0, jobs=8): err= 0: pid=110814: Thu Feb 20 07:15:08 2020
  read: IOPS=7963, BW=498MiB/s (522MB/s)(146GiB/300002msec)
    slat (usec): min=21, max=823, avg=47.24, stdev=14.58
    clat (usec): min=3, max=252624, avg=955.56, stdev=1746.45
     lat (usec): min=561, max=252657, avg=1002.95, stdev=1746.45
    clat percentiles (usec):
     |  1.00th=[  668],  5.00th=[  717], 10.00th=[  750], 20.00th=[  783],
     | 30.00th=[  816], 40.00th=[  840], 50.00th=[  873], 60.00th=[  906],
     | 70.00th=[  938], 80.00th=[  979], 90.00th=[ 1045], 95.00th=[ 1123],
     | 99.00th=[ 1958], 99.50th=[ 3458], 99.90th=[15401], 99.95th=[41157],
     | 99.99th=[82314]
   bw (  KiB/s): min=45184, max=594176, per=100.00%, avg=510190.58, stdev=11606.44, samples=4784
   iops        : min=  706, max= 9284, avg=7971.72, stdev=181.35, samples=4784
  lat (usec)   : 4=0.01%, 10=0.01%, 100=0.01%, 250=0.01%, 500=0.01%
  lat (usec)   : 750=10.88%, 1000=72.81%
  lat (msec)   : 2=15.33%, 4=0.62%, 10=0.24%, 20=0.03%, 50=0.05%
  lat (msec)   : 100=0.03%, 250=0.01%, 500=0.01%
  cpu          : usr=0.33%, sys=4.23%, ctx=3636886, majf=0, minf=23257
  IO depths    : 1=100.0%, 2=0.0%, 4=0.0%, 8=0.0%, 16=0.0%, 32=0.0%, >=64=0.0%
     submit    : 0=0.0%, 4=100.0%, 8=0.0%, 16=0.0%, 32=0.0%, 64=0.0%, >=64=0.0%
     complete  : 0=0.0%, 4=100.0%, 8=0.0%, 16=0.0%, 32=0.0%, 64=0.0%, >=64=0.0%
     issued rwts: total=2389115,0,0,0 short=0,0,0,0 dropped=0,0,0,0
     latency   : target=0, window=0, percentile=100.00%, depth=1

Run status group 0 (all jobs):
   READ: bw=498MiB/s (522MB/s), 498MiB/s-498MiB/s (522MB/s-522MB/s), io=146GiB (157GB), run=300002-300002msec
