seqr: (g=0): rw=read, bs=(R) 64.0KiB-64.0KiB, (W) 64.0KiB-64.0KiB, (T) 64.0KiB-64.0KiB, ioengine=libaio, iodepth=1
fio-3.18
Starting 1 thread

seqr: (groupid=0, jobs=1): err= 0: pid=111741: Thu Feb 20 07:31:42 2020
  read: IOPS=1262, BW=78.9MiB/s (82.7MB/s)(23.1GiB/300001msec)
    slat (usec): min=23, max=224, avg=42.56, stdev= 4.92
    clat (usec): min=474, max=6739, avg=747.04, stdev=221.58
     lat (usec): min=518, max=6776, avg=789.76, stdev=221.81
    clat percentiles (usec):
     |  1.00th=[  578],  5.00th=[  611], 10.00th=[  627], 20.00th=[  652],
     | 30.00th=[  668], 40.00th=[  693], 50.00th=[  709], 60.00th=[  734],
     | 70.00th=[  758], 80.00th=[  791], 90.00th=[  873], 95.00th=[  979],
     | 99.00th=[ 1237], 99.50th=[ 2040], 99.90th=[ 4080], 99.95th=[ 4359],
     | 99.99th=[ 4752]
   bw (  KiB/s): min=77440, max=84096, per=100.00%, avg=80886.77, stdev=1168.52, samples=599
   iops        : min= 1210, max= 1314, avg=1263.85, stdev=18.26, samples=599
  lat (usec)   : 500=0.01%, 750=67.93%, 1000=27.62%
  lat (msec)   : 2=3.94%, 4=0.40%, 10=0.11%
  cpu          : usr=0.57%, sys=4.24%, ctx=754813, majf=0, minf=169
  IO depths    : 1=100.0%, 2=0.0%, 4=0.0%, 8=0.0%, 16=0.0%, 32=0.0%, >=64=0.0%
     submit    : 0=0.0%, 4=100.0%, 8=0.0%, 16=0.0%, 32=0.0%, 64=0.0%, >=64=0.0%
     complete  : 0=0.0%, 4=100.0%, 8=0.0%, 16=0.0%, 32=0.0%, 64=0.0%, >=64=0.0%
     issued rwts: total=378783,0,0,0 short=0,0,0,0 dropped=0,0,0,0
     latency   : target=0, window=0, percentile=100.00%, depth=1

Run status group 0 (all jobs):
   READ: bw=78.9MiB/s (82.7MB/s), 78.9MiB/s-78.9MiB/s (82.7MB/s-82.7MB/s), io=23.1GiB (24.8GB), run=300001-300001msec
