seqr: (g=0): rw=read, bs=(R) 64.0KiB-64.0KiB, (W) 64.0KiB-64.0KiB, (T) 64.0KiB-64.0KiB, ioengine=libaio, iodepth=1
...
fio-3.18
Starting 16 threads

seqr: (groupid=0, jobs=16): err= 0: pid=110361: Thu Feb 20 07:09:37 2020
  read: IOPS=12.7k, BW=792MiB/s (831MB/s)(232GiB/300003msec)
    slat (usec): min=21, max=1612, avg=54.00, stdev=18.31
    clat (usec): min=2, max=272249, avg=1206.27, stdev=3484.85
     lat (usec): min=561, max=272300, avg=1260.45, stdev=3484.60
    clat percentiles (usec):
     |  1.00th=[   709],  5.00th=[   775], 10.00th=[   807], 20.00th=[   857],
     | 30.00th=[   889], 40.00th=[   922], 50.00th=[   955], 60.00th=[   988],
     | 70.00th=[  1029], 80.00th=[  1090], 90.00th=[  1172], 95.00th=[  1270],
     | 99.00th=[  3982], 99.50th=[  9765], 99.90th=[ 58983], 99.95th=[ 80217],
     | 99.99th=[122160]
   bw (  KiB/s): min=61952, max=1128192, per=100.00%, avg=812250.54, stdev=16555.24, samples=9568
   iops        : min=  968, max=17628, avg=12691.41, stdev=258.68, samples=9568
  lat (usec)   : 4=0.01%, 10=0.01%, 20=0.01%, 50=0.01%, 100=0.01%
  lat (usec)   : 250=0.01%, 500=0.01%, 750=3.00%, 1000=59.58%
  lat (msec)   : 2=35.57%, 4=0.86%, 10=0.50%, 20=0.14%, 50=0.21%
  lat (msec)   : 100=0.11%, 250=0.02%, 500=0.01%
  cpu          : usr=0.24%, sys=3.68%, ctx=6439572, majf=0, minf=19915
  IO depths    : 1=100.0%, 2=0.0%, 4=0.0%, 8=0.0%, 16=0.0%, 32=0.0%, >=64=0.0%
     submit    : 0=0.0%, 4=100.0%, 8=0.0%, 16=0.0%, 32=0.0%, 64=0.0%, >=64=0.0%
     complete  : 0=0.0%, 4=100.0%, 8=0.0%, 16=0.0%, 32=0.0%, 64=0.0%, >=64=0.0%
     issued rwts: total=3803442,0,0,0 short=0,0,0,0 dropped=0,0,0,0
     latency   : target=0, window=0, percentile=100.00%, depth=1

Run status group 0 (all jobs):
   READ: bw=792MiB/s (831MB/s), 792MiB/s-792MiB/s (831MB/s-831MB/s), io=232GiB (249GB), run=300003-300003msec
