seqr: (g=0): rw=read, bs=(R) 64.0KiB-64.0KiB, (W) 64.0KiB-64.0KiB, (T) 64.0KiB-64.0KiB, ioengine=libaio, iodepth=1
...
fio-3.18
Starting 64 threads

seqr: (groupid=0, jobs=64): err= 0: pid=109505: Thu Feb 20 06:58:35 2020
  read: IOPS=7087, BW=443MiB/s (464MB/s)(130GiB/300125msec)
    slat (usec): min=22, max=2034, avg=50.74, stdev=17.28
    clat (usec): min=3, max=1359.5k, avg=8974.62, stdev=20772.02
     lat (usec): min=624, max=1359.5k, avg=9025.54, stdev=20771.98
    clat percentiles (usec):
     |  1.00th=[   914],  5.00th=[   988], 10.00th=[  1037], 20.00th=[  1123],
     | 30.00th=[  1221], 40.00th=[  1647], 50.00th=[  3916], 60.00th=[  6259],
     | 70.00th=[  8586], 80.00th=[ 10945], 90.00th=[ 17957], 95.00th=[ 29492],
     | 99.00th=[ 88605], 99.50th=[129500], 99.90th=[261096], 99.95th=[333448],
     | 99.99th=[530580]
   bw (  KiB/s): min=30464, max=1214080, per=100.00%, avg=455303.53, stdev=3567.74, samples=38198
   iops        : min=  476, max=18970, avg=7114.06, stdev=55.75, samples=38198
  lat (usec)   : 4=0.01%, 100=0.01%, 500=0.01%, 750=0.01%, 1000=6.06%
  lat (msec)   : 2=35.94%, 4=8.33%, 10=26.21%, 20=14.95%, 50=6.03%
  lat (msec)   : 100=1.65%, 250=0.70%, 500=0.10%, 750=0.01%, 1000=0.01%
  lat (msec)   : 2000=0.01%
  cpu          : usr=0.04%, sys=0.50%, ctx=3232080, majf=0, minf=33132
  IO depths    : 1=100.0%, 2=0.0%, 4=0.0%, 8=0.0%, 16=0.0%, 32=0.0%, >=64=0.0%
     submit    : 0=0.0%, 4=100.0%, 8=0.0%, 16=0.0%, 32=0.0%, 64=0.0%, >=64=0.0%
     complete  : 0=0.0%, 4=100.0%, 8=0.0%, 16=0.0%, 32=0.0%, 64=0.0%, >=64=0.0%
     issued rwts: total=2127168,0,0,0 short=0,0,0,0 dropped=0,0,0,0
     latency   : target=0, window=0, percentile=100.00%, depth=1

Run status group 0 (all jobs):
   READ: bw=443MiB/s (464MB/s), 443MiB/s-443MiB/s (464MB/s-464MB/s), io=130GiB (139GB), run=300125-300125msec
