seqr: (g=0): rw=read, bs=(R) 64.0KiB-64.0KiB, (W) 64.0KiB-64.0KiB, (T) 64.0KiB-64.0KiB, ioengine=libaio, iodepth=1
...
fio-3.18
Starting 2 threads

seqr: (groupid=0, jobs=2): err= 0: pid=111448: Thu Feb 20 07:26:11 2020
  read: IOPS=2195, BW=137MiB/s (144MB/s)(40.2GiB/300001msec)
    slat (usec): min=22, max=393, avg=45.02, stdev= 6.78
    clat (usec): min=390, max=189932, avg=863.94, stdev=2160.40
     lat (usec): min=546, max=189975, avg=909.11, stdev=2160.29
    clat percentiles (usec):
     |  1.00th=[  586],  5.00th=[  627], 10.00th=[  652], 20.00th=[  676],
     | 30.00th=[  701], 40.00th=[  717], 50.00th=[  742], 60.00th=[  766],
     | 70.00th=[  799], 80.00th=[  832], 90.00th=[  914], 95.00th=[ 1004],
     | 99.00th=[ 1516], 99.50th=[ 3261], 99.90th=[34866], 99.95th=[51643],
     | 99.99th=[90702]
   bw (  KiB/s): min=10112, max=162304, per=100.00%, avg=140654.40, stdev=18001.25, samples=1198
   iops        : min=  158, max= 2536, avg=2197.72, stdev=281.27, samples=1198
  lat (usec)   : 500=0.01%, 750=53.42%, 1000=41.50%
  lat (msec)   : 2=4.25%, 4=0.45%, 10=0.17%, 20=0.06%, 50=0.11%
  lat (msec)   : 100=0.05%, 250=0.01%
  cpu          : usr=0.43%, sys=3.85%, ctx=1277758, majf=0, minf=1056
  IO depths    : 1=100.0%, 2=0.0%, 4=0.0%, 8=0.0%, 16=0.0%, 32=0.0%, >=64=0.0%
     submit    : 0=0.0%, 4=100.0%, 8=0.0%, 16=0.0%, 32=0.0%, 64=0.0%, >=64=0.0%
     complete  : 0=0.0%, 4=100.0%, 8=0.0%, 16=0.0%, 32=0.0%, 64=0.0%, >=64=0.0%
     issued rwts: total=658680,0,0,0 short=0,0,0,0 dropped=0,0,0,0
     latency   : target=0, window=0, percentile=100.00%, depth=1

Run status group 0 (all jobs):
   READ: bw=137MiB/s (144MB/s), 137MiB/s-137MiB/s (144MB/s-144MB/s), io=40.2GiB (43.2GB), run=300001-300001msec
