seqr: (g=0): rw=read, bs=(R) 64.0KiB-64.0KiB, (W) 64.0KiB-64.0KiB, (T) 64.0KiB-64.0KiB, ioengine=libaio, iodepth=1
...
fio-3.18
Starting 32 threads

seqr: (groupid=0, jobs=32): err= 0: pid=109878: Thu Feb 20 07:04:06 2020
  read: IOPS=11.7k, BW=733MiB/s (769MB/s)(215GiB/300010msec)
    slat (usec): min=22, max=1922, avg=59.08, stdev=24.07
    clat (usec): min=2, max=577491, avg=2666.91, stdev=6792.40
     lat (usec): min=601, max=577525, avg=2726.18, stdev=6791.23
    clat percentiles (usec):
     |  1.00th=[   783],  5.00th=[   881], 10.00th=[   938], 20.00th=[  1012],
     | 30.00th=[  1090], 40.00th=[  1172], 50.00th=[  1270], 60.00th=[  1385],
     | 70.00th=[  1532], 80.00th=[  1745], 90.00th=[  5407], 95.00th=[  9372],
     | 99.00th=[ 23200], 99.50th=[ 36963], 99.90th=[ 93848], 99.95th=[124257],
     | 99.99th=[206570]
   bw (  KiB/s): min=48604, max=1766016, per=100.00%, avg=751288.59, stdev=11880.19, samples=19137
   iops        : min=  759, max=27594, avg=11738.85, stdev=185.63, samples=19137
  lat (usec)   : 4=0.01%, 10=0.01%, 20=0.01%, 100=0.01%, 250=0.01%
  lat (usec)   : 500=0.01%, 750=0.44%, 1000=17.44%
  lat (msec)   : 2=65.76%, 4=4.18%, 10=7.79%, 20=3.11%, 50=0.96%
  lat (msec)   : 100=0.23%, 250=0.08%, 500=0.01%, 750=0.01%
  cpu          : usr=0.12%, sys=1.79%, ctx=6313495, majf=0, minf=92482
  IO depths    : 1=100.0%, 2=0.0%, 4=0.0%, 8=0.0%, 16=0.0%, 32=0.0%, >=64=0.0%
     submit    : 0=0.0%, 4=100.0%, 8=0.0%, 16=0.0%, 32=0.0%, 64=0.0%, >=64=0.0%
     complete  : 0=0.0%, 4=100.0%, 8=0.0%, 16=0.0%, 32=0.0%, 64=0.0%, >=64=0.0%
     issued rwts: total=3519207,0,0,0 short=0,0,0,0 dropped=0,0,0,0
     latency   : target=0, window=0, percentile=100.00%, depth=1

Run status group 0 (all jobs):
   READ: bw=733MiB/s (769MB/s), 733MiB/s-733MiB/s (769MB/s-769MB/s), io=215GiB (231GB), run=300010-300010msec
