seqw: (g=0): rw=write, bs=(R) 64.0KiB-64.0KiB, (W) 64.0KiB-64.0KiB, (T) 64.0KiB-64.0KiB, ioengine=libaio, iodepth=1
...
fio-3.18
Starting 64 threads
seqw: Laying out IO file (1 file / 2048MiB)
seqw: Laying out IO file (1 file / 2048MiB)
seqw: Laying out IO file (1 file / 2048MiB)
seqw: Laying out IO file (1 file / 2048MiB)
seqw: Laying out IO file (1 file / 2048MiB)
seqw: Laying out IO file (1 file / 2048MiB)
seqw: Laying out IO file (1 file / 2048MiB)
seqw: Laying out IO file (1 file / 2048MiB)
seqw: Laying out IO file (1 file / 2048MiB)
seqw: Laying out IO file (1 file / 2048MiB)
seqw: Laying out IO file (1 file / 2048MiB)
seqw: Laying out IO file (1 file / 2048MiB)
seqw: Laying out IO file (1 file / 2048MiB)
seqw: Laying out IO file (1 file / 2048MiB)
seqw: Laying out IO file (1 file / 2048MiB)
seqw: Laying out IO file (1 file / 2048MiB)
seqw: Laying out IO file (1 file / 2048MiB)
seqw: Laying out IO file (1 file / 2048MiB)
seqw: Laying out IO file (1 file / 2048MiB)
seqw: Laying out IO file (1 file / 2048MiB)
seqw: Laying out IO file (1 file / 2048MiB)
seqw: Laying out IO file (1 file / 2048MiB)
seqw: Laying out IO file (1 file / 2048MiB)
seqw: Laying out IO file (1 file / 2048MiB)
seqw: Laying out IO file (1 file / 2048MiB)
seqw: Laying out IO file (1 file / 2048MiB)
seqw: Laying out IO file (1 file / 2048MiB)
seqw: Laying out IO file (1 file / 2048MiB)
seqw: Laying out IO file (1 file / 2048MiB)
seqw: Laying out IO file (1 file / 2048MiB)
seqw: Laying out IO file (1 file / 2048MiB)
seqw: Laying out IO file (1 file / 2048MiB)
seqw: Laying out IO file (1 file / 2048MiB)
seqw: Laying out IO file (1 file / 2048MiB)
seqw: Laying out IO file (1 file / 2048MiB)
seqw: Laying out IO file (1 file / 2048MiB)
seqw: Laying out IO file (1 file / 2048MiB)
seqw: Laying out IO file (1 file / 2048MiB)
seqw: Laying out IO file (1 file / 2048MiB)
seqw: Laying out IO file (1 file / 2048MiB)
seqw: Laying out IO file (1 file / 2048MiB)
seqw: Laying out IO file (1 file / 2048MiB)
seqw: Laying out IO file (1 file / 2048MiB)
seqw: Laying out IO file (1 file / 2048MiB)
seqw: Laying out IO file (1 file / 2048MiB)
seqw: Laying out IO file (1 file / 2048MiB)
seqw: Laying out IO file (1 file / 2048MiB)
seqw: Laying out IO file (1 file / 2048MiB)
seqw: Laying out IO file (1 file / 2048MiB)
seqw: Laying out IO file (1 file / 2048MiB)
seqw: Laying out IO file (1 file / 2048MiB)
seqw: Laying out IO file (1 file / 2048MiB)
seqw: Laying out IO file (1 file / 2048MiB)
seqw: Laying out IO file (1 file / 2048MiB)
seqw: Laying out IO file (1 file / 2048MiB)
seqw: Laying out IO file (1 file / 2048MiB)
seqw: Laying out IO file (1 file / 2048MiB)
seqw: Laying out IO file (1 file / 2048MiB)
seqw: Laying out IO file (1 file / 2048MiB)
seqw: Laying out IO file (1 file / 2048MiB)
seqw: Laying out IO file (1 file / 2048MiB)
seqw: Laying out IO file (1 file / 2048MiB)
seqw: Laying out IO file (1 file / 2048MiB)
seqw: Laying out IO file (1 file / 2048MiB)

seqw: (groupid=0, jobs=64): err= 0: pid=112555: Thu Feb 20 07:42:47 2020
  write: IOPS=10.1k, BW=630MiB/s (661MB/s)(185GiB/300096msec)
    slat (usec): min=27, max=2579, avg=131.19, stdev=80.52
    clat (nsec): min=1853, max=754302k, avg=6214487.66, stdev=13519952.22
     lat (usec): min=1062, max=754397, avg=6345.91, stdev=13520.20
    clat percentiles (usec):
     |  1.00th=[  1450],  5.00th=[  1680], 10.00th=[  1860], 20.00th=[  2147],
     | 30.00th=[  2442], 40.00th=[  2835], 50.00th=[  3294], 60.00th=[  4015],
     | 70.00th=[  4948], 80.00th=[  5932], 90.00th=[  7504], 95.00th=[ 15401],
     | 99.00th=[ 68682], 99.50th=[ 91751], 99.90th=[160433], 99.95th=[193987],
     | 99.99th=[299893]
   bw (  KiB/s): min=70144, max=1578112, per=100.00%, avg=646220.83, stdev=4369.84, samples=38324
   iops        : min= 1096, max=24658, avg=10097.15, stdev=68.28, samples=38324
  lat (usec)   : 2=0.01%, 10=0.01%, 500=0.01%, 750=0.01%, 1000=0.01%
  lat (msec)   : 2=14.95%, 4=44.88%, 10=33.60%, 20=2.18%, 50=2.43%
  lat (msec)   : 100=1.55%, 250=0.38%, 500=0.02%, 750=0.01%, 1000=0.01%
  cpu          : usr=0.07%, sys=1.27%, ctx=6122183, majf=0, minf=30784
  IO depths    : 1=100.0%, 2=0.0%, 4=0.0%, 8=0.0%, 16=0.0%, 32=0.0%, >=64=0.0%
     submit    : 0=0.0%, 4=100.0%, 8=0.0%, 16=0.0%, 32=0.0%, 64=0.0%, >=64=0.0%
     complete  : 0=0.0%, 4=100.0%, 8=0.0%, 16=0.0%, 32=0.0%, 64=0.0%, >=64=0.0%
     issued rwts: total=0,3025050,0,0 short=0,0,0,0 dropped=0,0,0,0
     latency   : target=0, window=0, percentile=100.00%, depth=1

Run status group 0 (all jobs):
  WRITE: bw=630MiB/s (661MB/s), 630MiB/s-630MiB/s (661MB/s-661MB/s), io=185GiB (198GB), run=300096-300096msec
