seqw: (g=0): rw=write, bs=(R) 64.0KiB-64.0KiB, (W) 64.0KiB-64.0KiB, (T) 64.0KiB-64.0KiB, ioengine=libaio, iodepth=1
...
fio-3.18
Starting 4 threads

seqw: (groupid=0, jobs=4): err= 0: pid=113968: Thu Feb 20 08:05:07 2020
  write: IOPS=2481, BW=155MiB/s (163MB/s)(45.4GiB/300002msec)
    slat (usec): min=23, max=758, avg=74.87, stdev=20.39
    clat (usec): min=633, max=367059, avg=1535.27, stdev=2580.29
     lat (usec): min=915, max=367093, avg=1610.31, stdev=2579.94
    clat percentiles (usec):
     |  1.00th=[  1029],  5.00th=[  1090], 10.00th=[  1123], 20.00th=[  1188],
     | 30.00th=[  1221], 40.00th=[  1254], 50.00th=[  1303], 60.00th=[  1336],
     | 70.00th=[  1401], 80.00th=[  1483], 90.00th=[  1729], 95.00th=[  2769],
     | 99.00th=[  4752], 99.50th=[  5342], 99.90th=[ 24249], 99.95th=[ 46924],
     | 99.99th=[129500]
   bw (  KiB/s): min= 5504, max=181120, per=100.00%, avg=159021.05, stdev=5540.99, samples=2396
   iops        : min=   86, max= 2830, avg=2484.70, stdev=86.58, samples=2396
  lat (usec)   : 750=0.01%, 1000=0.47%
  lat (msec)   : 2=92.31%, 4=4.98%, 10=2.10%, 20=0.04%, 50=0.07%
  lat (msec)   : 100=0.03%, 250=0.01%, 500=0.01%
  cpu          : usr=0.28%, sys=2.38%, ctx=1346083, majf=0, minf=5083
  IO depths    : 1=100.0%, 2=0.0%, 4=0.0%, 8=0.0%, 16=0.0%, 32=0.0%, >=64=0.0%
     submit    : 0=0.0%, 4=100.0%, 8=0.0%, 16=0.0%, 32=0.0%, 64=0.0%, >=64=0.0%
     complete  : 0=0.0%, 4=100.0%, 8=0.0%, 16=0.0%, 32=0.0%, 64=0.0%, >=64=0.0%
     issued rwts: total=0,744574,0,0 short=0,0,0,0 dropped=0,0,0,0
     latency   : target=0, window=0, percentile=100.00%, depth=1

Run status group 0 (all jobs):
  WRITE: bw=155MiB/s (163MB/s), 155MiB/s-155MiB/s (163MB/s-163MB/s), io=45.4GiB (48.8GB), run=300002-300002msec
