seqw: (g=0): rw=write, bs=(R) 64.0KiB-64.0KiB, (W) 64.0KiB-64.0KiB, (T) 64.0KiB-64.0KiB, ioengine=libaio, iodepth=1
...
fio-3.18
Starting 2 threads

seqw: (groupid=0, jobs=2): err= 0: pid=114514: Thu Feb 20 08:10:42 2020
  write: IOPS=844, BW=52.8MiB/s (55.4MB/s)(15.5GiB/300071msec)
    slat (usec): min=23, max=342, avg=39.78, stdev=12.09
    clat (usec): min=835, max=412895, avg=2325.70, stdev=12347.30
     lat (usec): min=907, max=412930, avg=2365.67, stdev=12347.46
    clat percentiles (usec):
     |  1.00th=[   971],  5.00th=[  1029], 10.00th=[  1074], 20.00th=[  1123],
     | 30.00th=[  1156], 40.00th=[  1188], 50.00th=[  1221], 60.00th=[  1270],
     | 70.00th=[  1319], 80.00th=[  1401], 90.00th=[  1663], 95.00th=[  2245],
     | 99.00th=[  5538], 99.50th=[ 91751], 99.90th=[202376], 99.95th=[235930],
     | 99.99th=[312476]
   bw (  KiB/s): min= 1152, max=102784, per=100.00%, avg=54111.36, stdev=18852.08, samples=1198
   iops        : min=   18, max= 1606, avg=845.49, stdev=294.56, samples=1198
  lat (usec)   : 1000=2.30%
  lat (msec)   : 2=90.82%, 4=4.86%, 10=1.18%, 20=0.04%, 50=0.11%
  lat (msec)   : 100=0.22%, 250=0.43%, 500=0.04%
  cpu          : usr=0.22%, sys=1.55%, ctx=273433, majf=0, minf=571
  IO depths    : 1=100.0%, 2=0.0%, 4=0.0%, 8=0.0%, 16=0.0%, 32=0.0%, >=64=0.0%
     submit    : 0=0.0%, 4=100.0%, 8=0.0%, 16=0.0%, 32=0.0%, 64=0.0%, >=64=0.0%
     complete  : 0=0.0%, 4=100.0%, 8=0.0%, 16=0.0%, 32=0.0%, 64=0.0%, >=64=0.0%
     issued rwts: total=0,253501,0,0 short=0,0,0,0 dropped=0,0,0,0
     latency   : target=0, window=0, percentile=100.00%, depth=1

Run status group 0 (all jobs):
  WRITE: bw=52.8MiB/s (55.4MB/s), 52.8MiB/s-52.8MiB/s (55.4MB/s-55.4MB/s), io=15.5GiB (16.6GB), run=300071-300071msec
