seqw: (g=0): rw=write, bs=(R) 64.0KiB-64.0KiB, (W) 64.0KiB-64.0KiB, (T) 64.0KiB-64.0KiB, ioengine=libaio, iodepth=1
fio-3.18
Starting 1 thread

seqw: (groupid=0, jobs=1): err= 0: pid=114819: Thu Feb 20 08:16:17 2020
  write: IOPS=762, BW=47.7MiB/s (49.0MB/s)(13.0GiB/300002msec)
    slat (usec): min=27, max=225, avg=35.58, stdev= 3.56
    clat (usec): min=861, max=56729, avg=1274.54, stdev=742.15
     lat (usec): min=897, max=56761, avg=1310.26, stdev=742.35
    clat percentiles (usec):
     |  1.00th=[  947],  5.00th=[  988], 10.00th=[ 1020], 20.00th=[ 1057],
     | 30.00th=[ 1090], 40.00th=[ 1123], 50.00th=[ 1139], 60.00th=[ 1172],
     | 70.00th=[ 1221], 80.00th=[ 1270], 90.00th=[ 1467], 95.00th=[ 2114],
     | 99.00th=[ 3884], 99.50th=[ 4555], 99.90th=[ 6128], 99.95th=[ 8094],
     | 99.99th=[39060]
   bw (  KiB/s): min=38144, max=52480, per=100.00%, avg=48848.71, stdev=1786.98, samples=599
   iops        : min=  596, max=  820, avg=763.26, stdev=27.92, samples=599
  lat (usec)   : 1000=6.77%
  lat (msec)   : 2=87.15%, 4=5.19%, 10=0.85%, 20=0.02%, 50=0.02%
  lat (msec)   : 100=0.01%
  cpu          : usr=0.35%, sys=2.74%, ctx=228751, majf=0, minf=73
  IO depths    : 1=100.0%, 2=0.0%, 4=0.0%, 8=0.0%, 16=0.0%, 32=0.0%, >=64=0.0%
     submit    : 0=0.0%, 4=100.0%, 8=0.0%, 16=0.0%, 32=0.0%, 64=0.0%, >=64=0.0%
     complete  : 0=0.0%, 4=100.0%, 8=0.0%, 16=0.0%, 32=0.0%, 64=0.0%, >=64=0.0%
     issued rwts: total=0,228751,0,0 short=0,0,0,0 dropped=0,0,0,0
     latency   : target=0, window=0, percentile=100.00%, depth=1

Run status group 0 (all jobs):
  WRITE: bw=47.7MiB/s (49.0MB/s), 47.7MiB/s-47.7MiB/s (49.0MB/s-49.0MB/s), io=13.0GiB (14.0GB), run=300002-300002msec
