randr: (g=0): rw=randread, bs=(R) 8192B-8192B, (W) 8192B-8192B, (T) 8192B-8192B, ioengine=libaio, iodepth=1
...
fio-3.18
Starting 2 threads

randr: (groupid=0, jobs=2): err= 0: pid=97845: Fri Feb 21 12:02:21 2020
  read: IOPS=938, BW=7508KiB/s (7688kB/s)(2200MiB/300014msec)
    slat (usec): min=22, max=293, avg=42.04, stdev= 5.84
    clat (usec): min=335, max=222274, avg=2087.54, stdev=5874.69
     lat (usec): min=405, max=222314, avg=2129.73, stdev=5874.68
    clat percentiles (usec):
     |  1.00th=[   494],  5.00th=[   545], 10.00th=[   570], 20.00th=[   603],
     | 30.00th=[   627], 40.00th=[   644], 50.00th=[   668], 60.00th=[   693],
     | 70.00th=[   725], 80.00th=[   775], 90.00th=[  3195], 95.00th=[ 13304],
     | 99.00th=[ 19792], 99.50th=[ 28181], 99.90th=[ 79168], 99.95th=[101188],
     | 99.99th=[137364]
   bw (  KiB/s): min= 1584, max=18272, per=100.00%, avg=7514.39, stdev=2618.62, samples=1198
   iops        : min=  198, max= 2284, avg=939.29, stdev=327.33, samples=1198
  lat (usec)   : 500=1.29%, 750=75.24%, 1000=11.80%
  lat (msec)   : 2=0.97%, 4=1.10%, 10=3.03%, 20=5.62%, 50=0.70%
  lat (msec)   : 100=0.19%, 250=0.05%
  cpu          : usr=0.18%, sys=1.51%, ctx=549645, majf=0, minf=773
  IO depths    : 1=100.0%, 2=0.0%, 4=0.0%, 8=0.0%, 16=0.0%, 32=0.0%, >=64=0.0%
     submit    : 0=0.0%, 4=100.0%, 8=0.0%, 16=0.0%, 32=0.0%, 64=0.0%, >=64=0.0%
     complete  : 0=0.0%, 4=100.0%, 8=0.0%, 16=0.0%, 32=0.0%, 64=0.0%, >=64=0.0%
     issued rwts: total=281564,0,0,0 short=0,0,0,0 dropped=0,0,0,0
     latency   : target=0, window=0, percentile=100.00%, depth=1

Run status group 0 (all jobs):
   READ: bw=7508KiB/s (7688kB/s), 7508KiB/s-7508KiB/s (7688kB/s-7688kB/s), io=2200MiB (2307MB), run=300014-300014msec
