randr: (g=0): rw=randread, bs=(R) 8192B-8192B, (W) 8192B-8192B, (T) 8192B-8192B, ioengine=libaio, iodepth=1
...
fio-3.18
Starting 4 threads

randr: (groupid=0, jobs=4): err= 0: pid=97548: Fri Feb 21 11:56:50 2020
  read: IOPS=1269, BW=9.92MiB/s (10.4MB/s)(2976MiB/300017msec)
    slat (usec): min=22, max=365, avg=43.92, stdev= 7.77
    clat (usec): min=361, max=252443, avg=3105.28, stdev=6142.57
     lat (usec): min=399, max=252484, avg=3149.34, stdev=6142.63
    clat percentiles (usec):
     |  1.00th=[   510],  5.00th=[   562], 10.00th=[   586], 20.00th=[   611],
     | 30.00th=[   644], 40.00th=[   668], 50.00th=[   693], 60.00th=[   734],
     | 70.00th=[   807], 80.00th=[  5211], 90.00th=[  9765], 95.00th=[ 14746],
     | 99.00th=[ 20579], 99.50th=[ 27132], 99.90th=[ 71828], 99.95th=[ 93848],
     | 99.99th=[133694]
   bw (  KiB/s): min= 2464, max=23072, per=100.00%, avg=10168.01, stdev=1427.31, samples=2396
   iops        : min=  308, max= 2884, avg=1271.00, stdev=178.41, samples=2396
  lat (usec)   : 500=0.76%, 750=62.65%, 1000=10.54%
  lat (msec)   : 2=1.54%, 4=2.59%, 10=12.62%, 20=8.13%, 50=0.97%
  lat (msec)   : 100=0.15%, 250=0.04%, 500=0.01%
  cpu          : usr=0.11%, sys=1.10%, ctx=717781, majf=0, minf=2893
  IO depths    : 1=100.0%, 2=0.0%, 4=0.0%, 8=0.0%, 16=0.0%, 32=0.0%, >=64=0.0%
     submit    : 0=0.0%, 4=100.0%, 8=0.0%, 16=0.0%, 32=0.0%, 64=0.0%, >=64=0.0%
     complete  : 0=0.0%, 4=100.0%, 8=0.0%, 16=0.0%, 32=0.0%, 64=0.0%, >=64=0.0%
     issued rwts: total=380869,0,0,0 short=0,0,0,0 dropped=0,0,0,0
     latency   : target=0, window=0, percentile=100.00%, depth=1

Run status group 0 (all jobs):
   READ: bw=9.92MiB/s (10.4MB/s), 9.92MiB/s-9.92MiB/s (10.4MB/s-10.4MB/s), io=2976MiB (3120MB), run=300017-300017msec
