randr: (g=0): rw=randread, bs=(R) 8192B-8192B, (W) 8192B-8192B, (T) 8192B-8192B, ioengine=libaio, iodepth=1
...
fio-3.18
Starting 32 threads

randr: (groupid=0, jobs=32): err= 0: pid=96383: Fri Feb 21 11:40:17 2020
  read: IOPS=2481, BW=19.4MiB/s (20.3MB/s)(5817MiB/300085msec)
    slat (usec): min=22, max=814, avg=50.63, stdev=11.45
    clat (usec): min=3, max=323715, avg=12841.17, stdev=14308.08
     lat (usec): min=445, max=323765, avg=12891.98, stdev=14308.12
    clat percentiles (usec):
     |  1.00th=[   562],  5.00th=[   635], 10.00th=[   701], 20.00th=[  5473],
     | 30.00th=[  8160], 40.00th=[  9372], 50.00th=[ 10159], 60.00th=[ 11469],
     | 70.00th=[ 13435], 80.00th=[ 16057], 90.00th=[ 21365], 95.00th=[ 30802],
     | 99.00th=[ 86508], 99.50th=[ 93848], 99.90th=[120062], 99.95th=[139461],
     | 99.99th=[204473]
   bw (  KiB/s): min= 7360, max=32048, per=100.00%, avg=19878.29, stdev=156.92, samples=19166
   iops        : min=  920, max= 4006, avg=2484.77, stdev=19.61, samples=19166
  lat (usec)   : 4=0.01%, 250=0.01%, 500=0.07%, 750=12.40%, 1000=2.39%
  lat (msec)   : 2=0.93%, 4=2.06%, 10=30.02%, 20=40.49%, 50=8.65%
  lat (msec)   : 100=2.68%, 250=0.31%, 500=0.01%
  cpu          : usr=0.03%, sys=0.31%, ctx=1426578, majf=0, minf=5948
  IO depths    : 1=100.0%, 2=0.0%, 4=0.0%, 8=0.0%, 16=0.0%, 32=0.0%, >=64=0.0%
     submit    : 0=0.0%, 4=100.0%, 8=0.0%, 16=0.0%, 32=0.0%, 64=0.0%, >=64=0.0%
     complete  : 0=0.0%, 4=100.0%, 8=0.0%, 16=0.0%, 32=0.0%, 64=0.0%, >=64=0.0%
     issued rwts: total=744586,0,0,0 short=0,0,0,0 dropped=0,0,0,0
     latency   : target=0, window=0, percentile=100.00%, depth=1

Run status group 0 (all jobs):
   READ: bw=19.4MiB/s (20.3MB/s), 19.4MiB/s-19.4MiB/s (20.3MB/s-20.3MB/s), io=5817MiB (6100MB), run=300085-300085msec
