randr: (g=0): rw=randread, bs=(R) 8192B-8192B, (W) 8192B-8192B, (T) 8192B-8192B, ioengine=libaio, iodepth=1
...
fio-3.18
Starting 4 threads

randr: (groupid=0, jobs=4): err= 0: pid=107044: Fri Feb 21 14:09:48 2020
  read: IOPS=5513, BW=43.1MiB/s (45.2MB/s)(12.6GiB/300001msec)
    slat (usec): min=18, max=425, avg=43.25, stdev= 9.92
    clat (usec): min=155, max=233553, avg=680.74, stdev=2889.26
     lat (usec): min=332, max=233605, avg=724.14, stdev=2889.09
    clat percentiles (usec):
     |  1.00th=[   392],  5.00th=[   424], 10.00th=[   445], 20.00th=[   465],
     | 30.00th=[   486], 40.00th=[   502], 50.00th=[   519], 60.00th=[   537],
     | 70.00th=[   553], 80.00th=[   578], 90.00th=[   627], 95.00th=[   676],
     | 99.00th=[  1680], 99.50th=[  4015], 99.90th=[ 49021], 99.95th=[ 67634],
     | 99.99th=[112722]
   bw (  KiB/s): min= 2432, max=58544, per=100.00%, avg=44149.69, stdev=4721.82, samples=2396
   iops        : min=  304, max= 7318, avg=5518.71, stdev=590.23, samples=2396
  lat (usec)   : 250=0.01%, 500=39.53%, 750=58.17%, 1000=1.08%
  lat (msec)   : 2=0.30%, 4=0.42%, 10=0.18%, 20=0.08%, 50=0.15%
  lat (msec)   : 100=0.08%, 250=0.02%
  cpu          : usr=0.51%, sys=4.57%, ctx=3225898, majf=0, minf=1088
  IO depths    : 1=100.0%, 2=0.0%, 4=0.0%, 8=0.0%, 16=0.0%, 32=0.0%, >=64=0.0%
     submit    : 0=0.0%, 4=100.0%, 8=0.0%, 16=0.0%, 32=0.0%, 64=0.0%, >=64=0.0%
     complete  : 0=0.0%, 4=100.0%, 8=0.0%, 16=0.0%, 32=0.0%, 64=0.0%, >=64=0.0%
     issued rwts: total=1654127,0,0,0 short=0,0,0,0 dropped=0,0,0,0
     latency   : target=0, window=0, percentile=100.00%, depth=1

Run status group 0 (all jobs):
   READ: bw=43.1MiB/s (45.2MB/s), 43.1MiB/s-43.1MiB/s (45.2MB/s-45.2MB/s), io=12.6GiB (13.6GB), run=300001-300001msec
