randr: (g=0): rw=randread, bs=(R) 8192B-8192B, (W) 8192B-8192B, (T) 8192B-8192B, ioengine=libaio, iodepth=1
...
fio-3.18
Starting 64 threads

randr: (groupid=0, jobs=64): err= 0: pid=105462: Fri Feb 21 13:47:44 2020
  read: IOPS=37.7k, BW=295MiB/s (309MB/s)(86.4GiB/300006msec)
    slat (usec): min=28, max=7563, avg=880.25, stdev=276.77
    clat (nsec): min=661, max=23117k, avg=813004.00, stdev=460131.65
     lat (usec): min=476, max=23981, avg=1693.56, stdev=523.38
    clat percentiles (usec):
     |  1.00th=[  371],  5.00th=[  570], 10.00th=[  603], 20.00th=[  644],
     | 30.00th=[  676], 40.00th=[  709], 50.00th=[  742], 60.00th=[  775],
     | 70.00th=[  816], 80.00th=[  873], 90.00th=[  979], 95.00th=[ 1106],
     | 99.00th=[ 3163], 99.50th=[ 4359], 99.90th=[ 6259], 99.95th=[ 6783],
     | 99.99th=[ 7701]
   bw (  KiB/s): min=282176, max=320064, per=100.00%, avg=302323.34, stdev=94.07, samples=38272
   iops        : min=35272, max=40010, avg=37790.36, stdev=11.76, samples=38272
  lat (nsec)   : 750=0.01%, 1000=0.01%
  lat (usec)   : 2=0.10%, 4=0.29%, 10=0.03%, 20=0.01%, 50=0.03%
  lat (usec)   : 100=0.10%, 250=0.28%, 500=0.69%, 750=50.98%, 1000=38.81%
  lat (msec)   : 2=6.97%, 4=1.08%, 10=0.63%, 20=0.01%, 50=0.01%
  cpu          : usr=0.22%, sys=43.40%, ctx=32225662, majf=0, minf=108653
  IO depths    : 1=100.0%, 2=0.0%, 4=0.0%, 8=0.0%, 16=0.0%, 32=0.0%, >=64=0.0%
     submit    : 0=0.0%, 4=100.0%, 8=0.0%, 16=0.0%, 32=0.0%, 64=0.0%, >=64=0.0%
     complete  : 0=0.0%, 4=100.0%, 8=0.0%, 16=0.0%, 32=0.0%, 64=0.0%, >=64=0.0%
     issued rwts: total=11322011,0,0,0 short=0,0,0,0 dropped=0,0,0,0
     latency   : target=0, window=0, percentile=100.00%, depth=1

Run status group 0 (all jobs):
   READ: bw=295MiB/s (309MB/s), 295MiB/s-295MiB/s (309MB/s-309MB/s), io=86.4GiB (92.8GB), run=300006-300006msec
