randr: (g=0): rw=randread, bs=(R) 8192B-8192B, (W) 8192B-8192B, (T) 8192B-8192B, ioengine=libaio, iodepth=1
...
fio-3.18
Starting 8 threads

randr: (groupid=0, jobs=8): err= 0: pid=97150: Fri Feb 21 11:51:19 2020
  read: IOPS=1624, BW=12.7MiB/s (13.3MB/s)(3808MiB/300009msec)
    slat (usec): min=22, max=668, avg=45.55, stdev= 9.55
    clat (usec): min=124, max=228601, avg=4877.12, stdev=6078.81
     lat (usec): min=406, max=228648, avg=4922.83, stdev=6078.85
    clat percentiles (usec):
     |  1.00th=[   529],  5.00th=[   578], 10.00th=[   603], 20.00th=[   644],
     | 30.00th=[   685], 40.00th=[   725], 50.00th=[   922], 60.00th=[  5604],
     | 70.00th=[  7767], 80.00th=[  9241], 90.00th=[ 10683], 95.00th=[ 14746],
     | 99.00th=[ 21627], 99.50th=[ 26084], 99.90th=[ 68682], 99.95th=[ 93848],
     | 99.99th=[109577]
   bw (  KiB/s): min= 6384, max=24592, per=100.00%, avg=13011.41, stdev=780.11, samples=4792
   iops        : min=  798, max= 3074, avg=1626.42, stdev=97.51, samples=4792
  lat (usec)   : 250=0.01%, 500=0.36%, 750=42.58%, 1000=7.33%
  lat (msec)   : 2=1.53%, 4=3.69%, 10=31.25%, 20=11.90%, 50=1.22%
  lat (msec)   : 100=0.09%, 250=0.04%
  cpu          : usr=0.07%, sys=0.74%, ctx=888110, majf=0, minf=5306
  IO depths    : 1=100.0%, 2=0.0%, 4=0.0%, 8=0.0%, 16=0.0%, 32=0.0%, >=64=0.0%
     submit    : 0=0.0%, 4=100.0%, 8=0.0%, 16=0.0%, 32=0.0%, 64=0.0%, >=64=0.0%
     complete  : 0=0.0%, 4=100.0%, 8=0.0%, 16=0.0%, 32=0.0%, 64=0.0%, >=64=0.0%
     issued rwts: total=487370,0,0,0 short=0,0,0,0 dropped=0,0,0,0
     latency   : target=0, window=0, percentile=100.00%, depth=1

Run status group 0 (all jobs):
   READ: bw=12.7MiB/s (13.3MB/s), 12.7MiB/s-12.7MiB/s (13.3MB/s-13.3MB/s), io=3808MiB (3993MB), run=300009-300009msec
