randr: (g=0): rw=randread, bs=(R) 8192B-8192B, (W) 8192B-8192B, (T) 8192B-8192B, ioengine=libaio, iodepth=1
...
fio-3.18
Starting 32 threads

randr: (groupid=0, jobs=32): err= 0: pid=105856: Fri Feb 21 13:53:15 2020
  read: IOPS=36.7k, BW=287MiB/s (301MB/s)(84.1GiB/300003msec)
    slat (usec): min=22, max=2448, avg=109.17, stdev=57.46
    clat (nsec): min=952, max=39638k, avg=759901.04, stdev=403070.49
     lat (usec): min=409, max=39681, avg=869.26, stdev=407.13
    clat percentiles (usec):
     |  1.00th=[  494],  5.00th=[  545], 10.00th=[  570], 20.00th=[  611],
     | 30.00th=[  644], 40.00th=[  668], 50.00th=[  701], 60.00th=[  734],
     | 70.00th=[  766], 80.00th=[  816], 90.00th=[  898], 95.00th=[  988],
     | 99.00th=[ 2737], 99.50th=[ 3982], 99.90th=[ 5800], 99.95th=[ 6325],
     | 99.99th=[ 7308]
   bw (  KiB/s): min=269152, max=312640, per=100.00%, avg=294248.80, stdev=201.95, samples=19136
   iops        : min=33644, max=39080, avg=36781.07, stdev=25.24, samples=19136
  lat (nsec)   : 1000=0.01%
  lat (usec)   : 2=0.01%, 4=0.01%, 10=0.01%, 20=0.01%, 50=0.01%
  lat (usec)   : 100=0.01%, 250=0.01%, 500=1.30%, 750=64.10%, 1000=29.89%
  lat (msec)   : 2=3.34%, 4=0.89%, 10=0.49%, 20=0.01%, 50=0.01%
  cpu          : usr=0.43%, sys=10.73%, ctx=22498316, majf=0, minf=14500
  IO depths    : 1=100.0%, 2=0.0%, 4=0.0%, 8=0.0%, 16=0.0%, 32=0.0%, >=64=0.0%
     submit    : 0=0.0%, 4=100.0%, 8=0.0%, 16=0.0%, 32=0.0%, 64=0.0%, >=64=0.0%
     complete  : 0=0.0%, 4=100.0%, 8=0.0%, 16=0.0%, 32=0.0%, 64=0.0%, >=64=0.0%
     issued rwts: total=11020992,0,0,0 short=0,0,0,0 dropped=0,0,0,0
     latency   : target=0, window=0, percentile=100.00%, depth=1

Run status group 0 (all jobs):
   READ: bw=287MiB/s (301MB/s), 287MiB/s-287MiB/s (301MB/s-301MB/s), io=84.1GiB (90.3GB), run=300003-300003msec
