randr: (g=0): rw=randread, bs=(R) 8192B-8192B, (W) 8192B-8192B, (T) 8192B-8192B, ioengine=libaio, iodepth=1
...
fio-3.18
Starting 16 threads

randr: (groupid=0, jobs=16): err= 0: pid=96717: Fri Feb 21 11:45:48 2020
  read: IOPS=1978, BW=15.5MiB/s (16.2MB/s)(4637MiB/300019msec)
    slat (usec): min=23, max=871, avg=48.17, stdev=10.92
    clat (usec): min=173, max=354530, avg=8037.13, stdev=9434.13
     lat (usec): min=429, max=354584, avg=8085.46, stdev=9434.20
    clat percentiles (usec):
     |  1.00th=[   545],  5.00th=[   594], 10.00th=[   635], 20.00th=[   701],
     | 30.00th=[  1549], 40.00th=[  6390], 50.00th=[  8029], 60.00th=[  9110],
     | 70.00th=[  9896], 80.00th=[ 11076], 90.00th=[ 14615], 95.00th=[ 17957],
     | 99.00th=[ 46924], 99.50th=[ 77071], 99.90th=[104334], 99.95th=[109577],
     | 99.99th=[145753]
   bw (  KiB/s): min= 6400, max=26320, per=100.00%, avg=15846.67, stdev=347.84, samples=9584
   iops        : min=  800, max= 3290, avg=1980.82, stdev=43.48, samples=9584
  lat (usec)   : 250=0.01%, 500=0.16%, 750=24.70%, 1000=4.40%
  lat (msec)   : 2=1.26%, 4=2.96%, 10=38.16%, 20=24.65%, 50=2.77%
  lat (msec)   : 100=0.82%, 250=0.12%, 500=0.01%
  cpu          : usr=0.04%, sys=0.47%, ctx=1103564, majf=0, minf=8277
  IO depths    : 1=100.0%, 2=0.0%, 4=0.0%, 8=0.0%, 16=0.0%, 32=0.0%, >=64=0.0%
     submit    : 0=0.0%, 4=100.0%, 8=0.0%, 16=0.0%, 32=0.0%, 64=0.0%, >=64=0.0%
     complete  : 0=0.0%, 4=100.0%, 8=0.0%, 16=0.0%, 32=0.0%, 64=0.0%, >=64=0.0%
     issued rwts: total=593538,0,0,0 short=0,0,0,0 dropped=0,0,0,0
     latency   : target=0, window=0, percentile=100.00%, depth=1

Run status group 0 (all jobs):
   READ: bw=15.5MiB/s (16.2MB/s), 15.5MiB/s-15.5MiB/s (16.2MB/s-16.2MB/s), io=4637MiB (4862MB), run=300019-300019msec
