seqr: (g=0): rw=read, bs=(R) 64.0KiB-64.0KiB, (W) 64.0KiB-64.0KiB, (T) 64.0KiB-64.0KiB, ioengine=libaio, iodepth=1
...
fio-3.18
Starting 16 threads

seqr: (groupid=0, jobs=16): err= 0: pid=90416: Fri Feb 21 10:10:11 2020
  read: IOPS=14.1k, BW=879MiB/s (921MB/s)(257GiB/300003msec)
    slat (usec): min=20, max=1453, avg=54.97, stdev=18.63
    clat (usec): min=2, max=266693, avg=1081.57, stdev=2673.20
     lat (usec): min=520, max=266737, avg=1136.72, stdev=2673.16
    clat percentiles (usec):
     |  1.00th=[   676],  5.00th=[   742], 10.00th=[   775], 20.00th=[   824],
     | 30.00th=[   865], 40.00th=[   898], 50.00th=[   930], 60.00th=[   971],
     | 70.00th=[  1012], 80.00th=[  1057], 90.00th=[  1156], 95.00th=[  1237],
     | 99.00th=[  3195], 99.50th=[  4948], 99.90th=[ 37487], 99.95th=[ 61604],
     | 99.99th=[120062]
   bw (  KiB/s): min=70528, max=1161600, per=100.00%, avg=900533.85, stdev=14716.81, samples=9568
   iops        : min= 1102, max=18150, avg=14070.83, stdev=229.95, samples=9568
  lat (usec)   : 4=0.01%, 10=0.01%, 50=0.01%, 100=0.01%, 250=0.01%
  lat (usec)   : 500=0.01%, 750=6.42%, 1000=61.60%
  lat (msec)   : 2=30.56%, 4=0.70%, 10=0.46%, 20=0.10%, 50=0.09%
  lat (msec)   : 100=0.05%, 250=0.02%, 500=0.01%
  cpu          : usr=0.26%, sys=4.04%, ctx=7487990, majf=0, minf=17093
  IO depths    : 1=100.0%, 2=0.0%, 4=0.0%, 8=0.0%, 16=0.0%, 32=0.0%, >=64=0.0%
     submit    : 0=0.0%, 4=100.0%, 8=0.0%, 16=0.0%, 32=0.0%, 64=0.0%, >=64=0.0%
     complete  : 0=0.0%, 4=100.0%, 8=0.0%, 16=0.0%, 32=0.0%, 64=0.0%, >=64=0.0%
     issued rwts: total=4216960,0,0,0 short=0,0,0,0 dropped=0,0,0,0
     latency   : target=0, window=0, percentile=100.00%, depth=1

Run status group 0 (all jobs):
   READ: bw=879MiB/s (921MB/s), 879MiB/s-879MiB/s (921MB/s-921MB/s), io=257GiB (276GB), run=300003-300003msec
