seqr: (g=0): rw=read, bs=(R) 64.0KiB-64.0KiB, (W) 64.0KiB-64.0KiB, (T) 64.0KiB-64.0KiB, ioengine=libaio, iodepth=1
...
fio-3.18
Starting 32 threads

seqr: (groupid=0, jobs=32): err= 0: pid=99558: Fri Feb 21 12:24:25 2020
  read: IOPS=17.8k, BW=1110MiB/s (1164MB/s)(325GiB/300005msec)
    slat (usec): min=22, max=3071, avg=61.83, stdev=24.04
    clat (usec): min=2, max=310156, avg=1738.50, stdev=3708.98
     lat (usec): min=552, max=310237, avg=1800.52, stdev=3709.12
    clat percentiles (usec):
     |  1.00th=[   791],  5.00th=[   914], 10.00th=[   996], 20.00th=[  1139],
     | 30.00th=[  1254], 40.00th=[  1352], 50.00th=[  1450], 60.00th=[  1598],
     | 70.00th=[  1778], 80.00th=[  1926], 90.00th=[  2073], 95.00th=[  2245],
     | 99.00th=[  4228], 99.50th=[  6521], 99.90th=[ 63177], 99.95th=[ 87557],
     | 99.99th=[135267]
   bw (  MiB/s): min=  466, max= 1680, per=100.00%, avg=1110.99, stdev=10.66, samples=19136
   iops        : min= 7468, max=26894, avg=17775.74, stdev=170.58, samples=19136
  lat (usec)   : 4=0.01%, 10=0.01%, 100=0.01%, 250=0.01%, 500=0.01%
  lat (usec)   : 750=0.46%, 1000=9.62%
  lat (msec)   : 2=75.68%, 4=13.17%, 10=0.64%, 20=0.09%, 50=0.19%
  lat (msec)   : 100=0.12%, 250=0.03%, 500=0.01%
  cpu          : usr=0.18%, sys=2.79%, ctx=10076563, majf=0, minf=66073
  IO depths    : 1=100.0%, 2=0.0%, 4=0.0%, 8=0.0%, 16=0.0%, 32=0.0%, >=64=0.0%
     submit    : 0=0.0%, 4=100.0%, 8=0.0%, 16=0.0%, 32=0.0%, 64=0.0%, >=64=0.0%
     complete  : 0=0.0%, 4=100.0%, 8=0.0%, 16=0.0%, 32=0.0%, 64=0.0%, >=64=0.0%
     issued rwts: total=5326758,0,0,0 short=0,0,0,0 dropped=0,0,0,0
     latency   : target=0, window=0, percentile=100.00%, depth=1

Run status group 0 (all jobs):
   READ: bw=1110MiB/s (1164MB/s), 1110MiB/s-1110MiB/s (1164MB/s-1164MB/s), io=325GiB (349GB), run=300005-300005msec
