seqr: (g=0): rw=read, bs=(R) 64.0KiB-64.0KiB, (W) 64.0KiB-64.0KiB, (T) 64.0KiB-64.0KiB, ioengine=libaio, iodepth=1
...
fio-3.18
Starting 64 threads

seqr: (groupid=0, jobs=64): err= 0: pid=99173: Fri Feb 21 12:18:54 2020
  read: IOPS=17.9k, BW=1116MiB/s (1170MB/s)(327GiB/300007msec)
    slat (usec): min=20, max=3920, avg=61.64, stdev=23.09
    clat (usec): min=245, max=299995, avg=3520.46, stdev=2507.24
     lat (usec): min=1465, max=300071, avg=3582.32, stdev=2507.34
    clat percentiles (msec):
     |  1.00th=[    3],  5.00th=[    3], 10.00th=[    3], 20.00th=[    4],
     | 30.00th=[    4], 40.00th=[    4], 50.00th=[    4], 60.00th=[    4],
     | 70.00th=[    4], 80.00th=[    4], 90.00th=[    4], 95.00th=[    4],
     | 99.00th=[    6], 99.50th=[    7], 99.90th=[   42], 99.95th=[   63],
     | 99.99th=[  110]
   bw (  MiB/s): min=  869, max= 1325, per=100.00%, avg=1117.49, stdev= 2.11, samples=38272
   iops        : min=13904, max=21206, avg=17879.77, stdev=33.77, samples=38272
  lat (usec)   : 250=0.01%, 750=0.01%, 1000=0.01%
  lat (msec)   : 2=0.01%, 4=95.62%, 10=4.16%, 20=0.05%, 50=0.09%
  lat (msec)   : 100=0.06%, 250=0.01%, 500=0.01%
  cpu          : usr=0.10%, sys=1.39%, ctx=10211595, majf=0, minf=77344
  IO depths    : 1=100.0%, 2=0.0%, 4=0.0%, 8=0.0%, 16=0.0%, 32=0.0%, >=64=0.0%
     submit    : 0=0.0%, 4=100.0%, 8=0.0%, 16=0.0%, 32=0.0%, 64=0.0%, >=64=0.0%
     complete  : 0=0.0%, 4=100.0%, 8=0.0%, 16=0.0%, 32=0.0%, 64=0.0%, >=64=0.0%
     issued rwts: total=5356878,0,0,0 short=0,0,0,0 dropped=0,0,0,0
     latency   : target=0, window=0, percentile=100.00%, depth=1

Run status group 0 (all jobs):
   READ: bw=1116MiB/s (1170MB/s), 1116MiB/s-1116MiB/s (1170MB/s-1170MB/s), io=327GiB (351GB), run=300007-300007msec
