seqr: (g=0): rw=read, bs=(R) 64.0KiB-64.0KiB, (W) 64.0KiB-64.0KiB, (T) 64.0KiB-64.0KiB, ioengine=libaio, iodepth=1
fio-3.18
Starting 1 thread

seqr: (groupid=0, jobs=1): err= 0: pid=101323: Fri Feb 21 12:52:01 2020
  read: IOPS=1352, BW=84.5MiB/s (88.6MB/s)(24.8GiB/300001msec)
    slat (usec): min=21, max=233, avg=42.55, stdev= 4.85
    clat (usec): min=476, max=7089, avg=695.17, stdev=203.09
     lat (usec): min=513, max=7139, avg=737.85, stdev=203.04
    clat percentiles (usec):
     |  1.00th=[  553],  5.00th=[  586], 10.00th=[  603], 20.00th=[  627],
     | 30.00th=[  644], 40.00th=[  660], 50.00th=[  676], 60.00th=[  693],
     | 70.00th=[  709], 80.00th=[  734], 90.00th=[  766], 95.00th=[  807],
     | 99.00th=[  963], 99.50th=[ 1909], 99.90th=[ 4178], 99.95th=[ 4359],
     | 99.99th=[ 4686]
   bw (  KiB/s): min=81024, max=90496, per=100.00%, avg=86632.20, stdev=1591.90, samples=599
   iops        : min= 1266, max= 1414, avg=1353.63, stdev=24.87, samples=599
  lat (usec)   : 500=0.02%, 750=85.96%, 1000=13.14%
  lat (msec)   : 2=0.39%, 4=0.36%, 10=0.12%
  cpu          : usr=0.52%, sys=4.38%, ctx=805418, majf=0, minf=169
  IO depths    : 1=100.0%, 2=0.0%, 4=0.0%, 8=0.0%, 16=0.0%, 32=0.0%, >=64=0.0%
     submit    : 0=0.0%, 4=100.0%, 8=0.0%, 16=0.0%, 32=0.0%, 64=0.0%, >=64=0.0%
     complete  : 0=0.0%, 4=100.0%, 8=0.0%, 16=0.0%, 32=0.0%, 64=0.0%, >=64=0.0%
     issued rwts: total=405674,0,0,0 short=0,0,0,0 dropped=0,0,0,0
     latency   : target=0, window=0, percentile=100.00%, depth=1

Run status group 0 (all jobs):
   READ: bw=84.5MiB/s (88.6MB/s), 84.5MiB/s-84.5MiB/s (88.6MB/s-88.6MB/s), io=24.8GiB (26.6GB), run=300001-300001msec
