seqr: (g=0): rw=read, bs=(R) 64.0KiB-64.0KiB, (W) 64.0KiB-64.0KiB, (T) 64.0KiB-64.0KiB, ioengine=libaio, iodepth=1
...
fio-3.18
Starting 8 threads

seqr: (groupid=0, jobs=8): err= 0: pid=100319: Fri Feb 21 12:35:28 2020
  read: IOPS=9003, BW=563MiB/s (590MB/s)(165GiB/300004msec)
    slat (usec): min=20, max=896, avg=47.39, stdev=14.69
    clat (usec): min=51, max=80862, avg=839.43, stdev=279.11
     lat (usec): min=510, max=80901, avg=886.98, stdev=279.78
    clat percentiles (usec):
     |  1.00th=[  603],  5.00th=[  652], 10.00th=[  685], 20.00th=[  717],
     | 30.00th=[  750], 40.00th=[  775], 50.00th=[  807], 60.00th=[  832],
     | 70.00th=[  873], 80.00th=[  914], 90.00th=[  979], 95.00th=[ 1045],
     | 99.00th=[ 1385], 99.50th=[ 2933], 99.90th=[ 4621], 99.95th=[ 4883],
     | 99.99th=[ 5407]
   bw (  KiB/s): min=525312, max=606720, per=100.00%, avg=576874.14, stdev=1294.85, samples=4784
   iops        : min= 8208, max= 9480, avg=9013.65, stdev=20.23, samples=4784
  lat (usec)   : 100=0.01%, 250=0.01%, 500=0.01%, 750=29.83%, 1000=62.36%
  lat (msec)   : 2=7.04%, 4=0.54%, 10=0.22%, 20=0.01%, 50=0.01%
  lat (msec)   : 100=0.01%
  cpu          : usr=0.38%, sys=4.69%, ctx=4285198, majf=0, minf=3989
  IO depths    : 1=100.0%, 2=0.0%, 4=0.0%, 8=0.0%, 16=0.0%, 32=0.0%, >=64=0.0%
     submit    : 0=0.0%, 4=100.0%, 8=0.0%, 16=0.0%, 32=0.0%, 64=0.0%, >=64=0.0%
     complete  : 0=0.0%, 4=100.0%, 8=0.0%, 16=0.0%, 32=0.0%, 64=0.0%, >=64=0.0%
     issued rwts: total=2701047,0,0,0 short=0,0,0,0 dropped=0,0,0,0
     latency   : target=0, window=0, percentile=100.00%, depth=1

Run status group 0 (all jobs):
   READ: bw=563MiB/s (590MB/s), 563MiB/s-563MiB/s (590MB/s-590MB/s), io=165GiB (177GB), run=300004-300004msec
