seqr: (g=0): rw=read, bs=(R) 64.0KiB-64.0KiB, (W) 64.0KiB-64.0KiB, (T) 64.0KiB-64.0KiB, ioengine=libaio, iodepth=1
fio-3.18
Starting 1 thread

seqr: (groupid=0, jobs=1): err= 0: pid=91825: Fri Feb 21 10:32:16 2020
  read: IOPS=1159, BW=72.4MiB/s (75.0MB/s)(21.2GiB/300001msec)
    slat (usec): min=20, max=358, avg=41.68, stdev= 4.50
    clat (usec): min=468, max=183462, avg=819.82, stdev=2461.17
     lat (usec): min=512, max=183499, avg=861.63, stdev=2461.30
    clat percentiles (usec):
     |  1.00th=[   562],  5.00th=[   594], 10.00th=[   619], 20.00th=[   644],
     | 30.00th=[   668], 40.00th=[   685], 50.00th=[   701], 60.00th=[   717],
     | 70.00th=[   742], 80.00th=[   775], 90.00th=[   824], 95.00th=[   889],
     | 99.00th=[  1287], 99.50th=[  2999], 99.90th=[ 40633], 99.95th=[ 58459],
     | 99.99th=[110625]
   bw (  KiB/s): min= 4096, max=88448, per=100.00%, avg=74255.86, stdev=23056.99, samples=599
   iops        : min=   64, max= 1382, avg=1160.25, stdev=360.27, samples=599
  lat (usec)   : 500=0.02%, 750=73.28%, 1000=24.22%
  lat (msec)   : 2=1.75%, 4=0.38%, 10=0.15%, 20=0.04%, 50=0.09%
  lat (msec)   : 100=0.06%, 250=0.01%
  cpu          : usr=0.40%, sys=3.68%, ctx=690556, majf=0, minf=237
  IO depths    : 1=100.0%, 2=0.0%, 4=0.0%, 8=0.0%, 16=0.0%, 32=0.0%, >=64=0.0%
     submit    : 0=0.0%, 4=100.0%, 8=0.0%, 16=0.0%, 32=0.0%, 64=0.0%, >=64=0.0%
     complete  : 0=0.0%, 4=100.0%, 8=0.0%, 16=0.0%, 32=0.0%, 64=0.0%, >=64=0.0%
     issued rwts: total=347752,0,0,0 short=0,0,0,0 dropped=0,0,0,0
     latency   : target=0, window=0, percentile=100.00%, depth=1

Run status group 0 (all jobs):
   READ: bw=72.4MiB/s (75.0MB/s), 72.4MiB/s-72.4MiB/s (75.0MB/s-75.0MB/s), io=21.2GiB (22.8GB), run=300001-300001msec
