seqr: (g=0): rw=read, bs=(R) 64.0KiB-64.0KiB, (W) 64.0KiB-64.0KiB, (T) 64.0KiB-64.0KiB, ioengine=libaio, iodepth=1
...
fio-3.18
Starting 8 threads

seqr: (groupid=0, jobs=8): err= 0: pid=90817: Fri Feb 21 10:15:43 2020
  read: IOPS=7504, BW=469MiB/s (492MB/s)(137GiB/300053msec)
    slat (usec): min=20, max=851, avg=47.30, stdev=15.45
    clat (usec): min=127, max=314033, avg=1016.91, stdev=3154.46
     lat (usec): min=523, max=314079, avg=1064.37, stdev=3154.35
    clat percentiles (usec):
     |  1.00th=[   619],  5.00th=[   668], 10.00th=[   701], 20.00th=[   742],
     | 30.00th=[   775], 40.00th=[   799], 50.00th=[   832], 60.00th=[   865],
     | 70.00th=[   906], 80.00th=[   947], 90.00th=[  1020], 95.00th=[  1090],
     | 99.00th=[  2540], 99.50th=[  4621], 99.90th=[ 52691], 99.95th=[ 72877],
     | 99.99th=[122160]
   bw (  KiB/s): min=19456, max=638720, per=100.00%, avg=481131.02, stdev=21569.16, samples=4785
   iops        : min=  304, max= 9980, avg=7517.67, stdev=337.02, samples=4785
  lat (usec)   : 250=0.01%, 500=0.01%, 750=23.12%, 1000=64.74%
  lat (msec)   : 2=10.99%, 4=0.54%, 10=0.27%, 20=0.07%, 50=0.15%
  lat (msec)   : 100=0.09%, 250=0.02%, 500=0.01%
  cpu          : usr=0.32%, sys=3.89%, ctx=3562561, majf=0, minf=6809
  IO depths    : 1=100.0%, 2=0.0%, 4=0.0%, 8=0.0%, 16=0.0%, 32=0.0%, >=64=0.0%
     submit    : 0=0.0%, 4=100.0%, 8=0.0%, 16=0.0%, 32=0.0%, 64=0.0%, >=64=0.0%
     complete  : 0=0.0%, 4=100.0%, 8=0.0%, 16=0.0%, 32=0.0%, 64=0.0%, >=64=0.0%
     issued rwts: total=2251654,0,0,0 short=0,0,0,0 dropped=0,0,0,0
     latency   : target=0, window=0, percentile=100.00%, depth=1

Run status group 0 (all jobs):
   READ: bw=469MiB/s (492MB/s), 469MiB/s-469MiB/s (492MB/s-492MB/s), io=137GiB (148GB), run=300053-300053msec
