seqr: (g=0): rw=read, bs=(R) 64.0KiB-64.0KiB, (W) 64.0KiB-64.0KiB, (T) 64.0KiB-64.0KiB, ioengine=libaio, iodepth=1
...
fio-3.18
Starting 128 threads

seqr: (groupid=0, jobs=128): err= 0: pid=98615: Fri Feb 21 12:13:23 2020
  read: IOPS=17.9k, BW=1116MiB/s (1171MB/s)(327GiB/300012msec)
    slat (usec): min=22, max=7844, avg=64.78, stdev=28.61
    clat (usec): min=712, max=330196, avg=7098.50, stdev=4900.22
     lat (usec): min=779, max=330258, avg=7163.50, stdev=4900.52
    clat percentiles (msec):
     |  1.00th=[    5],  5.00th=[    6], 10.00th=[    6], 20.00th=[    6],
     | 30.00th=[    7], 40.00th=[    7], 50.00th=[    7], 60.00th=[    7],
     | 70.00th=[    7], 80.00th=[    7], 90.00th=[    8], 95.00th=[   10],
     | 99.00th=[   13], 99.50th=[   37], 99.90th=[   84], 99.95th=[  103],
     | 99.99th=[  148]
   bw (  MiB/s): min=  680, max= 1424, per=100.00%, avg=1118.00, stdev= 1.28, samples=76544
   iops        : min=10886, max=22788, avg=17887.76, stdev=20.54, samples=76544
  lat (usec)   : 750=0.01%
  lat (msec)   : 2=0.01%, 4=0.01%, 10=95.97%, 20=3.28%, 50=0.42%
  lat (msec)   : 100=0.27%, 250=0.05%, 500=0.01%
  cpu          : usr=0.05%, sys=0.73%, ctx=10338917, majf=0, minf=176382
  IO depths    : 1=100.0%, 2=0.0%, 4=0.0%, 8=0.0%, 16=0.0%, 32=0.0%, >=64=0.0%
     submit    : 0=0.0%, 4=100.0%, 8=0.0%, 16=0.0%, 32=0.0%, 64=0.0%, >=64=0.0%
     complete  : 0=0.0%, 4=100.0%, 8=0.0%, 16=0.0%, 32=0.0%, 64=0.0%, >=64=0.0%
     issued rwts: total=5359145,0,0,0 short=0,0,0,0 dropped=0,0,0,0
     latency   : target=0, window=0, percentile=100.00%, depth=1

Run status group 0 (all jobs):
   READ: bw=1116MiB/s (1171MB/s), 1116MiB/s-1116MiB/s (1171MB/s-1171MB/s), io=327GiB (351GB), run=300012-300012msec
