seqr: (g=0): rw=read, bs=(R) 64.0KiB-64.0KiB, (W) 64.0KiB-64.0KiB, (T) 64.0KiB-64.0KiB, ioengine=libaio, iodepth=1
...
fio-3.18
Starting 2 threads

seqr: (groupid=0, jobs=2): err= 0: pid=100965: Fri Feb 21 12:46:30 2020
  read: IOPS=2189, BW=137MiB/s (144MB/s)(40.1GiB/300008msec)
    slat (usec): min=20, max=393, avg=43.48, stdev= 7.33
    clat (usec): min=341, max=178867, avg=868.51, stdev=2754.47
     lat (usec): min=479, max=178908, avg=912.13, stdev=2754.23
    clat percentiles (usec):
     |  1.00th=[  545],  5.00th=[  586], 10.00th=[  611], 20.00th=[  635],
     | 30.00th=[  660], 40.00th=[  676], 50.00th=[  693], 60.00th=[  717],
     | 70.00th=[  742], 80.00th=[  766], 90.00th=[  816], 95.00th=[  873],
     | 99.00th=[ 2024], 99.50th=[ 4555], 99.90th=[49021], 99.95th=[61604],
     | 99.99th=[98042]
   bw (  KiB/s): min=11264, max=178176, per=100.00%, avg=140308.96, stdev=27576.63, samples=1198
   iops        : min=  176, max= 2784, avg=2192.33, stdev=430.89, samples=1198
  lat (usec)   : 500=0.06%, 750=74.29%, 1000=23.84%
  lat (msec)   : 2=0.80%, 4=0.41%, 10=0.20%, 20=0.11%, 50=0.19%
  lat (msec)   : 100=0.09%, 250=0.01%
  cpu          : usr=0.35%, sys=3.74%, ctx=1255359, majf=0, minf=1444
  IO depths    : 1=100.0%, 2=0.0%, 4=0.0%, 8=0.0%, 16=0.0%, 32=0.0%, >=64=0.0%
     submit    : 0=0.0%, 4=100.0%, 8=0.0%, 16=0.0%, 32=0.0%, 64=0.0%, >=64=0.0%
     complete  : 0=0.0%, 4=100.0%, 8=0.0%, 16=0.0%, 32=0.0%, 64=0.0%, >=64=0.0%
     issued rwts: total=656952,0,0,0 short=0,0,0,0 dropped=0,0,0,0
     latency   : target=0, window=0, percentile=100.00%, depth=1

Run status group 0 (all jobs):
   READ: bw=137MiB/s (144MB/s), 137MiB/s-137MiB/s (144MB/s-144MB/s), io=40.1GiB (43.1GB), run=300008-300008msec
