seqr: (g=0): rw=read, bs=(R) 64.0KiB-64.0KiB, (W) 64.0KiB-64.0KiB, (T) 64.0KiB-64.0KiB, ioengine=libaio, iodepth=1
...
fio-3.18
Starting 16 threads

seqr: (groupid=0, jobs=16): err= 0: pid=99925: Fri Feb 21 12:29:56 2020
  read: IOPS=14.4k, BW=898MiB/s (941MB/s)(263GiB/300002msec)
    slat (usec): min=20, max=1421, avg=53.24, stdev=18.61
    clat (usec): min=2, max=262731, avg=1058.88, stdev=2935.26
     lat (usec): min=525, max=262782, avg=1112.30, stdev=2935.45
    clat percentiles (usec):
     |  1.00th=[   652],  5.00th=[   709], 10.00th=[   742], 20.00th=[   791],
     | 30.00th=[   824], 40.00th=[   857], 50.00th=[   889], 60.00th=[   922],
     | 70.00th=[   963], 80.00th=[  1012], 90.00th=[  1090], 95.00th=[  1188],
     | 99.00th=[  2900], 99.50th=[  4555], 99.90th=[ 49021], 99.95th=[ 68682],
     | 99.99th=[119014]
   bw (  KiB/s): min=411392, max=1145856, per=100.00%, avg=920385.16, stdev=17143.17, samples=9571
   iops        : min= 6428, max=17904, avg=14381.00, stdev=267.86, samples=9571
  lat (usec)   : 4=0.01%, 10=0.01%, 20=0.01%, 50=0.01%, 100=0.01%
  lat (usec)   : 250=0.01%, 500=0.01%, 750=11.69%, 1000=66.08%
  lat (msec)   : 2=20.93%, 4=0.68%, 10=0.33%, 20=0.07%, 50=0.13%
  lat (msec)   : 100=0.08%, 250=0.02%, 500=0.01%
  cpu          : usr=0.27%, sys=4.07%, ctx=7404221, majf=0, minf=70560
  IO depths    : 1=100.0%, 2=0.0%, 4=0.0%, 8=0.0%, 16=0.0%, 32=0.0%, >=64=0.0%
     submit    : 0=0.0%, 4=100.0%, 8=0.0%, 16=0.0%, 32=0.0%, 64=0.0%, >=64=0.0%
     complete  : 0=0.0%, 4=100.0%, 8=0.0%, 16=0.0%, 32=0.0%, 64=0.0%, >=64=0.0%
     issued rwts: total=4309355,0,0,0 short=0,0,0,0 dropped=0,0,0,0
     latency   : target=0, window=0, percentile=100.00%, depth=1

Run status group 0 (all jobs):
   READ: bw=898MiB/s (941MB/s), 898MiB/s-898MiB/s (941MB/s-941MB/s), io=263GiB (282GB), run=300002-300002msec
