seqr: (g=0): rw=read, bs=(R) 64.0KiB-64.0KiB, (W) 64.0KiB-64.0KiB, (T) 64.0KiB-64.0KiB, ioengine=libaio, iodepth=1
...
fio-3.18
Starting 4 threads

seqr: (groupid=0, jobs=4): err= 0: pid=100659: Fri Feb 21 12:40:59 2020
  read: IOPS=4874, BW=305MiB/s (319MB/s)(89.3GiB/300001msec)
    slat (usec): min=20, max=611, avg=46.14, stdev=10.28
    clat (usec): min=276, max=36879, avg=772.82, stdev=244.51
     lat (usec): min=486, max=36928, avg=819.10, stdev=244.81
    clat percentiles (usec):
     |  1.00th=[  562],  5.00th=[  611], 10.00th=[  635], 20.00th=[  668],
     | 30.00th=[  693], 40.00th=[  717], 50.00th=[  742], 60.00th=[  766],
     | 70.00th=[  799], 80.00th=[  840], 90.00th=[  898], 95.00th=[  963],
     | 99.00th=[ 1205], 99.50th=[ 2507], 99.90th=[ 4424], 99.95th=[ 4686],
     | 99.99th=[ 5080]
   bw (  KiB/s): min=291456, max=329856, per=100.00%, avg=312311.47, stdev=1443.33, samples=2396
   iops        : min= 4554, max= 5154, avg=4879.86, stdev=22.55, samples=2396
  lat (usec)   : 500=0.03%, 750=53.10%, 1000=43.63%
  lat (msec)   : 2=2.63%, 4=0.45%, 10=0.16%, 20=0.01%, 50=0.01%
  cpu          : usr=0.42%, sys=4.57%, ctx=2681625, majf=0, minf=2557
  IO depths    : 1=100.0%, 2=0.0%, 4=0.0%, 8=0.0%, 16=0.0%, 32=0.0%, >=64=0.0%
     submit    : 0=0.0%, 4=100.0%, 8=0.0%, 16=0.0%, 32=0.0%, 64=0.0%, >=64=0.0%
     complete  : 0=0.0%, 4=100.0%, 8=0.0%, 16=0.0%, 32=0.0%, 64=0.0%, >=64=0.0%
     issued rwts: total=1462397,0,0,0 short=0,0,0,0 dropped=0,0,0,0
     latency   : target=0, window=0, percentile=100.00%, depth=1

Run status group 0 (all jobs):
   READ: bw=305MiB/s (319MB/s), 305MiB/s-305MiB/s (319MB/s-319MB/s), io=89.3GiB (95.8GB), run=300001-300001msec
