seqw: (g=0): rw=write, bs=(R) 64.0KiB-64.0KiB, (W) 64.0KiB-64.0KiB, (T) 64.0KiB-64.0KiB, ioengine=libaio, iodepth=1
...
fio-3.18
Starting 8 threads

seqw: (groupid=0, jobs=8): err= 0: pid=93725: Fri Feb 21 11:00:03 2020
  write: IOPS=3801, BW=238MiB/s (249MB/s)(69.6GiB/300004msec)
    slat (usec): min=22, max=808, avg=75.58, stdev=26.24
    clat (usec): min=680, max=538336, avg=2026.56, stdev=7166.71
     lat (usec): min=843, max=538429, avg=2102.32, stdev=7166.50
    clat percentiles (usec):
     |  1.00th=[   930],  5.00th=[  1004], 10.00th=[  1057], 20.00th=[  1139],
     | 30.00th=[  1205], 40.00th=[  1303], 50.00th=[  1385], 60.00th=[  1467],
     | 70.00th=[  1565], 80.00th=[  1680], 90.00th=[  2540], 95.00th=[  4293],
     | 99.00th=[  5866], 99.50th=[ 12125], 99.90th=[123208], 99.95th=[164627],
     | 99.99th=[263193]
   bw (  KiB/s): min= 5376, max=390528, per=100.00%, avg=243556.57, stdev=11819.04, samples=4792
   iops        : min=   84, max= 6102, avg=3805.56, stdev=184.67, samples=4792
  lat (usec)   : 750=0.01%, 1000=4.66%
  lat (msec)   : 2=83.11%, 4=6.27%, 10=5.42%, 20=0.09%, 50=0.16%
  lat (msec)   : 100=0.14%, 250=0.13%, 500=0.01%, 750=0.01%
  cpu          : usr=0.21%, sys=2.02%, ctx=1984201, majf=0, minf=7589
  IO depths    : 1=100.0%, 2=0.0%, 4=0.0%, 8=0.0%, 16=0.0%, 32=0.0%, >=64=0.0%
     submit    : 0=0.0%, 4=100.0%, 8=0.0%, 16=0.0%, 32=0.0%, 64=0.0%, >=64=0.0%
     complete  : 0=0.0%, 4=100.0%, 8=0.0%, 16=0.0%, 32=0.0%, 64=0.0%, >=64=0.0%
     issued rwts: total=0,1140609,0,0 short=0,0,0,0 dropped=0,0,0,0
     latency   : target=0, window=0, percentile=100.00%, depth=1

Run status group 0 (all jobs):
  WRITE: bw=238MiB/s (249MB/s), 238MiB/s-238MiB/s (249MB/s-249MB/s), io=69.6GiB (74.8GB), run=300004-300004msec
