seqw: (g=0): rw=write, bs=(R) 64.0KiB-64.0KiB, (W) 64.0KiB-64.0KiB, (T) 64.0KiB-64.0KiB, ioengine=libaio, iodepth=1
...
fio-3.18
Starting 4 threads

seqw: (groupid=0, jobs=4): err= 0: pid=103860: Fri Feb 21 13:25:28 2020
  write: IOPS=1977, BW=124MiB/s (130MB/s)(36.2GiB/300002msec)
    slat (usec): min=23, max=481, avg=69.29, stdev=21.21
    clat (usec): min=772, max=650166, avg=1951.39, stdev=10918.69
     lat (usec): min=837, max=650200, avg=2020.84, stdev=10918.05
    clat percentiles (usec):
     |  1.00th=[   865],  5.00th=[   906], 10.00th=[   947], 20.00th=[   996],
     | 30.00th=[  1045], 40.00th=[  1106], 50.00th=[  1156], 60.00th=[  1221],
     | 70.00th=[  1303], 80.00th=[  1385], 90.00th=[  1549], 95.00th=[  2474],
     | 99.00th=[  5080], 99.50th=[ 32900], 99.90th=[191890], 99.95th=[250610],
     | 99.99th=[362808]
   bw (  KiB/s): min= 1536, max=211584, per=100.00%, avg=126684.94, stdev=18217.83, samples=2395
   iops        : min=   24, max= 3306, avg=1979.45, stdev=284.65, samples=2395
  lat (usec)   : 1000=20.51%
  lat (msec)   : 2=73.54%, 4=3.70%, 10=1.62%, 20=0.07%, 50=0.16%
  lat (msec)   : 100=0.14%, 250=0.21%, 500=0.05%, 750=0.01%
  cpu          : usr=0.22%, sys=1.88%, ctx=1049753, majf=0, minf=3031
  IO depths    : 1=100.0%, 2=0.0%, 4=0.0%, 8=0.0%, 16=0.0%, 32=0.0%, >=64=0.0%
     submit    : 0=0.0%, 4=100.0%, 8=0.0%, 16=0.0%, 32=0.0%, 64=0.0%, >=64=0.0%
     complete  : 0=0.0%, 4=100.0%, 8=0.0%, 16=0.0%, 32=0.0%, 64=0.0%, >=64=0.0%
     issued rwts: total=0,593286,0,0 short=0,0,0,0 dropped=0,0,0,0
     latency   : target=0, window=0, percentile=100.00%, depth=1

Run status group 0 (all jobs):
  WRITE: bw=124MiB/s (130MB/s), 124MiB/s-124MiB/s (130MB/s-130MB/s), io=36.2GiB (38.9GB), run=300002-300002msec
