seqw: (g=0): rw=write, bs=(R) 64.0KiB-64.0KiB, (W) 64.0KiB-64.0KiB, (T) 64.0KiB-64.0KiB, ioengine=libaio, iodepth=1
...
fio-3.18
Starting 8 threads

seqw: (groupid=0, jobs=8): err= 0: pid=103362: Fri Feb 21 13:19:53 2020
  write: IOPS=4145, BW=259MiB/s (272MB/s)(75.9GiB/300002msec)
    slat (usec): min=23, max=815, avg=82.14, stdev=22.51
    clat (usec): min=534, max=406210, avg=1845.90, stdev=4856.25
     lat (usec): min=847, max=406301, avg=1928.22, stdev=4856.07
    clat percentiles (usec):
     |  1.00th=[   938],  5.00th=[  1020], 10.00th=[  1074], 20.00th=[  1139],
     | 30.00th=[  1221], 40.00th=[  1303], 50.00th=[  1385], 60.00th=[  1467],
     | 70.00th=[  1565], 80.00th=[  1680], 90.00th=[  2507], 95.00th=[  4178],
     | 99.00th=[  5669], 99.50th=[  8029], 99.90th=[ 54789], 99.95th=[108528],
     | 99.99th=[223347]
   bw (  KiB/s): min=118656, max=334208, per=100.00%, avg=265599.07, stdev=6967.21, samples=4792
   iops        : min= 1854, max= 5222, avg=4149.98, stdev=108.86, samples=4792
  lat (usec)   : 750=0.01%, 1000=3.66%
  lat (msec)   : 2=84.18%, 4=6.61%, 10=5.14%, 20=0.13%, 50=0.17%
  lat (msec)   : 100=0.07%, 250=0.05%, 500=0.01%
  cpu          : usr=0.20%, sys=2.23%, ctx=2320420, majf=0, minf=8558
  IO depths    : 1=100.0%, 2=0.0%, 4=0.0%, 8=0.0%, 16=0.0%, 32=0.0%, >=64=0.0%
     submit    : 0=0.0%, 4=100.0%, 8=0.0%, 16=0.0%, 32=0.0%, 64=0.0%, >=64=0.0%
     complete  : 0=0.0%, 4=100.0%, 8=0.0%, 16=0.0%, 32=0.0%, 64=0.0%, >=64=0.0%
     issued rwts: total=0,1243596,0,0 short=0,0,0,0 dropped=0,0,0,0
     latency   : target=0, window=0, percentile=100.00%, depth=1

Run status group 0 (all jobs):
  WRITE: bw=259MiB/s (272MB/s), 259MiB/s-259MiB/s (272MB/s-272MB/s), io=75.9GiB (81.5GB), run=300002-300002msec
