seqw: (g=0): rw=write, bs=(R) 64.0KiB-64.0KiB, (W) 64.0KiB-64.0KiB, (T) 64.0KiB-64.0KiB, ioengine=libaio, iodepth=1
fio-3.18
Starting 1 thread

seqw: (groupid=0, jobs=1): err= 0: pid=94870: Fri Feb 21 11:16:48 2020
  write: IOPS=491, BW=30.7MiB/s (32.2MB/s)(9224MiB/300001msec)
    slat (usec): min=24, max=458, avg=34.72, stdev= 7.68
    clat (usec): min=685, max=403731, avg=1996.61, stdev=11048.24
     lat (usec): min=829, max=403771, avg=2031.47, stdev=11048.38
    clat percentiles (usec):
     |  1.00th=[   873],  5.00th=[   906], 10.00th=[   938], 20.00th=[   988],
     | 30.00th=[  1029], 40.00th=[  1057], 50.00th=[  1106], 60.00th=[  1139],
     | 70.00th=[  1205], 80.00th=[  1270], 90.00th=[  1401], 95.00th=[  1926],
     | 99.00th=[  4948], 99.50th=[ 68682], 99.90th=[185598], 99.95th=[225444],
     | 99.99th=[299893]
   bw (  KiB/s): min=  128, max=55808, per=100.00%, avg=31499.71, stdev=22696.88, samples=599
   iops        : min=    2, max=  872, avg=492.18, stdev=354.64, samples=599
  lat (usec)   : 750=0.01%, 1000=22.49%
  lat (msec)   : 2=72.64%, 4=3.27%, 10=0.93%, 20=0.02%, 50=0.10%
  lat (msec)   : 100=0.19%, 250=0.34%, 500=0.03%
  cpu          : usr=0.23%, sys=1.68%, ctx=150828, majf=0, minf=237
  IO depths    : 1=100.0%, 2=0.0%, 4=0.0%, 8=0.0%, 16=0.0%, 32=0.0%, >=64=0.0%
     submit    : 0=0.0%, 4=100.0%, 8=0.0%, 16=0.0%, 32=0.0%, 64=0.0%, >=64=0.0%
     complete  : 0=0.0%, 4=100.0%, 8=0.0%, 16=0.0%, 32=0.0%, 64=0.0%, >=64=0.0%
     issued rwts: total=0,147578,0,0 short=0,0,0,0 dropped=0,0,0,0
     latency   : target=0, window=0, percentile=100.00%, depth=1

Run status group 0 (all jobs):
  WRITE: bw=30.7MiB/s (32.2MB/s), 30.7MiB/s-30.7MiB/s (32.2MB/s-32.2MB/s), io=9224MiB (9672MB), run=300001-300001msec
