seqw: (g=0): rw=write, bs=(R) 64.0KiB-64.0KiB, (W) 64.0KiB-64.0KiB, (T) 64.0KiB-64.0KiB, ioengine=libaio, iodepth=1
...
fio-3.18
Starting 64 threads

seqw: (groupid=0, jobs=64): err= 0: pid=102088: Fri Feb 21 13:03:09 2020
  write: IOPS=8439, BW=527MiB/s (553MB/s)(155GiB/300114msec)
    slat (usec): min=25, max=2583, avg=112.01, stdev=43.97
    clat (usec): min=95, max=9052.8k, avg=7467.27, stdev=42502.91
     lat (usec): min=894, max=9052.9k, avg=7579.52, stdev=42503.20
    clat percentiles (usec):
     |  1.00th=[   1172],  5.00th=[   1401], 10.00th=[   1549],
     | 20.00th=[   1762], 30.00th=[   1958], 40.00th=[   2147],
     | 50.00th=[   2442], 60.00th=[   2868], 70.00th=[   3982],
     | 80.00th=[   5211], 90.00th=[   6849], 95.00th=[  18744],
     | 99.00th=[  96994], 99.50th=[ 183501], 99.90th=[ 505414],
     | 99.95th=[ 692061], 99.99th=[1182794]
   bw (  KiB/s): min=54272, max=1442944, per=100.00%, avg=552407.47, stdev=5031.53, samples=36439
   iops        : min=  848, max=22546, avg=8631.32, stdev=78.62, samples=36439
  lat (usec)   : 100=0.01%, 250=0.01%, 500=0.01%, 750=0.01%, 1000=0.08%
  lat (msec)   : 2=32.37%, 4=37.60%, 10=22.92%, 20=2.25%, 50=2.56%
  lat (msec)   : 100=1.25%, 250=0.63%, 500=0.24%, 750=0.06%, 1000=0.02%
  lat (msec)   : 2000=0.01%, >=2000=0.01%
  cpu          : usr=0.06%, sys=0.82%, ctx=5091781, majf=0, minf=78459
  IO depths    : 1=100.0%, 2=0.0%, 4=0.0%, 8=0.0%, 16=0.0%, 32=0.0%, >=64=0.0%
     submit    : 0=0.0%, 4=100.0%, 8=0.0%, 16=0.0%, 32=0.0%, 64=0.0%, >=64=0.0%
     complete  : 0=0.0%, 4=100.0%, 8=0.0%, 16=0.0%, 32=0.0%, 64=0.0%, >=64=0.0%
     issued rwts: total=0,2532757,0,0 short=0,0,0,0 dropped=0,0,0,0
     latency   : target=0, window=0, percentile=100.00%, depth=1

Run status group 0 (all jobs):
  WRITE: bw=527MiB/s (553MB/s), 527MiB/s-527MiB/s (553MB/s-553MB/s), io=155GiB (166GB), run=300114-300114msec
