seqw: (g=0): rw=write, bs=(R) 64.0KiB-64.0KiB, (W) 64.0KiB-64.0KiB, (T) 64.0KiB-64.0KiB, ioengine=libaio, iodepth=1
...
fio-3.18
Starting 2 threads

seqw: (groupid=0, jobs=2): err= 0: pid=104161: Fri Feb 21 13:31:03 2020
  write: IOPS=1223, BW=76.5MiB/s (80.2MB/s)(22.4GiB/300001msec)
    slat (usec): min=25, max=318, avg=66.34, stdev=20.21
    clat (usec): min=697, max=504526, avg=1565.94, stdev=7936.18
     lat (usec): min=827, max=504557, avg=1632.44, stdev=7935.44
    clat percentiles (usec):
     |  1.00th=[   840],  5.00th=[   881], 10.00th=[   906], 20.00th=[   963],
     | 30.00th=[  1004], 40.00th=[  1045], 50.00th=[  1090], 60.00th=[  1139],
     | 70.00th=[  1188], 80.00th=[  1254], 90.00th=[  1369], 95.00th=[  1598],
     | 99.00th=[  4424], 99.50th=[  5145], 99.90th=[149947], 99.95th=[193987],
     | 99.99th=[283116]
   bw (  KiB/s): min= 2176, max=112768, per=100.00%, avg=78399.50, stdev=18563.28, samples=1198
   iops        : min=   34, max= 1762, avg=1224.99, stdev=290.05, samples=1198
  lat (usec)   : 750=0.01%, 1000=29.25%
  lat (msec)   : 2=66.80%, 4=2.71%, 10=0.90%, 20=0.02%, 50=0.07%
  lat (msec)   : 100=0.08%, 250=0.15%, 500=0.02%, 750=0.01%
  cpu          : usr=0.30%, sys=2.23%, ctx=636120, majf=0, minf=1574
  IO depths    : 1=100.0%, 2=0.0%, 4=0.0%, 8=0.0%, 16=0.0%, 32=0.0%, >=64=0.0%
     submit    : 0=0.0%, 4=100.0%, 8=0.0%, 16=0.0%, 32=0.0%, 64=0.0%, >=64=0.0%
     complete  : 0=0.0%, 4=100.0%, 8=0.0%, 16=0.0%, 32=0.0%, 64=0.0%, >=64=0.0%
     issued rwts: total=0,367201,0,0 short=0,0,0,0 dropped=0,0,0,0
     latency   : target=0, window=0, percentile=100.00%, depth=1

Run status group 0 (all jobs):
  WRITE: bw=76.5MiB/s (80.2MB/s), 76.5MiB/s-76.5MiB/s (80.2MB/s-80.2MB/s), io=22.4GiB (24.1GB), run=300001-300001msec
