seqw: (g=0): rw=write, bs=(R) 64.0KiB-64.0KiB, (W) 64.0KiB-64.0KiB, (T) 64.0KiB-64.0KiB, ioengine=libaio, iodepth=1
fio-3.18
Starting 1 thread

seqw: (groupid=0, jobs=1): err= 0: pid=104483: Fri Feb 21 13:36:38 2020
  write: IOPS=818, BW=51.2MiB/s (53.6MB/s)(14.0GiB/300001msec)
    slat (usec): min=27, max=407, avg=34.31, stdev= 5.72
    clat (usec): min=736, max=96193, avg=1186.11, stdev=1231.26
     lat (usec): min=835, max=96228, avg=1220.55, stdev=1231.31
    clat percentiles (usec):
     |  1.00th=[  865],  5.00th=[  898], 10.00th=[  914], 20.00th=[  955],
     | 30.00th=[ 1004], 40.00th=[ 1045], 50.00th=[ 1090], 60.00th=[ 1123],
     | 70.00th=[ 1172], 80.00th=[ 1221], 90.00th=[ 1319], 95.00th=[ 1450],
     | 99.00th=[ 3556], 99.50th=[ 4555], 99.90th=[ 5473], 99.95th=[33817],
     | 99.99th=[55837]
   bw (  KiB/s): min=32256, max=57344, per=100.00%, avg=52436.97, stdev=3703.93, samples=599
   iops        : min=  504, max=  896, avg=819.33, stdev=57.87, samples=599
  lat (usec)   : 750=0.01%, 1000=28.81%
  lat (msec)   : 2=68.13%, 4=2.31%, 10=0.69%, 20=0.01%, 50=0.04%
  lat (msec)   : 100=0.02%
  cpu          : usr=0.42%, sys=2.74%, ctx=247530, majf=0, minf=216
  IO depths    : 1=100.0%, 2=0.0%, 4=0.0%, 8=0.0%, 16=0.0%, 32=0.0%, >=64=0.0%
     submit    : 0=0.0%, 4=100.0%, 8=0.0%, 16=0.0%, 32=0.0%, 64=0.0%, >=64=0.0%
     complete  : 0=0.0%, 4=100.0%, 8=0.0%, 16=0.0%, 32=0.0%, 64=0.0%, >=64=0.0%
     issued rwts: total=0,245550,0,0 short=0,0,0,0 dropped=0,0,0,0
     latency   : target=0, window=0, percentile=100.00%, depth=1

Run status group 0 (all jobs):
  WRITE: bw=51.2MiB/s (53.6MB/s), 51.2MiB/s-51.2MiB/s (53.6MB/s-53.6MB/s), io=14.0GiB (16.1GB), run=300001-300001msec
