seqw: (g=0): rw=write, bs=(R) 64.0KiB-64.0KiB, (W) 64.0KiB-64.0KiB, (T) 64.0KiB-64.0KiB, ioengine=libaio, iodepth=1
...
fio-3.18
Starting 16 threads

seqw: (groupid=0, jobs=16): err= 0: pid=103041: Fri Feb 21 13:14:18 2020
  write: IOPS=5858, BW=366MiB/s (384MB/s)(107GiB/300223msec)
    slat (usec): min=22, max=1094, avg=89.21, stdev=29.24
    clat (usec): min=383, max=866683, avg=2637.99, stdev=10367.52
     lat (usec): min=873, max=866743, avg=2727.41, stdev=10367.44
    clat percentiles (usec):
     |  1.00th=[  1012],  5.00th=[  1139], 10.00th=[  1221], 20.00th=[  1336],
     | 30.00th=[  1450], 40.00th=[  1549], 50.00th=[  1647], 60.00th=[  1745],
     | 70.00th=[  1893], 80.00th=[  2212], 90.00th=[  4293], 95.00th=[  5145],
     | 99.00th=[  8848], 99.50th=[ 27657], 99.90th=[170918], 99.95th=[250610],
     | 99.99th=[408945]
   bw (  KiB/s): min=60928, max=583936, per=100.00%, avg=376008.43, stdev=8766.34, samples=9566
   iops        : min=  952, max= 9124, avg=5875.12, stdev=136.97, samples=9566
  lat (usec)   : 500=0.01%, 750=0.01%, 1000=0.74%
  lat (msec)   : 2=74.33%, 4=13.35%, 10=10.69%, 20=0.31%, 50=0.26%
  lat (msec)   : 100=0.15%, 250=0.12%, 500=0.05%, 750=0.01%, 1000=0.01%
  cpu          : usr=0.17%, sys=1.78%, ctx=3255779, majf=0, minf=51383
  IO depths    : 1=100.0%, 2=0.0%, 4=0.0%, 8=0.0%, 16=0.0%, 32=0.0%, >=64=0.0%
     submit    : 0=0.0%, 4=100.0%, 8=0.0%, 16=0.0%, 32=0.0%, 64=0.0%, >=64=0.0%
     complete  : 0=0.0%, 4=100.0%, 8=0.0%, 16=0.0%, 32=0.0%, 64=0.0%, >=64=0.0%
     issued rwts: total=0,1758864,0,0 short=0,0,0,0 dropped=0,0,0,0
     latency   : target=0, window=0, percentile=100.00%, depth=1

Run status group 0 (all jobs):
  WRITE: bw=366MiB/s (384MB/s), 366MiB/s-366MiB/s (384MB/s-384MB/s), io=107GiB (115GB), run=300223-300223msec
