seqw: (g=0): rw=write, bs=(R) 64.0KiB-64.0KiB, (W) 64.0KiB-64.0KiB, (T) 64.0KiB-64.0KiB, ioengine=libaio, iodepth=1
...
fio-3.18
Starting 128 threads

seqw: (groupid=0, jobs=128): err= 0: pid=101627: Fri Feb 21 12:57:32 2020
  write: IOPS=9285, BW=580MiB/s (609MB/s)(170GiB/300340msec)
    slat (usec): min=27, max=4446, avg=118.96, stdev=56.75
    clat (nsec): min=1763, max=6138.3M, avg=13651253.85, stdev=43738844.04
     lat (usec): min=893, max=6138.3k, avg=13770.46, stdev=43739.34
    clat percentiles (usec):
     |  1.00th=[   1237],  5.00th=[   1516], 10.00th=[   1696],
     | 20.00th=[   1975], 30.00th=[   2245], 40.00th=[   2606],
     | 50.00th=[   3228], 60.00th=[   4424], 70.00th=[   5604],
     | 80.00th=[   7439], 90.00th=[  35914], 95.00th=[  68682],
     | 99.00th=[ 158335], 99.50th=[ 208667], 99.90th=[ 446694],
     | 99.95th=[ 666895], 99.99th=[1350566]
   bw (  KiB/s): min=76155, max=1553536, per=100.00%, avg=602166.62, stdev=2314.23, samples=74653
   iops        : min= 1185, max=24274, avg=9408.57, stdev=36.16, samples=74653
  lat (usec)   : 2=0.01%, 4=0.01%, 10=0.01%, 20=0.01%, 50=0.01%
  lat (usec)   : 100=0.01%, 500=0.01%, 750=0.01%, 1000=0.04%
  lat (msec)   : 2=21.03%, 4=35.77%, 10=25.93%, 20=3.67%, 50=6.09%
  lat (msec)   : 100=4.82%, 250=2.32%, 500=0.24%, 750=0.04%, 1000=0.02%
  lat (msec)   : 2000=0.02%, >=2000=0.01%
  cpu          : usr=0.03%, sys=0.49%, ctx=5633399, majf=0, minf=121541
  IO depths    : 1=100.0%, 2=0.0%, 4=0.0%, 8=0.0%, 16=0.0%, 32=0.0%, >=64=0.0%
     submit    : 0=0.0%, 4=100.0%, 8=0.0%, 16=0.0%, 32=0.0%, 64=0.0%, >=64=0.0%
     complete  : 0=0.0%, 4=100.0%, 8=0.0%, 16=0.0%, 32=0.0%, 64=0.0%, >=64=0.0%
     issued rwts: total=0,2788816,0,0 short=0,0,0,0 dropped=0,0,0,0
     latency   : target=0, window=0, percentile=100.00%, depth=1

Run status group 0 (all jobs):
  WRITE: bw=580MiB/s (609MB/s), 580MiB/s-580MiB/s (609MB/s-609MB/s), io=170GiB (183GB), run=300340-300340msec
