randr: (g=0): rw=randread, bs=(R) 8192B-8192B, (W) 8192B-8192B, (T) 8192B-8192B, ioengine=libaio, iodepth=1
...
fio-3.18
Starting 32 threads

randr: (groupid=0, jobs=32): err= 0: pid=77154: Fri Feb 21 07:01:15 2020
  read: IOPS=2551, BW=19.9MiB/s (20.9MB/s)(5981MiB/300023msec)
    slat (usec): min=24, max=1124, avg=50.86, stdev=12.18
    clat (usec): min=2, max=298003, avg=12486.58, stdev=13351.41
     lat (usec): min=442, max=298056, avg=12537.61, stdev=13351.49
    clat percentiles (usec):
     |  1.00th=[   570],  5.00th=[   635], 10.00th=[   701], 20.00th=[  5211],
     | 30.00th=[  8094], 40.00th=[  9372], 50.00th=[ 10159], 60.00th=[ 11469],
     | 70.00th=[ 13435], 80.00th=[ 15926], 90.00th=[ 20841], 95.00th=[ 28967],
     | 99.00th=[ 84411], 99.50th=[ 90702], 99.90th=[108528], 99.95th=[120062],
     | 99.99th=[179307]
   bw (  KiB/s): min= 9251, max=32064, per=100.00%, avg=20439.80, stdev=154.76, samples=19164
   iops        : min= 1155, max= 4008, avg=2554.95, stdev=19.35, samples=19164
  lat (usec)   : 4=0.01%, 10=0.01%, 50=0.01%, 250=0.01%, 500=0.05%
  lat (usec)   : 750=12.47%, 1000=2.65%
  lat (msec)   : 2=0.99%, 4=2.16%, 10=29.65%, 20=40.89%, 50=8.53%
  lat (msec)   : 100=2.40%, 250=0.20%, 500=0.01%
  cpu          : usr=0.03%, sys=0.32%, ctx=1475005, majf=0, minf=12761
  IO depths    : 1=100.0%, 2=0.0%, 4=0.0%, 8=0.0%, 16=0.0%, 32=0.0%, >=64=0.0%
     submit    : 0=0.0%, 4=100.0%, 8=0.0%, 16=0.0%, 32=0.0%, 64=0.0%, >=64=0.0%
     complete  : 0=0.0%, 4=100.0%, 8=0.0%, 16=0.0%, 32=0.0%, 64=0.0%, >=64=0.0%
     issued rwts: total=765592,0,0,0 short=0,0,0,0 dropped=0,0,0,0
     latency   : target=0, window=0, percentile=100.00%, depth=1

Run status group 0 (all jobs):
   READ: bw=19.9MiB/s (20.9MB/s), 19.9MiB/s-19.9MiB/s (20.9MB/s-20.9MB/s), io=5981MiB (6272MB), run=300023-300023msec
