randr: (g=0): rw=randread, bs=(R) 8192B-8192B, (W) 8192B-8192B, (T) 8192B-8192B, ioengine=libaio, iodepth=1
fio-3.18
Starting 1 thread

randr: (groupid=0, jobs=1): err= 0: pid=78971: Fri Feb 21 07:28:51 2020
  read: IOPS=611, BW=4894KiB/s (5011kB/s)(1434MiB/300023msec)
    slat (usec): min=23, max=230, avg=42.24, stdev= 4.81
    clat (usec): min=369, max=260296, avg=1591.12, stdev=4507.86
     lat (usec): min=409, max=260339, avg=1633.51, stdev=4508.20
    clat percentiles (usec):
     |  1.00th=[   506],  5.00th=[   553], 10.00th=[   578], 20.00th=[   603],
     | 30.00th=[   627], 40.00th=[   644], 50.00th=[   668], 60.00th=[   685],
     | 70.00th=[   717], 80.00th=[   750], 90.00th=[   857], 95.00th=[  9110],
     | 99.00th=[ 18482], 99.50th=[ 20055], 99.90th=[ 51643], 99.95th=[ 73925],
     | 99.99th=[115868]
   bw (  KiB/s): min=  608, max=11664, per=100.00%, avg=4896.09, stdev=4391.22, samples=599
   iops        : min=   76, max= 1458, avg=612.01, stdev=548.90, samples=599
  lat (usec)   : 500=0.83%, 750=78.92%, 1000=12.48%
  lat (msec)   : 2=0.89%, 4=0.71%, 10=1.40%, 20=4.26%, 50=0.41%
  lat (msec)   : 100=0.08%, 250=0.03%, 500=0.01%
  cpu          : usr=0.21%, sys=1.94%, ctx=366214, majf=0, minf=153
  IO depths    : 1=100.0%, 2=0.0%, 4=0.0%, 8=0.0%, 16=0.0%, 32=0.0%, >=64=0.0%
     submit    : 0=0.0%, 4=100.0%, 8=0.0%, 16=0.0%, 32=0.0%, 64=0.0%, >=64=0.0%
     complete  : 0=0.0%, 4=100.0%, 8=0.0%, 16=0.0%, 32=0.0%, 64=0.0%, >=64=0.0%
     issued rwts: total=183539,0,0,0 short=0,0,0,0 dropped=0,0,0,0
     latency   : target=0, window=0, percentile=100.00%, depth=1

Run status group 0 (all jobs):
   READ: bw=4894KiB/s (5011kB/s), 4894KiB/s-4894KiB/s (5011kB/s-5011kB/s), io=1434MiB (1504MB), run=300023-300023msec
