randr: (g=0): rw=randread, bs=(R) 8192B-8192B, (W) 8192B-8192B, (T) 8192B-8192B, ioengine=libaio, iodepth=1
...
fio-3.18
Starting 2 threads

randr: (groupid=0, jobs=2): err= 0: pid=78670: Fri Feb 21 07:23:19 2020
  read: IOPS=993, BW=7950KiB/s (8141kB/s)(2329MiB/300015msec)
    slat (usec): min=22, max=279, avg=43.76, stdev= 5.84
    clat (usec): min=371, max=806443, avg=1967.24, stdev=5478.72
     lat (usec): min=410, max=806485, avg=2011.15, stdev=5478.67
    clat percentiles (usec):
     |  1.00th=[   515],  5.00th=[   562], 10.00th=[   578], 20.00th=[   611],
     | 30.00th=[   635], 40.00th=[   652], 50.00th=[   676], 60.00th=[   701],
     | 70.00th=[   725], 80.00th=[   775], 90.00th=[  3425], 95.00th=[ 12911],
     | 99.00th=[ 18744], 99.50th=[ 20317], 99.90th=[ 54789], 99.95th=[ 83362],
     | 99.99th=[121111]
   bw (  KiB/s): min=  720, max=18464, per=100.00%, avg=7969.72, stdev=2852.42, samples=1196
   iops        : min=   90, max= 2308, avg=996.21, stdev=356.55, samples=1196
  lat (usec)   : 500=0.58%, 750=74.84%, 1000=12.75%
  lat (msec)   : 2=1.05%, 4=1.08%, 10=3.22%, 20=5.91%, 50=0.46%
  lat (msec)   : 100=0.08%, 250=0.03%, 1000=0.01%
  cpu          : usr=0.18%, sys=1.66%, ctx=584395, majf=0, minf=639
  IO depths    : 1=100.0%, 2=0.0%, 4=0.0%, 8=0.0%, 16=0.0%, 32=0.0%, >=64=0.0%
     submit    : 0=0.0%, 4=100.0%, 8=0.0%, 16=0.0%, 32=0.0%, 64=0.0%, >=64=0.0%
     complete  : 0=0.0%, 4=100.0%, 8=0.0%, 16=0.0%, 32=0.0%, 64=0.0%, >=64=0.0%
     issued rwts: total=298147,0,0,0 short=0,0,0,0 dropped=0,0,0,0
     latency   : target=0, window=0, percentile=100.00%, depth=1

Run status group 0 (all jobs):
   READ: bw=7950KiB/s (8141kB/s), 7950KiB/s-7950KiB/s (8141kB/s-8141kB/s), io=2329MiB (2442MB), run=300015-300015msec
