randr: (g=0): rw=randread, bs=(R) 8192B-8192B, (W) 8192B-8192B, (T) 8192B-8192B, ioengine=libaio, iodepth=1
...
fio-3.18
Starting 64 threads

randr: (groupid=0, jobs=64): err= 0: pid=86093: Fri Feb 21 09:08:39 2020
  read: IOPS=38.4k, BW=300MiB/s (315MB/s)(87.9GiB/300006msec)
    slat (usec): min=23, max=7296, avg=775.55, stdev=319.06
    clat (nsec): min=661, max=318894k, avg=887637.34, stdev=2675719.95
     lat (usec): min=431, max=319340, avg=1663.47, stdev=2683.61
    clat percentiles (usec):
     |  1.00th=[   469],  5.00th=[   553], 10.00th=[   586], 20.00th=[   627],
     | 30.00th=[   660], 40.00th=[   685], 50.00th=[   717], 60.00th=[   750],
     | 70.00th=[   791], 80.00th=[   848], 90.00th=[   947], 95.00th=[  1074],
     | 99.00th=[  3490], 99.50th=[  5014], 99.90th=[ 42206], 99.95th=[ 62129],
     | 99.99th=[114820]
   bw (  KiB/s): min=168384, max=452576, per=100.00%, avg=307809.57, stdev=1193.30, samples=38272
   iops        : min=21048, max=56572, avg=38476.14, stdev=149.16, samples=38272
  lat (nsec)   : 750=0.01%, 1000=0.01%
  lat (usec)   : 2=0.09%, 4=0.20%, 10=0.02%, 20=0.01%, 50=0.02%
  lat (usec)   : 100=0.08%, 250=0.21%, 500=0.93%, 750=58.21%, 1000=32.99%
  lat (msec)   : 2=5.46%, 4=0.96%, 10=0.59%, 20=0.05%, 50=0.10%
  lat (msec)   : 100=0.06%, 250=0.02%, 500=0.01%
  cpu          : usr=0.22%, sys=39.12%, ctx=31843996, majf=0, minf=29160
  IO depths    : 1=100.0%, 2=0.0%, 4=0.0%, 8=0.0%, 16=0.0%, 32=0.0%, >=64=0.0%
     submit    : 0=0.0%, 4=100.0%, 8=0.0%, 16=0.0%, 32=0.0%, 64=0.0%, >=64=0.0%
     complete  : 0=0.0%, 4=100.0%, 8=0.0%, 16=0.0%, 32=0.0%, 64=0.0%, >=64=0.0%
     issued rwts: total=11527094,0,0,0 short=0,0,0,0 dropped=0,0,0,0
     latency   : target=0, window=0, percentile=100.00%, depth=1

Run status group 0 (all jobs):
   READ: bw=300MiB/s (315MB/s), 300MiB/s-300MiB/s (315MB/s-315MB/s), io=87.9GiB (94.4GB), run=300006-300006msec
