randr: (g=0): rw=randread, bs=(R) 8192B-8192B, (W) 8192B-8192B, (T) 8192B-8192B, ioengine=libaio, iodepth=1
...
fio-3.18
Starting 2 threads

randr: (groupid=0, jobs=2): err= 0: pid=88043: Fri Feb 21 09:36:14 2020
  read: IOPS=2940, BW=22.0MiB/s (24.1MB/s)(6892MiB/300001msec)
    slat (usec): min=18, max=326, avg=42.35, stdev= 8.92
    clat (usec): min=165, max=195075, avg=636.37, stdev=2735.72
     lat (usec): min=343, max=195120, avg=678.85, stdev=2735.53
    clat percentiles (usec):
     |  1.00th=[   379],  5.00th=[   408], 10.00th=[   420], 20.00th=[   441],
     | 30.00th=[   453], 40.00th=[   465], 50.00th=[   482], 60.00th=[   494],
     | 70.00th=[   510], 80.00th=[   537], 90.00th=[   570], 95.00th=[   611],
     | 99.00th=[  1172], 99.50th=[  3654], 99.90th=[ 48497], 99.95th=[ 64226],
     | 99.99th=[102237]
   bw (  KiB/s): min=  752, max=31520, per=100.00%, avg=23546.15, stdev=5221.11, samples=1198
   iops        : min=   94, max= 3940, avg=2943.27, stdev=652.64, samples=1198
  lat (usec)   : 250=0.01%, 500=64.36%, 750=34.30%, 1000=0.30%
  lat (msec)   : 2=0.22%, 4=0.36%, 10=0.12%, 20=0.09%, 50=0.15%
  lat (msec)   : 100=0.08%, 250=0.01%
  cpu          : usr=0.51%, sys=4.79%, ctx=1742330, majf=0, minf=702
  IO depths    : 1=100.0%, 2=0.0%, 4=0.0%, 8=0.0%, 16=0.0%, 32=0.0%, >=64=0.0%
     submit    : 0=0.0%, 4=100.0%, 8=0.0%, 16=0.0%, 32=0.0%, 64=0.0%, >=64=0.0%
     complete  : 0=0.0%, 4=100.0%, 8=0.0%, 16=0.0%, 32=0.0%, 64=0.0%, >=64=0.0%
     issued rwts: total=882217,0,0,0 short=0,0,0,0 dropped=0,0,0,0
     latency   : target=0, window=0, percentile=100.00%, depth=1

Run status group 0 (all jobs):
   READ: bw=22.0MiB/s (24.1MB/s), 22.0MiB/s-22.0MiB/s (24.1MB/s-24.1MB/s), io=6892MiB (7227MB), run=300001-300001msec
