randr: (g=0): rw=randread, bs=(R) 8192B-8192B, (W) 8192B-8192B, (T) 8192B-8192B, ioengine=libaio, iodepth=1
...
fio-3.18
Starting 16 threads

randr: (groupid=0, jobs=16): err= 0: pid=86952: Fri Feb 21 09:19:41 2020
  read: IOPS=23.2k, BW=181MiB/s (190MB/s)(53.1GiB/300005msec)
    slat (usec): min=20, max=1270, avg=62.03, stdev=24.14
    clat (usec): min=2, max=240600, avg=625.73, stdev=1088.65
     lat (usec): min=370, max=240634, avg=687.91, stdev=1089.00
    clat percentiles (usec):
     |  1.00th=[  429],  5.00th=[  465], 10.00th=[  486], 20.00th=[  515],
     | 30.00th=[  537], 40.00th=[  553], 50.00th=[  578], 60.00th=[  594],
     | 70.00th=[  627], 80.00th=[  660], 90.00th=[  709], 95.00th=[  766],
     | 99.00th=[ 1336], 99.50th=[ 2900], 99.90th=[ 4752], 99.95th=[ 5473],
     | 99.99th=[57410]
   bw (  KiB/s): min=144912, max=203776, per=100.00%, avg=185837.75, stdev=1509.46, samples=9569
   iops        : min=18114, max=25472, avg=23229.70, stdev=188.68, samples=9569
  lat (usec)   : 4=0.01%, 10=0.01%, 250=0.01%, 500=15.08%, 750=78.71%
  lat (usec)   : 1000=4.98%
  lat (msec)   : 2=0.44%, 4=0.56%, 10=0.20%, 20=0.01%, 50=0.01%
  lat (msec)   : 100=0.01%, 250=0.01%
  cpu          : usr=0.47%, sys=7.33%, ctx=13639515, majf=0, minf=4607
  IO depths    : 1=100.0%, 2=0.0%, 4=0.0%, 8=0.0%, 16=0.0%, 32=0.0%, >=64=0.0%
     submit    : 0=0.0%, 4=100.0%, 8=0.0%, 16=0.0%, 32=0.0%, 64=0.0%, >=64=0.0%
     complete  : 0=0.0%, 4=100.0%, 8=0.0%, 16=0.0%, 32=0.0%, 64=0.0%, >=64=0.0%
     issued rwts: total=6961227,0,0,0 short=0,0,0,0 dropped=0,0,0,0
     latency   : target=0, window=0, percentile=100.00%, depth=1

Run status group 0 (all jobs):
   READ: bw=181MiB/s (190MB/s), 181MiB/s-181MiB/s (190MB/s-190MB/s), io=53.1GiB (57.0GB), run=300005-300005msec
