randr: (g=0): rw=randread, bs=(R) 8192B-8192B, (W) 8192B-8192B, (T) 8192B-8192B, ioengine=libaio, iodepth=1
...
fio-3.18
Starting 4 threads

randr: (groupid=0, jobs=4): err= 0: pid=87720: Fri Feb 21 09:30:43 2020
  read: IOPS=7090, BW=55.4MiB/s (58.1MB/s)(16.2GiB/300001msec)
    slat (usec): min=19, max=438, avg=44.33, stdev= 9.60
    clat (usec): min=82, max=89299, avg=518.24, stdev=206.00
     lat (usec): min=347, max=89338, avg=562.72, stdev=206.30
    clat percentiles (usec):
     |  1.00th=[  383],  5.00th=[  412], 10.00th=[  429], 20.00th=[  449],
     | 30.00th=[  465], 40.00th=[  482], 50.00th=[  494], 60.00th=[  510],
     | 70.00th=[  529], 80.00th=[  553], 90.00th=[  594], 95.00th=[  644],
     | 99.00th=[  783], 99.50th=[ 1680], 99.90th=[ 3752], 99.95th=[ 4228],
     | 99.99th=[ 4752]
   bw (  KiB/s): min=51888, max=60304, per=100.00%, avg=56778.11, stdev=318.94, samples=2396
   iops        : min= 6486, max= 7538, avg=7097.26, stdev=39.87, samples=2396
  lat (usec)   : 100=0.01%, 250=0.01%, 500=52.99%, 750=45.74%, 1000=0.60%
  lat (msec)   : 2=0.23%, 4=0.36%, 10=0.08%, 20=0.01%, 50=0.01%
  lat (msec)   : 100=0.01%
  cpu          : usr=0.61%, sys=6.07%, ctx=4220798, majf=0, minf=1032
  IO depths    : 1=100.0%, 2=0.0%, 4=0.0%, 8=0.0%, 16=0.0%, 32=0.0%, >=64=0.0%
     submit    : 0=0.0%, 4=100.0%, 8=0.0%, 16=0.0%, 32=0.0%, 64=0.0%, >=64=0.0%
     complete  : 0=0.0%, 4=100.0%, 8=0.0%, 16=0.0%, 32=0.0%, 64=0.0%, >=64=0.0%
     issued rwts: total=2127009,0,0,0 short=0,0,0,0 dropped=0,0,0,0
     latency   : target=0, window=0, percentile=100.00%, depth=1

Run status group 0 (all jobs):
   READ: bw=55.4MiB/s (58.1MB/s), 55.4MiB/s-55.4MiB/s (58.1MB/s-58.1MB/s), io=16.2GiB (17.4GB), run=300001-300001msec
