randr: (g=0): rw=randread, bs=(R) 8192B-8192B, (W) 8192B-8192B, (T) 8192B-8192B, ioengine=libaio, iodepth=1
fio-3.18
Starting 1 thread

randr: (groupid=0, jobs=1): err= 0: pid=88411: Fri Feb 21 09:41:46 2020
  read: IOPS=1624, BW=12.7MiB/s (13.3MB/s)(3806MiB/300001msec)
    slat (usec): min=18, max=199, avg=42.90, stdev= 7.28
    clat (usec): min=280, max=187601, avg=571.76, stdev=2208.33
     lat (usec): min=316, max=187639, avg=614.80, stdev=2208.53
    clat percentiles (usec):
     |  1.00th=[  375],  5.00th=[  404], 10.00th=[  416], 20.00th=[  433],
     | 30.00th=[  445], 40.00th=[  457], 50.00th=[  469], 60.00th=[  482],
     | 70.00th=[  494], 80.00th=[  515], 90.00th=[  545], 95.00th=[  578],
     | 99.00th=[  750], 99.50th=[ 2573], 99.90th=[35390], 99.95th=[55313],
     | 99.99th=[91751]
   bw (  KiB/s): min=  528, max=15968, per=100.00%, avg=13003.53, stdev=4747.46, samples=599
   iops        : min=   66, max= 1996, avg=1625.44, stdev=593.43, samples=599
  lat (usec)   : 500=73.07%, 750=25.93%, 1000=0.17%
  lat (msec)   : 2=0.21%, 4=0.32%, 10=0.10%, 20=0.06%, 50=0.08%
  lat (msec)   : 100=0.06%, 250=0.01%
  cpu          : usr=0.48%, sys=5.35%, ctx=972783, majf=0, minf=118
  IO depths    : 1=100.0%, 2=0.0%, 4=0.0%, 8=0.0%, 16=0.0%, 32=0.0%, >=64=0.0%
     submit    : 0=0.0%, 4=100.0%, 8=0.0%, 16=0.0%, 32=0.0%, 64=0.0%, >=64=0.0%
     complete  : 0=0.0%, 4=100.0%, 8=0.0%, 16=0.0%, 32=0.0%, 64=0.0%, >=64=0.0%
     issued rwts: total=487202,0,0,0 short=0,0,0,0 dropped=0,0,0,0
     latency   : target=0, window=0, percentile=100.00%, depth=1

Run status group 0 (all jobs):
   READ: bw=12.7MiB/s (13.3MB/s), 12.7MiB/s-12.7MiB/s (13.3MB/s-13.3MB/s), io=3806MiB (3991MB), run=300001-300001msec
