randr: (g=0): rw=randread, bs=(R) 8192B-8192B, (W) 8192B-8192B, (T) 8192B-8192B, ioengine=libaio, iodepth=1
...
fio-3.18
Starting 32 threads

randr: (groupid=0, jobs=32): err= 0: pid=86539: Fri Feb 21 09:14:10 2020
  read: IOPS=37.2k, BW=291MiB/s (305MB/s)(85.2GiB/300103msec)
    slat (usec): min=21, max=2056, avg=112.99, stdev=60.71
    clat (nsec): min=1743, max=254682k, avg=744743.97, stdev=1589404.51
     lat (usec): min=396, max=254855, avg=857.94, stdev=1590.40
    clat percentiles (usec):
     |  1.00th=[  469],  5.00th=[  515], 10.00th=[  537], 20.00th=[  578],
     | 30.00th=[  603], 40.00th=[  627], 50.00th=[  660], 60.00th=[  685],
     | 70.00th=[  725], 80.00th=[  766], 90.00th=[  840], 95.00th=[  922],
     | 99.00th=[ 2474], 99.50th=[ 3851], 99.90th=[ 6783], 99.95th=[28705],
     | 99.99th=[80217]
   bw (  KiB/s): min=206592, max=346464, per=100.00%, avg=298132.65, stdev=1667.63, samples=19138
   iops        : min=25824, max=43306, avg=37266.55, stdev=208.45, samples=19138
  lat (usec)   : 2=0.01%, 4=0.01%, 10=0.01%, 20=0.01%, 50=0.01%
  lat (usec)   : 100=0.01%, 250=0.01%, 500=3.32%, 750=73.41%, 1000=20.22%
  lat (msec)   : 2=1.87%, 4=0.73%, 10=0.37%, 20=0.02%, 50=0.04%
  lat (msec)   : 100=0.02%, 250=0.01%, 500=0.01%
  cpu          : usr=0.46%, sys=11.24%, ctx=23010795, majf=0, minf=5547
  IO depths    : 1=100.0%, 2=0.0%, 4=0.0%, 8=0.0%, 16=0.0%, 32=0.0%, >=64=0.0%
     submit    : 0=0.0%, 4=100.0%, 8=0.0%, 16=0.0%, 32=0.0%, 64=0.0%, >=64=0.0%
     complete  : 0=0.0%, 4=100.0%, 8=0.0%, 16=0.0%, 32=0.0%, 64=0.0%, >=64=0.0%
     issued rwts: total=11166513,0,0,0 short=0,0,0,0 dropped=0,0,0,0
     latency   : target=0, window=0, percentile=100.00%, depth=1

Run status group 0 (all jobs):
   READ: bw=291MiB/s (305MB/s), 291MiB/s-291MiB/s (305MB/s-305MB/s), io=85.2GiB (91.5GB), run=300103-300103msec
