randr: (g=0): rw=randread, bs=(R) 8192B-8192B, (W) 8192B-8192B, (T) 8192B-8192B, ioengine=libaio, iodepth=1
...
fio-3.18
Starting 8 threads

randr: (groupid=0, jobs=8): err= 0: pid=87397: Fri Feb 21 09:25:12 2020
  read: IOPS=13.3k, BW=104MiB/s (109MB/s)(30.4GiB/300001msec)
    slat (usec): min=18, max=822, avg=50.53, stdev=14.98
    clat (usec): min=2, max=15170, avg=550.42, stdev=226.51
     lat (usec): min=347, max=15228, avg=601.10, stdev=227.18
    clat percentiles (usec):
     |  1.00th=[  400],  5.00th=[  429], 10.00th=[  449], 20.00th=[  474],
     | 30.00th=[  490], 40.00th=[  506], 50.00th=[  523], 60.00th=[  545],
     | 70.00th=[  562], 80.00th=[  594], 90.00th=[  635], 95.00th=[  685],
     | 99.00th=[  889], 99.50th=[ 2245], 99.90th=[ 4047], 99.95th=[ 4424],
     | 99.99th=[ 5014]
   bw (  KiB/s): min=99136, max=112464, per=100.00%, avg=106350.89, stdev=266.41, samples=4792
   iops        : min=12392, max=14058, avg=13293.85, stdev=33.30, samples=4792
  lat (usec)   : 4=0.01%, 10=0.01%, 20=0.01%, 50=0.01%, 100=0.01%
  lat (usec)   : 250=0.01%, 500=36.43%, 750=61.27%, 1000=1.44%
  lat (msec)   : 2=0.29%, 4=0.45%, 10=0.11%, 20=0.01%
  cpu          : usr=0.52%, sys=6.67%, ctx=7650354, majf=0, minf=6796
  IO depths    : 1=100.0%, 2=0.0%, 4=0.0%, 8=0.0%, 16=0.0%, 32=0.0%, >=64=0.0%
     submit    : 0=0.0%, 4=100.0%, 8=0.0%, 16=0.0%, 32=0.0%, 64=0.0%, >=64=0.0%
     complete  : 0=0.0%, 4=100.0%, 8=0.0%, 16=0.0%, 32=0.0%, 64=0.0%, >=64=0.0%
     issued rwts: total=3983797,0,0,0 short=0,0,0,0 dropped=0,0,0,0
     latency   : target=0, window=0, percentile=100.00%, depth=1

Run status group 0 (all jobs):
   READ: bw=104MiB/s (109MB/s), 104MiB/s-104MiB/s (109MB/s-109MB/s), io=30.4GiB (32.6GB), run=300001-300001msec
