seqr: (g=0): rw=read, bs=(R) 64.0KiB-64.0KiB, (W) 64.0KiB-64.0KiB, (T) 64.0KiB-64.0KiB, ioengine=libaio, iodepth=1
...
fio-3.18
Starting 8 threads

seqr: (groupid=0, jobs=8): err= 0: pid=80972: Fri Feb 21 07:56:27 2020
  read: IOPS=9161, BW=573MiB/s (600MB/s)(168GiB/300001msec)
    slat (usec): min=18, max=867, avg=45.00, stdev=14.31
    clat (usec): min=3, max=243938, avg=826.53, stdev=1627.87
     lat (usec): min=497, max=243983, avg=871.70, stdev=1628.04
    clat percentiles (usec):
     |  1.00th=[  586],  5.00th=[  627], 10.00th=[  660], 20.00th=[  693],
     | 30.00th=[  717], 40.00th=[  742], 50.00th=[  766], 60.00th=[  791],
     | 70.00th=[  824], 80.00th=[  865], 90.00th=[  930], 95.00th=[  996],
     | 99.00th=[ 1237], 99.50th=[ 2835], 99.90th=[ 4686], 99.95th=[ 5604],
     | 99.99th=[93848]
   bw (  KiB/s): min=426624, max=653696, per=100.00%, avg=587191.70, stdev=12234.40, samples=4784
   iops        : min= 6666, max=10214, avg=9174.87, stdev=191.16, samples=4784
  lat (usec)   : 4=0.01%, 10=0.01%, 50=0.01%, 100=0.01%, 250=0.01%
  lat (usec)   : 500=0.01%, 750=43.77%, 1000=51.63%
  lat (msec)   : 2=3.92%, 4=0.46%, 10=0.18%, 20=0.01%, 50=0.02%
  lat (msec)   : 100=0.02%, 250=0.01%
  cpu          : usr=0.38%, sys=4.50%, ctx=4404325, majf=0, minf=21246
  IO depths    : 1=100.0%, 2=0.0%, 4=0.0%, 8=0.0%, 16=0.0%, 32=0.0%, >=64=0.0%
     submit    : 0=0.0%, 4=100.0%, 8=0.0%, 16=0.0%, 32=0.0%, 64=0.0%, >=64=0.0%
     complete  : 0=0.0%, 4=100.0%, 8=0.0%, 16=0.0%, 32=0.0%, 64=0.0%, >=64=0.0%
     issued rwts: total=2748608,0,0,0 short=0,0,0,0 dropped=0,0,0,0
     latency   : target=0, window=0, percentile=100.00%, depth=1

Run status group 0 (all jobs):
   READ: bw=573MiB/s (600MB/s), 573MiB/s-573MiB/s (600MB/s-600MB/s), io=168GiB (180GB), run=300001-300001msec
