seqr: (g=0): rw=read, bs=(R) 64.0KiB-64.0KiB, (W) 64.0KiB-64.0KiB, (T) 64.0KiB-64.0KiB, ioengine=libaio, iodepth=1
...
fio-3.18
Starting 128 threads
seqr: Laying out IO file (1 file / 2048MiB)
seqr: Laying out IO file (1 file / 2048MiB)
seqr: Laying out IO file (1 file / 2048MiB)
seqr: Laying out IO file (1 file / 2048MiB)
seqr: Laying out IO file (1 file / 2048MiB)
seqr: Laying out IO file (1 file / 2048MiB)
seqr: Laying out IO file (1 file / 2048MiB)
seqr: Laying out IO file (1 file / 2048MiB)
seqr: Laying out IO file (1 file / 2048MiB)
seqr: Laying out IO file (1 file / 2048MiB)
seqr: Laying out IO file (1 file / 2048MiB)
seqr: Laying out IO file (1 file / 2048MiB)
seqr: Laying out IO file (1 file / 2048MiB)
seqr: Laying out IO file (1 file / 2048MiB)
seqr: Laying out IO file (1 file / 2048MiB)
seqr: Laying out IO file (1 file / 2048MiB)
seqr: Laying out IO file (1 file / 2048MiB)
seqr: Laying out IO file (1 file / 2048MiB)
seqr: Laying out IO file (1 file / 2048MiB)
seqr: Laying out IO file (1 file / 2048MiB)
seqr: Laying out IO file (1 file / 2048MiB)
seqr: Laying out IO file (1 file / 2048MiB)
seqr: Laying out IO file (1 file / 2048MiB)
seqr: Laying out IO file (1 file / 2048MiB)
seqr: Laying out IO file (1 file / 2048MiB)
seqr: Laying out IO file (1 file / 2048MiB)
seqr: Laying out IO file (1 file / 2048MiB)
seqr: Laying out IO file (1 file / 2048MiB)
seqr: Laying out IO file (1 file / 2048MiB)
seqr: Laying out IO file (1 file / 2048MiB)
seqr: Laying out IO file (1 file / 2048MiB)
seqr: Laying out IO file (1 file / 2048MiB)
seqr: Laying out IO file (1 file / 2048MiB)
seqr: Laying out IO file (1 file / 2048MiB)
seqr: Laying out IO file (1 file / 2048MiB)
seqr: Laying out IO file (1 file / 2048MiB)
seqr: Laying out IO file (1 file / 2048MiB)
seqr: Laying out IO file (1 file / 2048MiB)
seqr: Laying out IO file (1 file / 2048MiB)
seqr: Laying out IO file (1 file / 2048MiB)
seqr: Laying out IO file (1 file / 2048MiB)
seqr: Laying out IO file (1 file / 2048MiB)
seqr: Laying out IO file (1 file / 2048MiB)
seqr: Laying out IO file (1 file / 2048MiB)
seqr: Laying out IO file (1 file / 2048MiB)
seqr: Laying out IO file (1 file / 2048MiB)
seqr: Laying out IO file (1 file / 2048MiB)
seqr: Laying out IO file (1 file / 2048MiB)
seqr: Laying out IO file (1 file / 2048MiB)
seqr: Laying out IO file (1 file / 2048MiB)
seqr: Laying out IO file (1 file / 2048MiB)
seqr: Laying out IO file (1 file / 2048MiB)
seqr: Laying out IO file (1 file / 2048MiB)
seqr: Laying out IO file (1 file / 2048MiB)
seqr: Laying out IO file (1 file / 2048MiB)
seqr: Laying out IO file (1 file / 2048MiB)
seqr: Laying out IO file (1 file / 2048MiB)
seqr: Laying out IO file (1 file / 2048MiB)
seqr: Laying out IO file (1 file / 2048MiB)
seqr: Laying out IO file (1 file / 2048MiB)
seqr: Laying out IO file (1 file / 2048MiB)
seqr: Laying out IO file (1 file / 2048MiB)
seqr: Laying out IO file (1 file / 2048MiB)
seqr: Laying out IO file (1 file / 2048MiB)
seqr: Laying out IO file (1 file / 2048MiB)
seqr: Laying out IO file (1 file / 2048MiB)
seqr: Laying out IO file (1 file / 2048MiB)
seqr: Laying out IO file (1 file / 2048MiB)
seqr: Laying out IO file (1 file / 2048MiB)
seqr: Laying out IO file (1 file / 2048MiB)
seqr: Laying out IO file (1 file / 2048MiB)
seqr: Laying out IO file (1 file / 2048MiB)
seqr: Laying out IO file (1 file / 2048MiB)
seqr: Laying out IO file (1 file / 2048MiB)
seqr: Laying out IO file (1 file / 2048MiB)
seqr: Laying out IO file (1 file / 2048MiB)
seqr: Laying out IO file (1 file / 2048MiB)
seqr: Laying out IO file (1 file / 2048MiB)
seqr: Laying out IO file (1 file / 2048MiB)
seqr: Laying out IO file (1 file / 2048MiB)
seqr: Laying out IO file (1 file / 2048MiB)
seqr: Laying out IO file (1 file / 2048MiB)
seqr: Laying out IO file (1 file / 2048MiB)
seqr: Laying out IO file (1 file / 2048MiB)
seqr: Laying out IO file (1 file / 2048MiB)
seqr: Laying out IO file (1 file / 2048MiB)
seqr: Laying out IO file (1 file / 2048MiB)
seqr: Laying out IO file (1 file / 2048MiB)
seqr: Laying out IO file (1 file / 2048MiB)
seqr: Laying out IO file (1 file / 2048MiB)
seqr: Laying out IO file (1 file / 2048MiB)
seqr: Laying out IO file (1 file / 2048MiB)
seqr: Laying out IO file (1 file / 2048MiB)
seqr: Laying out IO file (1 file / 2048MiB)
seqr: Laying out IO file (1 file / 2048MiB)
seqr: Laying out IO file (1 file / 2048MiB)
seqr: Laying out IO file (1 file / 2048MiB)
seqr: Laying out IO file (1 file / 2048MiB)
seqr: Laying out IO file (1 file / 2048MiB)
seqr: Laying out IO file (1 file / 2048MiB)
seqr: Laying out IO file (1 file / 2048MiB)
seqr: Laying out IO file (1 file / 2048MiB)
seqr: Laying out IO file (1 file / 2048MiB)
seqr: Laying out IO file (1 file / 2048MiB)
seqr: Laying out IO file (1 file / 2048MiB)
seqr: Laying out IO file (1 file / 2048MiB)
seqr: Laying out IO file (1 file / 2048MiB)
seqr: Laying out IO file (1 file / 2048MiB)
seqr: Laying out IO file (1 file / 2048MiB)
seqr: Laying out IO file (1 file / 2048MiB)
seqr: Laying out IO file (1 file / 2048MiB)
seqr: Laying out IO file (1 file / 2048MiB)
seqr: Laying out IO file (1 file / 2048MiB)
seqr: Laying out IO file (1 file / 2048MiB)
seqr: Laying out IO file (1 file / 2048MiB)
seqr: Laying out IO file (1 file / 2048MiB)
seqr: Laying out IO file (1 file / 2048MiB)
seqr: Laying out IO file (1 file / 2048MiB)
seqr: Laying out IO file (1 file / 2048MiB)
seqr: Laying out IO file (1 file / 2048MiB)
seqr: Laying out IO file (1 file / 2048MiB)
seqr: Laying out IO file (1 file / 2048MiB)
seqr: Laying out IO file (1 file / 2048MiB)
seqr: Laying out IO file (1 file / 2048MiB)
seqr: Laying out IO file (1 file / 2048MiB)
seqr: Laying out IO file (1 file / 2048MiB)
seqr: Laying out IO file (1 file / 2048MiB)
seqr: Laying out IO file (1 file / 2048MiB)

seqr: (groupid=0, jobs=128): err= 0: pid=70017: Fri Feb 21 05:14:40 2020
  read: IOPS=6673, BW=417MiB/s (437MB/s)(122GiB/300160msec)
    slat (usec): min=20, max=2360, avg=46.20, stdev=16.16
    clat (nsec): min=1453, max=3364.0M, avg=19125287.21, stdev=50450464.01
     lat (usec): min=617, max=3364.1k, avg=19171.66, stdev=50451.56
    clat percentiles (usec):
     |  1.00th=[    799],  5.00th=[    873], 10.00th=[    922],
     | 20.00th=[   1012], 30.00th=[   1172], 40.00th=[   3785],
     | 50.00th=[   7898], 60.00th=[   8979], 70.00th=[  13042],
     | 80.00th=[  20317], 90.00th=[  44303], 95.00th=[  79168],
     | 99.00th=[ 202376], 99.50th=[ 291505], 99.90th=[ 616563],
     | 99.95th=[ 809501], 99.99th=[1417675]
   bw (  KiB/s): min=16361, max=1832448, per=100.00%, avg=438386.95, stdev=2392.35, samples=74723
   iops        : min=  250, max=28632, avg=6849.50, stdev=37.38, samples=74723
  lat (usec)   : 2=0.01%, 4=0.01%, 10=0.01%, 20=0.01%, 500=0.01%
  lat (usec)   : 750=0.22%, 1000=18.24%
  lat (msec)   : 2=18.26%, 4=3.70%, 10=22.92%, 20=16.44%, 50=11.21%
  lat (msec)   : 100=5.43%, 250=2.89%, 500=0.51%, 750=0.10%, 1000=0.04%
  lat (msec)   : 2000=0.02%, >=2000=0.01%
  cpu          : usr=0.02%, sys=0.22%, ctx=2911280, majf=0, minf=100409
  IO depths    : 1=100.0%, 2=0.0%, 4=0.0%, 8=0.0%, 16=0.0%, 32=0.0%, >=64=0.0%
     submit    : 0=0.0%, 4=100.0%, 8=0.0%, 16=0.0%, 32=0.0%, 64=0.0%, >=64=0.0%
     complete  : 0=0.0%, 4=100.0%, 8=0.0%, 16=0.0%, 32=0.0%, 64=0.0%, >=64=0.0%
     issued rwts: total=2002993,0,0,0 short=0,0,0,0 dropped=0,0,0,0
     latency   : target=0, window=0, percentile=100.00%, depth=1

Run status group 0 (all jobs):
   READ: bw=417MiB/s (437MB/s), 417MiB/s-417MiB/s (437MB/s-437MB/s), io=122GiB (131GB), run=300160-300160msec
