seqr: (g=0): rw=read, bs=(R) 64.0KiB-64.0KiB, (W) 64.0KiB-64.0KiB, (T) 64.0KiB-64.0KiB, ioengine=libaio, iodepth=1
fio-3.18
Starting 1 thread

seqr: (groupid=0, jobs=1): err= 0: pid=72596: Fri Feb 21 05:53:18 2020
  read: IOPS=1059, BW=66.2MiB/s (69.4MB/s)(19.4GiB/300001msec)
    slat (usec): min=21, max=219, avg=41.61, stdev= 4.39
    clat (usec): min=456, max=224156, avg=900.99, stdev=2957.85
     lat (usec): min=503, max=224205, avg=942.78, stdev=2957.95
    clat percentiles (usec):
     |  1.00th=[   570],  5.00th=[   611], 10.00th=[   627], 20.00th=[   660],
     | 30.00th=[   685], 40.00th=[   701], 50.00th=[   725], 60.00th=[   750],
     | 70.00th=[   783], 80.00th=[   824], 90.00th=[   898], 95.00th=[  1004],
     | 99.00th=[  1532], 99.50th=[  3982], 99.90th=[ 50070], 99.95th=[ 68682],
     | 99.99th=[119014]
   bw (  KiB/s): min= 4224, max=82944, per=100.00%, avg=67855.36, stdev=22674.45, samples=599
   iops        : min=   66, max= 1296, avg=1060.24, stdev=354.29, samples=599
  lat (usec)   : 500=0.02%, 750=59.95%, 1000=34.90%
  lat (msec)   : 2=4.25%, 4=0.39%, 10=0.17%, 20=0.07%, 50=0.15%
  lat (msec)   : 100=0.08%, 250=0.02%
  cpu          : usr=0.45%, sys=3.32%, ctx=633792, majf=0, minf=169
  IO depths    : 1=100.0%, 2=0.0%, 4=0.0%, 8=0.0%, 16=0.0%, 32=0.0%, >=64=0.0%
     submit    : 0=0.0%, 4=100.0%, 8=0.0%, 16=0.0%, 32=0.0%, 64=0.0%, >=64=0.0%
     complete  : 0=0.0%, 4=100.0%, 8=0.0%, 16=0.0%, 32=0.0%, 64=0.0%, >=64=0.0%
     issued rwts: total=317800,0,0,0 short=0,0,0,0 dropped=0,0,0,0
     latency   : target=0, window=0, percentile=100.00%, depth=1

Run status group 0 (all jobs):
   READ: bw=66.2MiB/s (69.4MB/s), 66.2MiB/s-66.2MiB/s (69.4MB/s-69.4MB/s), io=19.4GiB (20.8GB), run=300001-300001msec
