seqr: (g=0): rw=read, bs=(R) 64.0KiB-64.0KiB, (W) 64.0KiB-64.0KiB, (T) 64.0KiB-64.0KiB, ioengine=libaio, iodepth=1
...
fio-3.18
Starting 2 threads

seqr: (groupid=0, jobs=2): err= 0: pid=72299: Fri Feb 21 05:47:47 2020
  read: IOPS=2222, BW=139MiB/s (146MB/s)(40.7GiB/300001msec)
    slat (usec): min=18, max=404, avg=43.52, stdev= 6.95
    clat (usec): min=391, max=221010, avg=854.93, stdev=2418.84
     lat (usec): min=490, max=221056, avg=898.60, stdev=2418.87
    clat percentiles (usec):
     |  1.00th=[   570],  5.00th=[   611], 10.00th=[   635], 20.00th=[   660],
     | 30.00th=[   685], 40.00th=[   709], 50.00th=[   734], 60.00th=[   758],
     | 70.00th=[   791], 80.00th=[   832], 90.00th=[   906], 95.00th=[   996],
     | 99.00th=[  1319], 99.50th=[  3130], 99.90th=[ 35390], 99.95th=[ 58459],
     | 99.99th=[108528]
   bw (  KiB/s): min= 8576, max=164480, per=100.00%, avg=142394.75, stdev=19793.14, samples=1198
   iops        : min=  134, max= 2570, avg=2224.91, stdev=309.27, samples=1198
  lat (usec)   : 500=0.02%, 750=57.21%, 1000=37.88%
  lat (msec)   : 2=4.14%, 4=0.38%, 10=0.18%, 20=0.04%, 50=0.08%
  lat (msec)   : 100=0.05%, 250=0.01%
  cpu          : usr=0.37%, sys=3.75%, ctx=1301483, majf=0, minf=1012
  IO depths    : 1=100.0%, 2=0.0%, 4=0.0%, 8=0.0%, 16=0.0%, 32=0.0%, >=64=0.0%
     submit    : 0=0.0%, 4=100.0%, 8=0.0%, 16=0.0%, 32=0.0%, 64=0.0%, >=64=0.0%
     complete  : 0=0.0%, 4=100.0%, 8=0.0%, 16=0.0%, 32=0.0%, 64=0.0%, >=64=0.0%
     issued rwts: total=666820,0,0,0 short=0,0,0,0 dropped=0,0,0,0
     latency   : target=0, window=0, percentile=100.00%, depth=1

Run status group 0 (all jobs):
   READ: bw=139MiB/s (146MB/s), 139MiB/s-139MiB/s (146MB/s-146MB/s), io=40.7GiB (43.7GB), run=300001-300001msec
