seqr: (g=0): rw=read, bs=(R) 64.0KiB-64.0KiB, (W) 64.0KiB-64.0KiB, (T) 64.0KiB-64.0KiB, ioengine=libaio, iodepth=1
...
fio-3.18
Starting 32 threads

seqr: (groupid=0, jobs=32): err= 0: pid=70906: Fri Feb 21 05:25:43 2020
  read: IOPS=8805, BW=550MiB/s (577MB/s)(161GiB/300063msec)
    slat (usec): min=19, max=1981, avg=52.72, stdev=19.51
    clat (usec): min=2, max=1091.0k, avg=3579.02, stdev=14285.96
     lat (usec): min=522, max=1091.1k, avg=3631.93, stdev=14286.10
    clat percentiles (usec):
     |  1.00th=[   660],  5.00th=[   734], 10.00th=[   775], 20.00th=[   840],
     | 30.00th=[   889], 40.00th=[   938], 50.00th=[  1004], 60.00th=[  1074],
     | 70.00th=[  1205], 80.00th=[  1532], 90.00th=[  7963], 95.00th=[ 11994],
     | 99.00th=[ 49546], 99.50th=[ 82314], 99.90th=[189793], 99.95th=[254804],
     | 99.99th=[459277]
   bw (  KiB/s): min= 4096, max=1937280, per=100.00%, avg=566359.96, stdev=13495.52, samples=19079
   iops        : min=   64, max=30270, avg=8849.34, stdev=210.87, samples=19079
  lat (usec)   : 4=0.01%, 10=0.01%, 100=0.01%, 500=0.01%, 750=6.80%
  lat (usec)   : 1000=43.08%
  lat (msec)   : 2=33.25%, 4=2.31%, 10=8.18%, 20=3.82%, 50=1.59%
  lat (msec)   : 100=0.61%, 250=0.31%, 500=0.05%, 750=0.01%, 1000=0.01%
  lat (msec)   : 2000=0.01%
  cpu          : usr=0.09%, sys=1.21%, ctx=4661310, majf=0, minf=17880
  IO depths    : 1=100.0%, 2=0.0%, 4=0.0%, 8=0.0%, 16=0.0%, 32=0.0%, >=64=0.0%
     submit    : 0=0.0%, 4=100.0%, 8=0.0%, 16=0.0%, 32=0.0%, 64=0.0%, >=64=0.0%
     complete  : 0=0.0%, 4=100.0%, 8=0.0%, 16=0.0%, 32=0.0%, 64=0.0%, >=64=0.0%
     issued rwts: total=2642249,0,0,0 short=0,0,0,0 dropped=0,0,0,0
     latency   : target=0, window=0, percentile=100.00%, depth=1

Run status group 0 (all jobs):
   READ: bw=550MiB/s (577MB/s), 550MiB/s-550MiB/s (577MB/s-577MB/s), io=161GiB (173GB), run=300063-300063msec
