seqr: (g=0): rw=read, bs=(R) 64.0KiB-64.0KiB, (W) 64.0KiB-64.0KiB, (T) 64.0KiB-64.0KiB, ioengine=libaio, iodepth=1
...
fio-3.18
Starting 16 threads

seqr: (groupid=0, jobs=16): err= 0: pid=80573: Fri Feb 21 07:50:56 2020
  read: IOPS=15.5k, BW=969MiB/s (1016MB/s)(284GiB/300002msec)
    slat (usec): min=19, max=1754, avg=52.67, stdev=19.10
    clat (usec): min=2, max=278884, avg=977.68, stdev=2112.09
     lat (usec): min=522, max=278949, avg=1030.53, stdev=2112.36
    clat percentiles (usec):
     |  1.00th=[  644],  5.00th=[  701], 10.00th=[  734], 20.00th=[  775],
     | 30.00th=[  807], 40.00th=[  840], 50.00th=[  873], 60.00th=[  906],
     | 70.00th=[  947], 80.00th=[  996], 90.00th=[ 1074], 95.00th=[ 1156],
     | 99.00th=[ 2008], 99.50th=[ 3687], 99.90th=[26870], 99.95th=[50594],
     | 99.99th=[96994]
   bw (  KiB/s): min=571904, max=1174400, per=100.00%, avg=993254.93, stdev=14162.63, samples=9568
   iops        : min= 8936, max=18350, avg=15519.60, stdev=221.29, samples=9568
  lat (usec)   : 4=0.01%, 10=0.01%, 20=0.01%, 50=0.01%, 100=0.01%
  lat (usec)   : 250=0.01%, 500=0.01%, 750=13.79%, 1000=67.42%
  lat (msec)   : 2=17.79%, 4=0.58%, 10=0.27%, 20=0.04%, 50=0.07%
  lat (msec)   : 100=0.04%, 250=0.01%, 500=0.01%
  cpu          : usr=0.30%, sys=4.28%, ctx=8143416, majf=0, minf=96355
  IO depths    : 1=100.0%, 2=0.0%, 4=0.0%, 8=0.0%, 16=0.0%, 32=0.0%, >=64=0.0%
     submit    : 0=0.0%, 4=100.0%, 8=0.0%, 16=0.0%, 32=0.0%, 64=0.0%, >=64=0.0%
     complete  : 0=0.0%, 4=100.0%, 8=0.0%, 16=0.0%, 32=0.0%, 64=0.0%, >=64=0.0%
     issued rwts: total=4650807,0,0,0 short=0,0,0,0 dropped=0,0,0,0
     latency   : target=0, window=0, percentile=100.00%, depth=1

Run status group 0 (all jobs):
   READ: bw=969MiB/s (1016MB/s), 969MiB/s-969MiB/s (1016MB/s-1016MB/s), io=284GiB (305GB), run=300002-300002msec
