seqr: (g=0): rw=read, bs=(R) 64.0KiB-64.0KiB, (W) 64.0KiB-64.0KiB, (T) 64.0KiB-64.0KiB, ioengine=libaio, iodepth=1
...
fio-3.18
Starting 128 threads

seqr: (groupid=0, jobs=128): err= 0: pid=79327: Fri Feb 21 07:34:22 2020
  read: IOPS=17.9k, BW=1116MiB/s (1171MB/s)(327GiB/300073msec)
    slat (usec): min=22, max=7108, avg=65.02, stdev=27.45
    clat (usec): min=9, max=339266, avg=7097.01, stdev=3718.75
     lat (usec): min=533, max=339333, avg=7162.24, stdev=3718.98
    clat percentiles (msec):
     |  1.00th=[    6],  5.00th=[    6], 10.00th=[    6], 20.00th=[    7],
     | 30.00th=[    7], 40.00th=[    7], 50.00th=[    7], 60.00th=[    7],
     | 70.00th=[    7], 80.00th=[    7], 90.00th=[    9], 95.00th=[   11],
     | 99.00th=[   13], 99.50th=[   13], 99.90th=[   66], 99.95th=[   89],
     | 99.99th=[  140]
   bw (  MiB/s): min=  651, max= 1410, per=100.00%, avg=1118.34, stdev= 1.08, samples=76544
   iops        : min=10429, max=22574, avg=17892.84, stdev=17.35, samples=76544
  lat (usec)   : 10=0.01%, 500=0.01%, 750=0.01%, 1000=0.01%
  lat (msec)   : 2=0.01%, 4=0.01%, 10=95.01%, 20=4.62%, 50=0.19%
  lat (msec)   : 100=0.13%, 250=0.03%, 500=0.01%
  cpu          : usr=0.05%, sys=0.73%, ctx=10420625, majf=0, minf=117585
  IO depths    : 1=100.0%, 2=0.0%, 4=0.0%, 8=0.0%, 16=0.0%, 32=0.0%, >=64=0.0%
     submit    : 0=0.0%, 4=100.0%, 8=0.0%, 16=0.0%, 32=0.0%, 64=0.0%, >=64=0.0%
     complete  : 0=0.0%, 4=100.0%, 8=0.0%, 16=0.0%, 32=0.0%, 64=0.0%, >=64=0.0%
     issued rwts: total=5360141,0,0,0 short=0,0,0,0 dropped=0,0,0,0
     latency   : target=0, window=0, percentile=100.00%, depth=1

Run status group 0 (all jobs):
   READ: bw=1116MiB/s (1171MB/s), 1116MiB/s-1116MiB/s (1171MB/s-1171MB/s), io=327GiB (351GB), run=300073-300073msec
