seqr: (g=0): rw=read, bs=(R) 64.0KiB-64.0KiB, (W) 64.0KiB-64.0KiB, (T) 64.0KiB-64.0KiB, ioengine=libaio, iodepth=1
...
fio-3.18
Starting 4 threads

seqr: (groupid=0, jobs=4): err= 0: pid=71929: Fri Feb 21 05:42:16 2020
  read: IOPS=3927, BW=245MiB/s (257MB/s)(71.9GiB/300001msec)
    slat (usec): min=19, max=654, avg=43.37, stdev=11.03
    clat (usec): min=109, max=229702, avg=973.23, stdev=3310.82
     lat (usec): min=497, max=229737, avg=1016.94, stdev=3310.92
    clat percentiles (usec):
     |  1.00th=[   578],  5.00th=[   627], 10.00th=[   652], 20.00th=[   685],
     | 30.00th=[   709], 40.00th=[   734], 50.00th=[   758], 60.00th=[   791],
     | 70.00th=[   832], 80.00th=[   881], 90.00th=[   963], 95.00th=[  1045],
     | 99.00th=[  2245], 99.50th=[  4686], 99.90th=[ 57410], 99.95th=[ 77071],
     | 99.99th=[122160]
   bw (  KiB/s): min=13440, max=318464, per=100.00%, avg=251590.36, stdev=22618.85, samples=2396
   iops        : min=  210, max= 4976, avg=3931.10, stdev=353.42, samples=2396
  lat (usec)   : 250=0.01%, 500=0.01%, 750=46.28%, 1000=46.34%
  lat (msec)   : 2=6.33%, 4=0.43%, 10=0.23%, 20=0.09%, 50=0.17%
  lat (msec)   : 100=0.11%, 250=0.02%
  cpu          : usr=0.37%, sys=3.60%, ctx=1985591, majf=0, minf=4907
  IO depths    : 1=100.0%, 2=0.0%, 4=0.0%, 8=0.0%, 16=0.0%, 32=0.0%, >=64=0.0%
     submit    : 0=0.0%, 4=100.0%, 8=0.0%, 16=0.0%, 32=0.0%, 64=0.0%, >=64=0.0%
     complete  : 0=0.0%, 4=100.0%, 8=0.0%, 16=0.0%, 32=0.0%, 64=0.0%, >=64=0.0%
     issued rwts: total=1178222,0,0,0 short=0,0,0,0 dropped=0,0,0,0
     latency   : target=0, window=0, percentile=100.00%, depth=1

Run status group 0 (all jobs):
   READ: bw=245MiB/s (257MB/s), 245MiB/s-245MiB/s (257MB/s-257MB/s), io=71.9GiB (77.2GB), run=300001-300001msec
