seqr: (g=0): rw=read, bs=(R) 64.0KiB-64.0KiB, (W) 64.0KiB-64.0KiB, (T) 64.0KiB-64.0KiB, ioengine=libaio, iodepth=1
...
fio-3.18
Starting 64 threads

seqr: (groupid=0, jobs=64): err= 0: pid=79808: Fri Feb 21 07:39:53 2020
  read: IOPS=17.9k, BW=1116MiB/s (1171MB/s)(327GiB/300005msec)
    slat (usec): min=21, max=3134, avg=62.12, stdev=23.35
    clat (usec): min=2, max=300716, avg=3518.45, stdev=4676.17
     lat (usec): min=506, max=300786, avg=3580.79, stdev=4676.52
    clat percentiles (msec):
     |  1.00th=[    3],  5.00th=[    3], 10.00th=[    3], 20.00th=[    3],
     | 30.00th=[    3], 40.00th=[    4], 50.00th=[    4], 60.00th=[    4],
     | 70.00th=[    4], 80.00th=[    4], 90.00th=[    4], 95.00th=[    4],
     | 99.00th=[    7], 99.50th=[   24], 99.90th=[   82], 99.95th=[  104],
     | 99.99th=[  150]
   bw (  MiB/s): min=  417, max= 1565, per=100.00%, avg=1117.54, stdev= 4.60, samples=38280
   iops        : min= 6686, max=25038, avg=17880.55, stdev=73.52, samples=38280
  lat (usec)   : 4=0.01%, 250=0.01%, 500=0.01%, 750=0.02%, 1000=0.01%
  lat (msec)   : 2=0.03%, 4=95.15%, 10=4.10%, 20=0.15%, 50=0.28%
  lat (msec)   : 100=0.20%, 250=0.06%, 500=0.01%
  cpu          : usr=0.09%, sys=1.38%, ctx=10449097, majf=0, minf=34376
  IO depths    : 1=100.0%, 2=0.0%, 4=0.0%, 8=0.0%, 16=0.0%, 32=0.0%, >=64=0.0%
     submit    : 0=0.0%, 4=100.0%, 8=0.0%, 16=0.0%, 32=0.0%, 64=0.0%, >=64=0.0%
     complete  : 0=0.0%, 4=100.0%, 8=0.0%, 16=0.0%, 32=0.0%, 64=0.0%, >=64=0.0%
     issued rwts: total=5359199,0,0,0 short=0,0,0,0 dropped=0,0,0,0
     latency   : target=0, window=0, percentile=100.00%, depth=1

Run status group 0 (all jobs):
   READ: bw=1116MiB/s (1171MB/s), 1116MiB/s-1116MiB/s (1171MB/s-1171MB/s), io=327GiB (351GB), run=300005-300005msec
