seqr: (g=0): rw=read, bs=(R) 64.0KiB-64.0KiB, (W) 64.0KiB-64.0KiB, (T) 64.0KiB-64.0KiB, ioengine=libaio, iodepth=1
...
fio-3.18
Starting 16 threads

seqr: (groupid=0, jobs=16): err= 0: pid=71257: Fri Feb 21 05:31:14 2020
  read: IOPS=15.7k, BW=980MiB/s (1028MB/s)(287GiB/300002msec)
    slat (usec): min=19, max=1563, avg=53.98, stdev=18.47
    clat (usec): min=2, max=52936, avg=964.47, stdev=502.23
     lat (usec): min=554, max=52985, avg=1018.61, stdev=502.81
    clat percentiles (usec):
     |  1.00th=[  668],  5.00th=[  725], 10.00th=[  758], 20.00th=[  799],
     | 30.00th=[  840], 40.00th=[  873], 50.00th=[  906], 60.00th=[  947],
     | 70.00th=[  988], 80.00th=[ 1045], 90.00th=[ 1139], 95.00th=[ 1221],
     | 99.00th=[ 2245], 99.50th=[ 3916], 99.90th=[ 7308], 99.95th=[10028],
     | 99.99th=[17171]
   bw (  KiB/s): min=570624, max=1068544, per=100.00%, avg=1004964.94, stdev=3377.26, samples=9568
   iops        : min= 8916, max=16696, avg=15702.57, stdev=52.77, samples=9568
  lat (usec)   : 4=0.01%, 10=0.01%, 20=0.01%, 50=0.01%, 100=0.01%
  lat (usec)   : 250=0.01%, 500=0.01%, 750=8.73%, 1000=64.00%
  lat (msec)   : 2=26.18%, 4=0.60%, 10=0.43%, 20=0.04%, 50=0.01%
  lat (msec)   : 100=0.01%
  cpu          : usr=0.30%, sys=4.45%, ctx=8394736, majf=0, minf=42602
  IO depths    : 1=100.0%, 2=0.0%, 4=0.0%, 8=0.0%, 16=0.0%, 32=0.0%, >=64=0.0%
     submit    : 0=0.0%, 4=100.0%, 8=0.0%, 16=0.0%, 32=0.0%, 64=0.0%, >=64=0.0%
     complete  : 0=0.0%, 4=100.0%, 8=0.0%, 16=0.0%, 32=0.0%, 64=0.0%, >=64=0.0%
     issued rwts: total=4705174,0,0,0 short=0,0,0,0 dropped=0,0,0,0
     latency   : target=0, window=0, percentile=100.00%, depth=1

Run status group 0 (all jobs):
   READ: bw=980MiB/s (1028MB/s), 980MiB/s-980MiB/s (1028MB/s-1028MB/s), io=287GiB (308GB), run=300002-300002msec
