seqr: (g=0): rw=read, bs=(R) 64.0KiB-64.0KiB, (W) 64.0KiB-64.0KiB, (T) 64.0KiB-64.0KiB, ioengine=libaio, iodepth=1
...
fio-3.18
Starting 32 threads

seqr: (groupid=0, jobs=32): err= 0: pid=80221: Fri Feb 21 07:45:24 2020
  read: IOPS=17.9k, BW=1117MiB/s (1171MB/s)(327GiB/300003msec)
    slat (usec): min=21, max=1948, avg=60.24, stdev=22.34
    clat (usec): min=3, max=263084, avg=1728.73, stdev=2041.00
     lat (usec): min=641, max=263137, avg=1789.17, stdev=2041.27
    clat percentiles (usec):
     |  1.00th=[  988],  5.00th=[ 1139], 10.00th=[ 1221], 20.00th=[ 1319],
     | 30.00th=[ 1401], 40.00th=[ 1516], 50.00th=[ 1663], 60.00th=[ 1778],
     | 70.00th=[ 1860], 80.00th=[ 1958], 90.00th=[ 2073], 95.00th=[ 2245],
     | 99.00th=[ 3326], 99.50th=[ 4621], 99.90th=[19530], 99.95th=[47449],
     | 99.99th=[99091]
   bw (  MiB/s): min=  752, max= 1489, per=100.00%, avg=1117.92, stdev= 5.88, samples=19136
   iops        : min=12042, max=23834, avg=17886.66, stdev=94.10, samples=19136
  lat (usec)   : 4=0.01%, 10=0.01%, 20=0.01%, 100=0.01%, 250=0.01%
  lat (usec)   : 500=0.01%, 750=0.01%, 1000=1.13%
  lat (msec)   : 2=83.56%, 4=14.57%, 10=0.60%, 20=0.03%, 50=0.05%
  lat (msec)   : 100=0.04%, 250=0.01%, 500=0.01%
  cpu          : usr=0.20%, sys=2.72%, ctx=10142436, majf=0, minf=15478
  IO depths    : 1=100.0%, 2=0.0%, 4=0.0%, 8=0.0%, 16=0.0%, 32=0.0%, >=64=0.0%
     submit    : 0=0.0%, 4=100.0%, 8=0.0%, 16=0.0%, 32=0.0%, 64=0.0%, >=64=0.0%
     complete  : 0=0.0%, 4=100.0%, 8=0.0%, 16=0.0%, 32=0.0%, 64=0.0%, >=64=0.0%
     issued rwts: total=5359434,0,0,0 short=0,0,0,0 dropped=0,0,0,0
     latency   : target=0, window=0, percentile=100.00%, depth=1

Run status group 0 (all jobs):
   READ: bw=1117MiB/s (1171MB/s), 1117MiB/s-1117MiB/s (1171MB/s-1171MB/s), io=327GiB (351GB), run=300003-300003msec
