seqr: (g=0): rw=read, bs=(R) 64.0KiB-64.0KiB, (W) 64.0KiB-64.0KiB, (T) 64.0KiB-64.0KiB, ioengine=libaio, iodepth=1
fio-3.18
Starting 1 thread

seqr: (groupid=0, jobs=1): err= 0: pid=82125: Fri Feb 21 08:13:00 2020
  read: IOPS=1304, BW=81.6MiB/s (85.5MB/s)(23.9GiB/300001msec)
    slat (usec): min=20, max=203, avg=39.03, stdev= 3.73
    clat (usec): min=455, max=7433, avg=726.14, stdev=198.20
     lat (usec): min=497, max=7473, avg=765.31, stdev=198.18
    clat percentiles (usec):
     |  1.00th=[  578],  5.00th=[  611], 10.00th=[  627], 20.00th=[  660],
     | 30.00th=[  676], 40.00th=[  693], 50.00th=[  709], 60.00th=[  725],
     | 70.00th=[  742], 80.00th=[  766], 90.00th=[  807], 95.00th=[  848],
     | 99.00th=[  963], 99.50th=[ 1582], 99.90th=[ 4047], 99.95th=[ 4359],
     | 99.99th=[ 4621]
   bw (  KiB/s): min=79104, max=88960, per=100.00%, avg=83600.78, stdev=1601.51, samples=599
   iops        : min= 1236, max= 1390, avg=1306.26, stdev=25.02, samples=599
  lat (usec)   : 500=0.01%, 750=73.00%, 1000=26.17%
  lat (msec)   : 2=0.40%, 4=0.32%, 10=0.11%
  cpu          : usr=0.45%, sys=3.86%, ctx=781117, majf=0, minf=241
  IO depths    : 1=100.0%, 2=0.0%, 4=0.0%, 8=0.0%, 16=0.0%, 32=0.0%, >=64=0.0%
     submit    : 0=0.0%, 4=100.0%, 8=0.0%, 16=0.0%, 32=0.0%, 64=0.0%, >=64=0.0%
     complete  : 0=0.0%, 4=100.0%, 8=0.0%, 16=0.0%, 32=0.0%, 64=0.0%, >=64=0.0%
     issued rwts: total=391480,0,0,0 short=0,0,0,0 dropped=0,0,0,0
     latency   : target=0, window=0, percentile=100.00%, depth=1

Run status group 0 (all jobs):
   READ: bw=81.6MiB/s (85.5MB/s), 81.6MiB/s-81.6MiB/s (85.5MB/s-85.5MB/s), io=23.9GiB (25.7GB), run=300001-300001msec
