seqw: (g=0): rw=write, bs=(R) 64.0KiB-64.0KiB, (W) 64.0KiB-64.0KiB, (T) 64.0KiB-64.0KiB, ioengine=libaio, iodepth=1
...
fio-3.18
Starting 4 threads

seqw: (groupid=0, jobs=4): err= 0: pid=75003: Fri Feb 21 06:26:38 2020
  write: IOPS=1809, BW=113MiB/s (119MB/s)(33.1GiB/300002msec)
    slat (usec): min=21, max=440, avg=61.50, stdev=25.90
    clat (usec): min=700, max=523525, avg=2146.93, stdev=10954.17
     lat (usec): min=820, max=523566, avg=2208.60, stdev=10953.50
    clat percentiles (usec):
     |  1.00th=[   857],  5.00th=[   906], 10.00th=[   930], 20.00th=[   979],
     | 30.00th=[  1012], 40.00th=[  1057], 50.00th=[  1090], 60.00th=[  1156],
     | 70.00th=[  1303], 80.00th=[  1483], 90.00th=[  1795], 95.00th=[  3195],
     | 99.00th=[  5932], 99.50th=[ 69731], 99.90th=[183501], 99.95th=[214959],
     | 99.99th=[295699]
   bw (  KiB/s): min=  640, max=209792, per=100.00%, avg=115908.61, stdev=18131.03, samples=2396
   iops        : min=   10, max= 3278, avg=1811.07, stdev=283.30, samples=2396
  lat (usec)   : 750=0.01%, 1000=25.71%
  lat (msec)   : 2=66.34%, 4=4.67%, 10=2.46%, 20=0.07%, 50=0.15%
  lat (msec)   : 100=0.23%, 250=0.34%, 500=0.02%, 750=0.01%
  cpu          : usr=0.20%, sys=1.76%, ctx=818758, majf=0, minf=3683
  IO depths    : 1=100.0%, 2=0.0%, 4=0.0%, 8=0.0%, 16=0.0%, 32=0.0%, >=64=0.0%
     submit    : 0=0.0%, 4=100.0%, 8=0.0%, 16=0.0%, 32=0.0%, 64=0.0%, >=64=0.0%
     complete  : 0=0.0%, 4=100.0%, 8=0.0%, 16=0.0%, 32=0.0%, 64=0.0%, >=64=0.0%
     issued rwts: total=0,542974,0,0 short=0,0,0,0 dropped=0,0,0,0
     latency   : target=0, window=0, percentile=100.00%, depth=1

Run status group 0 (all jobs):
  WRITE: bw=113MiB/s (119MB/s), 113MiB/s-113MiB/s (119MB/s-119MB/s), io=33.1GiB (35.6GB), run=300002-300002msec
