seqw: (g=0): rw=write, bs=(R) 64.0KiB-64.0KiB, (W) 64.0KiB-64.0KiB, (T) 64.0KiB-64.0KiB, ioengine=libaio, iodepth=1
...
fio-3.18
Starting 2 threads

seqw: (groupid=0, jobs=2): err= 0: pid=75306: Fri Feb 21 06:32:13 2020
  write: IOPS=1510, BW=94.4MiB/s (99.0MB/s)(27.7GiB/300001msec)
    slat (usec): min=26, max=245, avg=35.62, stdev= 5.96
    clat (usec): min=751, max=62642, avg=1286.73, stdev=938.99
     lat (usec): min=803, max=62671, avg=1322.49, stdev=939.28
    clat percentiles (usec):
     |  1.00th=[  865],  5.00th=[  906], 10.00th=[  930], 20.00th=[  971],
     | 30.00th=[ 1004], 40.00th=[ 1037], 50.00th=[ 1074], 60.00th=[ 1123],
     | 70.00th=[ 1221], 80.00th=[ 1401], 90.00th=[ 1680], 95.00th=[ 2180],
     | 99.00th=[ 4621], 99.50th=[ 5080], 99.90th=[ 7439], 99.95th=[11338],
     | 99.99th=[42730]
   bw (  KiB/s): min=72704, max=105984, per=100.00%, avg=96791.98, stdev=2184.33, samples=1198
   iops        : min= 1136, max= 1656, avg=1512.37, stdev=34.13, samples=1198
  lat (usec)   : 1000=28.44%
  lat (msec)   : 2=65.15%, 4=4.73%, 10=1.62%, 20=0.02%, 50=0.03%
  lat (msec)   : 100=0.01%
  cpu          : usr=0.31%, sys=2.75%, ctx=456757, majf=0, minf=354
  IO depths    : 1=100.0%, 2=0.0%, 4=0.0%, 8=0.0%, 16=0.0%, 32=0.0%, >=64=0.0%
     submit    : 0=0.0%, 4=100.0%, 8=0.0%, 16=0.0%, 32=0.0%, 64=0.0%, >=64=0.0%
     complete  : 0=0.0%, 4=100.0%, 8=0.0%, 16=0.0%, 32=0.0%, 64=0.0%, >=64=0.0%
     issued rwts: total=0,453277,0,0 short=0,0,0,0 dropped=0,0,0,0
     latency   : target=0, window=0, percentile=100.00%, depth=1

Run status group 0 (all jobs):
  WRITE: bw=94.4MiB/s (99.0MB/s), 94.4MiB/s-94.4MiB/s (99.0MB/s-99.0MB/s), io=27.7GiB (29.7GB), run=300001-300001msec
