seqw: (g=0): rw=write, bs=(R) 64.0KiB-64.0KiB, (W) 64.0KiB-64.0KiB, (T) 64.0KiB-64.0KiB, ioengine=libaio, iodepth=1
...
fio-3.18
Starting 16 threads

seqw: (groupid=0, jobs=16): err= 0: pid=83660: Fri Feb 21 08:35:13 2020
  write: IOPS=6511, BW=407MiB/s (427MB/s)(119GiB/300002msec)
    slat (usec): min=21, max=1062, avg=86.51, stdev=28.53
    clat (usec): min=276, max=1352.4k, avg=2368.83, stdev=10512.88
     lat (usec): min=829, max=1352.5k, avg=2455.53, stdev=10512.81
    clat percentiles (usec):
     |  1.00th=[   971],  5.00th=[  1074], 10.00th=[  1123], 20.00th=[  1221],
     | 30.00th=[  1303], 40.00th=[  1401], 50.00th=[  1500], 60.00th=[  1614],
     | 70.00th=[  1762], 80.00th=[  2057], 90.00th=[  4228], 95.00th=[  5014],
     | 99.00th=[  7046], 99.50th=[ 14091], 99.90th=[122160], 99.95th=[202376],
     | 99.99th=[530580]
   bw (  KiB/s): min=111232, max=615040, per=100.00%, avg=418912.92, stdev=8412.75, samples=9500
   iops        : min= 1738, max= 9610, avg=6545.50, stdev=131.45, samples=9500
  lat (usec)   : 500=0.01%, 750=0.01%, 1000=1.79%
  lat (msec)   : 2=77.01%, 4=10.08%, 10=10.49%, 20=0.24%, 50=0.17%
  lat (msec)   : 100=0.10%, 250=0.09%, 500=0.02%, 750=0.01%, 1000=0.01%
  lat (msec)   : 2000=0.01%
  cpu          : usr=0.16%, sys=1.94%, ctx=3593428, majf=0, minf=33051
  IO depths    : 1=100.0%, 2=0.0%, 4=0.0%, 8=0.0%, 16=0.0%, 32=0.0%, >=64=0.0%
     submit    : 0=0.0%, 4=100.0%, 8=0.0%, 16=0.0%, 32=0.0%, 64=0.0%, >=64=0.0%
     complete  : 0=0.0%, 4=100.0%, 8=0.0%, 16=0.0%, 32=0.0%, 64=0.0%, >=64=0.0%
     issued rwts: total=0,1953366,0,0 short=0,0,0,0 dropped=0,0,0,0
     latency   : target=0, window=0, percentile=100.00%, depth=1

Run status group 0 (all jobs):
  WRITE: bw=407MiB/s (427MB/s), 407MiB/s-407MiB/s (427MB/s-427MB/s), io=119GiB (128GB), run=300002-300002msec
