seqw: (g=0): rw=write, bs=(R) 64.0KiB-64.0KiB, (W) 64.0KiB-64.0KiB, (T) 64.0KiB-64.0KiB, ioengine=libaio, iodepth=1
...
fio-3.18
Starting 4 threads

seqw: (groupid=0, jobs=4): err= 0: pid=84376: Fri Feb 21 08:46:23 2020
  write: IOPS=2938, BW=184MiB/s (193MB/s)(53.8GiB/300005msec)
    slat (usec): min=23, max=440, avg=70.01, stdev=23.48
    clat (usec): min=577, max=4682.9k, avg=1289.81, stdev=5263.65
     lat (usec): min=797, max=4683.0k, avg=1359.99, stdev=5263.65
    clat percentiles (usec):
     |  1.00th=[  840],  5.00th=[  881], 10.00th=[  906], 20.00th=[  955],
     | 30.00th=[  988], 40.00th=[ 1029], 50.00th=[ 1074], 60.00th=[ 1123],
     | 70.00th=[ 1188], 80.00th=[ 1303], 90.00th=[ 1483], 95.00th=[ 2442],
     | 99.00th=[ 4817], 99.50th=[ 5145], 99.90th=[13042], 99.95th=[32375],
     | 99.99th=[56361]
   bw (  KiB/s): min=96384, max=214144, per=100.00%, avg=189056.68, stdev=3840.67, samples=2386
   iops        : min= 1506, max= 3346, avg=2954.01, stdev=60.01, samples=2386
  lat (usec)   : 750=0.01%, 1000=33.18%
  lat (msec)   : 2=60.92%, 4=3.62%, 10=2.16%, 20=0.05%, 50=0.05%
  lat (msec)   : 100=0.02%, 250=0.01%, 500=0.01%, 750=0.01%, >=2000=0.01%
  cpu          : usr=0.29%, sys=2.85%, ctx=1517304, majf=0, minf=2867
  IO depths    : 1=100.0%, 2=0.0%, 4=0.0%, 8=0.0%, 16=0.0%, 32=0.0%, >=64=0.0%
     submit    : 0=0.0%, 4=100.0%, 8=0.0%, 16=0.0%, 32=0.0%, 64=0.0%, >=64=0.0%
     complete  : 0=0.0%, 4=100.0%, 8=0.0%, 16=0.0%, 32=0.0%, 64=0.0%, >=64=0.0%
     issued rwts: total=0,881424,0,0 short=0,0,0,0 dropped=0,0,0,0
     latency   : target=0, window=0, percentile=100.00%, depth=1

Run status group 0 (all jobs):
  WRITE: bw=184MiB/s (193MB/s), 184MiB/s-184MiB/s (193MB/s-193MB/s), io=53.8GiB (57.8GB), run=300005-300005msec
