seqw: (g=0): rw=write, bs=(R) 64.0KiB-64.0KiB, (W) 64.0KiB-64.0KiB, (T) 64.0KiB-64.0KiB, ioengine=libaio, iodepth=1
...
fio-3.18
Starting 64 threads

seqw: (groupid=0, jobs=64): err= 0: pid=82892: Fri Feb 21 08:24:03 2020
  write: IOPS=11.0k, BW=747MiB/s (783MB/s)(219GiB/300334msec)
    slat (usec): min=24, max=2706, avg=131.60, stdev=80.59
    clat (usec): min=3, max=4890.0k, avg=5215.53, stdev=21016.24
     lat (usec): min=851, max=4891.1k, avg=5347.36, stdev=21017.06
    clat percentiles (usec):
     |  1.00th=[   1303],  5.00th=[   1778], 10.00th=[   2024],
     | 20.00th=[   2376], 30.00th=[   2704], 40.00th=[   3064],
     | 50.00th=[   3523], 60.00th=[   4228], 70.00th=[   5080],
     | 80.00th=[   5866], 90.00th=[   6915], 95.00th=[   8291],
     | 99.00th=[  29230], 99.50th=[  57410], 99.90th=[ 183501],
     | 99.95th=[ 274727], 99.99th=[1002439]
   bw (  KiB/s): min=199936, max=1175391, per=100.00%, avg=768513.08, stdev=3219.89, samples=37322
   iops        : min= 3124, max=18365, avg=12007.97, stdev=50.31, samples=37322
  lat (usec)   : 4=0.01%, 10=0.01%, 50=0.01%, 250=0.01%, 500=0.01%
  lat (usec)   : 750=0.01%, 1000=0.07%
  lat (msec)   : 2=9.30%, 4=47.75%, 10=39.58%, 20=1.90%, 50=0.81%
  lat (msec)   : 100=0.35%, 250=0.17%, 500=0.03%, 750=0.01%, 1000=0.01%
  lat (msec)   : 2000=0.01%, >=2000=0.01%
  cpu          : usr=0.08%, sys=1.55%, ctx=7290248, majf=0, minf=79978
  IO depths    : 1=100.0%, 2=0.0%, 4=0.0%, 8=0.0%, 16=0.0%, 32=0.0%, >=64=0.0%
     submit    : 0=0.0%, 4=100.0%, 8=0.0%, 16=0.0%, 32=0.0%, 64=0.0%, >=64=0.0%
     complete  : 0=0.0%, 4=100.0%, 8=0.0%, 16=0.0%, 32=0.0%, 64=0.0%, >=64=0.0%
     issued rwts: total=0,3589511,0,0 short=0,0,0,0 dropped=0,0,0,0
     latency   : target=0, window=0, percentile=100.00%, depth=1

Run status group 0 (all jobs):
  WRITE: bw=747MiB/s (783MB/s), 747MiB/s-747MiB/s (783MB/s-783MB/s), io=219GiB (235GB), run=300334-300334msec
