seqw: (g=0): rw=write, bs=(R) 64.0KiB-64.0KiB, (W) 64.0KiB-64.0KiB, (T) 64.0KiB-64.0KiB, ioengine=libaio, iodepth=1
...
fio-3.18
Starting 128 threads

seqw: (groupid=0, jobs=128): err= 0: pid=82430: Fri Feb 21 08:18:31 2020
  write: IOPS=13.8k, BW=865MiB/s (908MB/s)(254GiB/300122msec)
    slat (usec): min=26, max=5461, avg=162.07, stdev=137.91
    clat (usec): min=3, max=6236.2k, avg=9075.86, stdev=24787.98
     lat (usec): min=886, max=6236.4k, avg=9238.17, stdev=24788.13
    clat percentiles (usec):
     |  1.00th=[  1680],  5.00th=[  2343], 10.00th=[  2769], 20.00th=[  3458],
     | 30.00th=[  4113], 40.00th=[  4817], 50.00th=[  5604], 60.00th=[  6325],
     | 70.00th=[  7242], 80.00th=[  8586], 90.00th=[ 13698], 95.00th=[ 28181],
     | 99.00th=[ 74974], 99.50th=[100140], 99.90th=[189793], 99.95th=[238027],
     | 99.99th=[501220]
   bw (  KiB/s): min=175610, max=1679104, per=100.00%, avg=897049.60, stdev=2101.15, samples=75648
   iops        : min= 2741, max=26236, avg=14015.63, stdev=32.83, samples=75648
  lat (usec)   : 4=0.01%, 10=0.01%, 50=0.01%, 500=0.01%, 750=0.01%
  lat (usec)   : 1000=0.02%
  lat (msec)   : 2=2.33%, 4=26.18%, 10=56.42%, 20=8.07%, 50=4.67%
  lat (msec)   : 100=1.82%, 250=0.46%, 500=0.03%, 750=0.01%, 1000=0.01%
  lat (msec)   : 2000=0.01%, >=2000=0.01%
  cpu          : usr=0.05%, sys=1.20%, ctx=8554994, majf=0, minf=144720
  IO depths    : 1=100.0%, 2=0.0%, 4=0.0%, 8=0.0%, 16=0.0%, 32=0.0%, >=64=0.0%
     submit    : 0=0.0%, 4=100.0%, 8=0.0%, 16=0.0%, 32=0.0%, 64=0.0%, >=64=0.0%
     complete  : 0=0.0%, 4=100.0%, 8=0.0%, 16=0.0%, 32=0.0%, 64=0.0%, >=64=0.0%
     issued rwts: total=0,4155929,0,0 short=0,0,0,0 dropped=0,0,0,0
     latency   : target=0, window=0, percentile=100.00%, depth=1

Run status group 0 (all jobs):
  WRITE: bw=865MiB/s (908MB/s), 865MiB/s-865MiB/s (908MB/s-908MB/s), io=254GiB (272GB), run=300122-300122msec
