seqw: (g=0): rw=write, bs=(R) 64.0KiB-64.0KiB, (W) 64.0KiB-64.0KiB, (T) 64.0KiB-64.0KiB, ioengine=libaio, iodepth=1
...
fio-3.18
Starting 32 threads

seqw: (groupid=0, jobs=32): err= 0: pid=83330: Fri Feb 21 08:29:38 2020
  write: IOPS=9003, BW=563MiB/s (590MB/s)(165GiB/300243msec)
    slat (usec): min=21, max=1577, avg=104.49, stdev=36.43
    clat (usec): min=351, max=2023.5k, avg=3444.60, stdev=14667.01
     lat (usec): min=815, max=2023.7k, avg=3549.31, stdev=14667.25
    clat percentiles (usec):
     |  1.00th=[  1090],  5.00th=[  1303], 10.00th=[  1434], 20.00th=[  1598],
     | 30.00th=[  1745], 40.00th=[  1909], 50.00th=[  2073], 60.00th=[  2311],
     | 70.00th=[  2737], 80.00th=[  4293], 90.00th=[  5342], 95.00th=[  5997],
     | 99.00th=[ 12518], 99.50th=[ 31327], 99.90th=[179307], 99.95th=[278922],
     | 99.99th=[641729]
   bw (  KiB/s): min=131314, max=882048, per=100.00%, avg=580086.91, stdev=5689.19, samples=18888
   iops        : min= 2051, max=13782, avg=9063.83, stdev=88.89, samples=18888
  lat (usec)   : 500=0.01%, 750=0.01%, 1000=0.36%
  lat (msec)   : 2=45.69%, 4=32.30%, 10=20.38%, 20=0.58%, 50=0.31%
  lat (msec)   : 100=0.17%, 250=0.13%, 500=0.04%, 750=0.02%, 1000=0.01%
  lat (msec)   : 2000=0.01%, >=2000=0.01%
  cpu          : usr=0.13%, sys=1.63%, ctx=5381848, majf=0, minf=24052
  IO depths    : 1=100.0%, 2=0.0%, 4=0.0%, 8=0.0%, 16=0.0%, 32=0.0%, >=64=0.0%
     submit    : 0=0.0%, 4=100.0%, 8=0.0%, 16=0.0%, 32=0.0%, 64=0.0%, >=64=0.0%
     complete  : 0=0.0%, 4=100.0%, 8=0.0%, 16=0.0%, 32=0.0%, 64=0.0%, >=64=0.0%
     issued rwts: total=0,2703350,0,0 short=0,0,0,0 dropped=0,0,0,0
     latency   : target=0, window=0, percentile=100.00%, depth=1

Run status group 0 (all jobs):
  WRITE: bw=563MiB/s (590MB/s), 563MiB/s-563MiB/s (590MB/s-590MB/s), io=165GiB (177GB), run=300243-300243msec
