seqw: (g=0): rw=write, bs=(R) 64.0KiB-64.0KiB, (W) 64.0KiB-64.0KiB, (T) 64.0KiB-64.0KiB, ioengine=libaio, iodepth=1
...
fio-3.18
Starting 2 threads

seqw: (groupid=0, jobs=2): err= 0: pid=84676: Fri Feb 21 08:51:58 2020
  write: IOPS=1606, BW=100MiB/s (105MB/s)(29.4GiB/300001msec)
    slat (usec): min=25, max=331, avg=35.90, stdev= 6.19
    clat (usec): min=760, max=309264, avg=1207.22, stdev=1155.09
     lat (usec): min=806, max=309309, avg=1243.27, stdev=1155.21
    clat percentiles (usec):
     |  1.00th=[  848],  5.00th=[  881], 10.00th=[  906], 20.00th=[  947],
     | 30.00th=[  988], 40.00th=[ 1029], 50.00th=[ 1074], 60.00th=[ 1123],
     | 70.00th=[ 1172], 80.00th=[ 1254], 90.00th=[ 1434], 95.00th=[ 1729],
     | 99.00th=[ 4113], 99.50th=[ 4817], 99.90th=[ 6325], 99.95th=[15926],
     | 99.99th=[51119]
   bw (  KiB/s): min=46336, max=113152, per=100.00%, avg=102945.78, stdev=3479.28, samples=1198
   iops        : min=  724, max= 1768, avg=1608.53, stdev=54.36, samples=1198
  lat (usec)   : 1000=33.43%
  lat (msec)   : 2=62.55%, 4=2.97%, 10=1.00%, 20=0.02%, 50=0.03%
  lat (msec)   : 100=0.01%, 250=0.01%, 500=0.01%
  cpu          : usr=0.33%, sys=2.95%, ctx=486015, majf=0, minf=700
  IO depths    : 1=100.0%, 2=0.0%, 4=0.0%, 8=0.0%, 16=0.0%, 32=0.0%, >=64=0.0%
     submit    : 0=0.0%, 4=100.0%, 8=0.0%, 16=0.0%, 32=0.0%, 64=0.0%, >=64=0.0%
     complete  : 0=0.0%, 4=100.0%, 8=0.0%, 16=0.0%, 32=0.0%, 64=0.0%, >=64=0.0%
     issued rwts: total=0,482096,0,0 short=0,0,0,0 dropped=0,0,0,0
     latency   : target=0, window=0, percentile=100.00%, depth=1

Run status group 0 (all jobs):
  WRITE: bw=100MiB/s (105MB/s), 100MiB/s-100MiB/s (105MB/s-105MB/s), io=29.4GiB (31.6GB), run=300001-300001msec
