seqw: (g=0): rw=write, bs=(R) 64.0KiB-64.0KiB, (W) 64.0KiB-64.0KiB, (T) 64.0KiB-64.0KiB, ioengine=libaio, iodepth=1
...
fio-3.18
Starting 8 threads

seqw: (groupid=0, jobs=8): err= 0: pid=74674: Fri Feb 21 06:21:03 2020
  write: IOPS=4596, BW=287MiB/s (301MB/s)(84.2GiB/300002msec)
    slat (usec): min=21, max=656, avg=78.58, stdev=23.90
    clat (usec): min=489, max=671081, avg=1660.29, stdev=1979.64
     lat (usec): min=814, max=671178, avg=1739.05, stdev=1979.78
    clat percentiles (usec):
     |  1.00th=[  906],  5.00th=[  971], 10.00th=[ 1012], 20.00th=[ 1074],
     | 30.00th=[ 1123], 40.00th=[ 1188], 50.00th=[ 1254], 60.00th=[ 1369],
     | 70.00th=[ 1516], 80.00th=[ 1696], 90.00th=[ 2573], 95.00th=[ 4359],
     | 99.00th=[ 5538], 99.50th=[ 6521], 99.90th=[23987], 99.95th=[40633],
     | 99.99th=[58459]
   bw (  KiB/s): min=80150, max=338816, per=100.00%, avg=294507.42, stdev=3054.82, samples=4792
   iops        : min= 1252, max= 5294, avg=4601.67, stdev=47.73, samples=4792
  lat (usec)   : 500=0.01%, 750=0.01%, 1000=8.05%
  lat (msec)   : 2=79.61%, 4=6.00%, 10=6.12%, 20=0.11%, 50=0.09%
  lat (msec)   : 100=0.03%, 250=0.01%, 500=0.01%, 750=0.01%
  cpu          : usr=0.24%, sys=2.42%, ctx=2496525, majf=0, minf=12655
  IO depths    : 1=100.0%, 2=0.0%, 4=0.0%, 8=0.0%, 16=0.0%, 32=0.0%, >=64=0.0%
     submit    : 0=0.0%, 4=100.0%, 8=0.0%, 16=0.0%, 32=0.0%, 64=0.0%, >=64=0.0%
     complete  : 0=0.0%, 4=100.0%, 8=0.0%, 16=0.0%, 32=0.0%, 64=0.0%, >=64=0.0%
     issued rwts: total=0,1378886,0,0 short=0,0,0,0 dropped=0,0,0,0
     latency   : target=0, window=0, percentile=100.00%, depth=1

Run status group 0 (all jobs):
  WRITE: bw=287MiB/s (301MB/s), 287MiB/s-287MiB/s (301MB/s-301MB/s), io=84.2GiB (90.4GB), run=300002-300002msec
