seqw: (g=0): rw=write, bs=(R) 64.0KiB-64.0KiB, (W) 64.0KiB-64.0KiB, (T) 64.0KiB-64.0KiB, ioengine=libaio, iodepth=1
...
fio-3.18
Starting 32 threads

seqw: (groupid=0, jobs=32): err= 0: pid=73915: Fri Feb 21 06:09:53 2020
  write: IOPS=7611, BW=476MiB/s (499MB/s)(139GiB/300177msec)
    slat (usec): min=23, max=1449, avg=104.35, stdev=39.27
    clat (usec): min=3, max=947552, avg=4096.03, stdev=14038.04
     lat (usec): min=836, max=947662, avg=4200.61, stdev=14038.19
    clat percentiles (usec):
     |  1.00th=[   996],  5.00th=[  1139], 10.00th=[  1254], 20.00th=[  1467],
     | 30.00th=[  1631], 40.00th=[  1811], 50.00th=[  2008], 60.00th=[  2245],
     | 70.00th=[  2704], 80.00th=[  4293], 90.00th=[  5473], 95.00th=[  6390],
     | 99.00th=[ 55313], 99.50th=[101188], 99.90th=[210764], 99.95th=[254804],
     | 99.99th=[346031]
   bw (  KiB/s): min= 5248, max=1200256, per=100.00%, avg=488202.93, stdev=7965.99, samples=19150
   iops        : min=   82, max=18754, avg=7628.15, stdev=124.47, samples=19150
  lat (usec)   : 4=0.01%, 500=0.01%, 750=0.01%, 1000=1.10%
  lat (msec)   : 2=48.90%, 4=28.37%, 10=19.26%, 20=0.73%, 50=0.56%
  lat (msec)   : 100=0.58%, 250=0.46%, 500=0.05%, 750=0.01%, 1000=0.01%
  cpu          : usr=0.10%, sys=1.38%, ctx=4505217, majf=0, minf=31447
  IO depths    : 1=100.0%, 2=0.0%, 4=0.0%, 8=0.0%, 16=0.0%, 32=0.0%, >=64=0.0%
     submit    : 0=0.0%, 4=100.0%, 8=0.0%, 16=0.0%, 32=0.0%, 64=0.0%, >=64=0.0%
     complete  : 0=0.0%, 4=100.0%, 8=0.0%, 16=0.0%, 32=0.0%, 64=0.0%, >=64=0.0%
     issued rwts: total=0,2284694,0,0 short=0,0,0,0 dropped=0,0,0,0
     latency   : target=0, window=0, percentile=100.00%, depth=1

Run status group 0 (all jobs):
  WRITE: bw=476MiB/s (499MB/s), 476MiB/s-476MiB/s (499MB/s-499MB/s), io=139GiB (150GB), run=300177-300177msec
