seqw: (g=0): rw=write, bs=(R) 64.0KiB-64.0KiB, (W) 64.0KiB-64.0KiB, (T) 64.0KiB-64.0KiB, ioengine=libaio, iodepth=1
fio-3.18
Starting 1 thread

seqw: (groupid=0, jobs=1): err= 0: pid=84984: Fri Feb 21 08:57:33 2020
  write: IOPS=431, BW=26.0MiB/s (28.3MB/s)(8094MiB/300001msec)
    slat (usec): min=26, max=326, avg=33.48, stdev= 3.72
    clat (usec): min=682, max=384786, avg=2281.45, stdev=14077.81
     lat (usec): min=803, max=384821, avg=2315.07, stdev=14077.95
    clat percentiles (usec):
     |  1.00th=[   824],  5.00th=[   848], 10.00th=[   873], 20.00th=[   906],
     | 30.00th=[   938], 40.00th=[   971], 50.00th=[   988], 60.00th=[  1012],
     | 70.00th=[  1045], 80.00th=[  1090], 90.00th=[  1205], 95.00th=[  1434],
     | 99.00th=[  5145], 99.50th=[119014], 99.90th=[219153], 99.95th=[252707],
     | 99.99th=[329253]
   bw (  KiB/s): min=  256, max=61440, per=100.00%, avg=27636.83, stdev=26722.72, samples=599
   iops        : min=    4, max=  960, avg=431.82, stdev=417.54, samples=599
  lat (usec)   : 750=0.01%, 1000=54.87%
  lat (msec)   : 2=41.36%, 4=2.24%, 10=0.57%, 20=0.02%, 50=0.11%
  lat (msec)   : 100=0.23%, 250=0.55%, 500=0.05%
  cpu          : usr=0.22%, sys=1.44%, ctx=129590, majf=0, minf=145
  IO depths    : 1=100.0%, 2=0.0%, 4=0.0%, 8=0.0%, 16=0.0%, 32=0.0%, >=64=0.0%
     submit    : 0=0.0%, 4=100.0%, 8=0.0%, 16=0.0%, 32=0.0%, 64=0.0%, >=64=0.0%
     complete  : 0=0.0%, 4=100.0%, 8=0.0%, 16=0.0%, 32=0.0%, 64=0.0%, >=64=0.0%
     issued rwts: total=0,129511,0,0 short=0,0,0,0 dropped=0,0,0,0
     latency   : target=0, window=0, percentile=100.00%, depth=1

Run status group 0 (all jobs):
  WRITE: bw=26.0MiB/s (28.3MB/s), 26.0MiB/s-26.0MiB/s (28.3MB/s-28.3MB/s), io=8094MiB (8488MB), run=300001-300001msec
