seqw: (g=0): rw=write, bs=(R) 64.0KiB-64.0KiB, (W) 64.0KiB-64.0KiB, (T) 64.0KiB-64.0KiB, ioengine=libaio, iodepth=1
fio-3.18
Starting 1 thread

seqw: (groupid=0, jobs=1): err= 0: pid=75668: Fri Feb 21 06:37:48 2020
  write: IOPS=533, BW=33.4MiB/s (34.0MB/s)(9.77GiB/300002msec)
    slat (usec): min=25, max=184, avg=33.43, stdev= 3.80
    clat (usec): min=771, max=363839, avg=1838.57, stdev=9446.85
     lat (usec): min=806, max=363870, avg=1872.14, stdev=9446.88
    clat percentiles (usec):
     |  1.00th=[   857],  5.00th=[   898], 10.00th=[   922], 20.00th=[   955],
     | 30.00th=[   988], 40.00th=[  1020], 50.00th=[  1057], 60.00th=[  1090],
     | 70.00th=[  1172], 80.00th=[  1336], 90.00th=[  1647], 95.00th=[  2245],
     | 99.00th=[  4883], 99.50th=[ 33817], 99.90th=[166724], 99.95th=[202376],
     | 99.99th=[278922]
   bw (  KiB/s): min=  256, max=54528, per=100.00%, avg=34186.44, stdev=21035.95, samples=599
   iops        : min=    4, max=  852, avg=534.16, stdev=328.69, samples=599
  lat (usec)   : 1000=32.72%
  lat (msec)   : 2=59.79%, 4=5.69%, 10=1.24%, 20=0.03%, 50=0.07%
  lat (msec)   : 100=0.17%, 250=0.27%, 500=0.02%
  cpu          : usr=0.25%, sys=1.78%, ctx=160294, majf=0, minf=49
  IO depths    : 1=100.0%, 2=0.0%, 4=0.0%, 8=0.0%, 16=0.0%, 32=0.0%, >=64=0.0%
     submit    : 0=0.0%, 4=100.0%, 8=0.0%, 16=0.0%, 32=0.0%, 64=0.0%, >=64=0.0%
     complete  : 0=0.0%, 4=100.0%, 8=0.0%, 16=0.0%, 32=0.0%, 64=0.0%, >=64=0.0%
     issued rwts: total=0,160145,0,0 short=0,0,0,0 dropped=0,0,0,0
     latency   : target=0, window=0, percentile=100.00%, depth=1

Run status group 0 (all jobs):
  WRITE: bw=33.4MiB/s (34.0MB/s), 33.4MiB/s-33.4MiB/s (34.0MB/s-34.0MB/s), io=9.77GiB (10.5GB), run=300002-300002msec
