seqw: (g=0): rw=write, bs=(R) 64.0KiB-64.0KiB, (W) 64.0KiB-64.0KiB, (T) 64.0KiB-64.0KiB, ioengine=libaio, iodepth=1
...
fio-3.18
Starting 8 threads

seqw: (groupid=0, jobs=8): err= 0: pid=83983: Fri Feb 21 08:40:48 2020
  write: IOPS=4811, BW=301MiB/s (315MB/s)(88.1GiB/300003msec)
    slat (usec): min=21, max=712, avg=81.99, stdev=22.74
    clat (usec): min=445, max=4541.8k, avg=1578.90, stdev=5641.29
     lat (usec): min=799, max=4541.9k, avg=1661.07, stdev=5641.35
    clat percentiles (usec):
     |  1.00th=[  889],  5.00th=[  955], 10.00th=[  996], 20.00th=[ 1057],
     | 30.00th=[ 1106], 40.00th=[ 1156], 50.00th=[ 1221], 60.00th=[ 1303],
     | 70.00th=[ 1401], 80.00th=[ 1549], 90.00th=[ 2212], 95.00th=[ 4178],
     | 99.00th=[ 5342], 99.50th=[ 5997], 99.90th=[21627], 99.95th=[44303],
     | 99.99th=[60031]
   bw (  KiB/s): min=128896, max=362240, per=100.00%, avg=309318.58, stdev=3381.82, samples=4776
   iops        : min= 2014, max= 5660, avg=4833.10, stdev=52.84, samples=4776
  lat (usec)   : 500=0.01%, 750=0.01%, 1000=11.07%
  lat (msec)   : 2=78.20%, 4=5.21%, 10=5.32%, 20=0.10%, 50=0.07%
  lat (msec)   : 100=0.03%, 250=0.01%, 750=0.01%, >=2000=0.01%
  cpu          : usr=0.22%, sys=2.56%, ctx=2683973, majf=0, minf=9351
  IO depths    : 1=100.0%, 2=0.0%, 4=0.0%, 8=0.0%, 16=0.0%, 32=0.0%, >=64=0.0%
     submit    : 0=0.0%, 4=100.0%, 8=0.0%, 16=0.0%, 32=0.0%, 64=0.0%, >=64=0.0%
     complete  : 0=0.0%, 4=100.0%, 8=0.0%, 16=0.0%, 32=0.0%, 64=0.0%, >=64=0.0%
     issued rwts: total=0,1443483,0,0 short=0,0,0,0 dropped=0,0,0,0
     latency   : target=0, window=0, percentile=100.00%, depth=1

Run status group 0 (all jobs):
  WRITE: bw=301MiB/s (315MB/s), 301MiB/s-301MiB/s (315MB/s-315MB/s), io=88.1GiB (94.6GB), run=300003-300003msec
