randr: (g=0): rw=randread, bs=(R) 8192B-8192B, (W) 8192B-8192B, (T) 8192B-8192B, ioengine=libaio, iodepth=1
...
fio-3.18
Starting 2 threads

randr: (groupid=0, jobs=2): err= 0: pid=107937: Thu Feb 20 06:35:36 2020
  read: IOPS=1102, BW=8823KiB/s (9034kB/s)(2585MiB/300027msec)
    slat (usec): min=22, max=314, avg=43.45, stdev= 6.10
    clat (usec): min=310, max=225387, avg=1768.49, stdev=4641.73
     lat (usec): min=392, max=225429, avg=1812.07, stdev=4641.62
    clat percentiles (usec):
     |  1.00th=[   498],  5.00th=[   545], 10.00th=[   570], 20.00th=[   603],
     | 30.00th=[   627], 40.00th=[   644], 50.00th=[   668], 60.00th=[   693],
     | 70.00th=[   717], 80.00th=[   766], 90.00th=[  1369], 95.00th=[ 10028],
     | 99.00th=[ 18744], 99.50th=[ 20579], 99.90th=[ 55313], 99.95th=[ 79168],
     | 99.99th=[112722]
   bw (  KiB/s): min= 1296, max=19504, per=100.00%, avg=8836.12, stdev=2879.89, samples=1198
   iops        : min=  162, max= 2438, avg=1104.51, stdev=359.99, samples=1198
  lat (usec)   : 500=1.01%, 750=76.50%, 1000=11.85%
  lat (msec)   : 2=1.02%, 4=1.19%, 10=3.39%, 20=4.43%, 50=0.50%
  lat (msec)   : 100=0.09%, 250=0.03%
  cpu          : usr=0.19%, sys=1.84%, ctx=645683, majf=0, minf=863
  IO depths    : 1=100.0%, 2=0.0%, 4=0.0%, 8=0.0%, 16=0.0%, 32=0.0%, >=64=0.0%
     submit    : 0=0.0%, 4=100.0%, 8=0.0%, 16=0.0%, 32=0.0%, 64=0.0%, >=64=0.0%
     complete  : 0=0.0%, 4=100.0%, 8=0.0%, 16=0.0%, 32=0.0%, 64=0.0%, >=64=0.0%
     issued rwts: total=330879,0,0,0 short=0,0,0,0 dropped=0,0,0,0
     latency   : target=0, window=0, percentile=100.00%, depth=1

Run status group 0 (all jobs):
   READ: bw=8823KiB/s (9034kB/s), 8823KiB/s-8823KiB/s (9034kB/s-9034kB/s), io=2585MiB (2711MB), run=300027-300027msec
