randr: (g=0): rw=randread, bs=(R) 8192B-8192B, (W) 8192B-8192B, (T) 8192B-8192B, ioengine=libaio, iodepth=1
...
fio-3.18
Starting 32 threads

randr: (groupid=0, jobs=32): err= 0: pid=106593: Thu Feb 20 06:13:31 2020
  read: IOPS=2583, BW=20.2MiB/s (21.2MB/s)(6056MiB/300051msec)
    slat (usec): min=23, max=884, avg=51.32, stdev=11.48
    clat (usec): min=44, max=320109, avg=12331.36, stdev=13444.76
     lat (usec): min=435, max=320152, avg=12382.86, stdev=13444.80
    clat percentiles (usec):
     |  1.00th=[   562],  5.00th=[   627], 10.00th=[   693], 20.00th=[  4621],
     | 30.00th=[  7963], 40.00th=[  9241], 50.00th=[ 10159], 60.00th=[ 11338],
     | 70.00th=[ 13304], 80.00th=[ 15795], 90.00th=[ 20579], 95.00th=[ 28181],
     | 99.00th=[ 84411], 99.50th=[ 90702], 99.90th=[110625], 99.95th=[124257],
     | 99.99th=[200279]
   bw (  KiB/s): min= 9312, max=32400, per=100.00%, avg=20695.65, stdev=161.22, samples=19162
   iops        : min= 1164, max= 4050, avg=2586.93, stdev=20.15, samples=19162
  lat (usec)   : 50=0.01%, 500=0.07%, 750=13.32%, 1000=2.59%
  lat (msec)   : 2=1.01%, 4=2.18%, 10=29.49%, 20=40.48%, 50=8.28%
  lat (msec)   : 100=2.35%, 250=0.21%, 500=0.01%
  cpu          : usr=0.03%, sys=0.32%, ctx=1516366, majf=0, minf=8673
  IO depths    : 1=100.0%, 2=0.0%, 4=0.0%, 8=0.0%, 16=0.0%, 32=0.0%, >=64=0.0%
     submit    : 0=0.0%, 4=100.0%, 8=0.0%, 16=0.0%, 32=0.0%, 64=0.0%, >=64=0.0%
     complete  : 0=0.0%, 4=100.0%, 8=0.0%, 16=0.0%, 32=0.0%, 64=0.0%, >=64=0.0%
     issued rwts: total=775182,0,0,0 short=0,0,0,0 dropped=0,0,0,0
     latency   : target=0, window=0, percentile=100.00%, depth=1

Run status group 0 (all jobs):
   READ: bw=20.2MiB/s (21.2MB/s), 20.2MiB/s-20.2MiB/s (21.2MB/s-21.2MB/s), io=6056MiB (6350MB), run=300051-300051msec
