randr: (g=0): rw=randread, bs=(R) 8192B-8192B, (W) 8192B-8192B, (T) 8192B-8192B, ioengine=libaio, iodepth=1
fio-3.18
Starting 1 thread

randr: (groupid=0, jobs=1): err= 0: pid=108233: Thu Feb 20 06:41:07 2020
  read: IOPS=686, BW=5491KiB/s (5623kB/s)(1609MiB/300003msec)
    slat (usec): min=25, max=223, avg=42.01, stdev= 4.11
    clat (usec): min=323, max=109964, avg=1413.48, stdev=3349.76
     lat (usec): min=360, max=110002, avg=1455.63, stdev=3349.75
    clat percentiles (usec):
     |  1.00th=[  498],  5.00th=[  545], 10.00th=[  570], 20.00th=[  603],
     | 30.00th=[  619], 40.00th=[  644], 50.00th=[  668], 60.00th=[  685],
     | 70.00th=[  717], 80.00th=[  750], 90.00th=[  848], 95.00th=[ 6390],
     | 99.00th=[17957], 99.50th=[19268], 99.90th=[22152], 99.95th=[25297],
     | 99.99th=[92799]
   bw (  KiB/s): min= 1136, max=11600, per=100.00%, avg=5493.99, stdev=4167.53, samples=599
   iops        : min=  142, max= 1450, avg=686.75, stdev=520.94, samples=599
  lat (usec)   : 500=1.12%, 750=78.70%, 1000=12.65%
  lat (msec)   : 2=0.94%, 4=0.86%, 10=1.80%, 20=3.61%, 50=0.30%
  lat (msec)   : 100=0.01%, 250=0.01%
  cpu          : usr=0.26%, sys=2.17%, ctx=411634, majf=0, minf=172
  IO depths    : 1=100.0%, 2=0.0%, 4=0.0%, 8=0.0%, 16=0.0%, 32=0.0%, >=64=0.0%
     submit    : 0=0.0%, 4=100.0%, 8=0.0%, 16=0.0%, 32=0.0%, 64=0.0%, >=64=0.0%
     complete  : 0=0.0%, 4=100.0%, 8=0.0%, 16=0.0%, 32=0.0%, 64=0.0%, >=64=0.0%
     issued rwts: total=205931,0,0,0 short=0,0,0,0 dropped=0,0,0,0
     latency   : target=0, window=0, percentile=100.00%, depth=1

Run status group 0 (all jobs):
   READ: bw=5491KiB/s (5623kB/s), 5491KiB/s-5491KiB/s (5623kB/s-5623kB/s), io=1609MiB (1687MB), run=300003-300003msec
