seqr: (g=0): rw=read, bs=(R) 64.0KiB-64.0KiB, (W) 64.0KiB-64.0KiB, (T) 64.0KiB-64.0KiB, ioengine=libaio, iodepth=1
...
fio-3.18
Starting 64 threads

seqr: (groupid=0, jobs=64): err= 0: pid=99628: Thu Feb 20 04:32:23 2020
  read: IOPS=8412, BW=526MiB/s (551MB/s)(154GiB/300101msec)
    slat (usec): min=21, max=1956, avg=52.72, stdev=19.23
    clat (usec): min=2, max=1447.5k, avg=7551.53, stdev=18270.79
     lat (usec): min=723, max=1447.6k, avg=7604.44, stdev=18270.80
    clat percentiles (usec):
     |  1.00th=[   922],  5.00th=[   996], 10.00th=[  1045], 20.00th=[  1123],
     | 30.00th=[  1205], 40.00th=[  1385], 50.00th=[  2835], 60.00th=[  5145],
     | 70.00th=[  7570], 80.00th=[ 10028], 90.00th=[ 15795], 95.00th=[ 24249],
     | 99.00th=[ 68682], 99.50th=[100140], 99.90th=[214959], 99.95th=[283116],
     | 99.99th=[557843]
   bw (  KiB/s): min=41216, max=1466255, per=100.00%, avg=541681.79, stdev=4043.39, samples=38101
   iops        : min=  644, max=22910, avg=8463.73, stdev=63.18, samples=38101
  lat (usec)   : 4=0.01%, 10=0.01%, 100=0.01%, 250=0.01%, 500=0.01%
  lat (usec)   : 750=0.01%, 1000=5.55%
  lat (msec)   : 2=41.00%, 4=8.53%, 10=24.82%, 20=13.33%, 50=5.10%
  lat (msec)   : 100=1.17%, 250=0.43%, 500=0.06%, 750=0.01%, 1000=0.01%
  lat (msec)   : 2000=0.01%
  cpu          : usr=0.04%, sys=0.61%, ctx=3952839, majf=0, minf=56469
  IO depths    : 1=100.0%, 2=0.0%, 4=0.0%, 8=0.0%, 16=0.0%, 32=0.0%, >=64=0.0%
     submit    : 0=0.0%, 4=100.0%, 8=0.0%, 16=0.0%, 32=0.0%, 64=0.0%, >=64=0.0%
     complete  : 0=0.0%, 4=100.0%, 8=0.0%, 16=0.0%, 32=0.0%, 64=0.0%, >=64=0.0%
     issued rwts: total=2524453,0,0,0 short=0,0,0,0 dropped=0,0,0,0
     latency   : target=0, window=0, percentile=100.00%, depth=1

Run status group 0 (all jobs):
   READ: bw=526MiB/s (551MB/s), 526MiB/s-526MiB/s (551MB/s-551MB/s), io=154GiB (165GB), run=300101-300101msec
