seqr: (g=0): rw=read, bs=(R) 64.0KiB-64.0KiB, (W) 64.0KiB-64.0KiB, (T) 64.0KiB-64.0KiB, ioengine=libaio, iodepth=1
...
fio-3.18
Starting 2 threads

seqr: (groupid=0, jobs=2): err= 0: pid=101482: Thu Feb 20 04:59:59 2020
  read: IOPS=2463, BW=154MiB/s (161MB/s)(45.1GiB/300001msec)
    slat (usec): min=21, max=369, avg=43.83, stdev= 7.34
    clat (usec): min=393, max=18030, avg=766.68, stdev=225.74
     lat (usec): min=537, max=18076, avg=810.67, stdev=226.01
    clat percentiles (usec):
     |  1.00th=[  586],  5.00th=[  619], 10.00th=[  644], 20.00th=[  668],
     | 30.00th=[  693], 40.00th=[  717], 50.00th=[  734], 60.00th=[  758],
     | 70.00th=[  783], 80.00th=[  816], 90.00th=[  881], 95.00th=[  963],
     | 99.00th=[ 1254], 99.50th=[ 2212], 99.90th=[ 4080], 99.95th=[ 4359],
     | 99.99th=[ 4817]
   bw (  KiB/s): min=148352, max=166272, per=100.00%, avg=157832.05, stdev=1382.50, samples=1198
   iops        : min= 2318, max= 2598, avg=2466.12, stdev=21.60, samples=1198
  lat (usec)   : 500=0.01%, 750=57.26%, 1000=39.06%
  lat (msec)   : 2=3.13%, 4=0.43%, 10=0.12%, 20=0.01%
  cpu          : usr=0.38%, sys=4.33%, ctx=1401391, majf=0, minf=1845
  IO depths    : 1=100.0%, 2=0.0%, 4=0.0%, 8=0.0%, 16=0.0%, 32=0.0%, >=64=0.0%
     submit    : 0=0.0%, 4=100.0%, 8=0.0%, 16=0.0%, 32=0.0%, 64=0.0%, >=64=0.0%
     complete  : 0=0.0%, 4=100.0%, 8=0.0%, 16=0.0%, 32=0.0%, 64=0.0%, >=64=0.0%
     issued rwts: total=739044,0,0,0 short=0,0,0,0 dropped=0,0,0,0
     latency   : target=0, window=0, percentile=100.00%, depth=1

Run status group 0 (all jobs):
   READ: bw=154MiB/s (161MB/s), 154MiB/s-154MiB/s (161MB/s-161MB/s), io=45.1GiB (48.4GB), run=300001-300001msec
