seqr: (g=0): rw=read, bs=(R) 64.0KiB-64.0KiB, (W) 64.0KiB-64.0KiB, (T) 64.0KiB-64.0KiB, ioengine=libaio, iodepth=1
fio-3.18
Starting 1 thread

seqr: (groupid=0, jobs=1): err= 0: pid=101807: Thu Feb 20 05:05:30 2020
  read: IOPS=1286, BW=80.4MiB/s (84.3MB/s)(23.6GiB/300001msec)
    slat (usec): min=20, max=388, avg=41.42, stdev= 5.15
    clat (usec): min=451, max=7522, avg=734.27, stdev=208.40
     lat (usec): min=499, max=7563, avg=775.84, stdev=208.69
    clat percentiles (usec):
     |  1.00th=[  570],  5.00th=[  603], 10.00th=[  627], 20.00th=[  652],
     | 30.00th=[  668], 40.00th=[  685], 50.00th=[  701], 60.00th=[  725],
     | 70.00th=[  742], 80.00th=[  775], 90.00th=[  832], 95.00th=[  914],
     | 99.00th=[ 1221], 99.50th=[ 1958], 99.90th=[ 3949], 99.95th=[ 4228],
     | 99.99th=[ 4621]
   bw (  KiB/s): min=77184, max=86912, per=100.00%, avg=82399.24, stdev=1461.73, samples=599
   iops        : min= 1206, max= 1358, avg=1287.49, stdev=22.84, samples=599
  lat (usec)   : 500=0.01%, 750=71.85%, 1000=25.07%
  lat (msec)   : 2=2.59%, 4=0.40%, 10=0.09%
  cpu          : usr=0.50%, sys=4.14%, ctx=749534, majf=0, minf=405
  IO depths    : 1=100.0%, 2=0.0%, 4=0.0%, 8=0.0%, 16=0.0%, 32=0.0%, >=64=0.0%
     submit    : 0=0.0%, 4=100.0%, 8=0.0%, 16=0.0%, 32=0.0%, 64=0.0%, >=64=0.0%
     complete  : 0=0.0%, 4=100.0%, 8=0.0%, 16=0.0%, 32=0.0%, 64=0.0%, >=64=0.0%
     issued rwts: total=385856,0,0,0 short=0,0,0,0 dropped=0,0,0,0
     latency   : target=0, window=0, percentile=100.00%, depth=1

Run status group 0 (all jobs):
   READ: bw=80.4MiB/s (84.3MB/s), 80.4MiB/s-80.4MiB/s (84.3MB/s-84.3MB/s), io=23.6GiB (25.3GB), run=300001-300001msec
