seqr: (g=0): rw=read, bs=(R) 64.0KiB-64.0KiB, (W) 64.0KiB-64.0KiB, (T) 64.0KiB-64.0KiB, ioengine=libaio, iodepth=1
...
fio-3.18
Starting 32 threads

seqr: (groupid=0, jobs=32): err= 0: pid=100033: Thu Feb 20 04:37:54 2020
  read: IOPS=12.8k, BW=800MiB/s (839MB/s)(234GiB/300007msec)
    slat (usec): min=21, max=1728, avg=58.72, stdev=23.03
    clat (usec): min=2, max=599287, avg=2439.14, stdev=5097.73
     lat (usec): min=619, max=599320, avg=2498.05, stdev=5096.69
    clat percentiles (usec):
     |  1.00th=[   791],  5.00th=[   889], 10.00th=[   955], 20.00th=[  1037],
     | 30.00th=[  1123], 40.00th=[  1205], 50.00th=[  1319], 60.00th=[  1450],
     | 70.00th=[  1614], 80.00th=[  1811], 90.00th=[  4817], 95.00th=[  8848],
     | 99.00th=[ 19268], 99.50th=[ 26084], 99.90th=[ 61604], 99.95th=[ 85459],
     | 99.99th=[160433]
   bw (  KiB/s): min=70784, max=1865344, per=100.00%, avg=819865.98, stdev=11429.89, samples=19135
   iops        : min= 1106, max=29146, avg=12810.38, stdev=178.59, samples=19135
  lat (usec)   : 4=0.01%, 10=0.01%, 50=0.01%, 250=0.01%, 500=0.01%
  lat (usec)   : 750=0.33%, 1000=15.06%
  lat (msec)   : 2=68.50%, 4=4.91%, 10=7.37%, 20=2.92%, 50=0.75%
  lat (msec)   : 100=0.11%, 250=0.03%, 500=0.01%, 750=0.01%
  cpu          : usr=0.13%, sys=1.96%, ctx=6755531, majf=0, minf=42586
  IO depths    : 1=100.0%, 2=0.0%, 4=0.0%, 8=0.0%, 16=0.0%, 32=0.0%, >=64=0.0%
     submit    : 0=0.0%, 4=100.0%, 8=0.0%, 16=0.0%, 32=0.0%, 64=0.0%, >=64=0.0%
     complete  : 0=0.0%, 4=100.0%, 8=0.0%, 16=0.0%, 32=0.0%, 64=0.0%, >=64=0.0%
     issued rwts: total=3840432,0,0,0 short=0,0,0,0 dropped=0,0,0,0
     latency   : target=0, window=0, percentile=100.00%, depth=1

Run status group 0 (all jobs):
   READ: bw=800MiB/s (839MB/s), 800MiB/s-800MiB/s (839MB/s-839MB/s), io=234GiB (252GB), run=300007-300007msec
