seqr: (g=0): rw=read, bs=(R) 64.0KiB-64.0KiB, (W) 64.0KiB-64.0KiB, (T) 64.0KiB-64.0KiB, ioengine=libaio, iodepth=1
...
fio-3.18
Starting 8 threads

seqr: (groupid=0, jobs=8): err= 0: pid=100793: Thu Feb 20 04:48:57 2020
  read: IOPS=8089, BW=506MiB/s (530MB/s)(148GiB/300002msec)
    slat (usec): min=21, max=759, avg=46.08, stdev=14.34
    clat (usec): min=76, max=170781, avg=941.25, stdev=1457.00
     lat (usec): min=568, max=170839, avg=987.47, stdev=1457.06
    clat percentiles (usec):
     |  1.00th=[  668],  5.00th=[  717], 10.00th=[  750], 20.00th=[  783],
     | 30.00th=[  816], 40.00th=[  840], 50.00th=[  873], 60.00th=[  898],
     | 70.00th=[  938], 80.00th=[  979], 90.00th=[ 1045], 95.00th=[ 1106],
     | 99.00th=[ 1860], 99.50th=[ 3294], 99.90th=[ 6521], 99.95th=[29492],
     | 99.99th=[76022]
   bw (  KiB/s): min=51712, max=604160, per=100.00%, avg=518283.91, stdev=10525.50, samples=4784
   iops        : min=  808, max= 9440, avg=8098.18, stdev=164.46, samples=4784
  lat (usec)   : 100=0.01%, 250=0.01%, 500=0.01%, 750=10.71%, 1000=73.48%
  lat (msec)   : 2=14.87%, 4=0.62%, 10=0.23%, 20=0.02%, 50=0.04%
  lat (msec)   : 100=0.02%, 250=0.01%
  cpu          : usr=0.31%, sys=4.30%, ctx=3511869, majf=0, minf=6645
  IO depths    : 1=100.0%, 2=0.0%, 4=0.0%, 8=0.0%, 16=0.0%, 32=0.0%, >=64=0.0%
     submit    : 0=0.0%, 4=100.0%, 8=0.0%, 16=0.0%, 32=0.0%, 64=0.0%, >=64=0.0%
     complete  : 0=0.0%, 4=100.0%, 8=0.0%, 16=0.0%, 32=0.0%, 64=0.0%, >=64=0.0%
     issued rwts: total=2426928,0,0,0 short=0,0,0,0 dropped=0,0,0,0
     latency   : target=0, window=0, percentile=100.00%, depth=1

Run status group 0 (all jobs):
   READ: bw=506MiB/s (530MB/s), 506MiB/s-506MiB/s (530MB/s-530MB/s), io=148GiB (159GB), run=300002-300002msec
