seqr: (g=0): rw=read, bs=(R) 64.0KiB-64.0KiB, (W) 64.0KiB-64.0KiB, (T) 64.0KiB-64.0KiB, ioengine=libaio, iodepth=1
...
fio-3.18
Starting 16 threads

seqr: (groupid=0, jobs=16): err= 0: pid=100455: Thu Feb 20 04:43:25 2020
  read: IOPS=14.3k, BW=894MiB/s (937MB/s)(262GiB/300003msec)
    slat (usec): min=21, max=1321, avg=57.32, stdev=20.14
    clat (usec): min=3, max=258032, avg=1059.30, stdev=1716.36
     lat (usec): min=577, max=258072, avg=1116.81, stdev=1716.22
    clat percentiles (usec):
     |  1.00th=[  725],  5.00th=[  791], 10.00th=[  824], 20.00th=[  865],
     | 30.00th=[  898], 40.00th=[  930], 50.00th=[  963], 60.00th=[  996],
     | 70.00th=[ 1037], 80.00th=[ 1090], 90.00th=[ 1172], 95.00th=[ 1270],
     | 99.00th=[ 2802], 99.50th=[ 4047], 99.90th=[15533], 99.95th=[37487],
     | 99.99th=[83362]
   bw (  KiB/s): min=80128, max=1127168, per=100.00%, avg=916447.27, stdev=9882.21, samples=9568
   iops        : min= 1252, max=17612, avg=14319.47, stdev=154.41, samples=9568
  lat (usec)   : 4=0.01%, 10=0.01%, 50=0.01%, 100=0.01%, 250=0.01%
  lat (usec)   : 500=0.01%, 750=1.95%, 1000=58.96%
  lat (msec)   : 2=37.74%, 4=0.84%, 10=0.39%, 20=0.04%, 50=0.05%
  lat (msec)   : 100=0.03%, 250=0.01%, 500=0.01%
  cpu          : usr=0.30%, sys=4.25%, ctx=7746640, majf=0, minf=8722
  IO depths    : 1=100.0%, 2=0.0%, 4=0.0%, 8=0.0%, 16=0.0%, 32=0.0%, >=64=0.0%
     submit    : 0=0.0%, 4=100.0%, 8=0.0%, 16=0.0%, 32=0.0%, 64=0.0%, >=64=0.0%
     complete  : 0=0.0%, 4=100.0%, 8=0.0%, 16=0.0%, 32=0.0%, 64=0.0%, >=64=0.0%
     issued rwts: total=4290961,0,0,0 short=0,0,0,0 dropped=0,0,0,0
     latency   : target=0, window=0, percentile=100.00%, depth=1

Run status group 0 (all jobs):
   READ: bw=894MiB/s (937MB/s), 894MiB/s-894MiB/s (937MB/s-937MB/s), io=262GiB (281GB), run=300003-300003msec
