seqw: (g=0): rw=write, bs=(R) 64.0KiB-64.0KiB, (W) 64.0KiB-64.0KiB, (T) 64.0KiB-64.0KiB, ioengine=libaio, iodepth=1
fio-3.18
Starting 1 thread

seqw: (groupid=0, jobs=1): err= 0: pid=104861: Thu Feb 20 05:50:02 2020
  write: IOPS=724, BW=45.3MiB/s (47.5MB/s)(13.3GiB/300002msec)
    slat (usec): min=21, max=303, avg=43.68, stdev=14.96
    clat (usec): min=816, max=315907, avg=1335.73, stdev=3988.33
     lat (usec): min=882, max=315984, avg=1379.55, stdev=3988.67
    clat percentiles (usec):
     |  1.00th=[   922],  5.00th=[   963], 10.00th=[   996], 20.00th=[  1037],
     | 30.00th=[  1074], 40.00th=[  1090], 50.00th=[  1123], 60.00th=[  1156],
     | 70.00th=[  1188], 80.00th=[  1237], 90.00th=[  1352], 95.00th=[  1958],
     | 99.00th=[  3884], 99.50th=[  4621], 99.90th=[ 20055], 99.95th=[100140],
     | 99.99th=[189793]
   bw (  KiB/s): min= 1920, max=55040, per=100.00%, avg=46393.12, stdev=12576.60, samples=599
   iops        : min=   30, max=  860, avg=724.89, stdev=196.51, samples=599
  lat (usec)   : 1000=10.75%
  lat (msec)   : 2=84.43%, 4=3.94%, 10=0.76%, 20=0.02%, 50=0.02%
  lat (msec)   : 100=0.03%, 250=0.05%, 500=0.01%
  cpu          : usr=0.36%, sys=2.50%, ctx=272932, majf=0, minf=457
  IO depths    : 1=100.0%, 2=0.0%, 4=0.0%, 8=0.0%, 16=0.0%, 32=0.0%, >=64=0.0%
     submit    : 0=0.0%, 4=100.0%, 8=0.0%, 16=0.0%, 32=0.0%, 64=0.0%, >=64=0.0%
     complete  : 0=0.0%, 4=100.0%, 8=0.0%, 16=0.0%, 32=0.0%, 64=0.0%, >=64=0.0%
     issued rwts: total=0,217269,0,0 short=0,0,0,0 dropped=0,0,0,0
     latency   : target=0, window=0, percentile=100.00%, depth=1

Run status group 0 (all jobs):
  WRITE: bw=45.3MiB/s (47.5MB/s), 45.3MiB/s-45.3MiB/s (47.5MB/s-47.5MB/s), io=13.3GiB (14.2GB), run=300002-300002msec
