seqw: (g=0): rw=write, bs=(R) 64.0KiB-64.0KiB, (W) 64.0KiB-64.0KiB, (T) 64.0KiB-64.0KiB, ioengine=libaio, iodepth=1
...
fio-3.18
Starting 2 threads

seqw: (groupid=0, jobs=2): err= 0: pid=104494: Thu Feb 20 05:44:27 2020
  write: IOPS=1290, BW=80.6MiB/s (84.5MB/s)(23.6GiB/300002msec)
    slat (usec): min=23, max=234, avg=37.02, stdev= 6.59
    clat (usec): min=858, max=328668, avg=1511.88, stdev=4659.03
     lat (usec): min=915, max=328708, avg=1549.04, stdev=4659.13
    clat percentiles (usec):
     |  1.00th=[   988],  5.00th=[  1045], 10.00th=[  1074], 20.00th=[  1123],
     | 30.00th=[  1156], 40.00th=[  1188], 50.00th=[  1221], 60.00th=[  1254],
     | 70.00th=[  1303], 80.00th=[  1369], 90.00th=[  1516], 95.00th=[  2114],
     | 99.00th=[  4293], 99.50th=[  5080], 99.90th=[ 76022], 99.95th=[121111],
     | 99.99th=[198181]
   bw (  KiB/s): min= 2048, max=103552, per=100.00%, avg=82653.15, stdev=12717.76, samples=1198
   iops        : min=   32, max= 1618, avg=1291.45, stdev=198.72, samples=1198
  lat (usec)   : 1000=1.45%
  lat (msec)   : 2=93.03%, 4=4.21%, 10=1.10%, 20=0.03%, 50=0.06%
  lat (msec)   : 100=0.06%, 250=0.07%, 500=0.01%
  cpu          : usr=0.28%, sys=2.40%, ctx=392048, majf=0, minf=439
  IO depths    : 1=100.0%, 2=0.0%, 4=0.0%, 8=0.0%, 16=0.0%, 32=0.0%, >=64=0.0%
     submit    : 0=0.0%, 4=100.0%, 8=0.0%, 16=0.0%, 32=0.0%, 64=0.0%, >=64=0.0%
     complete  : 0=0.0%, 4=100.0%, 8=0.0%, 16=0.0%, 32=0.0%, 64=0.0%, >=64=0.0%
     issued rwts: total=0,387030,0,0 short=0,0,0,0 dropped=0,0,0,0
     latency   : target=0, window=0, percentile=100.00%, depth=1

Run status group 0 (all jobs):
  WRITE: bw=80.6MiB/s (84.5MB/s), 80.6MiB/s-80.6MiB/s (84.5MB/s-84.5MB/s), io=23.6GiB (25.4GB), run=300002-300002msec
