seqw: (g=0): rw=write, bs=(R) 64.0KiB-64.0KiB, (W) 64.0KiB-64.0KiB, (T) 64.0KiB-64.0KiB, ioengine=libaio, iodepth=1
...
fio-3.18
Starting 4 threads

seqw: (groupid=0, jobs=4): err= 0: pid=104197: Thu Feb 20 05:38:52 2020
  write: IOPS=1868, BW=117MiB/s (122MB/s)(34.2GiB/300002msec)
    slat (usec): min=21, max=387, avg=62.71, stdev=25.95
    clat (usec): min=810, max=464925, avg=2076.82, stdev=9070.40
     lat (usec): min=886, max=464964, avg=2139.70, stdev=9069.48
    clat percentiles (usec):
     |  1.00th=[  1004],  5.00th=[  1074], 10.00th=[  1123], 20.00th=[  1172],
     | 30.00th=[  1221], 40.00th=[  1254], 50.00th=[  1303], 60.00th=[  1336],
     | 70.00th=[  1401], 80.00th=[  1483], 90.00th=[  1713], 95.00th=[  2933],
     | 99.00th=[  5342], 99.50th=[ 49546], 99.90th=[154141], 99.95th=[187696],
     | 99.99th=[265290]
   bw (  KiB/s): min= 4224, max=203776, per=100.00%, avg=119700.10, stdev=16383.34, samples=2396
   iops        : min=   66, max= 3184, avg=1870.31, stdev=255.99, samples=2396
  lat (usec)   : 1000=0.94%
  lat (msec)   : 2=91.62%, 4=4.87%, 10=1.88%, 20=0.06%, 50=0.14%
  lat (msec)   : 100=0.23%, 250=0.25%, 500=0.01%
  cpu          : usr=0.19%, sys=1.85%, ctx=861006, majf=0, minf=3931
  IO depths    : 1=100.0%, 2=0.0%, 4=0.0%, 8=0.0%, 16=0.0%, 32=0.0%, >=64=0.0%
     submit    : 0=0.0%, 4=100.0%, 8=0.0%, 16=0.0%, 32=0.0%, 64=0.0%, >=64=0.0%
     complete  : 0=0.0%, 4=100.0%, 8=0.0%, 16=0.0%, 32=0.0%, 64=0.0%, >=64=0.0%
     issued rwts: total=0,560437,0,0 short=0,0,0,0 dropped=0,0,0,0
     latency   : target=0, window=0, percentile=100.00%, depth=1

Run status group 0 (all jobs):
  WRITE: bw=117MiB/s (122MB/s), 117MiB/s-117MiB/s (122MB/s-122MB/s), io=34.2GiB (36.7GB), run=300002-300002msec
