seqw: (g=0): rw=write, bs=(R) 64.0KiB-64.0KiB, (W) 64.0KiB-64.0KiB, (T) 64.0KiB-64.0KiB, ioengine=libaio, iodepth=1
...
fio-3.18
Starting 16 threads

seqw: (groupid=0, jobs=16): err= 0: pid=103485: Thu Feb 20 05:27:42 2020
  write: IOPS=5466, BW=342MiB/s (358MB/s)(100GiB/300005msec)
    slat (usec): min=23, max=1354, avg=90.65, stdev=31.38
    clat (usec): min=504, max=536305, avg=2834.24, stdev=8617.11
     lat (usec): min=950, max=536342, avg=2925.09, stdev=8616.46
    clat percentiles (usec):
     |  1.00th=[  1188],  5.00th=[  1319], 10.00th=[  1401], 20.00th=[  1500],
     | 30.00th=[  1582], 40.00th=[  1663], 50.00th=[  1745], 60.00th=[  1844],
     | 70.00th=[  1991], 80.00th=[  2409], 90.00th=[  4490], 95.00th=[  5211],
     | 99.00th=[ 11600], 99.50th=[ 49021], 99.90th=[139461], 99.95th=[181404],
     | 99.99th=[287310]
   bw (  KiB/s): min=17920, max=663680, per=100.00%, avg=350305.76, stdev=8499.51, samples=9583
   iops        : min=  280, max=10370, avg=5473.51, stdev=132.81, samples=9583
  lat (usec)   : 750=0.01%, 1000=0.03%
  lat (msec)   : 2=70.22%, 4=17.08%, 10=11.60%, 20=0.25%, 50=0.35%
  lat (msec)   : 100=0.30%, 250=0.17%, 500=0.02%, 750=0.01%
  cpu          : usr=0.14%, sys=1.72%, ctx=3019200, majf=0, minf=53599
  IO depths    : 1=100.0%, 2=0.0%, 4=0.0%, 8=0.0%, 16=0.0%, 32=0.0%, >=64=0.0%
     submit    : 0=0.0%, 4=100.0%, 8=0.0%, 16=0.0%, 32=0.0%, 64=0.0%, >=64=0.0%
     complete  : 0=0.0%, 4=100.0%, 8=0.0%, 16=0.0%, 32=0.0%, 64=0.0%, >=64=0.0%
     issued rwts: total=0,1640019,0,0 short=0,0,0,0 dropped=0,0,0,0
     latency   : target=0, window=0, percentile=100.00%, depth=1

Run status group 0 (all jobs):
  WRITE: bw=342MiB/s (358MB/s), 342MiB/s-342MiB/s (358MB/s-358MB/s), io=100GiB (107GB), run=300005-300005msec
