seqw: (g=0): rw=write, bs=(R) 64.0KiB-64.0KiB, (W) 64.0KiB-64.0KiB, (T) 64.0KiB-64.0KiB, ioengine=libaio, iodepth=1
...
fio-3.18
Starting 8 threads

seqw: (groupid=0, jobs=8): err= 0: pid=103879: Thu Feb 20 05:33:17 2020
  write: IOPS=3743, BW=234MiB/s (245MB/s)(68.6GiB/300071msec)
    slat (usec): min=22, max=619, avg=81.52, stdev=25.26
    clat (usec): min=815, max=453690, avg=2053.37, stdev=6394.26
     lat (usec): min=874, max=453774, avg=2135.07, stdev=6393.39
    clat percentiles (usec):
     |  1.00th=[  1090],  5.00th=[  1188], 10.00th=[  1237], 20.00th=[  1303],
     | 30.00th=[  1369], 40.00th=[  1418], 50.00th=[  1467], 60.00th=[  1516],
     | 70.00th=[  1582], 80.00th=[  1713], 90.00th=[  2606], 95.00th=[  4178],
     | 99.00th=[  5669], 99.50th=[  8717], 99.90th=[113771], 99.95th=[156238],
     | 99.99th=[240124]
   bw (  KiB/s): min=10112, max=383104, per=100.00%, avg=239927.33, stdev=9963.27, samples=4792
   iops        : min=  158, max= 5986, avg=3748.86, stdev=155.68, samples=4792
  lat (usec)   : 1000=0.14%
  lat (msec)   : 2=87.05%, 4=7.20%, 10=5.13%, 20=0.08%, 50=0.15%
  lat (msec)   : 100=0.11%, 250=0.11%, 500=0.01%
  cpu          : usr=0.18%, sys=2.04%, ctx=2029564, majf=0, minf=7756
  IO depths    : 1=100.0%, 2=0.0%, 4=0.0%, 8=0.0%, 16=0.0%, 32=0.0%, >=64=0.0%
     submit    : 0=0.0%, 4=100.0%, 8=0.0%, 16=0.0%, 32=0.0%, 64=0.0%, >=64=0.0%
     complete  : 0=0.0%, 4=100.0%, 8=0.0%, 16=0.0%, 32=0.0%, 64=0.0%, >=64=0.0%
     issued rwts: total=0,1123339,0,0 short=0,0,0,0 dropped=0,0,0,0
     latency   : target=0, window=0, percentile=100.00%, depth=1

Run status group 0 (all jobs):
  WRITE: bw=234MiB/s (245MB/s), 234MiB/s-234MiB/s (245MB/s-245MB/s), io=68.6GiB (73.6GB), run=300071-300071msec
