seqw: (g=0): rw=write, bs=(R) 64.0KiB-64.0KiB, (W) 64.0KiB-64.0KiB, (T) 64.0KiB-64.0KiB, ioengine=libaio, iodepth=1
...
fio-3.18
Starting 32 threads

seqw: (groupid=0, jobs=32): err= 0: pid=103152: Thu Feb 20 05:22:07 2020
  write: IOPS=8085, BW=505MiB/s (530MB/s)(148GiB/300004msec)
    slat (usec): min=25, max=1712, avg=110.60, stdev=40.61
    clat (usec): min=380, max=602838, avg=3845.10, stdev=8768.19
     lat (usec): min=978, max=602918, avg=3955.92, stdev=8767.65
    clat percentiles (usec):
     |  1.00th=[  1369],  5.00th=[  1582], 10.00th=[  1713], 20.00th=[  1893],
     | 30.00th=[  2057], 40.00th=[  2212], 50.00th=[  2442], 60.00th=[  2704],
     | 70.00th=[  3326], 80.00th=[  4686], 90.00th=[  5735], 95.00th=[  6521],
     | 99.00th=[ 28967], 99.50th=[ 53740], 99.90th=[132645], 99.95th=[183501],
     | 99.99th=[291505]
   bw (  KiB/s): min=33152, max=1087744, per=100.00%, avg=518089.55, stdev=5016.17, samples=19152
   iops        : min=  518, max=16996, avg=8095.12, stdev=78.38, samples=19152
  lat (usec)   : 500=0.01%, 750=0.01%, 1000=0.01%
  lat (msec)   : 2=26.86%, 4=47.84%, 10=23.31%, 20=0.75%, 50=0.66%
  lat (msec)   : 100=0.43%, 250=0.14%, 500=0.02%, 750=0.01%
  cpu          : usr=0.10%, sys=1.57%, ctx=4807023, majf=0, minf=48754
  IO depths    : 1=100.0%, 2=0.0%, 4=0.0%, 8=0.0%, 16=0.0%, 32=0.0%, >=64=0.0%
     submit    : 0=0.0%, 4=100.0%, 8=0.0%, 16=0.0%, 32=0.0%, 64=0.0%, >=64=0.0%
     complete  : 0=0.0%, 4=100.0%, 8=0.0%, 16=0.0%, 32=0.0%, 64=0.0%, >=64=0.0%
     issued rwts: total=0,2425644,0,0 short=0,0,0,0 dropped=0,0,0,0
     latency   : target=0, window=0, percentile=100.00%, depth=1

Run status group 0 (all jobs):
  WRITE: bw=505MiB/s (530MB/s), 505MiB/s-505MiB/s (530MB/s-530MB/s), io=148GiB (159GB), run=300004-300004msec
