randr: (g=0): rw=randread, bs=(R) 8192B-8192B, (W) 8192B-8192B, (T) 8192B-8192B, ioengine=libaio, iodepth=1
...
fio-3.18
Starting 8 threads

randr: (groupid=0, jobs=8): err= 0: pid=58437: Fri Feb 21 02:33:20 2020
  read: IOPS=1640, BW=12.8MiB/s (13.4MB/s)(3846MiB/300018msec)
    slat (usec): min=22, max=664, avg=45.75, stdev= 9.61
    clat (usec): min=6, max=288580, avg=4827.87, stdev=5842.47
     lat (usec): min=409, max=288623, avg=4873.78, stdev=5842.58
    clat percentiles (usec):
     |  1.00th=[   529],  5.00th=[   578], 10.00th=[   603], 20.00th=[   644],
     | 30.00th=[   676], 40.00th=[   725], 50.00th=[   881], 60.00th=[  5604],
     | 70.00th=[  7767], 80.00th=[  9241], 90.00th=[ 10683], 95.00th=[ 14615],
     | 99.00th=[ 21365], 99.50th=[ 25297], 99.90th=[ 50070], 99.95th=[ 85459],
     | 99.99th=[108528]
   bw (  KiB/s): min= 5808, max=24480, per=100.00%, avg=13143.25, stdev=791.37, samples=4792
   iops        : min=  726, max= 3060, avg=1642.90, stdev=98.92, samples=4792
  lat (usec)   : 10=0.01%, 50=0.01%, 250=0.01%, 500=0.29%, 750=43.12%
  lat (usec)   : 1000=7.28%
  lat (msec)   : 2=1.46%, 4=3.50%, 10=31.05%, 20=11.98%, 50=1.21%
  lat (msec)   : 100=0.07%, 250=0.03%, 500=0.01%
  cpu          : usr=0.07%, sys=0.75%, ctx=911952, majf=0, minf=6479
  IO depths    : 1=100.0%, 2=0.0%, 4=0.0%, 8=0.0%, 16=0.0%, 32=0.0%, >=64=0.0%
     submit    : 0=0.0%, 4=100.0%, 8=0.0%, 16=0.0%, 32=0.0%, 64=0.0%, >=64=0.0%
     complete  : 0=0.0%, 4=100.0%, 8=0.0%, 16=0.0%, 32=0.0%, 64=0.0%, >=64=0.0%
     issued rwts: total=492275,0,0,0 short=0,0,0,0 dropped=0,0,0,0
     latency   : target=0, window=0, percentile=100.00%, depth=1

Run status group 0 (all jobs):
   READ: bw=12.8MiB/s (13.4MB/s), 12.8MiB/s-12.8MiB/s (13.4MB/s-13.4MB/s), io=3846MiB (4033MB), run=300018-300018msec
