randr: (g=0): rw=randread, bs=(R) 8192B-8192B, (W) 8192B-8192B, (T) 8192B-8192B, ioengine=libaio, iodepth=1
...
fio-3.18
Starting 16 threads

randr: (groupid=0, jobs=16): err= 0: pid=58128: Fri Feb 21 02:27:49 2020
  read: IOPS=1944, BW=15.2MiB/s (15.9MB/s)(4557MiB/300017msec)
    slat (usec): min=22, max=770, avg=49.08, stdev=10.65
    clat (usec): min=6, max=289742, avg=8178.76, stdev=10134.03
     lat (usec): min=430, max=289791, avg=8228.02, stdev=10134.07
    clat percentiles (usec):
     |  1.00th=[   545],  5.00th=[   594], 10.00th=[   627], 20.00th=[   693],
     | 30.00th=[   971], 40.00th=[  6259], 50.00th=[  8029], 60.00th=[  9110],
     | 70.00th=[  9896], 80.00th=[ 11207], 90.00th=[ 14746], 95.00th=[ 18744],
     | 99.00th=[ 55313], 99.50th=[ 81265], 99.90th=[107480], 99.95th=[115868],
     | 99.99th=[158335]
   bw (  KiB/s): min= 6288, max=26784, per=100.00%, avg=15570.29, stdev=297.11, samples=9584
   iops        : min=  786, max= 3348, avg=1946.27, stdev=37.14, samples=9584
  lat (usec)   : 10=0.01%, 50=0.01%, 100=0.01%, 250=0.01%, 500=0.15%
  lat (usec)   : 750=25.41%, 1000=4.50%
  lat (msec)   : 2=1.22%, 4=2.89%, 10=37.42%, 20=24.24%, 50=3.04%
  lat (msec)   : 100=0.96%, 250=0.17%, 500=0.01%
  cpu          : usr=0.04%, sys=0.47%, ctx=1125330, majf=0, minf=11279
  IO depths    : 1=100.0%, 2=0.0%, 4=0.0%, 8=0.0%, 16=0.0%, 32=0.0%, >=64=0.0%
     submit    : 0=0.0%, 4=100.0%, 8=0.0%, 16=0.0%, 32=0.0%, 64=0.0%, >=64=0.0%
     complete  : 0=0.0%, 4=100.0%, 8=0.0%, 16=0.0%, 32=0.0%, 64=0.0%, >=64=0.0%
     issued rwts: total=583246,0,0,0 short=0,0,0,0 dropped=0,0,0,0
     latency   : target=0, window=0, percentile=100.00%, depth=1

Run status group 0 (all jobs):
   READ: bw=15.2MiB/s (15.9MB/s), 15.2MiB/s-15.2MiB/s (15.9MB/s-15.9MB/s), io=4557MiB (4778MB), run=300017-300017msec
