randr: (g=0): rw=randread, bs=(R) 8192B-8192B, (W) 8192B-8192B, (T) 8192B-8192B, ioengine=libaio, iodepth=1
...
fio-3.18
Starting 64 threads

randr: (groupid=0, jobs=64): err= 0: pid=57435: Fri Feb 21 02:16:47 2020
  read: IOPS=3392, BW=26.5MiB/s (27.8MB/s)(7952MiB/300067msec)
    slat (usec): min=22, max=1370, avg=53.15, stdev=12.29
    clat (usec): min=407, max=526652, avg=18807.67, stdev=17616.79
     lat (usec): min=454, max=526685, avg=18860.99, stdev=17616.78
    clat percentiles (usec):
     |  1.00th=[   594],  5.00th=[   775], 10.00th=[  6783], 20.00th=[  9503],
     | 30.00th=[ 10945], 40.00th=[ 12649], 50.00th=[ 14615], 60.00th=[ 16909],
     | 70.00th=[ 19530], 80.00th=[ 23987], 90.00th=[ 32637], 95.00th=[ 47449],
     | 99.00th=[ 95945], 99.50th=[110625], 99.90th=[160433], 99.95th=[189793],
     | 99.99th=[261096]
   bw (  KiB/s): min= 9424, max=42864, per=100.00%, avg=27173.89, stdev=85.00, samples=38305
   iops        : min= 1178, max= 5358, avg=3396.69, stdev=10.62, samples=38305
  lat (usec)   : 500=0.02%, 750=4.73%, 1000=0.91%
  lat (msec)   : 2=0.55%, 4=1.14%, 10=16.35%, 20=47.43%, 50=24.29%
  lat (msec)   : 100=3.79%, 250=0.79%, 500=0.01%, 750=0.01%
  cpu          : usr=0.02%, sys=0.22%, ctx=2005542, majf=0, minf=3674
  IO depths    : 1=100.0%, 2=0.0%, 4=0.0%, 8=0.0%, 16=0.0%, 32=0.0%, >=64=0.0%
     submit    : 0=0.0%, 4=100.0%, 8=0.0%, 16=0.0%, 32=0.0%, 64=0.0%, >=64=0.0%
     complete  : 0=0.0%, 4=100.0%, 8=0.0%, 16=0.0%, 32=0.0%, 64=0.0%, >=64=0.0%
     issued rwts: total=1017906,0,0,0 short=0,0,0,0 dropped=0,0,0,0
     latency   : target=0, window=0, percentile=100.00%, depth=1

Run status group 0 (all jobs):
   READ: bw=26.5MiB/s (27.8MB/s), 26.5MiB/s-26.5MiB/s (27.8MB/s-27.8MB/s), io=7952MiB (8339MB), run=300067-300067msec
