randr: (g=0): rw=randread, bs=(R) 8192B-8192B, (W) 8192B-8192B, (T) 8192B-8192B, ioengine=libaio, iodepth=1
fio-3.18
Starting 1 thread

randr: (groupid=0, jobs=1): err= 0: pid=59444: Fri Feb 21 02:49:54 2020
  read: IOPS=608, BW=4868KiB/s (4985kB/s)(1426MiB/300001msec)
    slat (usec): min=23, max=234, avg=40.29, stdev= 3.97
    clat (usec): min=371, max=228177, avg=1601.69, stdev=4132.44
     lat (usec): min=405, max=228218, avg=1642.11, stdev=4132.54
    clat percentiles (usec):
     |  1.00th=[   498],  5.00th=[   545], 10.00th=[   570], 20.00th=[   603],
     | 30.00th=[   619], 40.00th=[   644], 50.00th=[   668], 60.00th=[   685],
     | 70.00th=[   717], 80.00th=[   758], 90.00th=[   881], 95.00th=[  9896],
     | 99.00th=[ 18482], 99.50th=[ 19530], 99.90th=[ 36963], 99.95th=[ 61604],
     | 99.99th=[106431]
   bw (  KiB/s): min=  816, max=11744, per=100.00%, avg=4869.98, stdev=4263.44, samples=599
   iops        : min=  102, max= 1468, avg=608.75, stdev=532.93, samples=599
  lat (usec)   : 500=1.14%, 750=78.06%, 1000=12.32%
  lat (msec)   : 2=0.96%, 4=0.80%, 10=1.75%, 20=4.57%, 50=0.33%
  lat (msec)   : 100=0.05%, 250=0.02%
  cpu          : usr=0.23%, sys=1.84%, ctx=364633, majf=0, minf=172
  IO depths    : 1=100.0%, 2=0.0%, 4=0.0%, 8=0.0%, 16=0.0%, 32=0.0%, >=64=0.0%
     submit    : 0=0.0%, 4=100.0%, 8=0.0%, 16=0.0%, 32=0.0%, 64=0.0%, >=64=0.0%
     complete  : 0=0.0%, 4=100.0%, 8=0.0%, 16=0.0%, 32=0.0%, 64=0.0%, >=64=0.0%
     issued rwts: total=182566,0,0,0 short=0,0,0,0 dropped=0,0,0,0
     latency   : target=0, window=0, percentile=100.00%, depth=1

Run status group 0 (all jobs):
   READ: bw=4868KiB/s (4985kB/s), 4868KiB/s-4868KiB/s (4985kB/s-4985kB/s), io=1426MiB (1496MB), run=300001-300001msec
