randr: (g=0): rw=randread, bs=(R) 8192B-8192B, (W) 8192B-8192B, (T) 8192B-8192B, ioengine=libaio, iodepth=1
...
fio-3.18
Starting 2 threads

randr: (groupid=0, jobs=2): err= 0: pid=59143: Fri Feb 21 02:44:23 2020
  read: IOPS=996, BW=7973KiB/s (8165kB/s)(2336MiB/300007msec)
    slat (usec): min=21, max=271, avg=43.81, stdev= 5.55
    clat (usec): min=274, max=235657, avg=1961.48, stdev=5541.10
     lat (usec): min=396, max=235700, avg=2005.44, stdev=5540.97
    clat percentiles (usec):
     |  1.00th=[   506],  5.00th=[   553], 10.00th=[   578], 20.00th=[   603],
     | 30.00th=[   627], 40.00th=[   652], 50.00th=[   668], 60.00th=[   693],
     | 70.00th=[   725], 80.00th=[   766], 90.00th=[  2008], 95.00th=[ 12125],
     | 99.00th=[ 19530], 99.50th=[ 26346], 99.90th=[ 74974], 99.95th=[ 96994],
     | 99.99th=[129500]
   bw (  KiB/s): min= 1776, max=18624, per=100.00%, avg=7981.23, stdev=2455.82, samples=1198
   iops        : min=  222, max= 2328, avg=997.65, stdev=306.98, samples=1198
  lat (usec)   : 500=0.83%, 750=75.66%, 1000=12.56%
  lat (msec)   : 2=0.95%, 4=1.06%, 10=3.02%, 20=5.07%, 50=0.63%
  lat (msec)   : 100=0.18%, 250=0.05%
  cpu          : usr=0.16%, sys=1.66%, ctx=586682, majf=0, minf=740
  IO depths    : 1=100.0%, 2=0.0%, 4=0.0%, 8=0.0%, 16=0.0%, 32=0.0%, >=64=0.0%
     submit    : 0=0.0%, 4=100.0%, 8=0.0%, 16=0.0%, 32=0.0%, 64=0.0%, >=64=0.0%
     complete  : 0=0.0%, 4=100.0%, 8=0.0%, 16=0.0%, 32=0.0%, 64=0.0%, >=64=0.0%
     issued rwts: total=299006,0,0,0 short=0,0,0,0 dropped=0,0,0,0
     latency   : target=0, window=0, percentile=100.00%, depth=1

Run status group 0 (all jobs):
   READ: bw=7973KiB/s (8165kB/s), 7973KiB/s-7973KiB/s (8165kB/s-8165kB/s), io=2336MiB (2449MB), run=300007-300007msec
