randr: (g=0): rw=randread, bs=(R) 8192B-8192B, (W) 8192B-8192B, (T) 8192B-8192B, ioengine=libaio, iodepth=1
...
fio-3.18
Starting 2 threads

randr: (groupid=0, jobs=2): err= 0: pid=68913: Fri Feb 21 04:57:19 2020
  read: IOPS=3515, BW=27.5MiB/s (28.8MB/s)(8239MiB/300001msec)
    slat (usec): min=19, max=307, avg=37.72, stdev= 6.70
    clat (usec): min=210, max=240436, avg=529.95, stdev=1894.51
     lat (usec): min=327, max=240476, avg=567.81, stdev=1894.46
    clat percentiles (usec):
     |  1.00th=[   367],  5.00th=[   392], 10.00th=[   408], 20.00th=[   429],
     | 30.00th=[   441], 40.00th=[   457], 50.00th=[   469], 60.00th=[   486],
     | 70.00th=[   502], 80.00th=[   529], 90.00th=[   562], 95.00th=[   603],
     | 99.00th=[   742], 99.50th=[  1844], 99.90th=[  4080], 99.95th=[ 26870],
     | 99.99th=[104334]
   bw (  KiB/s): min=14384, max=32768, per=100.00%, avg=28148.60, stdev=3450.82, samples=1198
   iops        : min= 1798, max= 4096, avg=3518.57, stdev=431.35, samples=1198
  lat (usec)   : 250=0.01%, 500=68.82%, 750=30.21%, 1000=0.28%
  lat (msec)   : 2=0.22%, 4=0.37%, 10=0.05%, 20=0.01%, 50=0.02%
  lat (msec)   : 100=0.02%, 250=0.01%
  cpu          : usr=0.60%, sys=4.99%, ctx=2105639, majf=0, minf=393
  IO depths    : 1=100.0%, 2=0.0%, 4=0.0%, 8=0.0%, 16=0.0%, 32=0.0%, >=64=0.0%
     submit    : 0=0.0%, 4=100.0%, 8=0.0%, 16=0.0%, 32=0.0%, 64=0.0%, >=64=0.0%
     complete  : 0=0.0%, 4=100.0%, 8=0.0%, 16=0.0%, 32=0.0%, 64=0.0%, >=64=0.0%
     issued rwts: total=1054560,0,0,0 short=0,0,0,0 dropped=0,0,0,0
     latency   : target=0, window=0, percentile=100.00%, depth=1

Run status group 0 (all jobs):
   READ: bw=27.5MiB/s (28.8MB/s), 27.5MiB/s-27.5MiB/s (28.8MB/s-28.8MB/s), io=8239MiB (8639MB), run=300001-300001msec
