randr: (g=0): rw=randread, bs=(R) 8192B-8192B, (W) 8192B-8192B, (T) 8192B-8192B, ioengine=libaio, iodepth=1
...
fio-3.18
Starting 4 threads

randr: (groupid=0, jobs=4): err= 0: pid=68541: Fri Feb 21 04:51:48 2020
  read: IOPS=7153, BW=55.9MiB/s (58.6MB/s)(16.4GiB/300002msec)
    slat (usec): min=19, max=388, avg=42.39, stdev= 7.78
    clat (usec): min=148, max=16976, avg=515.41, stdev=203.68
     lat (usec): min=333, max=17020, avg=557.93, stdev=204.05
    clat percentiles (usec):
     |  1.00th=[  379],  5.00th=[  408], 10.00th=[  424], 20.00th=[  449],
     | 30.00th=[  465], 40.00th=[  478], 50.00th=[  494], 60.00th=[  506],
     | 70.00th=[  529], 80.00th=[  553], 90.00th=[  594], 95.00th=[  635],
     | 99.00th=[  783], 99.50th=[ 1795], 99.90th=[ 3851], 99.95th=[ 4228],
     | 99.99th=[ 4686]
   bw (  KiB/s): min=53088, max=61008, per=100.00%, avg=57293.97, stdev=302.82, samples=2396
   iops        : min= 6636, max= 7626, avg=7161.74, stdev=37.85, samples=2396
  lat (usec)   : 250=0.01%, 500=55.13%, 750=43.63%, 1000=0.56%
  lat (msec)   : 2=0.22%, 4=0.38%, 10=0.08%, 20=0.01%
  cpu          : usr=0.62%, sys=5.64%, ctx=4259424, majf=0, minf=1015
  IO depths    : 1=100.0%, 2=0.0%, 4=0.0%, 8=0.0%, 16=0.0%, 32=0.0%, >=64=0.0%
     submit    : 0=0.0%, 4=100.0%, 8=0.0%, 16=0.0%, 32=0.0%, 64=0.0%, >=64=0.0%
     complete  : 0=0.0%, 4=100.0%, 8=0.0%, 16=0.0%, 32=0.0%, 64=0.0%, >=64=0.0%
     issued rwts: total=2146206,0,0,0 short=0,0,0,0 dropped=0,0,0,0
     latency   : target=0, window=0, percentile=100.00%, depth=1

Run status group 0 (all jobs):
   READ: bw=55.9MiB/s (58.6MB/s), 55.9MiB/s-55.9MiB/s (58.6MB/s-58.6MB/s), io=16.4GiB (17.6GB), run=300002-300002msec
