randr: (g=0): rw=randread, bs=(R) 8192B-8192B, (W) 8192B-8192B, (T) 8192B-8192B, ioengine=libaio, iodepth=1
...
fio-3.18
Starting 128 threads

randr: (groupid=0, jobs=128): err= 0: pid=66462: Fri Feb 21 04:24:13 2020
  read: IOPS=37.4k, BW=292MiB/s (306MB/s)(85.6GiB/300012msec)
    slat (usec): min=31, max=18431, avg=2514.84, stdev=2144.34
    clat (nsec): min=621, max=323741k, avg=904539.36, stdev=2028208.17
     lat (usec): min=487, max=324772, avg=3419.75, stdev=2943.77
    clat percentiles (usec):
     |  1.00th=[    3],  5.00th=[  545], 10.00th=[  594], 20.00th=[  644],
     | 30.00th=[  685], 40.00th=[  717], 50.00th=[  758], 60.00th=[  799],
     | 70.00th=[  848], 80.00th=[  922], 90.00th=[ 1090], 95.00th=[ 1303],
     | 99.00th=[ 3621], 99.50th=[ 5014], 99.90th=[31065], 99.95th=[47973],
     | 99.99th=[85459]
   bw (  KiB/s): min=182224, max=469770, per=100.00%, avg=299684.58, stdev=434.42, samples=76544
   iops        : min=22778, max=58721, avg=37460.41, stdev=54.30, samples=76544
  lat (nsec)   : 750=0.01%, 1000=0.01%
  lat (usec)   : 2=0.63%, 4=1.06%, 10=0.09%, 20=0.02%, 50=0.09%
  lat (usec)   : 100=0.25%, 250=0.68%, 500=0.96%, 750=44.81%, 1000=37.59%
  lat (msec)   : 2=11.74%, 4=1.21%, 10=0.65%, 20=0.05%, 50=0.09%
  lat (msec)   : 100=0.04%, 250=0.01%, 500=0.01%
  cpu          : usr=0.12%, sys=25.78%, ctx=32483205, majf=0, minf=73707
  IO depths    : 1=100.0%, 2=0.0%, 4=0.0%, 8=0.0%, 16=0.0%, 32=0.0%, >=64=0.0%
     submit    : 0=0.0%, 4=100.0%, 8=0.0%, 16=0.0%, 32=0.0%, 64=0.0%, >=64=0.0%
     complete  : 0=0.0%, 4=100.0%, 8=0.0%, 16=0.0%, 32=0.0%, 64=0.0%, >=64=0.0%
     issued rwts: total=11220924,0,0,0 short=0,0,0,0 dropped=0,0,0,0
     latency   : target=0, window=0, percentile=100.00%, depth=1

Run status group 0 (all jobs):
   READ: bw=292MiB/s (306MB/s), 292MiB/s-292MiB/s (306MB/s-306MB/s), io=85.6GiB (91.9GB), run=300012-300012msec
