randr: (g=0): rw=randread, bs=(R) 8192B-8192B, (W) 8192B-8192B, (T) 8192B-8192B, ioengine=libaio, iodepth=1
fio-3.18
Starting 1 thread

randr: (groupid=0, jobs=1): err= 0: pid=69204: Fri Feb 21 05:02:50 2020
  read: IOPS=1968, BW=15.4MiB/s (16.1MB/s)(4613MiB/300001msec)
    slat (usec): min=18, max=204, avg=36.83, stdev= 5.42
    clat (usec): min=281, max=16707, avg=470.14, stdev=181.46
     lat (usec): min=326, max=16748, avg=507.10, stdev=181.75
    clat percentiles (usec):
     |  1.00th=[  355],  5.00th=[  379], 10.00th=[  396], 20.00th=[  412],
     | 30.00th=[  429], 40.00th=[  437], 50.00th=[  449], 60.00th=[  465],
     | 70.00th=[  482], 80.00th=[  502], 90.00th=[  529], 95.00th=[  562],
     | 99.00th=[  693], 99.50th=[ 1467], 99.90th=[ 3523], 99.95th=[ 3916],
     | 99.99th=[ 4293]
   bw (  KiB/s): min=14432, max=16992, per=100.00%, avg=15761.04, stdev=441.84, samples=599
   iops        : min= 1804, max= 2124, avg=1970.13, stdev=55.23, samples=599
  lat (usec)   : 500=79.85%, 750=19.37%, 1000=0.17%
  lat (msec)   : 2=0.19%, 4=0.38%, 10=0.03%, 20=0.01%
  cpu          : usr=0.52%, sys=5.52%, ctx=1179936, majf=0, minf=195
  IO depths    : 1=100.0%, 2=0.0%, 4=0.0%, 8=0.0%, 16=0.0%, 32=0.0%, >=64=0.0%
     submit    : 0=0.0%, 4=100.0%, 8=0.0%, 16=0.0%, 32=0.0%, 64=0.0%, >=64=0.0%
     complete  : 0=0.0%, 4=100.0%, 8=0.0%, 16=0.0%, 32=0.0%, 64=0.0%, >=64=0.0%
     issued rwts: total=590455,0,0,0 short=0,0,0,0 dropped=0,0,0,0
     latency   : target=0, window=0, percentile=100.00%, depth=1

Run status group 0 (all jobs):
   READ: bw=15.4MiB/s (16.1MB/s), 15.4MiB/s-15.4MiB/s (16.1MB/s-16.1MB/s), io=4613MiB (4837MB), run=300001-300001msec
