seqr: (g=0): rw=read, bs=(R) 64.0KiB-64.0KiB, (W) 64.0KiB-64.0KiB, (T) 64.0KiB-64.0KiB, ioengine=libaio, iodepth=1
...
fio-3.18
Starting 2 threads

seqr: (groupid=0, jobs=2): err= 0: pid=52903: Fri Feb 21 01:08:42 2020
  read: IOPS=2488, BW=156MiB/s (163MB/s)(45.6GiB/300001msec)
    slat (usec): min=20, max=244, avg=43.79, stdev= 5.56
    clat (usec): min=450, max=25077, avg=758.73, stdev=233.37
     lat (usec): min=493, max=25127, avg=802.67, stdev=233.81
    clat percentiles (usec):
     |  1.00th=[  562],  5.00th=[  611], 10.00th=[  627], 20.00th=[  660],
     | 30.00th=[  685], 40.00th=[  701], 50.00th=[  725], 60.00th=[  750],
     | 70.00th=[  783], 80.00th=[  816], 90.00th=[  881], 95.00th=[  955],
     | 99.00th=[ 1205], 99.50th=[ 2180], 99.90th=[ 4228], 99.95th=[ 4555],
     | 99.99th=[ 4948]
   bw (  KiB/s): min=150400, max=167040, per=100.00%, avg=159407.01, stdev=1362.87, samples=1198
   iops        : min= 2350, max= 2610, avg=2490.73, stdev=21.29, samples=1198
  lat (usec)   : 500=0.02%, 750=60.18%, 1000=36.30%
  lat (msec)   : 2=2.97%, 4=0.39%, 10=0.14%, 20=0.01%, 50=0.01%
  cpu          : usr=0.40%, sys=4.19%, ctx=1483461, majf=0, minf=354
  IO depths    : 1=100.0%, 2=0.0%, 4=0.0%, 8=0.0%, 16=0.0%, 32=0.0%, >=64=0.0%
     submit    : 0=0.0%, 4=100.0%, 8=0.0%, 16=0.0%, 32=0.0%, 64=0.0%, >=64=0.0%
     complete  : 0=0.0%, 4=100.0%, 8=0.0%, 16=0.0%, 32=0.0%, 64=0.0%, >=64=0.0%
     issued rwts: total=746450,0,0,0 short=0,0,0,0 dropped=0,0,0,0
     latency   : target=0, window=0, percentile=100.00%, depth=1

Run status group 0 (all jobs):
   READ: bw=156MiB/s (163MB/s), 156MiB/s-156MiB/s (163MB/s-163MB/s), io=45.6GiB (48.9GB), run=300001-300001msec
