seqr: (g=0): rw=read, bs=(R) 64.0KiB-64.0KiB, (W) 64.0KiB-64.0KiB, (T) 64.0KiB-64.0KiB, ioengine=libaio, iodepth=1
...
fio-3.18
Starting 2 threads

seqr: (groupid=0, jobs=2): err= 0: pid=62695: Fri Feb 21 03:28:31 2020
  read: IOPS=2643, BW=165MiB/s (173MB/s)(48.4GiB/300001msec)
    slat (usec): min=20, max=293, avg=42.51, stdev= 8.35
    clat (usec): min=441, max=8075, avg=711.93, stdev=194.79
     lat (usec): min=479, max=8118, avg=754.59, stdev=195.04
    clat percentiles (usec):
     |  1.00th=[  553],  5.00th=[  594], 10.00th=[  611], 20.00th=[  635],
     | 30.00th=[  660], 40.00th=[  676], 50.00th=[  693], 60.00th=[  709],
     | 70.00th=[  725], 80.00th=[  758], 90.00th=[  799], 95.00th=[  848],
     | 99.00th=[  988], 99.50th=[ 1811], 99.90th=[ 3884], 99.95th=[ 4178],
     | 99.99th=[ 4555]
   bw (  KiB/s): min=155776, max=178688, per=100.00%, avg=169378.55, stdev=1635.06, samples=1198
   iops        : min= 2434, max= 2792, avg=2646.54, stdev=25.55, samples=1198
  lat (usec)   : 500=0.03%, 750=78.40%, 1000=20.65%
  lat (msec)   : 2=0.46%, 4=0.39%, 10=0.08%
  cpu          : usr=0.56%, sys=4.23%, ctx=1578036, majf=0, minf=1103
  IO depths    : 1=100.0%, 2=0.0%, 4=0.0%, 8=0.0%, 16=0.0%, 32=0.0%, >=64=0.0%
     submit    : 0=0.0%, 4=100.0%, 8=0.0%, 16=0.0%, 32=0.0%, 64=0.0%, >=64=0.0%
     complete  : 0=0.0%, 4=100.0%, 8=0.0%, 16=0.0%, 32=0.0%, 64=0.0%, >=64=0.0%
     issued rwts: total=793157,0,0,0 short=0,0,0,0 dropped=0,0,0,0
     latency   : target=0, window=0, percentile=100.00%, depth=1

Run status group 0 (all jobs):
   READ: bw=165MiB/s (173MB/s), 165MiB/s-165MiB/s (173MB/s-173MB/s), io=48.4GiB (51.0GB), run=300001-300001msec
