seqr: (g=0): rw=read, bs=(R) 64.0KiB-64.0KiB, (W) 64.0KiB-64.0KiB, (T) 64.0KiB-64.0KiB, ioengine=libaio, iodepth=1
...
fio-3.18
Starting 64 threads

seqr: (groupid=0, jobs=64): err= 0: pid=60278: Fri Feb 21 03:00:56 2020
  read: IOPS=17.9k, BW=1116MiB/s (1170MB/s)(327GiB/300006msec)
    slat (usec): min=21, max=2732, avg=59.92, stdev=21.85
    clat (usec): min=693, max=34236, avg=3521.73, stdev=397.21
     lat (usec): min=732, max=34289, avg=3581.86, stdev=397.29
    clat percentiles (usec):
     |  1.00th=[ 3130],  5.00th=[ 3261], 10.00th=[ 3294], 20.00th=[ 3359],
     | 30.00th=[ 3392], 40.00th=[ 3425], 50.00th=[ 3458], 60.00th=[ 3490],
     | 70.00th=[ 3523], 80.00th=[ 3589], 90.00th=[ 3654], 95.00th=[ 3818],
     | 99.00th=[ 5538], 99.50th=[ 6128], 99.90th=[ 7635], 99.95th=[ 8029],
     | 99.99th=[ 8979]
   bw (  MiB/s): min= 1057, max= 1151, per=100.00%, avg=1117.63, stdev= 0.26, samples=38272
   iops        : min=16916, max=18424, avg=17882.03, stdev= 4.21, samples=38272
  lat (usec)   : 750=0.01%, 1000=0.01%
  lat (msec)   : 2=0.01%, 4=96.23%, 10=3.77%, 20=0.01%, 50=0.01%
  cpu          : usr=0.09%, sys=1.35%, ctx=10224615, majf=0, minf=28304
  IO depths    : 1=100.0%, 2=0.0%, 4=0.0%, 8=0.0%, 16=0.0%, 32=0.0%, >=64=0.0%
     submit    : 0=0.0%, 4=100.0%, 8=0.0%, 16=0.0%, 32=0.0%, 64=0.0%, >=64=0.0%
     complete  : 0=0.0%, 4=100.0%, 8=0.0%, 16=0.0%, 32=0.0%, 64=0.0%, >=64=0.0%
     issued rwts: total=5357631,0,0,0 short=0,0,0,0 dropped=0,0,0,0
     latency   : target=0, window=0, percentile=100.00%, depth=1

Run status group 0 (all jobs):
   READ: bw=1116MiB/s (1170MB/s), 1116MiB/s-1116MiB/s (1170MB/s-1170MB/s), io=327GiB (351GB), run=300006-300006msec
