seqr: (g=0): rw=read, bs=(R) 64.0KiB-64.0KiB, (W) 64.0KiB-64.0KiB, (T) 64.0KiB-64.0KiB, ioengine=libaio, iodepth=1
fio-3.18
Starting 1 thread

seqr: (groupid=0, jobs=1): err= 0: pid=53249: Fri Feb 21 01:14:14 2020
  read: IOPS=1010, BW=63.1MiB/s (66.2MB/s)(18.5GiB/300013msec)
    slat (usec): min=20, max=241, avg=42.92, stdev= 4.72
    clat (usec): min=444, max=244216, avg=945.67, stdev=3323.35
     lat (usec): min=510, max=244267, avg=988.73, stdev=3323.49
    clat percentiles (usec):
     |  1.00th=[   570],  5.00th=[   611], 10.00th=[   627], 20.00th=[   660],
     | 30.00th=[   676], 40.00th=[   701], 50.00th=[   717], 60.00th=[   742],
     | 70.00th=[   766], 80.00th=[   807], 90.00th=[   873], 95.00th=[   955],
     | 99.00th=[  2442], 99.50th=[  9110], 99.90th=[ 57934], 99.95th=[ 73925],
     | 99.99th=[113771]
   bw (  KiB/s): min= 4352, max=83968, per=100.00%, avg=64712.38, stdev=26559.63, samples=599
   iops        : min=   68, max= 1312, avg=1011.13, stdev=414.99, samples=599
  lat (usec)   : 500=0.01%, 750=63.97%, 1000=32.08%
  lat (msec)   : 2=2.85%, 4=0.39%, 10=0.21%, 20=0.13%, 50=0.22%
  lat (msec)   : 100=0.13%, 250=0.02%
  cpu          : usr=0.37%, sys=3.24%, ctx=603530, majf=0, minf=193
  IO depths    : 1=100.0%, 2=0.0%, 4=0.0%, 8=0.0%, 16=0.0%, 32=0.0%, >=64=0.0%
     submit    : 0=0.0%, 4=100.0%, 8=0.0%, 16=0.0%, 32=0.0%, 64=0.0%, >=64=0.0%
     complete  : 0=0.0%, 4=100.0%, 8=0.0%, 16=0.0%, 32=0.0%, 64=0.0%, >=64=0.0%
     issued rwts: total=303053,0,0,0 short=0,0,0,0 dropped=0,0,0,0
     latency   : target=0, window=0, percentile=100.00%, depth=1

Run status group 0 (all jobs):
   READ: bw=63.1MiB/s (66.2MB/s), 63.1MiB/s-63.1MiB/s (66.2MB/s-66.2MB/s), io=18.5GiB (19.9GB), run=300013-300013msec
