seqr: (g=0): rw=read, bs=(R) 64.0KiB-64.0KiB, (W) 64.0KiB-64.0KiB, (T) 64.0KiB-64.0KiB, ioengine=libaio, iodepth=1
...
fio-3.18
Starting 4 threads

seqr: (groupid=0, jobs=4): err= 0: pid=62368: Fri Feb 21 03:23:00 2020
  read: IOPS=4969, BW=311MiB/s (326MB/s)(90.0GiB/300001msec)
    slat (usec): min=19, max=638, avg=45.65, stdev= 7.54
    clat (usec): min=288, max=183622, avg=757.58, stdev=1132.83
     lat (usec): min=478, max=183655, avg=803.35, stdev=1132.69
    clat percentiles (usec):
     |  1.00th=[  553],  5.00th=[  603], 10.00th=[  619], 20.00th=[  652],
     | 30.00th=[  668], 40.00th=[  693], 50.00th=[  709], 60.00th=[  725],
     | 70.00th=[  750], 80.00th=[  783], 90.00th=[  832], 95.00th=[  881],
     | 99.00th=[ 1106], 99.50th=[ 2606], 99.90th=[ 4555], 99.95th=[19530],
     | 99.99th=[57410]
   bw (  KiB/s): min=234240, max=347648, per=100.00%, avg=318380.02, stdev=12641.51, samples=2396
   iops        : min= 3660, max= 5432, avg=4974.68, stdev=197.52, samples=2396
  lat (usec)   : 500=0.04%, 750=70.11%, 1000=28.31%
  lat (msec)   : 2=0.92%, 4=0.42%, 10=0.12%, 20=0.02%, 50=0.03%
  lat (msec)   : 100=0.01%, 250=0.01%
  cpu          : usr=0.38%, sys=4.39%, ctx=2950130, majf=0, minf=1899
  IO depths    : 1=100.0%, 2=0.0%, 4=0.0%, 8=0.0%, 16=0.0%, 32=0.0%, >=64=0.0%
     submit    : 0=0.0%, 4=100.0%, 8=0.0%, 16=0.0%, 32=0.0%, 64=0.0%, >=64=0.0%
     complete  : 0=0.0%, 4=100.0%, 8=0.0%, 16=0.0%, 32=0.0%, 64=0.0%, >=64=0.0%
     issued rwts: total=1490891,0,0,0 short=0,0,0,0 dropped=0,0,0,0
     latency   : target=0, window=0, percentile=100.00%, depth=1

Run status group 0 (all jobs):
   READ: bw=311MiB/s (326MB/s), 311MiB/s-311MiB/s (326MB/s-326MB/s), io=90.0GiB (97.7GB), run=300001-300001msec
