seqr: (g=0): rw=read, bs=(R) 64.0KiB-64.0KiB, (W) 64.0KiB-64.0KiB, (T) 64.0KiB-64.0KiB, ioengine=libaio, iodepth=1
...
fio-3.18
Starting 16 threads

seqr: (groupid=0, jobs=16): err= 0: pid=61284: Fri Feb 21 03:11:58 2020
  read: IOPS=16.0k, BW=1000MiB/s (1049MB/s)(293GiB/300004msec)
    slat (usec): min=19, max=1631, avg=51.94, stdev=17.12
    clat (usec): min=2, max=314869, avg=946.00, stdev=1597.17
     lat (usec): min=537, max=314919, avg=998.11, stdev=1597.33
    clat percentiles (usec):
     |  1.00th=[  644],  5.00th=[  701], 10.00th=[  734], 20.00th=[  775],
     | 30.00th=[  807], 40.00th=[  840], 50.00th=[  873], 60.00th=[  906],
     | 70.00th=[  938], 80.00th=[  988], 90.00th=[ 1057], 95.00th=[ 1139],
     | 99.00th=[ 1778], 99.50th=[ 3425], 99.90th=[ 6587], 99.95th=[33817],
     | 99.99th=[81265]
   bw (  KiB/s): min=704256, max=1161984, per=100.00%, avg=1025543.12, stdev=11293.42, samples=9568
   iops        : min=11004, max=18156, avg=16024.10, stdev=176.46, samples=9568
  lat (usec)   : 4=0.01%, 10=0.01%, 20=0.01%, 50=0.01%, 250=0.01%
  lat (usec)   : 500=0.01%, 750=13.88%, 1000=68.23%
  lat (msec)   : 2=16.97%, 4=0.58%, 10=0.26%, 20=0.02%, 50=0.04%
  lat (msec)   : 100=0.03%, 250=0.01%, 500=0.01%
  cpu          : usr=0.30%, sys=4.36%, ctx=8461729, majf=0, minf=12165
  IO depths    : 1=100.0%, 2=0.0%, 4=0.0%, 8=0.0%, 16=0.0%, 32=0.0%, >=64=0.0%
     submit    : 0=0.0%, 4=100.0%, 8=0.0%, 16=0.0%, 32=0.0%, 64=0.0%, >=64=0.0%
     complete  : 0=0.0%, 4=100.0%, 8=0.0%, 16=0.0%, 32=0.0%, 64=0.0%, >=64=0.0%
     issued rwts: total=4801930,0,0,0 short=0,0,0,0 dropped=0,0,0,0
     latency   : target=0, window=0, percentile=100.00%, depth=1

Run status group 0 (all jobs):
   READ: bw=1000MiB/s (1049MB/s), 1000MiB/s-1000MiB/s (1049MB/s-1049MB/s), io=293GiB (315GB), run=300004-300004msec
