seqr: (g=0): rw=read, bs=(R) 64.0KiB-64.0KiB, (W) 64.0KiB-64.0KiB, (T) 64.0KiB-64.0KiB, ioengine=libaio, iodepth=1
...
fio-3.18
Starting 4 threads

seqr: (groupid=0, jobs=4): err= 0: pid=52470: Fri Feb 21 01:03:11 2020
  read: IOPS=4813, BW=301MiB/s (315MB/s)(88.1GiB/300002msec)
    slat (usec): min=19, max=545, avg=44.70, stdev= 8.60
    clat (usec): min=256, max=18601, avg=784.84, stdev=247.72
     lat (usec): min=490, max=18653, avg=829.68, stdev=248.29
    clat percentiles (usec):
     |  1.00th=[  578],  5.00th=[  619], 10.00th=[  644], 20.00th=[  676],
     | 30.00th=[  701], 40.00th=[  725], 50.00th=[  750], 60.00th=[  775],
     | 70.00th=[  807], 80.00th=[  857], 90.00th=[  930], 95.00th=[ 1004],
     | 99.00th=[ 1237], 99.50th=[ 2474], 99.90th=[ 4424], 99.95th=[ 4686],
     | 99.99th=[ 5211]
   bw (  KiB/s): min=290688, max=324608, per=100.00%, avg=308376.47, stdev=1331.88, samples=2396
   iops        : min= 4542, max= 5072, avg=4818.38, stdev=20.81, samples=2396
  lat (usec)   : 500=0.01%, 750=50.93%, 1000=43.95%
  lat (msec)   : 2=4.54%, 4=0.41%, 10=0.17%, 20=0.01%
  cpu          : usr=0.37%, sys=4.29%, ctx=2767262, majf=0, minf=2958
  IO depths    : 1=100.0%, 2=0.0%, 4=0.0%, 8=0.0%, 16=0.0%, 32=0.0%, >=64=0.0%
     submit    : 0=0.0%, 4=100.0%, 8=0.0%, 16=0.0%, 32=0.0%, 64=0.0%, >=64=0.0%
     complete  : 0=0.0%, 4=100.0%, 8=0.0%, 16=0.0%, 32=0.0%, 64=0.0%, >=64=0.0%
     issued rwts: total=1443962,0,0,0 short=0,0,0,0 dropped=0,0,0,0
     latency   : target=0, window=0, percentile=100.00%, depth=1

Run status group 0 (all jobs):
   READ: bw=301MiB/s (315MB/s), 301MiB/s-301MiB/s (315MB/s-315MB/s), io=88.1GiB (94.6GB), run=300002-300002msec
