seqr: (g=0): rw=read, bs=(R) 64.0KiB-64.0KiB, (W) 64.0KiB-64.0KiB, (T) 64.0KiB-64.0KiB, ioengine=libaio, iodepth=1
...
fio-3.18
Starting 8 threads

seqr: (groupid=0, jobs=8): err= 0: pid=62062: Fri Feb 21 03:17:29 2020
  read: IOPS=9175, BW=573MiB/s (601MB/s)(168GiB/300001msec)
    slat (usec): min=19, max=935, avg=45.76, stdev=13.35
    clat (usec): min=3, max=203951, avg=824.48, stdev=1415.52
     lat (usec): min=485, max=203998, avg=870.38, stdev=1415.72
    clat percentiles (usec):
     |  1.00th=[  578],  5.00th=[  619], 10.00th=[  644], 20.00th=[  676],
     | 30.00th=[  701], 40.00th=[  725], 50.00th=[  750], 60.00th=[  775],
     | 70.00th=[  807], 80.00th=[  848], 90.00th=[  914], 95.00th=[  979],
     | 99.00th=[ 1287], 99.50th=[ 3032], 99.90th=[13566], 99.95th=[35390],
     | 99.99th=[66323]
   bw (  KiB/s): min=374016, max=670336, per=100.00%, avg=587858.70, stdev=14344.11, samples=4792
   iops        : min= 5844, max=10474, avg=9185.28, stdev=224.13, samples=4792
  lat (usec)   : 4=0.01%, 10=0.01%, 20=0.01%, 50=0.01%, 100=0.01%
  lat (usec)   : 250=0.01%, 500=0.01%, 750=49.42%, 1000=46.71%
  lat (msec)   : 2=3.10%, 4=0.47%, 10=0.17%, 20=0.03%, 50=0.06%
  lat (msec)   : 100=0.02%, 250=0.01%
  cpu          : usr=0.39%, sys=4.40%, ctx=4771414, majf=0, minf=21900
  IO depths    : 1=100.0%, 2=0.0%, 4=0.0%, 8=0.0%, 16=0.0%, 32=0.0%, >=64=0.0%
     submit    : 0=0.0%, 4=100.0%, 8=0.0%, 16=0.0%, 32=0.0%, 64=0.0%, >=64=0.0%
     complete  : 0=0.0%, 4=100.0%, 8=0.0%, 16=0.0%, 32=0.0%, 64=0.0%, >=64=0.0%
     issued rwts: total=2752639,0,0,0 short=0,0,0,0 dropped=0,0,0,0
     latency   : target=0, window=0, percentile=100.00%, depth=1

Run status group 0 (all jobs):
   READ: bw=573MiB/s (601MB/s), 573MiB/s-573MiB/s (601MB/s-601MB/s), io=168GiB (180GB), run=300001-300001msec
