seqw: (g=0): rw=write, bs=(R) 64.0KiB-64.0KiB, (W) 64.0KiB-64.0KiB, (T) 64.0KiB-64.0KiB, ioengine=libaio, iodepth=1
...
fio-3.18
Starting 128 threads

seqw: (groupid=0, jobs=128): err= 0: pid=63356: Fri Feb 21 03:39:34 2020
  write: IOPS=13.0k, BW=873MiB/s (915MB/s)(256GiB/300122msec)
    slat (usec): min=28, max=5973, avg=167.33, stdev=143.45
    clat (usec): min=2, max=11791k, avg=8994.01, stdev=52258.25
     lat (usec): min=893, max=11791k, avg=9161.57, stdev=52258.41
    clat percentiles (usec):
     |  1.00th=[   1729],  5.00th=[   2409], 10.00th=[   2835],
     | 20.00th=[   3490], 30.00th=[   4113], 40.00th=[   4817],
     | 50.00th=[   5538], 60.00th=[   6325], 70.00th=[   7111],
     | 80.00th=[   8291], 90.00th=[  11731], 95.00th=[  23462],
     | 99.00th=[  69731], 99.50th=[  89654], 99.90th=[ 177210],
     | 99.95th=[ 325059], 99.99th=[1988101]
   bw (  KiB/s): min=209004, max=1550820, per=100.00%, avg=900311.34, stdev=1994.05, samples=72243
   iops        : min= 3264, max=24231, avg=14067.02, stdev=31.16, samples=72243
  lat (usec)   : 4=0.01%, 10=0.01%, 250=0.01%, 500=0.01%, 750=0.01%
  lat (usec)   : 1000=0.01%
  lat (msec)   : 2=2.07%, 4=26.08%, 10=58.84%, 20=7.23%, 50=3.79%
  lat (msec)   : 100=1.61%, 250=0.31%, 500=0.03%, 750=0.01%, 1000=0.01%
  lat (msec)   : 2000=0.01%, >=2000=0.01%
  cpu          : usr=0.05%, sys=1.26%, ctx=8655718, majf=0, minf=123973
  IO depths    : 1=100.0%, 2=0.0%, 4=0.0%, 8=0.0%, 16=0.0%, 32=0.0%, >=64=0.0%
     submit    : 0=0.0%, 4=100.0%, 8=0.0%, 16=0.0%, 32=0.0%, 64=0.0%, >=64=0.0%
     complete  : 0=0.0%, 4=100.0%, 8=0.0%, 16=0.0%, 32=0.0%, 64=0.0%, >=64=0.0%
     issued rwts: total=0,4190697,0,0 short=0,0,0,0 dropped=0,0,0,0
     latency   : target=0, window=0, percentile=100.00%, depth=1

Run status group 0 (all jobs):
  WRITE: bw=873MiB/s (915MB/s), 873MiB/s-873MiB/s (915MB/s-915MB/s), io=256GiB (275GB), run=300122-300122msec
