seqw: (g=0): rw=write, bs=(R) 64.0KiB-64.0KiB, (W) 64.0KiB-64.0KiB, (T) 64.0KiB-64.0KiB, ioengine=libaio, iodepth=1
fio-3.18
Starting 1 thread

seqw: (groupid=0, jobs=1): err= 0: pid=56153: Fri Feb 21 01:58:47 2020
  write: IOPS=589, BW=36.9MiB/s (38.7MB/s)(10.8GiB/300001msec)
    slat (usec): min=26, max=186, avg=33.50, stdev= 3.35
    clat (usec): min=775, max=363274, avg=1660.24, stdev=8199.59
     lat (usec): min=803, max=363308, avg=1693.88, stdev=8199.69
    clat percentiles (usec):
     |  1.00th=[   857],  5.00th=[   889], 10.00th=[   914], 20.00th=[   947],
     | 30.00th=[   988], 40.00th=[  1020], 50.00th=[  1057], 60.00th=[  1090],
     | 70.00th=[  1156], 80.00th=[  1287], 90.00th=[  1483], 95.00th=[  2147],
     | 99.00th=[  4621], 99.50th=[  5669], 99.90th=[154141], 99.95th=[187696],
     | 99.99th=[235930]
   bw (  KiB/s): min=  256, max=55680, per=100.00%, avg=37782.13, stdev=20360.66, samples=599
   iops        : min=    4, max=  870, avg=590.35, stdev=318.14, samples=599
  lat (usec)   : 1000=34.20%
  lat (msec)   : 2=60.19%, 4=4.14%, 10=1.04%, 20=0.02%, 50=0.06%
  lat (msec)   : 100=0.11%, 250=0.22%, 500=0.01%
  cpu          : usr=0.31%, sys=1.96%, ctx=176985, majf=0, minf=73
  IO depths    : 1=100.0%, 2=0.0%, 4=0.0%, 8=0.0%, 16=0.0%, 32=0.0%, >=64=0.0%
     submit    : 0=0.0%, 4=100.0%, 8=0.0%, 16=0.0%, 32=0.0%, 64=0.0%, >=64=0.0%
     complete  : 0=0.0%, 4=100.0%, 8=0.0%, 16=0.0%, 32=0.0%, 64=0.0%, >=64=0.0%
     issued rwts: total=0,176983,0,0 short=0,0,0,0 dropped=0,0,0,0
     latency   : target=0, window=0, percentile=100.00%, depth=1

Run status group 0 (all jobs):
  WRITE: bw=36.9MiB/s (38.7MB/s), 36.9MiB/s-36.9MiB/s (38.7MB/s-38.7MB/s), io=10.8GiB (11.6GB), run=300001-300001msec
