seqw: (g=0): rw=write, bs=(R) 64.0KiB-64.0KiB, (W) 64.0KiB-64.0KiB, (T) 64.0KiB-64.0KiB, ioengine=libaio, iodepth=1
...
fio-3.18
Starting 32 threads

seqw: (groupid=0, jobs=32): err= 0: pid=54442: Fri Feb 21 01:30:53 2020
  write: IOPS=7053, BW=441MiB/s (462MB/s)(129GiB/300017msec)
    slat (usec): min=24, max=1474, avg=100.60, stdev=38.05
    clat (usec): min=127, max=678140, avg=4434.05, stdev=16200.23
     lat (usec): min=833, max=678224, avg=4534.87, stdev=16200.37
    clat percentiles (usec):
     |  1.00th=[   979],  5.00th=[  1106], 10.00th=[  1205], 20.00th=[  1369],
     | 30.00th=[  1532], 40.00th=[  1696], 50.00th=[  1860], 60.00th=[  2089],
     | 70.00th=[  2507], 80.00th=[  4047], 90.00th=[  5342], 95.00th=[  6325],
     | 99.00th=[ 76022], 99.50th=[126354], 99.90th=[227541], 99.95th=[265290],
     | 99.99th=[346031]
   bw (  KiB/s): min= 6144, max=1255168, per=100.00%, avg=451720.56, stdev=9153.88, samples=19139
   iops        : min=   96, max=19612, avg=7058.11, stdev=143.03, samples=19139
  lat (usec)   : 250=0.01%, 500=0.01%, 750=0.01%, 1000=1.48%
  lat (msec)   : 2=55.12%, 4=23.25%, 10=17.39%, 20=0.60%, 50=0.67%
  lat (msec)   : 100=0.76%, 250=0.66%, 500=0.07%, 750=0.01%
  cpu          : usr=0.09%, sys=1.22%, ctx=4104653, majf=0, minf=52438
  IO depths    : 1=100.0%, 2=0.0%, 4=0.0%, 8=0.0%, 16=0.0%, 32=0.0%, >=64=0.0%
     submit    : 0=0.0%, 4=100.0%, 8=0.0%, 16=0.0%, 32=0.0%, 64=0.0%, >=64=0.0%
     complete  : 0=0.0%, 4=100.0%, 8=0.0%, 16=0.0%, 32=0.0%, 64=0.0%, >=64=0.0%
     issued rwts: total=0,2116173,0,0 short=0,0,0,0 dropped=0,0,0,0
     latency   : target=0, window=0, percentile=100.00%, depth=1

Run status group 0 (all jobs):
  WRITE: bw=441MiB/s (462MB/s), 441MiB/s-441MiB/s (462MB/s-462MB/s), io=129GiB (139GB), run=300017-300017msec
