seqw: (g=0): rw=write, bs=(R) 64.0KiB-64.0KiB, (W) 64.0KiB-64.0KiB, (T) 64.0KiB-64.0KiB, ioengine=libaio, iodepth=1
...
fio-3.18
Starting 2 threads

seqw: (groupid=0, jobs=2): err= 0: pid=55783: Fri Feb 21 01:53:13 2020
  write: IOPS=1011, BW=63.2MiB/s (66.3MB/s)(18.5GiB/300001msec)
    slat (usec): min=24, max=379, avg=37.22, stdev= 5.94
    clat (usec): min=762, max=425618, avg=1939.29, stdev=9941.24
     lat (usec): min=815, max=425657, avg=1976.65, stdev=9941.38
    clat percentiles (usec):
     |  1.00th=[   865],  5.00th=[   906], 10.00th=[   930], 20.00th=[   971],
     | 30.00th=[  1004], 40.00th=[  1037], 50.00th=[  1074], 60.00th=[  1123],
     | 70.00th=[  1205], 80.00th=[  1369], 90.00th=[  1582], 95.00th=[  2245],
     | 99.00th=[  5145], 99.50th=[ 55837], 99.90th=[170918], 99.95th=[206570],
     | 99.99th=[265290]
   bw (  KiB/s): min=  256, max=109184, per=100.00%, avg=64765.68, stdev=20688.36, samples=1198
   iops        : min=    4, max= 1706, avg=1011.96, stdev=323.26, samples=1198
  lat (usec)   : 1000=28.98%
  lat (msec)   : 2=64.84%, 4=4.12%, 10=1.39%, 20=0.04%, 50=0.10%
  lat (msec)   : 100=0.20%, 250=0.30%, 500=0.02%
  cpu          : usr=0.18%, sys=1.97%, ctx=305363, majf=0, minf=393
  IO depths    : 1=100.0%, 2=0.0%, 4=0.0%, 8=0.0%, 16=0.0%, 32=0.0%, >=64=0.0%
     submit    : 0=0.0%, 4=100.0%, 8=0.0%, 16=0.0%, 32=0.0%, 64=0.0%, >=64=0.0%
     complete  : 0=0.0%, 4=100.0%, 8=0.0%, 16=0.0%, 32=0.0%, 64=0.0%, >=64=0.0%
     issued rwts: total=0,303343,0,0 short=0,0,0,0 dropped=0,0,0,0
     latency   : target=0, window=0, percentile=100.00%, depth=1

Run status group 0 (all jobs):
  WRITE: bw=63.2MiB/s (66.3MB/s), 63.2MiB/s-63.2MiB/s (66.3MB/s-66.3MB/s), io=18.5GiB (19.9GB), run=300001-300001msec
