seqw: (g=0): rw=write, bs=(R) 64.0KiB-64.0KiB, (W) 64.0KiB-64.0KiB, (T) 64.0KiB-64.0KiB, ioengine=libaio, iodepth=1
fio-3.18
Starting 1 thread

seqw: (groupid=0, jobs=1): err= 0: pid=66081: Fri Feb 21 04:18:38 2020
  write: IOPS=870, BW=54.4MiB/s (57.0MB/s)(15.9GiB/300001msec)
    slat (usec): min=27, max=185, avg=33.73, stdev= 2.35
    clat (usec): min=779, max=123254, avg=1113.91, stdev=1019.29
     lat (usec): min=812, max=123290, avg=1147.78, stdev=1019.35
    clat percentiles (usec):
     |  1.00th=[  848],  5.00th=[  881], 10.00th=[  906], 20.00th=[  955],
     | 30.00th=[  979], 40.00th=[ 1004], 50.00th=[ 1020], 60.00th=[ 1045],
     | 70.00th=[ 1074], 80.00th=[ 1123], 90.00th=[ 1221], 95.00th=[ 1336],
     | 99.00th=[ 3326], 99.50th=[ 4359], 99.90th=[ 5080], 99.95th=[ 5997],
     | 99.99th=[50594]
   bw (  KiB/s): min=39424, max=60416, per=100.00%, avg=55757.45, stdev=3158.82, samples=599
   iops        : min=  616, max=  944, avg=871.21, stdev=49.36, samples=599
  lat (usec)   : 1000=38.87%
  lat (msec)   : 2=58.43%, 4=2.05%, 10=0.62%, 20=0.01%, 50=0.02%
  lat (msec)   : 100=0.01%, 250=0.01%
  cpu          : usr=0.36%, sys=3.02%, ctx=261117, majf=0, minf=73
  IO depths    : 1=100.0%, 2=0.0%, 4=0.0%, 8=0.0%, 16=0.0%, 32=0.0%, >=64=0.0%
     submit    : 0=0.0%, 4=100.0%, 8=0.0%, 16=0.0%, 32=0.0%, 64=0.0%, >=64=0.0%
     complete  : 0=0.0%, 4=100.0%, 8=0.0%, 16=0.0%, 32=0.0%, 64=0.0%, >=64=0.0%
     issued rwts: total=0,261113,0,0 short=0,0,0,0 dropped=0,0,0,0
     latency   : target=0, window=0, percentile=100.00%, depth=1

Run status group 0 (all jobs):
  WRITE: bw=54.4MiB/s (57.0MB/s), 54.4MiB/s-54.4MiB/s (57.0MB/s-57.0MB/s), io=15.9GiB (17.1GB), run=300001-300001msec
