seqw: (g=0): rw=write, bs=(R) 64.0KiB-64.0KiB, (W) 64.0KiB-64.0KiB, (T) 64.0KiB-64.0KiB, ioengine=libaio, iodepth=1
...
fio-3.18
Starting 64 threads

seqw: (groupid=0, jobs=64): err= 0: pid=63817: Fri Feb 21 03:45:08 2020
  write: IOPS=12.1k, BW=757MiB/s (793MB/s)(222GiB/300223msec)
    slat (usec): min=26, max=2840, avg=137.07, stdev=88.34
    clat (usec): min=2, max=1567.1k, avg=5144.27, stdev=9218.30
     lat (usec): min=861, max=1567.2k, avg=5281.57, stdev=9220.46
    clat percentiles (usec):
     |  1.00th=[  1319],  5.00th=[  1811], 10.00th=[  2073], 20.00th=[  2474],
     | 30.00th=[  2835], 40.00th=[  3228], 50.00th=[  3752], 60.00th=[  4555],
     | 70.00th=[  5342], 80.00th=[  6128], 90.00th=[  7242], 95.00th=[  9110],
     | 99.00th=[ 33817], 99.50th=[ 53216], 99.90th=[112722], 99.95th=[162530],
     | 99.99th=[287310]
   bw (  KiB/s): min=248448, max=1163776, per=100.00%, avg=777075.08, stdev=2551.11, samples=38233
   iops        : min= 3882, max=18184, avg=12141.74, stdev=39.86, samples=38233
  lat (usec)   : 4=0.01%, 50=0.01%, 250=0.01%, 750=0.01%, 1000=0.05%
  lat (msec)   : 2=8.24%, 4=45.33%, 10=42.21%, 20=2.36%, 50=1.26%
  lat (msec)   : 100=0.43%, 250=0.11%, 500=0.01%, 750=0.01%, 1000=0.01%
  lat (msec)   : 2000=0.01%
  cpu          : usr=0.08%, sys=1.66%, ctx=7388497, majf=0, minf=35729
  IO depths    : 1=100.0%, 2=0.0%, 4=0.0%, 8=0.0%, 16=0.0%, 32=0.0%, >=64=0.0%
     submit    : 0=0.0%, 4=100.0%, 8=0.0%, 16=0.0%, 32=0.0%, 64=0.0%, >=64=0.0%
     complete  : 0=0.0%, 4=100.0%, 8=0.0%, 16=0.0%, 32=0.0%, 64=0.0%, >=64=0.0%
     issued rwts: total=0,3634106,0,0 short=0,0,0,0 dropped=0,0,0,0
     latency   : target=0, window=0, percentile=100.00%, depth=1

Run status group 0 (all jobs):
  WRITE: bw=757MiB/s (793MB/s), 757MiB/s-757MiB/s (793MB/s-793MB/s), io=222GiB (238GB), run=300223-300223msec
