seqw: (g=0): rw=write, bs=(R) 64.0KiB-64.0KiB, (W) 64.0KiB-64.0KiB, (T) 64.0KiB-64.0KiB, ioengine=libaio, iodepth=1
...
fio-3.18
Starting 16 threads

seqw: (groupid=0, jobs=16): err= 0: pid=54781: Fri Feb 21 01:36:28 2020
  write: IOPS=5350, BW=334MiB/s (351MB/s)(98.0GiB/300161msec)
    slat (usec): min=21, max=1183, avg=80.40, stdev=31.39
    clat (usec): min=225, max=569536, avg=2906.99, stdev=11054.30
     lat (usec): min=803, max=569573, avg=2987.57, stdev=11053.85
    clat percentiles (usec):
     |  1.00th=[   930],  5.00th=[  1020], 10.00th=[  1090], 20.00th=[  1188],
     | 30.00th=[  1287], 40.00th=[  1385], 50.00th=[  1500], 60.00th=[  1631],
     | 70.00th=[  1795], 80.00th=[  2147], 90.00th=[  4424], 95.00th=[  5211],
     | 99.00th=[ 27132], 99.50th=[ 74974], 99.90th=[177210], 99.95th=[217056],
     | 99.99th=[304088]
   bw (  KiB/s): min= 4096, max=760576, per=100.00%, avg=342912.74, stdev=11545.12, samples=9584
   iops        : min=   64, max=11884, avg=5358.00, stdev=180.39, samples=9584
  lat (usec)   : 250=0.01%, 500=0.01%, 750=0.01%, 1000=3.84%
  lat (msec)   : 2=73.56%, 4=10.48%, 10=10.74%, 20=0.29%, 50=0.35%
  lat (msec)   : 100=0.40%, 250=0.31%, 500=0.03%, 750=0.01%
  cpu          : usr=0.14%, sys=1.57%, ctx=2772202, majf=0, minf=16214
  IO depths    : 1=100.0%, 2=0.0%, 4=0.0%, 8=0.0%, 16=0.0%, 32=0.0%, >=64=0.0%
     submit    : 0=0.0%, 4=100.0%, 8=0.0%, 16=0.0%, 32=0.0%, 64=0.0%, >=64=0.0%
     complete  : 0=0.0%, 4=100.0%, 8=0.0%, 16=0.0%, 32=0.0%, 64=0.0%, >=64=0.0%
     issued rwts: total=0,1605994,0,0 short=0,0,0,0 dropped=0,0,0,0
     latency   : target=0, window=0, percentile=100.00%, depth=1

Run status group 0 (all jobs):
  WRITE: bw=334MiB/s (351MB/s), 334MiB/s-334MiB/s (351MB/s-351MB/s), io=98.0GiB (105GB), run=300161-300161msec
