seqw: (g=0): rw=write, bs=(R) 64.0KiB-64.0KiB, (W) 64.0KiB-64.0KiB, (T) 64.0KiB-64.0KiB, ioengine=libaio, iodepth=1
...
fio-3.18
Starting 8 threads

seqw: (groupid=0, jobs=8): err= 0: pid=64933: Fri Feb 21 04:01:53 2020
  write: IOPS=4790, BW=299MiB/s (314MB/s)(87.7GiB/300003msec)
    slat (usec): min=21, max=663, avg=80.26, stdev=22.41
    clat (usec): min=462, max=4049.2k, avg=1588.03, stdev=6101.04
     lat (usec): min=816, max=4049.3k, avg=1668.47, stdev=6101.03
    clat percentiles (usec):
     |  1.00th=[  898],  5.00th=[  963], 10.00th=[ 1004], 20.00th=[ 1057],
     | 30.00th=[ 1106], 40.00th=[ 1156], 50.00th=[ 1221], 60.00th=[ 1303],
     | 70.00th=[ 1401], 80.00th=[ 1532], 90.00th=[ 2311], 95.00th=[ 4228],
     | 99.00th=[ 5342], 99.50th=[ 5997], 99.90th=[23725], 99.95th=[43779],
     | 99.99th=[61080]
   bw (  KiB/s): min=115456, max=369280, per=100.00%, avg=308266.82, stdev=3391.68, samples=4771
   iops        : min= 1804, max= 5770, avg=4816.66, stdev=53.00, samples=4771
  lat (usec)   : 500=0.01%, 750=0.01%, 1000=9.91%
  lat (msec)   : 2=79.29%, 4=5.09%, 10=5.49%, 20=0.09%, 50=0.08%
  lat (msec)   : 100=0.04%, 250=0.01%, 500=0.01%, >=2000=0.01%
  cpu          : usr=0.23%, sys=2.52%, ctx=2674719, majf=0, minf=12512
  IO depths    : 1=100.0%, 2=0.0%, 4=0.0%, 8=0.0%, 16=0.0%, 32=0.0%, >=64=0.0%
     submit    : 0=0.0%, 4=100.0%, 8=0.0%, 16=0.0%, 32=0.0%, 64=0.0%, >=64=0.0%
     complete  : 0=0.0%, 4=100.0%, 8=0.0%, 16=0.0%, 32=0.0%, 64=0.0%, >=64=0.0%
     issued rwts: total=0,1437173,0,0 short=0,0,0,0 dropped=0,0,0,0
     latency   : target=0, window=0, percentile=100.00%, depth=1

Run status group 0 (all jobs):
  WRITE: bw=299MiB/s (314MB/s), 299MiB/s-299MiB/s (314MB/s-314MB/s), io=87.7GiB (94.2GB), run=300003-300003msec
