seqw: (g=0): rw=write, bs=(R) 64.0KiB-64.0KiB, (W) 64.0KiB-64.0KiB, (T) 64.0KiB-64.0KiB, ioengine=libaio, iodepth=1
...
fio-3.18
Starting 4 threads

seqw: (groupid=0, jobs=4): err= 0: pid=65426: Fri Feb 21 04:07:28 2020
  write: IOPS=2927, BW=183MiB/s (192MB/s)(53.6GiB/300003msec)
    slat (usec): min=22, max=469, avg=73.26, stdev=19.93
    clat (usec): min=632, max=94587, avg=1291.22, stdev=1326.56
     lat (usec): min=792, max=94667, avg=1364.65, stdev=1326.55
    clat percentiles (usec):
     |  1.00th=[  840],  5.00th=[  889], 10.00th=[  922], 20.00th=[  963],
     | 30.00th=[  996], 40.00th=[ 1029], 50.00th=[ 1074], 60.00th=[ 1123],
     | 70.00th=[ 1205], 80.00th=[ 1303], 90.00th=[ 1483], 95.00th=[ 2540],
     | 99.00th=[ 4752], 99.50th=[ 5145], 99.90th=[12256], 99.95th=[30540],
     | 99.99th=[54264]
   bw (  KiB/s): min=113152, max=209024, per=100.00%, avg=187572.91, stdev=3312.00, samples=2396
   iops        : min= 1768, max= 3266, avg=2930.82, stdev=51.75, samples=2396
  lat (usec)   : 750=0.01%, 1000=30.38%
  lat (msec)   : 2=63.54%, 4=3.76%, 10=2.19%, 20=0.04%, 50=0.05%
  lat (msec)   : 100=0.02%
  cpu          : usr=0.27%, sys=2.81%, ctx=1608055, majf=0, minf=5089
  IO depths    : 1=100.0%, 2=0.0%, 4=0.0%, 8=0.0%, 16=0.0%, 32=0.0%, >=64=0.0%
     submit    : 0=0.0%, 4=100.0%, 8=0.0%, 16=0.0%, 32=0.0%, 64=0.0%, >=64=0.0%
     complete  : 0=0.0%, 4=100.0%, 8=0.0%, 16=0.0%, 32=0.0%, 64=0.0%, >=64=0.0%
     issued rwts: total=0,878333,0,0 short=0,0,0,0 dropped=0,0,0,0
     latency   : target=0, window=0, percentile=100.00%, depth=1

Run status group 0 (all jobs):
  WRITE: bw=183MiB/s (192MB/s), 183MiB/s-183MiB/s (192MB/s-192MB/s), io=53.6GiB (57.6GB), run=300003-300003msec
