seqw: (g=0): rw=write, bs=(R) 64.0KiB-64.0KiB, (W) 64.0KiB-64.0KiB, (T) 64.0KiB-64.0KiB, ioengine=libaio, iodepth=1
...
fio-3.18
Starting 16 threads

seqw: (groupid=0, jobs=16): err= 0: pid=64624: Fri Feb 21 03:56:18 2020
  write: IOPS=6825, BW=427MiB/s (447MB/s)(125GiB/300004msec)
    slat (usec): min=21, max=1400, avg=91.29, stdev=28.62
    clat (usec): min=272, max=3771.2k, avg=2250.93, stdev=8759.16
     lat (usec): min=825, max=3771.3k, avg=2342.43, stdev=8759.37
    clat percentiles (usec):
     |  1.00th=[   996],  5.00th=[  1106], 10.00th=[  1172], 20.00th=[  1270],
     | 30.00th=[  1352], 40.00th=[  1434], 50.00th=[  1549], 60.00th=[  1663],
     | 70.00th=[  1811], 80.00th=[  2147], 90.00th=[  4424], 95.00th=[  5145],
     | 99.00th=[  6849], 99.50th=[ 11076], 99.90th=[ 55313], 99.95th=[ 91751],
     | 99.99th=[278922]
   bw (  KiB/s): min=193152, max=575104, per=100.00%, avg=439891.14, stdev=5670.02, samples=9520
   iops        : min= 3018, max= 8986, avg=6873.28, stdev=88.59, samples=9520
  lat (usec)   : 500=0.01%, 750=0.01%, 1000=1.13%
  lat (msec)   : 2=76.28%, 4=10.36%, 10=11.67%, 20=0.25%, 50=0.18%
  lat (msec)   : 100=0.08%, 250=0.03%, 500=0.01%, 750=0.01%, 1000=0.01%
  lat (msec)   : 2000=0.01%, >=2000=0.01%
  cpu          : usr=0.18%, sys=2.10%, ctx=3897209, majf=0, minf=28999
  IO depths    : 1=100.0%, 2=0.0%, 4=0.0%, 8=0.0%, 16=0.0%, 32=0.0%, >=64=0.0%
     submit    : 0=0.0%, 4=100.0%, 8=0.0%, 16=0.0%, 32=0.0%, 64=0.0%, >=64=0.0%
     complete  : 0=0.0%, 4=100.0%, 8=0.0%, 16=0.0%, 32=0.0%, 64=0.0%, >=64=0.0%
     issued rwts: total=0,2047598,0,0 short=0,0,0,0 dropped=0,0,0,0
     latency   : target=0, window=0, percentile=100.00%, depth=1

Run status group 0 (all jobs):
  WRITE: bw=427MiB/s (447MB/s), 427MiB/s-427MiB/s (447MB/s-447MB/s), io=125GiB (134GB), run=300004-300004msec
