seqw: (g=0): rw=write, bs=(R) 64.0KiB-64.0KiB, (W) 64.0KiB-64.0KiB, (T) 64.0KiB-64.0KiB, ioengine=libaio, iodepth=1
...
fio-3.18
Starting 8 threads

seqw: (groupid=0, jobs=8): err= 0: pid=55154: Fri Feb 21 01:42:03 2020
  write: IOPS=3882, BW=243MiB/s (254MB/s)(71.1GiB/300001msec)
    slat (usec): min=22, max=602, avg=78.46, stdev=25.33
    clat (usec): min=477, max=490719, avg=1980.11, stdev=7352.81
     lat (usec): min=802, max=490793, avg=2058.76, stdev=7352.43
    clat percentiles (usec):
     |  1.00th=[   889],  5.00th=[   955], 10.00th=[  1004], 20.00th=[  1057],
     | 30.00th=[  1106], 40.00th=[  1172], 50.00th=[  1237], 60.00th=[  1352],
     | 70.00th=[  1500], 80.00th=[  1680], 90.00th=[  2573], 95.00th=[  4424],
     | 99.00th=[  5932], 99.50th=[ 13042], 99.90th=[130548], 99.95th=[173016],
     | 99.99th=[261096]
   bw (  KiB/s): min= 1792, max=410368, per=100.00%, avg=248707.56, stdev=12546.16, samples=4792
   iops        : min=   28, max= 6412, avg=3886.05, stdev=196.03, samples=4792
  lat (usec)   : 500=0.01%, 750=0.01%, 1000=9.93%
  lat (msec)   : 2=77.84%, 4=5.77%, 10=5.92%, 20=0.11%, 50=0.14%
  lat (msec)   : 100=0.14%, 250=0.14%, 500=0.01%
  cpu          : usr=0.20%, sys=2.06%, ctx=2087132, majf=0, minf=10282
  IO depths    : 1=100.0%, 2=0.0%, 4=0.0%, 8=0.0%, 16=0.0%, 32=0.0%, >=64=0.0%
     submit    : 0=0.0%, 4=100.0%, 8=0.0%, 16=0.0%, 32=0.0%, 64=0.0%, >=64=0.0%
     complete  : 0=0.0%, 4=100.0%, 8=0.0%, 16=0.0%, 32=0.0%, 64=0.0%, >=64=0.0%
     issued rwts: total=0,1164791,0,0 short=0,0,0,0 dropped=0,0,0,0
     latency   : target=0, window=0, percentile=100.00%, depth=1

Run status group 0 (all jobs):
  WRITE: bw=243MiB/s (254MB/s), 243MiB/s-243MiB/s (254MB/s-254MB/s), io=71.1GiB (76.3GB), run=300001-300001msec
