seqw: (g=0): rw=write, bs=(R) 64.0KiB-64.0KiB, (W) 64.0KiB-64.0KiB, (T) 64.0KiB-64.0KiB, ioengine=libaio, iodepth=1
...
fio-3.18
Starting 32 threads

seqw: (groupid=0, jobs=32): err= 0: pid=64254: Fri Feb 21 03:50:43 2020
  write: IOPS=8983, BW=561MiB/s (589MB/s)(165GiB/300032msec)
    slat (usec): min=23, max=1592, avg=105.94, stdev=37.96
    clat (usec): min=2, max=2117.7k, avg=3453.70, stdev=11827.82
     lat (usec): min=840, max=2117.8k, avg=3559.87, stdev=11828.21
    clat percentiles (usec):
     |  1.00th=[  1074],  5.00th=[  1270], 10.00th=[  1401], 20.00th=[  1582],
     | 30.00th=[  1745], 40.00th=[  1893], 50.00th=[  2073], 60.00th=[  2311],
     | 70.00th=[  2769], 80.00th=[  4359], 90.00th=[  5407], 95.00th=[  6128],
     | 99.00th=[ 17171], 99.50th=[ 41157], 99.90th=[162530], 99.95th=[223347],
     | 99.99th=[480248]
   bw (  KiB/s): min=109312, max=929024, per=100.00%, avg=578113.97, stdev=5853.42, samples=19042
   iops        : min= 1708, max=14516, avg=9033.00, stdev=91.46, samples=19042
  lat (usec)   : 4=0.01%, 250=0.01%, 500=0.01%, 750=0.01%, 1000=0.42%
  lat (msec)   : 2=46.12%, 4=31.22%, 10=20.66%, 20=0.70%, 50=0.46%
  lat (msec)   : 100=0.22%, 250=0.16%, 500=0.03%, 750=0.01%, 1000=0.01%
  lat (msec)   : 2000=0.01%, >=2000=0.01%
  cpu          : usr=0.12%, sys=1.65%, ctx=5373744, majf=0, minf=42620
  IO depths    : 1=100.0%, 2=0.0%, 4=0.0%, 8=0.0%, 16=0.0%, 32=0.0%, >=64=0.0%
     submit    : 0=0.0%, 4=100.0%, 8=0.0%, 16=0.0%, 32=0.0%, 64=0.0%, >=64=0.0%
     complete  : 0=0.0%, 4=100.0%, 8=0.0%, 16=0.0%, 32=0.0%, 64=0.0%, >=64=0.0%
     issued rwts: total=0,2695413,0,0 short=0,0,0,0 dropped=0,0,0,0
     latency   : target=0, window=0, percentile=100.00%, depth=1

Run status group 0 (all jobs):
  WRITE: bw=561MiB/s (589MB/s), 561MiB/s-561MiB/s (589MB/s-589MB/s), io=165GiB (177GB), run=300032-300032msec
