seqw: (g=0): rw=write, bs=(R) 64.0KiB-64.0KiB, (W) 64.0KiB-64.0KiB, (T) 64.0KiB-64.0KiB, ioengine=libaio, iodepth=1
...
fio-3.18
Starting 4 threads

seqw: (groupid=0, jobs=4): err= 0: pid=55486: Fri Feb 21 01:47:37 2020
  write: IOPS=2778, BW=174MiB/s (182MB/s)(50.9GiB/300001msec)
    slat (usec): min=22, max=413, avg=74.78, stdev=17.01
    clat (usec): min=654, max=74114, avg=1362.98, stdev=1242.11
     lat (usec): min=817, max=74190, avg=1437.93, stdev=1242.21
    clat percentiles (usec):
     |  1.00th=[  848],  5.00th=[  898], 10.00th=[  930], 20.00th=[  971],
     | 30.00th=[ 1012], 40.00th=[ 1045], 50.00th=[ 1090], 60.00th=[ 1156],
     | 70.00th=[ 1303], 80.00th=[ 1450], 90.00th=[ 1696], 95.00th=[ 3064],
     | 99.00th=[ 4948], 99.50th=[ 5407], 99.90th=[11338], 99.95th=[25560],
     | 99.99th=[50070]
   bw (  KiB/s): min=132608, max=199424, per=100.00%, avg=178027.52, stdev=2592.89, samples=2396
   iops        : min= 2072, max= 3116, avg=2781.68, stdev=40.51, samples=2396
  lat (usec)   : 750=0.01%, 1000=27.58%
  lat (msec)   : 2=65.13%, 4=4.41%, 10=2.76%, 20=0.05%, 50=0.05%
  lat (msec)   : 100=0.01%
  cpu          : usr=0.29%, sys=2.62%, ctx=1572769, majf=0, minf=2620
  IO depths    : 1=100.0%, 2=0.0%, 4=0.0%, 8=0.0%, 16=0.0%, 32=0.0%, >=64=0.0%
     submit    : 0=0.0%, 4=100.0%, 8=0.0%, 16=0.0%, 32=0.0%, 64=0.0%, >=64=0.0%
     complete  : 0=0.0%, 4=100.0%, 8=0.0%, 16=0.0%, 32=0.0%, 64=0.0%, >=64=0.0%
     issued rwts: total=0,833697,0,0 short=0,0,0,0 dropped=0,0,0,0
     latency   : target=0, window=0, percentile=100.00%, depth=1

Run status group 0 (all jobs):
  WRITE: bw=174MiB/s (182MB/s), 174MiB/s-174MiB/s (182MB/s-182MB/s), io=50.9GiB (54.6GB), run=300001-300001msec
