seqw: (g=0): rw=write, bs=(R) 64.0KiB-64.0KiB, (W) 64.0KiB-64.0KiB, (T) 64.0KiB-64.0KiB, ioengine=libaio, iodepth=1
...
fio-3.18
Starting 2 threads

seqw: (groupid=0, jobs=2): err= 0: pid=65777: Fri Feb 21 04:13:03 2020
  write: IOPS=1625, BW=102MiB/s (107MB/s)(29.8GiB/300002msec)
    slat (usec): min=25, max=440, avg=45.65, stdev=18.69
    clat (usec): min=725, max=74115, avg=1183.35, stdev=1067.22
     lat (usec): min=785, max=74147, avg=1229.15, stdev=1067.11
    clat percentiles (usec):
     |  1.00th=[  848],  5.00th=[  898], 10.00th=[  922], 20.00th=[  963],
     | 30.00th=[  988], 40.00th=[ 1012], 50.00th=[ 1045], 60.00th=[ 1074],
     | 70.00th=[ 1123], 80.00th=[ 1205], 90.00th=[ 1336], 95.00th=[ 1549],
     | 99.00th=[ 4146], 99.50th=[ 4752], 99.90th=[ 6128], 99.95th=[19792],
     | 99.99th=[50594]
   bw (  KiB/s): min=74752, max=113792, per=100.00%, avg=104127.00, stdev=3196.76, samples=1198
   iops        : min= 1168, max= 1778, avg=1626.98, stdev=49.95, samples=1198
  lat (usec)   : 750=0.01%, 1000=34.65%
  lat (msec)   : 2=61.46%, 4=2.76%, 10=1.06%, 20=0.02%, 50=0.04%
  lat (msec)   : 100=0.01%
  cpu          : usr=0.40%, sys=2.76%, ctx=633576, majf=0, minf=1617
  IO depths    : 1=100.0%, 2=0.0%, 4=0.0%, 8=0.0%, 16=0.0%, 32=0.0%, >=64=0.0%
     submit    : 0=0.0%, 4=100.0%, 8=0.0%, 16=0.0%, 32=0.0%, 64=0.0%, >=64=0.0%
     complete  : 0=0.0%, 4=100.0%, 8=0.0%, 16=0.0%, 32=0.0%, 64=0.0%, >=64=0.0%
     issued rwts: total=0,487633,0,0 short=0,0,0,0 dropped=0,0,0,0
     latency   : target=0, window=0, percentile=100.00%, depth=1

Run status group 0 (all jobs):
  WRITE: bw=102MiB/s (107MB/s), 102MiB/s-102MiB/s (107MB/s-107MB/s), io=29.8GiB (31.0GB), run=300002-300002msec
