randr: (g=0): rw=randread, bs=(R) 8192B-8192B, (W) 8192B-8192B, (T) 8192B-8192B, ioengine=libaio, iodepth=1
...
fio-3.18
Starting 128 threads
randr: Laying out IO file (1 file / 2048MiB)
randr: Laying out IO file (1 file / 2048MiB)
randr: Laying out IO file (1 file / 2048MiB)
randr: Laying out IO file (1 file / 2048MiB)
randr: Laying out IO file (1 file / 2048MiB)
randr: Laying out IO file (1 file / 2048MiB)
randr: Laying out IO file (1 file / 2048MiB)
randr: Laying out IO file (1 file / 2048MiB)
randr: Laying out IO file (1 file / 2048MiB)
randr: Laying out IO file (1 file / 2048MiB)
randr: Laying out IO file (1 file / 2048MiB)
randr: Laying out IO file (1 file / 2048MiB)
randr: Laying out IO file (1 file / 2048MiB)
randr: Laying out IO file (1 file / 2048MiB)
randr: Laying out IO file (1 file / 2048MiB)
randr: Laying out IO file (1 file / 2048MiB)
randr: Laying out IO file (1 file / 2048MiB)
randr: Laying out IO file (1 file / 2048MiB)
randr: Laying out IO file (1 file / 2048MiB)
randr: Laying out IO file (1 file / 2048MiB)
randr: Laying out IO file (1 file / 2048MiB)
randr: Laying out IO file (1 file / 2048MiB)
randr: Laying out IO file (1 file / 2048MiB)
randr: Laying out IO file (1 file / 2048MiB)
randr: Laying out IO file (1 file / 2048MiB)
randr: Laying out IO file (1 file / 2048MiB)
randr: Laying out IO file (1 file / 2048MiB)
randr: Laying out IO file (1 file / 2048MiB)
randr: Laying out IO file (1 file / 2048MiB)
randr: Laying out IO file (1 file / 2048MiB)
randr: Laying out IO file (1 file / 2048MiB)
randr: Laying out IO file (1 file / 2048MiB)
randr: Laying out IO file (1 file / 2048MiB)
randr: Laying out IO file (1 file / 2048MiB)
randr: Laying out IO file (1 file / 2048MiB)
randr: Laying out IO file (1 file / 2048MiB)
randr: Laying out IO file (1 file / 2048MiB)
randr: Laying out IO file (1 file / 2048MiB)
randr: Laying out IO file (1 file / 2048MiB)
randr: Laying out IO file (1 file / 2048MiB)
randr: Laying out IO file (1 file / 2048MiB)
randr: Laying out IO file (1 file / 2048MiB)
randr: Laying out IO file (1 file / 2048MiB)
randr: Laying out IO file (1 file / 2048MiB)
randr: Laying out IO file (1 file / 2048MiB)
randr: Laying out IO file (1 file / 2048MiB)
randr: Laying out IO file (1 file / 2048MiB)
randr: Laying out IO file (1 file / 2048MiB)
randr: Laying out IO file (1 file / 2048MiB)
randr: Laying out IO file (1 file / 2048MiB)
randr: Laying out IO file (1 file / 2048MiB)
randr: Laying out IO file (1 file / 2048MiB)
randr: Laying out IO file (1 file / 2048MiB)
randr: Laying out IO file (1 file / 2048MiB)
randr: Laying out IO file (1 file / 2048MiB)
randr: Laying out IO file (1 file / 2048MiB)
randr: Laying out IO file (1 file / 2048MiB)
randr: Laying out IO file (1 file / 2048MiB)
randr: Laying out IO file (1 file / 2048MiB)
randr: Laying out IO file (1 file / 2048MiB)
randr: Laying out IO file (1 file / 2048MiB)
randr: Laying out IO file (1 file / 2048MiB)
randr: Laying out IO file (1 file / 2048MiB)
randr: Laying out IO file (1 file / 2048MiB)
randr: Laying out IO file (1 file / 2048MiB)
randr: Laying out IO file (1 file / 2048MiB)
randr: Laying out IO file (1 file / 2048MiB)
randr: Laying out IO file (1 file / 2048MiB)
randr: Laying out IO file (1 file / 2048MiB)
randr: Laying out IO file (1 file / 2048MiB)
randr: Laying out IO file (1 file / 2048MiB)
randr: Laying out IO file (1 file / 2048MiB)
randr: Laying out IO file (1 file / 2048MiB)
randr: Laying out IO file (1 file / 2048MiB)
randr: Laying out IO file (1 file / 2048MiB)
randr: Laying out IO file (1 file / 2048MiB)
randr: Laying out IO file (1 file / 2048MiB)
randr: Laying out IO file (1 file / 2048MiB)
randr: Laying out IO file (1 file / 2048MiB)
randr: Laying out IO file (1 file / 2048MiB)
randr: Laying out IO file (1 file / 2048MiB)
randr: Laying out IO file (1 file / 2048MiB)
randr: Laying out IO file (1 file / 2048MiB)
randr: Laying out IO file (1 file / 2048MiB)
randr: Laying out IO file (1 file / 2048MiB)
randr: Laying out IO file (1 file / 2048MiB)
randr: Laying out IO file (1 file / 2048MiB)
randr: Laying out IO file (1 file / 2048MiB)
randr: Laying out IO file (1 file / 2048MiB)
randr: Laying out IO file (1 file / 2048MiB)
randr: Laying out IO file (1 file / 2048MiB)
randr: Laying out IO file (1 file / 2048MiB)
randr: Laying out IO file (1 file / 2048MiB)
randr: Laying out IO file (1 file / 2048MiB)
randr: Laying out IO file (1 file / 2048MiB)
randr: Laying out IO file (1 file / 2048MiB)
randr: Laying out IO file (1 file / 2048MiB)
randr: Laying out IO file (1 file / 2048MiB)
randr: Laying out IO file (1 file / 2048MiB)
randr: Laying out IO file (1 file / 2048MiB)
randr: Laying out IO file (1 file / 2048MiB)
randr: Laying out IO file (1 file / 2048MiB)
randr: Laying out IO file (1 file / 2048MiB)
randr: Laying out IO file (1 file / 2048MiB)
randr: Laying out IO file (1 file / 2048MiB)
randr: Laying out IO file (1 file / 2048MiB)
randr: Laying out IO file (1 file / 2048MiB)
randr: Laying out IO file (1 file / 2048MiB)
randr: Laying out IO file (1 file / 2048MiB)
randr: Laying out IO file (1 file / 2048MiB)
randr: Laying out IO file (1 file / 2048MiB)
randr: Laying out IO file (1 file / 2048MiB)
randr: Laying out IO file (1 file / 2048MiB)
randr: Laying out IO file (1 file / 2048MiB)
randr: Laying out IO file (1 file / 2048MiB)
randr: Laying out IO file (1 file / 2048MiB)
randr: Laying out IO file (1 file / 2048MiB)
randr: Laying out IO file (1 file / 2048MiB)
randr: Laying out IO file (1 file / 2048MiB)
randr: Laying out IO file (1 file / 2048MiB)
randr: Laying out IO file (1 file / 2048MiB)
randr: Laying out IO file (1 file / 2048MiB)
randr: Laying out IO file (1 file / 2048MiB)
randr: Laying out IO file (1 file / 2048MiB)
randr: Laying out IO file (1 file / 2048MiB)
randr: Laying out IO file (1 file / 2048MiB)
randr: Laying out IO file (1 file / 2048MiB)
randr: Laying out IO file (1 file / 2048MiB)

randr: (groupid=0, jobs=128): err= 0: pid=80456: Wed Feb 19 23:58:21 2020
  read: IOPS=4764, BW=37.2MiB/s (39.0MB/s)(10.9GiB/300051msec)
    slat (usec): min=23, max=1725, avg=53.54, stdev=14.58
    clat (usec): min=444, max=518264, avg=26807.78, stdev=17989.85
     lat (usec): min=495, max=518319, avg=26861.51, stdev=17989.84
    clat percentiles (msec):
     |  1.00th=[    3],  5.00th=[   10], 10.00th=[   12], 20.00th=[   15],
     | 30.00th=[   17], 40.00th=[   20], 50.00th=[   23], 60.00th=[   27],
     | 70.00th=[   31], 80.00th=[   37], 90.00th=[   48], 95.00th=[   59],
     | 99.00th=[   90], 99.50th=[  106], 99.90th=[  163], 99.95th=[  207],
     | 99.99th=[  321]
   bw (  KiB/s): min=13968, max=55984, per=100.00%, avg=38169.55, stdev=46.39, samples=76632
   iops        : min= 1746, max= 6998, avg=4771.11, stdev= 5.80, samples=76632
  lat (usec)   : 500=0.01%, 750=0.68%, 1000=0.12%
  lat (msec)   : 2=0.12%, 4=0.26%, 10=5.47%, 20=35.40%, 50=49.50%
  lat (msec)   : 100=7.80%, 250=0.60%, 500=0.03%, 750=0.01%
  cpu          : usr=0.01%, sys=0.16%, ctx=2752195, majf=0, minf=23586
  IO depths    : 1=100.0%, 2=0.0%, 4=0.0%, 8=0.0%, 16=0.0%, 32=0.0%, >=64=0.0%
     submit    : 0=0.0%, 4=100.0%, 8=0.0%, 16=0.0%, 32=0.0%, 64=0.0%, >=64=0.0%
     complete  : 0=0.0%, 4=100.0%, 8=0.0%, 16=0.0%, 32=0.0%, 64=0.0%, >=64=0.0%
     issued rwts: total=1429489,0,0,0 short=0,0,0,0 dropped=0,0,0,0
     latency   : target=0, window=0, percentile=100.00%, depth=1

Run status group 0 (all jobs):
   READ: bw=37.2MiB/s (39.0MB/s), 37.2MiB/s-37.2MiB/s (39.0MB/s-39.0MB/s), io=10.9GiB (11.7GB), run=300051-300051msec
