randr: (g=0): rw=randread, bs=(R) 8192B-8192B, (W) 8192B-8192B, (T) 8192B-8192B, ioengine=libaio, iodepth=1
fio-3.18
Starting 1 thread

randr: (groupid=0, jobs=1): err= 0: pid=83168: Thu Feb 20 00:36:59 2020
  read: IOPS=726, BW=5814KiB/s (5953kB/s)(1703MiB/300003msec)
    slat (usec): min=23, max=179, avg=40.25, stdev= 4.05
    clat (usec): min=354, max=423708, avg=1334.50, stdev=3368.95
     lat (usec): min=386, max=423744, avg=1374.88, stdev=3368.99
    clat percentiles (usec):
     |  1.00th=[   490],  5.00th=[   537], 10.00th=[   562], 20.00th=[   594],
     | 30.00th=[   611], 40.00th=[   635], 50.00th=[   652], 60.00th=[   676],
     | 70.00th=[   701], 80.00th=[   734], 90.00th=[   816], 95.00th=[  4146],
     | 99.00th=[ 17957], 99.50th=[ 19268], 99.90th=[ 21627], 99.95th=[ 23987],
     | 99.99th=[103285]
   bw (  KiB/s): min=  480, max=11856, per=100.00%, avg=5816.96, stdev=4228.18, samples=599
   iops        : min=   60, max= 1482, avg=727.12, stdev=528.52, samples=599
  lat (usec)   : 500=1.37%, 750=81.55%, 1000=10.37%
  lat (msec)   : 2=0.80%, 4=0.87%, 10=1.46%, 20=3.32%, 50=0.25%
  lat (msec)   : 100=0.01%, 250=0.01%, 500=0.01%
  cpu          : usr=0.26%, sys=2.21%, ctx=435007, majf=0, minf=115
  IO depths    : 1=100.0%, 2=0.0%, 4=0.0%, 8=0.0%, 16=0.0%, 32=0.0%, >=64=0.0%
     submit    : 0=0.0%, 4=100.0%, 8=0.0%, 16=0.0%, 32=0.0%, 64=0.0%, >=64=0.0%
     complete  : 0=0.0%, 4=100.0%, 8=0.0%, 16=0.0%, 32=0.0%, 64=0.0%, >=64=0.0%
     issued rwts: total=218019,0,0,0 short=0,0,0,0 dropped=0,0,0,0
     latency   : target=0, window=0, percentile=100.00%, depth=1

Run status group 0 (all jobs):
   READ: bw=5814KiB/s (5953kB/s), 5814KiB/s-5814KiB/s (5953kB/s-5953kB/s), io=1703MiB (1786MB), run=300003-300003msec
