randr: (g=0): rw=randread, bs=(R) 8192B-8192B, (W) 8192B-8192B, (T) 8192B-8192B, ioengine=libaio, iodepth=1
...
fio-3.18
Starting 2 threads

randr: (groupid=0, jobs=2): err= 0: pid=82844: Thu Feb 20 00:31:28 2020
  read: IOPS=1223, BW=9790KiB/s (10.0MB/s)(2868MiB/300026msec)
    slat (usec): min=21, max=268, avg=43.78, stdev= 5.99
    clat (usec): min=335, max=156344, avg=1588.90, stdev=3665.16
     lat (usec): min=371, max=156395, avg=1632.81, stdev=3665.09
    clat percentiles (usec):
     |  1.00th=[   498],  5.00th=[   545], 10.00th=[   570], 20.00th=[   594],
     | 30.00th=[   619], 40.00th=[   644], 50.00th=[   660], 60.00th=[   685],
     | 70.00th=[   709], 80.00th=[   750], 90.00th=[   947], 95.00th=[  9110],
     | 99.00th=[ 18220], 99.50th=[ 19530], 99.90th=[ 24249], 99.95th=[ 29754],
     | 99.99th=[104334]
   bw (  KiB/s): min= 3888, max=19840, per=100.00%, avg=9798.93, stdev=2879.72, samples=1198
   iops        : min=  486, max= 2480, avg=1224.86, stdev=359.96, samples=1198
  lat (usec)   : 500=1.09%, 750=78.71%, 1000=10.43%
  lat (msec)   : 2=0.87%, 4=1.19%, 10=3.24%, 20=4.11%, 50=0.33%
  lat (msec)   : 100=0.02%, 250=0.01%
  cpu          : usr=0.23%, sys=2.04%, ctx=716940, majf=0, minf=708
  IO depths    : 1=100.0%, 2=0.0%, 4=0.0%, 8=0.0%, 16=0.0%, 32=0.0%, >=64=0.0%
     submit    : 0=0.0%, 4=100.0%, 8=0.0%, 16=0.0%, 32=0.0%, 64=0.0%, >=64=0.0%
     complete  : 0=0.0%, 4=100.0%, 8=0.0%, 16=0.0%, 32=0.0%, 64=0.0%, >=64=0.0%
     issued rwts: total=367149,0,0,0 short=0,0,0,0 dropped=0,0,0,0
     latency   : target=0, window=0, percentile=100.00%, depth=1

Run status group 0 (all jobs):
   READ: bw=9790KiB/s (10.0MB/s), 9790KiB/s-9790KiB/s (10.0MB/s-10.0MB/s), io=2868MiB (3008MB), run=300026-300026msec
