randr: (g=0): rw=randread, bs=(R) 8192B-8192B, (W) 8192B-8192B, (T) 8192B-8192B, ioengine=libaio, iodepth=1
...
fio-3.18
Starting 64 threads

randr: (groupid=0, jobs=64): err= 0: pid=80956: Thu Feb 20 00:03:52 2020
  read: IOPS=3386, BW=26.5MiB/s (27.7MB/s)(7939MiB/300100msec)
    slat (usec): min=23, max=1053, avg=52.70, stdev=12.21
    clat (usec): min=216, max=569749, avg=18840.55, stdev=18947.92
     lat (usec): min=430, max=569809, avg=18893.43, stdev=18947.91
    clat percentiles (usec):
     |  1.00th=[   586],  5.00th=[   734], 10.00th=[  6259], 20.00th=[  9372],
     | 30.00th=[ 10683], 40.00th=[ 12518], 50.00th=[ 14353], 60.00th=[ 16581],
     | 70.00th=[ 19530], 80.00th=[ 23725], 90.00th=[ 32900], 95.00th=[ 48497],
     | 99.00th=[ 98042], 99.50th=[115868], 99.90th=[196084], 99.95th=[242222],
     | 99.99th=[325059]
   bw (  KiB/s): min= 7472, max=42736, per=100.00%, avg=27130.87, stdev=92.72, samples=38298
   iops        : min=  934, max= 5342, avg=3391.31, stdev=11.59, samples=38298
  lat (usec)   : 250=0.01%, 500=0.03%, 750=5.23%, 1000=0.93%
  lat (msec)   : 2=0.58%, 4=1.23%, 10=16.79%, 20=46.86%, 50=23.56%
  lat (msec)   : 100=3.89%, 250=0.86%, 500=0.04%, 750=0.01%
  cpu          : usr=0.02%, sys=0.22%, ctx=1984731, majf=0, minf=8199
  IO depths    : 1=100.0%, 2=0.0%, 4=0.0%, 8=0.0%, 16=0.0%, 32=0.0%, >=64=0.0%
     submit    : 0=0.0%, 4=100.0%, 8=0.0%, 16=0.0%, 32=0.0%, 64=0.0%, >=64=0.0%
     complete  : 0=0.0%, 4=100.0%, 8=0.0%, 16=0.0%, 32=0.0%, 64=0.0%, >=64=0.0%
     issued rwts: total=1016184,0,0,0 short=0,0,0,0 dropped=0,0,0,0
     latency   : target=0, window=0, percentile=100.00%, depth=1

Run status group 0 (all jobs):
   READ: bw=26.5MiB/s (27.7MB/s), 26.5MiB/s-26.5MiB/s (27.7MB/s-27.7MB/s), io=7939MiB (8325MB), run=300100-300100msec
