randr: (g=0): rw=randread, bs=(R) 8192B-8192B, (W) 8192B-8192B, (T) 8192B-8192B, ioengine=libaio, iodepth=1
...
fio-3.18
Starting 128 threads

randr: (groupid=0, jobs=128): err= 0: pid=11158: Thu Feb 20 15:36:12 2020
  read: IOPS=37.9k, BW=296MiB/s (310MB/s)(86.7GiB/300012msec)
    slat (usec): min=32, max=21460, avg=2549.51, stdev=2209.69
    clat (nsec): min=612, max=348948k, avg=825747.33, stdev=1352971.13
     lat (usec): min=458, max=349790, avg=3375.61, stdev=2603.24
    clat percentiles (usec):
     |  1.00th=[    3],  5.00th=[  523], 10.00th=[  578], 20.00th=[  627],
     | 30.00th=[  668], 40.00th=[  701], 50.00th=[  734], 60.00th=[  775],
     | 70.00th=[  824], 80.00th=[  898], 90.00th=[ 1057], 95.00th=[ 1254],
     | 99.00th=[ 2999], 99.50th=[ 4113], 99.90th=[ 6194], 99.95th=[ 8455],
     | 99.99th=[69731]
   bw (  KiB/s): min=206256, max=474752, per=100.00%, avg=303554.08, stdev=382.40, samples=76544
   iops        : min=25782, max=59344, avg=37944.16, stdev=47.80, samples=76544
  lat (nsec)   : 750=0.01%, 1000=0.01%
  lat (usec)   : 2=0.68%, 4=1.14%, 10=0.09%, 20=0.02%, 50=0.09%
  lat (usec)   : 100=0.27%, 250=0.69%, 500=1.18%, 750=50.22%, 1000=33.40%
  lat (msec)   : 2=10.51%, 4=1.15%, 10=0.49%, 20=0.01%, 50=0.02%
  lat (msec)   : 100=0.01%, 250=0.01%, 500=0.01%
  cpu          : usr=0.12%, sys=25.59%, ctx=32803890, majf=0, minf=61037
  IO depths    : 1=100.0%, 2=0.0%, 4=0.0%, 8=0.0%, 16=0.0%, 32=0.0%, >=64=0.0%
     submit    : 0=0.0%, 4=100.0%, 8=0.0%, 16=0.0%, 32=0.0%, 64=0.0%, >=64=0.0%
     complete  : 0=0.0%, 4=100.0%, 8=0.0%, 16=0.0%, 32=0.0%, 64=0.0%, >=64=0.0%
     issued rwts: total=11367546,0,0,0 short=0,0,0,0 dropped=0,0,0,0
     latency   : target=0, window=0, percentile=100.00%, depth=1

Run status group 0 (all jobs):
   READ: bw=296MiB/s (310MB/s), 296MiB/s-296MiB/s (310MB/s-310MB/s), io=86.7GiB (93.1GB), run=300012-300012msec
