randr: (g=0): rw=randread, bs=(R) 8192B-8192B, (W) 8192B-8192B, (T) 8192B-8192B, ioengine=libaio, iodepth=1
...
fio-3.18
Starting 8 threads

randr: (groupid=0, jobs=8): err= 0: pid=82169: Thu Feb 20 00:20:26 2020
  read: IOPS=1668, BW=13.0MiB/s (13.7MB/s)(3912MiB/300013msec)
    slat (usec): min=22, max=587, avg=46.57, stdev= 9.43
    clat (usec): min=75, max=261797, avg=4745.17, stdev=6304.94
     lat (usec): min=409, max=261846, avg=4791.90, stdev=6304.99
    clat percentiles (usec):
     |  1.00th=[   523],  5.00th=[   562], 10.00th=[   594], 20.00th=[   627],
     | 30.00th=[   668], 40.00th=[   709], 50.00th=[   799], 60.00th=[  5014],
     | 70.00th=[  7570], 80.00th=[  9110], 90.00th=[ 10683], 95.00th=[ 14746],
     | 99.00th=[ 22414], 99.50th=[ 27657], 99.90th=[ 74974], 99.95th=[ 95945],
     | 99.99th=[114820]
   bw (  KiB/s): min= 6032, max=25472, per=100.00%, avg=13367.23, stdev=826.43, samples=4792
   iops        : min=  754, max= 3184, avg=1670.90, stdev=103.30, samples=4792
  lat (usec)   : 100=0.01%, 250=0.01%, 500=0.42%, 750=45.85%, 1000=6.50%
  lat (msec)   : 2=1.41%, 4=3.45%, 10=29.41%, 20=11.48%, 50=1.30%
  lat (msec)   : 100=0.14%, 250=0.04%, 500=0.01%
  cpu          : usr=0.08%, sys=0.76%, ctx=941019, majf=0, minf=5308
  IO depths    : 1=100.0%, 2=0.0%, 4=0.0%, 8=0.0%, 16=0.0%, 32=0.0%, >=64=0.0%
     submit    : 0=0.0%, 4=100.0%, 8=0.0%, 16=0.0%, 32=0.0%, 64=0.0%, >=64=0.0%
     complete  : 0=0.0%, 4=100.0%, 8=0.0%, 16=0.0%, 32=0.0%, 64=0.0%, >=64=0.0%
     issued rwts: total=500679,0,0,0 short=0,0,0,0 dropped=0,0,0,0
     latency   : target=0, window=0, percentile=100.00%, depth=1

Run status group 0 (all jobs):
   READ: bw=13.0MiB/s (13.7MB/s), 13.0MiB/s-13.0MiB/s (13.7MB/s-13.7MB/s), io=3912MiB (4102MB), run=300013-300013msec
