randr: (g=0): rw=randread, bs=(R) 8192B-8192B, (W) 8192B-8192B, (T) 8192B-8192B, ioengine=libaio, iodepth=1
...
fio-3.18
Starting 4 threads

randr: (groupid=0, jobs=4): err= 0: pid=82548: Thu Feb 20 00:25:57 2020
  read: IOPS=1386, BW=10.8MiB/s (11.4MB/s)(3250MiB/300017msec)
    slat (usec): min=21, max=401, avg=43.90, stdev= 8.10
    clat (usec): min=327, max=165170, avg=2839.12, stdev=5476.14
     lat (usec): min=402, max=165210, avg=2883.16, stdev=5476.09
    clat percentiles (usec):
     |  1.00th=[   510],  5.00th=[   553], 10.00th=[   578], 20.00th=[   611],
     | 30.00th=[   635], 40.00th=[   660], 50.00th=[   685], 60.00th=[   725],
     | 70.00th=[   783], 80.00th=[  4359], 90.00th=[  9241], 95.00th=[ 13173],
     | 99.00th=[ 20055], 99.50th=[ 24773], 99.90th=[ 63177], 99.95th=[ 83362],
     | 99.99th=[108528]
   bw (  KiB/s): min= 3104, max=23424, per=100.00%, avg=11104.76, stdev=1644.27, samples=2396
   iops        : min=  388, max= 2928, avg=1388.09, stdev=205.53, samples=2396
  lat (usec)   : 500=0.70%, 750=64.93%, 1000=9.89%
  lat (msec)   : 2=1.39%, 4=2.57%, 10=12.72%, 20=6.80%, 50=0.85%
  lat (msec)   : 100=0.13%, 250=0.03%
  cpu          : usr=0.13%, sys=1.21%, ctx=765146, majf=0, minf=2654
  IO depths    : 1=100.0%, 2=0.0%, 4=0.0%, 8=0.0%, 16=0.0%, 32=0.0%, >=64=0.0%
     submit    : 0=0.0%, 4=100.0%, 8=0.0%, 16=0.0%, 32=0.0%, 64=0.0%, >=64=0.0%
     complete  : 0=0.0%, 4=100.0%, 8=0.0%, 16=0.0%, 32=0.0%, 64=0.0%, >=64=0.0%
     issued rwts: total=415986,0,0,0 short=0,0,0,0 dropped=0,0,0,0
     latency   : target=0, window=0, percentile=100.00%, depth=1

Run status group 0 (all jobs):
   READ: bw=10.8MiB/s (11.4MB/s), 10.8MiB/s-10.8MiB/s (11.4MB/s-11.4MB/s), io=3250MiB (3408MB), run=300017-300017msec
