randr: (g=0): rw=randread, bs=(R) 8192B-8192B, (W) 8192B-8192B, (T) 8192B-8192B, ioengine=libaio, iodepth=1
...
fio-3.18
Starting 8 threads

randr: (groupid=0, jobs=8): err= 0: pid=12978: Thu Feb 20 15:58:17 2020
  read: IOPS=13.7k, BW=107MiB/s (112MB/s)(31.3GiB/300032msec)
    slat (usec): min=19, max=799, avg=50.26, stdev=16.13
    clat (usec): min=2, max=285485, avg=532.78, stdev=951.37
     lat (usec): min=340, max=285555, avg=583.19, stdev=951.69
    clat percentiles (usec):
     |  1.00th=[  379],  5.00th=[  412], 10.00th=[  429], 20.00th=[  453],
     | 30.00th=[  469], 40.00th=[  486], 50.00th=[  502], 60.00th=[  519],
     | 70.00th=[  537], 80.00th=[  562], 90.00th=[  603], 95.00th=[  644],
     | 99.00th=[  807], 99.50th=[ 1926], 99.90th=[ 3818], 99.95th=[ 4293],
     | 99.99th=[42206]
   bw (  KiB/s): min=76112, max=120192, per=100.00%, avg=109601.77, stdev=1678.50, samples=4792
   iops        : min= 9514, max=15024, avg=13700.21, stdev=209.81, samples=4792
  lat (usec)   : 4=0.01%, 10=0.01%, 20=0.01%, 50=0.01%, 100=0.01%
  lat (usec)   : 250=0.01%, 500=49.83%, 750=48.73%, 1000=0.75%
  lat (msec)   : 2=0.20%, 4=0.41%, 10=0.06%, 20=0.01%, 50=0.01%
  lat (msec)   : 100=0.01%, 250=0.01%, 500=0.01%
  cpu          : usr=0.55%, sys=6.97%, ctx=7816276, majf=0, minf=17177
  IO depths    : 1=100.0%, 2=0.0%, 4=0.0%, 8=0.0%, 16=0.0%, 32=0.0%, >=64=0.0%
     submit    : 0=0.0%, 4=100.0%, 8=0.0%, 16=0.0%, 32=0.0%, 64=0.0%, >=64=0.0%
     complete  : 0=0.0%, 4=100.0%, 8=0.0%, 16=0.0%, 32=0.0%, 64=0.0%, >=64=0.0%
     issued rwts: total=4105718,0,0,0 short=0,0,0,0 dropped=0,0,0,0
     latency   : target=0, window=0, percentile=100.00%, depth=1

Run status group 0 (all jobs):
   READ: bw=107MiB/s (112MB/s), 107MiB/s-107MiB/s (112MB/s-112MB/s), io=31.3GiB (33.6GB), run=300032-300032msec
