randr: (g=0): rw=randread, bs=(R) 8192B-8192B, (W) 8192B-8192B, (T) 8192B-8192B, ioengine=libaio, iodepth=1
...
fio-3.18
Starting 64 threads

randr: (groupid=0, jobs=64): err= 0: pid=11825: Thu Feb 20 15:41:43 2020
  read: IOPS=38.1k, BW=298MiB/s (312MB/s)(87.2GiB/300006msec)
    slat (usec): min=30, max=7636, avg=921.83, stdev=285.80
    clat (nsec): min=611, max=20502k, avg=755785.12, stdev=398107.09
     lat (usec): min=444, max=21342, avg=1677.90, stdev=476.47
    clat percentiles (usec):
     |  1.00th=[  184],  5.00th=[  529], 10.00th=[  562], 20.00th=[  603],
     | 30.00th=[  635], 40.00th=[  668], 50.00th=[  693], 60.00th=[  725],
     | 70.00th=[  766], 80.00th=[  824], 90.00th=[  930], 95.00th=[ 1074],
     | 99.00th=[ 2638], 99.50th=[ 3785], 99.90th=[ 5538], 99.95th=[ 6128],
     | 99.99th=[ 7308]
   bw (  KiB/s): min=286704, max=321968, per=100.00%, avg=305108.41, stdev=90.84, samples=38272
   iops        : min=35838, max=40246, avg=38138.50, stdev=11.36, samples=38272
  lat (nsec)   : 750=0.01%, 1000=0.01%
  lat (usec)   : 2=0.16%, 4=0.43%, 10=0.04%, 20=0.01%, 50=0.04%
  lat (usec)   : 100=0.12%, 250=0.32%, 500=1.68%, 750=62.71%, 1000=27.64%
  lat (msec)   : 2=5.52%, 4=0.89%, 10=0.43%, 20=0.01%, 50=0.01%
  cpu          : usr=0.22%, sys=45.39%, ctx=33009793, majf=0, minf=32070
  IO depths    : 1=100.0%, 2=0.0%, 4=0.0%, 8=0.0%, 16=0.0%, 32=0.0%, >=64=0.0%
     submit    : 0=0.0%, 4=100.0%, 8=0.0%, 16=0.0%, 32=0.0%, 64=0.0%, >=64=0.0%
     complete  : 0=0.0%, 4=100.0%, 8=0.0%, 16=0.0%, 32=0.0%, 64=0.0%, >=64=0.0%
     issued rwts: total=11427611,0,0,0 short=0,0,0,0 dropped=0,0,0,0
     latency   : target=0, window=0, percentile=100.00%, depth=1

Run status group 0 (all jobs):
   READ: bw=298MiB/s (312MB/s), 298MiB/s-298MiB/s (312MB/s-312MB/s), io=87.2GiB (93.6GB), run=300006-300006msec
