randr: (g=0): rw=randread, bs=(R) 8192B-8192B, (W) 8192B-8192B, (T) 8192B-8192B, ioengine=libaio, iodepth=1
...
fio-3.18
Starting 32 threads

randr: (groupid=0, jobs=32): err= 0: pid=12232: Thu Feb 20 15:47:14 2020
  read: IOPS=39.3k, BW=307MiB/s (322MB/s)(89.9GiB/300003msec)
    slat (usec): min=22, max=3173, avg=125.37, stdev=65.81
    clat (usec): min=2, max=205884, avg=687.84, stdev=1125.17
     lat (usec): min=392, max=205977, avg=813.39, stdev=1126.99
    clat percentiles (usec):
     |  1.00th=[  453],  5.00th=[  494], 10.00th=[  519], 20.00th=[  553],
     | 30.00th=[  578], 40.00th=[  603], 50.00th=[  627], 60.00th=[  652],
     | 70.00th=[  685], 80.00th=[  725], 90.00th=[  799], 95.00th=[  873],
     | 99.00th=[ 1663], 99.50th=[ 3228], 99.90th=[ 5342], 99.95th=[ 7177],
     | 99.99th=[56361]
   bw (  KiB/s): min=249536, max=354208, per=100.00%, avg=314432.08, stdev=1332.76, samples=19136
   iops        : min=31192, max=44276, avg=39303.98, stdev=166.60, samples=19136
  lat (usec)   : 4=0.01%, 10=0.01%, 50=0.01%, 100=0.01%, 250=0.01%
  lat (usec)   : 500=6.07%, 750=77.85%, 1000=13.96%
  lat (msec)   : 2=1.23%, 4=0.61%, 10=0.25%, 20=0.01%, 50=0.02%
  lat (msec)   : 100=0.01%, 250=0.01%
  cpu          : usr=0.48%, sys=13.44%, ctx=24193311, majf=0, minf=41655
  IO depths    : 1=100.0%, 2=0.0%, 4=0.0%, 8=0.0%, 16=0.0%, 32=0.0%, >=64=0.0%
     submit    : 0=0.0%, 4=100.0%, 8=0.0%, 16=0.0%, 32=0.0%, 64=0.0%, >=64=0.0%
     complete  : 0=0.0%, 4=100.0%, 8=0.0%, 16=0.0%, 32=0.0%, 64=0.0%, >=64=0.0%
     issued rwts: total=11778028,0,0,0 short=0,0,0,0 dropped=0,0,0,0
     latency   : target=0, window=0, percentile=100.00%, depth=1

Run status group 0 (all jobs):
   READ: bw=307MiB/s (322MB/s), 307MiB/s-307MiB/s (322MB/s-322MB/s), io=89.9GiB (96.5GB), run=300003-300003msec
