randr: (g=0): rw=randread, bs=(R) 8192B-8192B, (W) 8192B-8192B, (T) 8192B-8192B, ioengine=libaio, iodepth=1
...
fio-3.18
Starting 16 threads

randr: (groupid=0, jobs=16): err= 0: pid=12577: Thu Feb 20 15:52:46 2020
  read: IOPS=24.8k, BW=194MiB/s (203MB/s)(56.8GiB/300001msec)
    slat (usec): min=20, max=1512, avg=63.22, stdev=26.00
    clat (nsec): min=1953, max=180794k, avg=580011.92, stdev=523911.01
     lat (usec): min=352, max=180839, avg=643.39, stdev=524.61
    clat percentiles (usec):
     |  1.00th=[  408],  5.00th=[  441], 10.00th=[  461], 20.00th=[  490],
     | 30.00th=[  510], 40.00th=[  529], 50.00th=[  545], 60.00th=[  570],
     | 70.00th=[  594], 80.00th=[  627], 90.00th=[  676], 95.00th=[  725],
     | 99.00th=[  947], 99.50th=[ 2409], 99.90th=[ 4178], 99.95th=[ 4686],
     | 99.99th=[ 6783]
   bw (  KiB/s): min=173552, max=215280, per=100.00%, avg=198700.60, stdev=939.46, samples=9568
   iops        : min=21694, max=26910, avg=24837.55, stdev=117.43, samples=9568
  lat (usec)   : 2=0.01%, 4=0.01%, 10=0.01%, 20=0.01%, 50=0.01%
  lat (usec)   : 100=0.01%, 250=0.01%, 500=25.40%, 750=70.79%, 1000=2.90%
  lat (msec)   : 2=0.30%, 4=0.48%, 10=0.12%, 20=0.01%, 50=0.01%
  lat (msec)   : 100=0.01%, 250=0.01%
  cpu          : usr=0.51%, sys=8.11%, ctx=14495340, majf=0, minf=15275
  IO depths    : 1=100.0%, 2=0.0%, 4=0.0%, 8=0.0%, 16=0.0%, 32=0.0%, >=64=0.0%
     submit    : 0=0.0%, 4=100.0%, 8=0.0%, 16=0.0%, 32=0.0%, 64=0.0%, >=64=0.0%
     complete  : 0=0.0%, 4=100.0%, 8=0.0%, 16=0.0%, 32=0.0%, 64=0.0%, >=64=0.0%
     issued rwts: total=7443217,0,0,0 short=0,0,0,0 dropped=0,0,0,0
     latency   : target=0, window=0, percentile=100.00%, depth=1

Run status group 0 (all jobs):
   READ: bw=194MiB/s (203MB/s), 194MiB/s-194MiB/s (203MB/s-203MB/s), io=56.8GiB (60.0GB), run=300001-300001msec
