seqr: (g=0): rw=read, bs=(R) 64.0KiB-64.0KiB, (W) 64.0KiB-64.0KiB, (T) 64.0KiB-64.0KiB, ioengine=libaio, iodepth=1
...
fio-3.18
Starting 32 threads

seqr: (groupid=0, jobs=32): err= 0: pid=75067: Wed Feb 19 22:33:49 2020
  read: IOPS=16.5k, BW=1030MiB/s (1080MB/s)(302GiB/300009msec)
    slat (usec): min=20, max=1791, avg=59.63, stdev=22.26
    clat (usec): min=2, max=359194, avg=1879.49, stdev=2750.48
     lat (usec): min=537, max=359263, avg=1939.31, stdev=2750.65
    clat percentiles (usec):
     |  1.00th=[   775],  5.00th=[   906], 10.00th=[  1020], 20.00th=[  1188],
     | 30.00th=[  1303], 40.00th=[  1434], 50.00th=[  1598], 60.00th=[  1713],
     | 70.00th=[  1811], 80.00th=[  1909], 90.00th=[  2089], 95.00th=[  2573],
     | 99.00th=[ 10552], 99.50th=[ 15926], 99.90th=[ 32113], 99.95th=[ 48497],
     | 99.99th=[102237]
   bw (  MiB/s): min=  117, max= 1599, per=100.00%, avg=1031.46, stdev= 6.97, samples=19136
   iops        : min= 1878, max=25596, avg=16503.34, stdev=111.60, samples=19136
  lat (usec)   : 4=0.01%, 10=0.01%, 50=0.01%, 500=0.01%, 750=0.68%
  lat (usec)   : 1000=8.35%
  lat (msec)   : 2=77.22%, 4=10.16%, 10=2.45%, 20=0.89%, 50=0.21%
  lat (msec)   : 100=0.04%, 250=0.01%, 500=0.01%
  cpu          : usr=0.16%, sys=2.47%, ctx=9505144, majf=0, minf=15473
  IO depths    : 1=100.0%, 2=0.0%, 4=0.0%, 8=0.0%, 16=0.0%, 32=0.0%, >=64=0.0%
     submit    : 0=0.0%, 4=100.0%, 8=0.0%, 16=0.0%, 32=0.0%, 64=0.0%, >=64=0.0%
     complete  : 0=0.0%, 4=100.0%, 8=0.0%, 16=0.0%, 32=0.0%, 64=0.0%, >=64=0.0%
     issued rwts: total=4945892,0,0,0 short=0,0,0,0 dropped=0,0,0,0
     latency   : target=0, window=0, percentile=100.00%, depth=1

Run status group 0 (all jobs):
   READ: bw=1030MiB/s (1080MB/s), 1030MiB/s-1030MiB/s (1080MB/s-1080MB/s), io=302GiB (324GB), run=300009-300009msec
