seqr: (g=0): rw=read, bs=(R) 64.0KiB-64.0KiB, (W) 64.0KiB-64.0KiB, (T) 64.0KiB-64.0KiB, ioengine=libaio, iodepth=1
...
fio-3.18
Starting 2 threads

seqr: (groupid=0, jobs=2): err= 0: pid=76472: Wed Feb 19 22:55:53 2020
  read: IOPS=2438, BW=152MiB/s (160MB/s)(44.6GiB/300001msec)
    slat (usec): min=20, max=404, avg=43.55, stdev= 6.30
    clat (usec): min=332, max=149821, avg=775.24, stdev=980.45
     lat (usec): min=475, max=149871, avg=818.93, stdev=980.57
    clat percentiles (usec):
     |  1.00th=[  570],  5.00th=[  611], 10.00th=[  635], 20.00th=[  660],
     | 30.00th=[  685], 40.00th=[  701], 50.00th=[  725], 60.00th=[  750],
     | 70.00th=[  783], 80.00th=[  824], 90.00th=[  889], 95.00th=[  971],
     | 99.00th=[ 1237], 99.50th=[ 2343], 99.90th=[ 3818], 99.95th=[ 4359],
     | 99.99th=[55837]
   bw (  KiB/s): min= 9344, max=166912, per=100.00%, avg=156205.13, stdev=9144.18, samples=1198
   iops        : min=  146, max= 2608, avg=2440.70, stdev=142.88, samples=1198
  lat (usec)   : 500=0.02%, 750=60.36%, 1000=35.63%
  lat (msec)   : 2=3.41%, 4=0.51%, 10=0.04%, 20=0.01%, 50=0.01%
  lat (msec)   : 100=0.01%, 250=0.01%
  cpu          : usr=0.38%, sys=4.15%, ctx=1447767, majf=0, minf=1097
  IO depths    : 1=100.0%, 2=0.0%, 4=0.0%, 8=0.0%, 16=0.0%, 32=0.0%, >=64=0.0%
     submit    : 0=0.0%, 4=100.0%, 8=0.0%, 16=0.0%, 32=0.0%, 64=0.0%, >=64=0.0%
     complete  : 0=0.0%, 4=100.0%, 8=0.0%, 16=0.0%, 32=0.0%, 64=0.0%, >=64=0.0%
     issued rwts: total=731490,0,0,0 short=0,0,0,0 dropped=0,0,0,0
     latency   : target=0, window=0, percentile=100.00%, depth=1

Run status group 0 (all jobs):
   READ: bw=152MiB/s (160MB/s), 152MiB/s-152MiB/s (160MB/s-160MB/s), io=44.6GiB (47.9GB), run=300001-300001msec
