seqr: (g=0): rw=read, bs=(R) 64.0KiB-64.0KiB, (W) 64.0KiB-64.0KiB, (T) 64.0KiB-64.0KiB, ioengine=libaio, iodepth=1
...
fio-3.18
Starting 8 threads

seqr: (groupid=0, jobs=8): err= 0: pid=6640: Thu Feb 20 14:29:28 2020
  read: IOPS=9879, BW=617MiB/s (647MB/s)(181GiB/300001msec)
    slat (usec): min=18, max=887, avg=46.86, stdev=11.64
    clat (usec): min=3, max=8543, avg=761.39, stdev=218.98
     lat (usec): min=500, max=8583, avg=808.38, stdev=219.39
    clat percentiles (usec):
     |  1.00th=[  570],  5.00th=[  611], 10.00th=[  635], 20.00th=[  668],
     | 30.00th=[  693], 40.00th=[  709], 50.00th=[  734], 60.00th=[  758],
     | 70.00th=[  783], 80.00th=[  824], 90.00th=[  881], 95.00th=[  938],
     | 99.00th=[ 1123], 99.50th=[ 2212], 99.90th=[ 4047], 99.95th=[ 4424],
     | 99.99th=[ 5014]
   bw (  KiB/s): min=584320, max=689792, per=100.00%, avg=632984.70, stdev=2066.52, samples=4792
   iops        : min= 9130, max=10778, avg=9890.38, stdev=32.29, samples=4792
  lat (usec)   : 4=0.01%, 10=0.01%, 100=0.01%, 250=0.01%, 500=0.01%
  lat (usec)   : 750=57.44%, 1000=40.14%
  lat (msec)   : 2=1.87%, 4=0.43%, 10=0.11%
  cpu          : usr=0.38%, sys=4.70%, ctx=5559877, majf=0, minf=15082
  IO depths    : 1=100.0%, 2=0.0%, 4=0.0%, 8=0.0%, 16=0.0%, 32=0.0%, >=64=0.0%
     submit    : 0=0.0%, 4=100.0%, 8=0.0%, 16=0.0%, 32=0.0%, 64=0.0%, >=64=0.0%
     complete  : 0=0.0%, 4=100.0%, 8=0.0%, 16=0.0%, 32=0.0%, 64=0.0%, >=64=0.0%
     issued rwts: total=2963863,0,0,0 short=0,0,0,0 dropped=0,0,0,0
     latency   : target=0, window=0, percentile=100.00%, depth=1

Run status group 0 (all jobs):
   READ: bw=617MiB/s (647MB/s), 617MiB/s-617MiB/s (647MB/s-647MB/s), io=181GiB (194GB), run=300001-300001msec
