seqr: (g=0): rw=read, bs=(R) 64.0KiB-64.0KiB, (W) 64.0KiB-64.0KiB, (T) 64.0KiB-64.0KiB, ioengine=libaio, iodepth=1
...
fio-3.18
Starting 4 threads

seqr: (groupid=0, jobs=4): err= 0: pid=7009: Thu Feb 20 14:34:59 2020
  read: IOPS=5260, BW=329MiB/s (345MB/s)(96.3GiB/300001msec)
    slat (usec): min=18, max=513, avg=41.68, stdev= 9.67
    clat (usec): min=263, max=10778, avg=717.40, stdev=193.13
     lat (usec): min=475, max=10811, avg=759.22, stdev=193.22
    clat percentiles (usec):
     |  1.00th=[  553],  5.00th=[  586], 10.00th=[  611], 20.00th=[  635],
     | 30.00th=[  660], 40.00th=[  676], 50.00th=[  693], 60.00th=[  709],
     | 70.00th=[  734], 80.00th=[  766], 90.00th=[  824], 95.00th=[  873],
     | 99.00th=[ 1037], 99.50th=[ 1778], 99.90th=[ 3687], 99.95th=[ 4113],
     | 99.99th=[ 4621]
   bw (  KiB/s): min=312064, max=361344, per=100.00%, avg=337049.02, stdev=2097.52, samples=2396
   iops        : min= 4876, max= 5646, avg=5266.39, stdev=32.77, samples=2396
  lat (usec)   : 500=0.04%, 750=74.74%, 1000=23.99%
  lat (msec)   : 2=0.78%, 4=0.39%, 10=0.06%, 20=0.01%
  cpu          : usr=0.41%, sys=4.47%, ctx=2845906, majf=0, minf=2711
  IO depths    : 1=100.0%, 2=0.0%, 4=0.0%, 8=0.0%, 16=0.0%, 32=0.0%, >=64=0.0%
     submit    : 0=0.0%, 4=100.0%, 8=0.0%, 16=0.0%, 32=0.0%, 64=0.0%, >=64=0.0%
     complete  : 0=0.0%, 4=100.0%, 8=0.0%, 16=0.0%, 32=0.0%, 64=0.0%, >=64=0.0%
     issued rwts: total=1578255,0,0,0 short=0,0,0,0 dropped=0,0,0,0
     latency   : target=0, window=0, percentile=100.00%, depth=1

Run status group 0 (all jobs):
   READ: bw=329MiB/s (345MB/s), 329MiB/s-329MiB/s (345MB/s-345MB/s), io=96.3GiB (103GB), run=300001-300001msec
