seqr: (g=0): rw=read, bs=(R) 64.0KiB-64.0KiB, (W) 64.0KiB-64.0KiB, (T) 64.0KiB-64.0KiB, ioengine=libaio, iodepth=1
fio-3.18
Starting 1 thread

seqr: (groupid=0, jobs=1): err= 0: pid=76772: Wed Feb 19 23:01:24 2020
  read: IOPS=1255, BW=78.5MiB/s (82.3MB/s)(22.0GiB/300001msec)
    slat (usec): min=20, max=233, avg=41.74, stdev= 4.60
    clat (usec): min=453, max=7121, avg=753.19, stdev=198.03
     lat (usec): min=515, max=7166, avg=795.07, stdev=198.54
    clat percentiles (usec):
     |  1.00th=[  570],  5.00th=[  611], 10.00th=[  635], 20.00th=[  660],
     | 30.00th=[  676], 40.00th=[  701], 50.00th=[  717], 60.00th=[  742],
     | 70.00th=[  775], 80.00th=[  816], 90.00th=[  873], 95.00th=[  947],
     | 99.00th=[ 1221], 99.50th=[ 1975], 99.90th=[ 3556], 99.95th=[ 3785],
     | 99.99th=[ 4228]
   bw (  KiB/s): min=76544, max=84352, per=100.00%, avg=80448.28, stdev=1325.71, samples=599
   iops        : min= 1196, max= 1318, avg=1257.00, stdev=20.71, samples=599
  lat (usec)   : 500=0.01%, 750=62.35%, 1000=34.07%
  lat (msec)   : 2=3.07%, 4=0.47%, 10=0.02%
  cpu          : usr=0.44%, sys=3.94%, ctx=750014, majf=0, minf=265
  IO depths    : 1=100.0%, 2=0.0%, 4=0.0%, 8=0.0%, 16=0.0%, 32=0.0%, >=64=0.0%
     submit    : 0=0.0%, 4=100.0%, 8=0.0%, 16=0.0%, 32=0.0%, 64=0.0%, >=64=0.0%
     complete  : 0=0.0%, 4=100.0%, 8=0.0%, 16=0.0%, 32=0.0%, 64=0.0%, >=64=0.0%
     issued rwts: total=376724,0,0,0 short=0,0,0,0 dropped=0,0,0,0
     latency   : target=0, window=0, percentile=100.00%, depth=1

Run status group 0 (all jobs):
   READ: bw=78.5MiB/s (82.3MB/s), 78.5MiB/s-78.5MiB/s (82.3MB/s-82.3MB/s), io=22.0GiB (24.7GB), run=300001-300001msec
