seqr: (g=0): rw=read, bs=(R) 64.0KiB-64.0KiB, (W) 64.0KiB-64.0KiB, (T) 64.0KiB-64.0KiB, ioengine=libaio, iodepth=1
...
fio-3.18
Starting 64 threads

seqr: (groupid=0, jobs=64): err= 0: pid=5477: Thu Feb 20 14:12:54 2020
  read: IOPS=17.9k, BW=1116MiB/s (1171MB/s)(327GiB/300007msec)
    slat (usec): min=20, max=3651, avg=58.65, stdev=22.38
    clat (usec): min=625, max=22832, avg=3522.28, stdev=748.12
     lat (usec): min=1084, max=22881, avg=3581.14, stdev=749.14
    clat percentiles (usec):
     |  1.00th=[ 2966],  5.00th=[ 3064], 10.00th=[ 3130], 20.00th=[ 3163],
     | 30.00th=[ 3228], 40.00th=[ 3261], 50.00th=[ 3294], 60.00th=[ 3326],
     | 70.00th=[ 3392], 80.00th=[ 3458], 90.00th=[ 4293], 95.00th=[ 5735],
     | 99.00th=[ 5997], 99.50th=[ 6194], 99.90th=[ 7701], 99.95th=[ 8291],
     | 99.99th=[ 9765]
   bw (  MiB/s): min= 1071, max= 1157, per=100.00%, avg=1117.83, stdev= 0.25, samples=38272
   iops        : min=17138, max=18526, avg=17885.22, stdev= 3.94, samples=38272
  lat (usec)   : 750=0.01%, 1000=0.01%
  lat (msec)   : 2=0.01%, 4=89.31%, 10=10.68%, 20=0.01%, 50=0.01%
  cpu          : usr=0.09%, sys=1.33%, ctx=10180123, majf=0, minf=65164
  IO depths    : 1=100.0%, 2=0.0%, 4=0.0%, 8=0.0%, 16=0.0%, 32=0.0%, >=64=0.0%
     submit    : 0=0.0%, 4=100.0%, 8=0.0%, 16=0.0%, 32=0.0%, 64=0.0%, >=64=0.0%
     complete  : 0=0.0%, 4=100.0%, 8=0.0%, 16=0.0%, 32=0.0%, 64=0.0%, >=64=0.0%
     issued rwts: total=5358739,0,0,0 short=0,0,0,0 dropped=0,0,0,0
     latency   : target=0, window=0, percentile=100.00%, depth=1

Run status group 0 (all jobs):
   READ: bw=1116MiB/s (1171MB/s), 1116MiB/s-1116MiB/s (1171MB/s-1171MB/s), io=327GiB (351GB), run=300007-300007msec
