seqr: (g=0): rw=read, bs=(R) 64.0KiB-64.0KiB, (W) 64.0KiB-64.0KiB, (T) 64.0KiB-64.0KiB, ioengine=libaio, iodepth=1
...
fio-3.18
Starting 32 threads

seqr: (groupid=0, jobs=32): err= 0: pid=5942: Thu Feb 20 14:18:25 2020
  read: IOPS=17.9k, BW=1117MiB/s (1171MB/s)(327GiB/300004msec)
    slat (usec): min=19, max=2050, avg=55.63, stdev=19.89
    clat (nsec): min=1683, max=18978k, avg=1733429.78, stdev=415647.97
     lat (usec): min=621, max=19039, avg=1789.26, stdev=416.02
    clat percentiles (usec):
     |  1.00th=[ 1090],  5.00th=[ 1188], 10.00th=[ 1254], 20.00th=[ 1352],
     | 30.00th=[ 1582], 40.00th=[ 1713], 50.00th=[ 1778], 60.00th=[ 1827],
     | 70.00th=[ 1876], 80.00th=[ 1942], 90.00th=[ 2040], 95.00th=[ 2212],
     | 99.00th=[ 2868], 99.50th=[ 4146], 99.90th=[ 5604], 99.95th=[ 6063],
     | 99.99th=[ 6915]
   bw (  MiB/s): min=  981, max= 1236, per=100.00%, avg=1118.07, stdev= 1.69, samples=19136
   iops        : min=15702, max=19778, avg=17889.04, stdev=27.01, samples=19136
  lat (usec)   : 2=0.01%, 4=0.01%, 100=0.01%, 250=0.01%, 500=0.01%
  lat (usec)   : 750=0.01%, 1000=0.11%
  lat (msec)   : 2=86.54%, 4=12.79%, 10=0.56%, 20=0.01%
  cpu          : usr=0.17%, sys=2.57%, ctx=9815599, majf=0, minf=56234
  IO depths    : 1=100.0%, 2=0.0%, 4=0.0%, 8=0.0%, 16=0.0%, 32=0.0%, >=64=0.0%
     submit    : 0=0.0%, 4=100.0%, 8=0.0%, 16=0.0%, 32=0.0%, 64=0.0%, >=64=0.0%
     complete  : 0=0.0%, 4=100.0%, 8=0.0%, 16=0.0%, 32=0.0%, 64=0.0%, >=64=0.0%
     issued rwts: total=5360424,0,0,0 short=0,0,0,0 dropped=0,0,0,0
     latency   : target=0, window=0, percentile=100.00%, depth=1

Run status group 0 (all jobs):
   READ: bw=1117MiB/s (1171MB/s), 1117MiB/s-1117MiB/s (1171MB/s-1171MB/s), io=327GiB (351GB), run=300004-300004msec
