seqr: (g=0): rw=read, bs=(R) 64.0KiB-64.0KiB, (W) 64.0KiB-64.0KiB, (T) 64.0KiB-64.0KiB, ioengine=libaio, iodepth=1
...
fio-3.18
Starting 128 threads

seqr: (groupid=0, jobs=128): err= 0: pid=4947: Thu Feb 20 14:07:23 2020
  read: IOPS=17.9k, BW=1117MiB/s (1171MB/s)(327GiB/300014msec)
    slat (usec): min=21, max=5442, avg=62.30, stdev=27.58
    clat (usec): min=484, max=255646, avg=7098.72, stdev=2284.48
     lat (usec): min=724, max=255706, avg=7161.25, stdev=2284.92
    clat percentiles (usec):
     |  1.00th=[ 5669],  5.00th=[ 5932], 10.00th=[ 6128], 20.00th=[ 6325],
     | 30.00th=[ 6390], 40.00th=[ 6456], 50.00th=[ 6521], 60.00th=[ 6587],
     | 70.00th=[ 6718], 80.00th=[ 7308], 90.00th=[ 9372], 95.00th=[10683],
     | 99.00th=[11994], 99.50th=[12256], 99.90th=[16319], 99.95th=[46400],
     | 99.99th=[98042]
   bw (  MiB/s): min=  924, max= 1294, per=100.00%, avg=1118.34, stdev= 0.73, samples=76544
   iops        : min=14795, max=20708, avg=17893.24, stdev=11.62, samples=76544
  lat (usec)   : 500=0.01%, 750=0.01%
  lat (msec)   : 2=0.01%, 4=0.01%, 10=92.47%, 20=7.43%, 50=0.05%
  lat (msec)   : 100=0.03%, 250=0.01%, 500=0.01%
  cpu          : usr=0.05%, sys=0.70%, ctx=10243710, majf=0, minf=196058
  IO depths    : 1=100.0%, 2=0.0%, 4=0.0%, 8=0.0%, 16=0.0%, 32=0.0%, >=64=0.0%
     submit    : 0=0.0%, 4=100.0%, 8=0.0%, 16=0.0%, 32=0.0%, 64=0.0%, >=64=0.0%
     complete  : 0=0.0%, 4=100.0%, 8=0.0%, 16=0.0%, 32=0.0%, 64=0.0%, >=64=0.0%
     issued rwts: total=5360776,0,0,0 short=0,0,0,0 dropped=0,0,0,0
     latency   : target=0, window=0, percentile=100.00%, depth=1

Run status group 0 (all jobs):
   READ: bw=1117MiB/s (1171MB/s), 1117MiB/s-1117MiB/s (1171MB/s-1171MB/s), io=327GiB (351GB), run=300014-300014msec
