seqr: (g=0): rw=read, bs=(R) 64.0KiB-64.0KiB, (W) 64.0KiB-64.0KiB, (T) 64.0KiB-64.0KiB, ioengine=libaio, iodepth=1
...
fio-3.18
Starting 16 threads

seqr: (groupid=0, jobs=16): err= 0: pid=75434: Wed Feb 19 22:39:20 2020
  read: IOPS=15.9k, BW=993MiB/s (1041MB/s)(291GiB/300002msec)
    slat (usec): min=19, max=1263, avg=52.52, stdev=17.19
    clat (usec): min=2, max=194717, avg=952.73, stdev=1168.26
     lat (usec): min=544, max=194757, avg=1005.42, stdev=1168.47
    clat percentiles (usec):
     |  1.00th=[  668],  5.00th=[  717], 10.00th=[  750], 20.00th=[  791],
     | 30.00th=[  824], 40.00th=[  857], 50.00th=[  889], 60.00th=[  922],
     | 70.00th=[  963], 80.00th=[ 1020], 90.00th=[ 1106], 95.00th=[ 1205],
     | 99.00th=[ 1745], 99.50th=[ 3261], 99.90th=[ 4883], 99.95th=[13566],
     | 99.99th=[59507]
   bw (  KiB/s): min=84224, max=1186944, per=100.00%, avg=1018043.71, stdev=7811.44, samples=9568
   iops        : min= 1316, max=18546, avg=15906.91, stdev=122.05, samples=9568
  lat (usec)   : 4=0.01%, 10=0.01%, 100=0.01%, 250=0.01%, 500=0.01%
  lat (usec)   : 750=9.88%, 1000=67.20%
  lat (msec)   : 2=22.02%, 4=0.65%, 10=0.20%, 20=0.02%, 50=0.03%
  lat (msec)   : 100=0.01%, 250=0.01%
  cpu          : usr=0.31%, sys=4.38%, ctx=8432478, majf=0, minf=8117
  IO depths    : 1=100.0%, 2=0.0%, 4=0.0%, 8=0.0%, 16=0.0%, 32=0.0%, >=64=0.0%
     submit    : 0=0.0%, 4=100.0%, 8=0.0%, 16=0.0%, 32=0.0%, 64=0.0%, >=64=0.0%
     complete  : 0=0.0%, 4=100.0%, 8=0.0%, 16=0.0%, 32=0.0%, 64=0.0%, >=64=0.0%
     issued rwts: total=4766681,0,0,0 short=0,0,0,0 dropped=0,0,0,0
     latency   : target=0, window=0, percentile=100.00%, depth=1

Run status group 0 (all jobs):
   READ: bw=993MiB/s (1041MB/s), 993MiB/s-993MiB/s (1041MB/s-1041MB/s), io=291GiB (312GB), run=300002-300002msec
