seqr: (g=0): rw=read, bs=(R) 64.0KiB-64.0KiB, (W) 64.0KiB-64.0KiB, (T) 64.0KiB-64.0KiB, ioengine=libaio, iodepth=1
...
fio-3.18
Starting 64 threads

seqr: (groupid=0, jobs=64): err= 0: pid=74628: Wed Feb 19 22:28:17 2020
  read: IOPS=9640, BW=603MiB/s (632MB/s)(177GiB/300068msec)
    slat (usec): min=19, max=2356, avg=52.34, stdev=18.67
    clat (nsec): min=1953, max=1667.3M, avg=6583296.01, stdev=19806525.53
     lat (usec): min=555, max=1667.4k, avg=6635.83, stdev=19807.65
    clat percentiles (usec):
     |  1.00th=[   758],  5.00th=[   832], 10.00th=[   873], 20.00th=[   930],
     | 30.00th=[   979], 40.00th=[  1045], 50.00th=[  1123], 60.00th=[  1336],
     | 70.00th=[  4817], 80.00th=[  8356], 90.00th=[ 14091], 95.00th=[ 24773],
     | 99.00th=[ 83362], 99.50th=[119014], 99.90th=[242222], 99.95th=[316670],
     | 99.99th=[566232]
   bw (  KiB/s): min= 8448, max=1959808, per=100.00%, avg=620666.83, stdev=5929.51, samples=38113
   iops        : min=  132, max=30622, avg=9697.87, stdev=92.65, samples=38113
  lat (usec)   : 2=0.01%, 4=0.01%, 10=0.01%, 20=0.01%, 50=0.01%
  lat (usec)   : 100=0.01%, 250=0.01%, 500=0.01%, 750=0.86%, 1000=32.75%
  lat (msec)   : 2=30.87%, 4=3.92%, 10=16.97%, 20=8.75%, 50=3.85%
  lat (msec)   : 100=1.31%, 250=0.62%, 500=0.08%, 750=0.01%, 1000=0.01%
  lat (msec)   : 2000=0.01%
  cpu          : usr=0.05%, sys=0.65%, ctx=5241406, majf=0, minf=74799
  IO depths    : 1=100.0%, 2=0.0%, 4=0.0%, 8=0.0%, 16=0.0%, 32=0.0%, >=64=0.0%
     submit    : 0=0.0%, 4=100.0%, 8=0.0%, 16=0.0%, 32=0.0%, 64=0.0%, >=64=0.0%
     complete  : 0=0.0%, 4=100.0%, 8=0.0%, 16=0.0%, 32=0.0%, 64=0.0%, >=64=0.0%
     issued rwts: total=2892795,0,0,0 short=0,0,0,0 dropped=0,0,0,0
     latency   : target=0, window=0, percentile=100.00%, depth=1

Run status group 0 (all jobs):
   READ: bw=603MiB/s (632MB/s), 603MiB/s-603MiB/s (632MB/s-632MB/s), io=177GiB (190GB), run=300068-300068msec
