seqr: (g=0): rw=read, bs=(R) 64.0KiB-64.0KiB, (W) 64.0KiB-64.0KiB, (T) 64.0KiB-64.0KiB, ioengine=libaio, iodepth=1
...
fio-3.18
Starting 4 threads

seqr: (groupid=0, jobs=4): err= 0: pid=76161: Wed Feb 19 22:50:22 2020
  read: IOPS=4887, BW=305MiB/s (320MB/s)(89.5GiB/300001msec)
    slat (usec): min=19, max=504, avg=43.71, stdev= 8.99
    clat (usec): min=228, max=8297, avg=773.14, stdev=221.44
     lat (usec): min=493, max=8347, avg=817.19, stdev=222.10
    clat percentiles (usec):
     |  1.00th=[  570],  5.00th=[  611], 10.00th=[  635], 20.00th=[  668],
     | 30.00th=[  693], 40.00th=[  709], 50.00th=[  734], 60.00th=[  758],
     | 70.00th=[  791], 80.00th=[  840], 90.00th=[  922], 95.00th=[ 1004],
     | 99.00th=[ 1254], 99.50th=[ 2343], 99.90th=[ 3785], 99.95th=[ 4047],
     | 99.99th=[ 4490]
   bw (  KiB/s): min=298112, max=327552, per=100.00%, avg=313118.52, stdev=1239.79, samples=2396
   iops        : min= 4658, max= 5118, avg=4892.47, stdev=19.37, samples=2396
  lat (usec)   : 250=0.01%, 500=0.02%, 750=56.49%, 1000=38.27%
  lat (msec)   : 2=4.65%, 4=0.52%, 10=0.06%
  cpu          : usr=0.41%, sys=4.28%, ctx=2730633, majf=0, minf=2786
  IO depths    : 1=100.0%, 2=0.0%, 4=0.0%, 8=0.0%, 16=0.0%, 32=0.0%, >=64=0.0%
     submit    : 0=0.0%, 4=100.0%, 8=0.0%, 16=0.0%, 32=0.0%, 64=0.0%, >=64=0.0%
     complete  : 0=0.0%, 4=100.0%, 8=0.0%, 16=0.0%, 32=0.0%, 64=0.0%, >=64=0.0%
     issued rwts: total=1466170,0,0,0 short=0,0,0,0 dropped=0,0,0,0
     latency   : target=0, window=0, percentile=100.00%, depth=1

Run status group 0 (all jobs):
   READ: bw=305MiB/s (320MB/s), 305MiB/s-305MiB/s (320MB/s-320MB/s), io=89.5GiB (96.1GB), run=300001-300001msec
