seqw: (g=0): rw=write, bs=(R) 64.0KiB-64.0KiB, (W) 64.0KiB-64.0KiB, (T) 64.0KiB-64.0KiB, ioengine=libaio, iodepth=1
...
fio-3.18
Starting 32 threads

seqw: (groupid=0, jobs=32): err= 0: pid=78145: Wed Feb 19 23:18:02 2020
  write: IOPS=9031, BW=564MiB/s (592MB/s)(165GiB/300008msec)
    slat (usec): min=21, max=1506, avg=105.63, stdev=41.58
    clat (usec): min=117, max=570343, avg=3435.32, stdev=8825.31
     lat (usec): min=841, max=570449, avg=3541.17, stdev=8825.83
    clat percentiles (usec):
     |  1.00th=[  1020],  5.00th=[  1188], 10.00th=[  1336], 20.00th=[  1565],
     | 30.00th=[  1745], 40.00th=[  1926], 50.00th=[  2147], 60.00th=[  2442],
     | 70.00th=[  3032], 80.00th=[  4621], 90.00th=[  5538], 95.00th=[  6194],
     | 99.00th=[ 13698], 99.50th=[ 42730], 99.90th=[149947], 99.95th=[198181],
     | 99.99th=[283116]
   bw (  KiB/s): min= 6912, max=1187968, per=100.00%, avg=578548.24, stdev=6361.24, samples=19136
   iops        : min=  108, max=18562, avg=9039.79, stdev=99.39, samples=19136
  lat (usec)   : 250=0.01%, 500=0.01%, 750=0.01%, 1000=0.73%
  lat (msec)   : 2=42.81%, 4=32.19%, 10=22.92%, 20=0.58%, 50=0.33%
  lat (msec)   : 100=0.26%, 250=0.17%, 500=0.02%, 750=0.01%
  cpu          : usr=0.12%, sys=1.69%, ctx=5350917, majf=0, minf=30282
  IO depths    : 1=100.0%, 2=0.0%, 4=0.0%, 8=0.0%, 16=0.0%, 32=0.0%, >=64=0.0%
     submit    : 0=0.0%, 4=100.0%, 8=0.0%, 16=0.0%, 32=0.0%, 64=0.0%, >=64=0.0%
     complete  : 0=0.0%, 4=100.0%, 8=0.0%, 16=0.0%, 32=0.0%, 64=0.0%, >=64=0.0%
     issued rwts: total=0,2709634,0,0 short=0,0,0,0 dropped=0,0,0,0
     latency   : target=0, window=0, percentile=100.00%, depth=1

Run status group 0 (all jobs):
  WRITE: bw=564MiB/s (592MB/s), 564MiB/s-564MiB/s (592MB/s-592MB/s), io=165GiB (178GB), run=300008-300008msec
