seqw: (g=0): rw=write, bs=(R) 64.0KiB-64.0KiB, (W) 64.0KiB-64.0KiB, (T) 64.0KiB-64.0KiB, ioengine=libaio, iodepth=1
...
fio-3.18
Starting 16 threads

seqw: (groupid=0, jobs=16): err= 0: pid=78480: Wed Feb 19 23:23:37 2020
  write: IOPS=6912, BW=432MiB/s (453MB/s)(127GiB/300002msec)
    slat (usec): min=22, max=1297, avg=89.84, stdev=30.01
    clat (usec): min=91, max=421686, avg=2222.78, stdev=4297.77
     lat (usec): min=811, max=421791, avg=2312.84, stdev=4297.97
    clat percentiles (usec):
     |  1.00th=[   963],  5.00th=[  1074], 10.00th=[  1139], 20.00th=[  1237],
     | 30.00th=[  1319], 40.00th=[  1401], 50.00th=[  1516], 60.00th=[  1647],
     | 70.00th=[  1827], 80.00th=[  2278], 90.00th=[  4555], 95.00th=[  5211],
     | 99.00th=[  6849], 99.50th=[  9503], 99.90th=[ 59507], 99.95th=[ 91751],
     | 99.99th=[179307]
   bw (  KiB/s): min= 5632, max=723712, per=100.00%, avg=442903.40, stdev=5891.35, samples=9575
   iops        : min=   88, max=11308, avg=6920.35, stdev=92.05, samples=9575
  lat (usec)   : 100=0.01%, 500=0.01%, 750=0.01%, 1000=1.89%
  lat (msec)   : 2=73.78%, 4=10.82%, 10=13.04%, 20=0.21%, 50=0.13%
  lat (msec)   : 100=0.09%, 250=0.04%, 500=0.01%
  cpu          : usr=0.19%, sys=2.13%, ctx=3893139, majf=0, minf=41450
  IO depths    : 1=100.0%, 2=0.0%, 4=0.0%, 8=0.0%, 16=0.0%, 32=0.0%, >=64=0.0%
     submit    : 0=0.0%, 4=100.0%, 8=0.0%, 16=0.0%, 32=0.0%, 64=0.0%, >=64=0.0%
     complete  : 0=0.0%, 4=100.0%, 8=0.0%, 16=0.0%, 32=0.0%, 64=0.0%, >=64=0.0%
     issued rwts: total=0,2073798,0,0 short=0,0,0,0 dropped=0,0,0,0
     latency   : target=0, window=0, percentile=100.00%, depth=1

Run status group 0 (all jobs):
  WRITE: bw=432MiB/s (453MB/s), 432MiB/s-432MiB/s (453MB/s-453MB/s), io=127GiB (136GB), run=300002-300002msec
