seqw: (g=0): rw=write, bs=(R) 64.0KiB-64.0KiB, (W) 64.0KiB-64.0KiB, (T) 64.0KiB-64.0KiB, ioengine=libaio, iodepth=1
fio-3.18
Starting 1 thread

seqw: (groupid=0, jobs=1): err= 0: pid=10835: Thu Feb 20 15:30:37 2020
  write: IOPS=913, BW=57.1MiB/s (59.9MB/s)(16.7GiB/300001msec)
    slat (usec): min=32, max=232, avg=35.96, stdev= 1.71
    clat (usec): min=750, max=64734, avg=1057.44, stdev=811.60
     lat (usec): min=788, max=64770, avg=1093.54, stdev=811.58
    clat percentiles (usec):
     |  1.00th=[  832],  5.00th=[  865], 10.00th=[  881], 20.00th=[  906],
     | 30.00th=[  938], 40.00th=[  963], 50.00th=[  988], 60.00th=[ 1004],
     | 70.00th=[ 1029], 80.00th=[ 1057], 90.00th=[ 1123], 95.00th=[ 1254],
     | 99.00th=[ 3130], 99.50th=[ 4228], 99.90th=[ 5014], 99.95th=[ 5800],
     | 99.99th=[45351]
   bw (  KiB/s): min=40832, max=63232, per=100.00%, avg=58517.07, stdev=2927.18, samples=599
   iops        : min=  638, max=  988, avg=914.33, stdev=45.74, samples=599
  lat (usec)   : 1000=56.64%
  lat (msec)   : 2=40.95%, 4=1.83%, 10=0.54%, 20=0.01%, 50=0.03%
  lat (msec)   : 100=0.01%
  cpu          : usr=0.34%, sys=3.43%, ctx=274039, majf=0, minf=73
  IO depths    : 1=100.0%, 2=0.0%, 4=0.0%, 8=0.0%, 16=0.0%, 32=0.0%, >=64=0.0%
     submit    : 0=0.0%, 4=100.0%, 8=0.0%, 16=0.0%, 32=0.0%, 64=0.0%, >=64=0.0%
     complete  : 0=0.0%, 4=100.0%, 8=0.0%, 16=0.0%, 32=0.0%, 64=0.0%, >=64=0.0%
     issued rwts: total=0,274037,0,0 short=0,0,0,0 dropped=0,0,0,0
     latency   : target=0, window=0, percentile=100.00%, depth=1

Run status group 0 (all jobs):
  WRITE: bw=57.1MiB/s (59.9MB/s), 57.1MiB/s-57.1MiB/s (59.9MB/s-59.9MB/s), io=16.7GiB (17.0GB), run=300001-300001msec
