seqw: (g=0): rw=write, bs=(R) 64.0KiB-64.0KiB, (W) 64.0KiB-64.0KiB, (T) 64.0KiB-64.0KiB, ioengine=libaio, iodepth=1
...
fio-3.18
Starting 4 threads

seqw: (groupid=0, jobs=4): err= 0: pid=79168: Wed Feb 19 23:34:46 2020
  write: IOPS=2750, BW=172MiB/s (180MB/s)(50.4GiB/300003msec)
    slat (usec): min=22, max=396, avg=72.80, stdev=19.46
    clat (usec): min=663, max=368192, avg=1379.73, stdev=3274.12
     lat (usec): min=790, max=368241, avg=1452.69, stdev=3273.81
    clat percentiles (usec):
     |  1.00th=[   840],  5.00th=[   889], 10.00th=[   922], 20.00th=[   963],
     | 30.00th=[   996], 40.00th=[  1029], 50.00th=[  1057], 60.00th=[  1090],
     | 70.00th=[  1156], 80.00th=[  1336], 90.00th=[  1713], 95.00th=[  2966],
     | 99.00th=[  4883], 99.50th=[  5342], 99.90th=[ 25035], 99.95th=[ 63177],
     | 99.99th=[164627]
   bw (  KiB/s): min= 1664, max=208256, per=100.00%, avg=176214.44, stdev=9313.73, samples=2396
   iops        : min=   26, max= 3254, avg=2753.34, stdev=145.53, samples=2396
  lat (usec)   : 750=0.01%, 1000=31.82%
  lat (msec)   : 2=60.92%, 4=4.41%, 10=2.69%, 20=0.05%, 50=0.05%
  lat (msec)   : 100=0.04%, 250=0.03%, 500=0.01%
  cpu          : usr=0.30%, sys=2.58%, ctx=1508618, majf=0, minf=5087
  IO depths    : 1=100.0%, 2=0.0%, 4=0.0%, 8=0.0%, 16=0.0%, 32=0.0%, >=64=0.0%
     submit    : 0=0.0%, 4=100.0%, 8=0.0%, 16=0.0%, 32=0.0%, 64=0.0%, >=64=0.0%
     complete  : 0=0.0%, 4=100.0%, 8=0.0%, 16=0.0%, 32=0.0%, 64=0.0%, >=64=0.0%
     issued rwts: total=0,825212,0,0 short=0,0,0,0 dropped=0,0,0,0
     latency   : target=0, window=0, percentile=100.00%, depth=1

Run status group 0 (all jobs):
  WRITE: bw=172MiB/s (180MB/s), 172MiB/s-172MiB/s (180MB/s-180MB/s), io=50.4GiB (54.1GB), run=300003-300003msec
