seqw: (g=0): rw=write, bs=(R) 64.0KiB-64.0KiB, (W) 64.0KiB-64.0KiB, (T) 64.0KiB-64.0KiB, ioengine=libaio, iodepth=1
...
fio-3.18
Starting 2 threads

seqw: (groupid=0, jobs=2): err= 0: pid=79497: Wed Feb 19 23:40:21 2020
  write: IOPS=1459, BW=91.2MiB/s (95.6MB/s)(26.7GiB/300001msec)
    slat (usec): min=21, max=274, avg=34.92, stdev= 4.89
    clat (usec): min=763, max=318023, avg=1334.54, stdev=4094.98
     lat (usec): min=798, max=318054, avg=1369.61, stdev=4095.03
    clat percentiles (usec):
     |  1.00th=[   865],  5.00th=[   898], 10.00th=[   922], 20.00th=[   963],
     | 30.00th=[   996], 40.00th=[  1020], 50.00th=[  1045], 60.00th=[  1074],
     | 70.00th=[  1106], 80.00th=[  1205], 90.00th=[  1598], 95.00th=[  2147],
     | 99.00th=[  4424], 99.50th=[  4948], 99.90th=[ 35390], 99.95th=[103285],
     | 99.99th=[196084]
   bw (  KiB/s): min=  512, max=110336, per=100.00%, avg=93494.76, stdev=12654.69, samples=1198
   iops        : min=    8, max= 1724, avg=1460.85, stdev=197.73, samples=1198
  lat (usec)   : 1000=33.02%
  lat (msec)   : 2=61.20%, 4=4.27%, 10=1.37%, 20=0.02%, 50=0.03%
  lat (msec)   : 100=0.03%, 250=0.05%, 500=0.01%
  cpu          : usr=0.26%, sys=2.68%, ctx=437875, majf=0, minf=743
  IO depths    : 1=100.0%, 2=0.0%, 4=0.0%, 8=0.0%, 16=0.0%, 32=0.0%, >=64=0.0%
     submit    : 0=0.0%, 4=100.0%, 8=0.0%, 16=0.0%, 32=0.0%, 64=0.0%, >=64=0.0%
     complete  : 0=0.0%, 4=100.0%, 8=0.0%, 16=0.0%, 32=0.0%, 64=0.0%, >=64=0.0%
     issued rwts: total=0,437712,0,0 short=0,0,0,0 dropped=0,0,0,0
     latency   : target=0, window=0, percentile=100.00%, depth=1

Run status group 0 (all jobs):
  WRITE: bw=91.2MiB/s (95.6MB/s), 91.2MiB/s-91.2MiB/s (95.6MB/s-95.6MB/s), io=26.7GiB (28.7GB), run=300001-300001msec
