seqw: (g=0): rw=write, bs=(R) 64.0KiB-64.0KiB, (W) 64.0KiB-64.0KiB, (T) 64.0KiB-64.0KiB, ioengine=libaio, iodepth=1
...
fio-3.18
Starting 2 threads

seqw: (groupid=0, jobs=2): err= 0: pid=10531: Thu Feb 20 15:25:02 2020
  write: IOPS=1614, BW=101MiB/s (106MB/s)(29.6GiB/300008msec)
    slat (usec): min=26, max=306, avg=37.39, stdev= 8.18
    clat (usec): min=708, max=333583, avg=1200.24, stdev=2759.78
     lat (usec): min=800, max=333619, avg=1237.78, stdev=2759.85
    clat percentiles (usec):
     |  1.00th=[   840],  5.00th=[   881], 10.00th=[   922], 20.00th=[   963],
     | 30.00th=[   996], 40.00th=[  1020], 50.00th=[  1037], 60.00th=[  1057],
     | 70.00th=[  1090], 80.00th=[  1139], 90.00th=[  1237], 95.00th=[  1450],
     | 99.00th=[  4178], 99.50th=[  4752], 99.90th=[  9896], 99.95th=[ 52167],
     | 99.99th=[141558]
   bw (  KiB/s): min=32640, max=120064, per=100.00%, avg=103427.58, stdev=9318.81, samples=1198
   iops        : min=  510, max= 1876, avg=1616.05, stdev=145.61, samples=1198
  lat (usec)   : 750=0.01%, 1000=32.35%
  lat (msec)   : 2=64.01%, 4=2.52%, 10=1.02%, 20=0.02%, 50=0.03%
  lat (msec)   : 100=0.03%, 250=0.03%, 500=0.01%
  cpu          : usr=0.28%, sys=3.13%, ctx=492515, majf=0, minf=309
  IO depths    : 1=100.0%, 2=0.0%, 4=0.0%, 8=0.0%, 16=0.0%, 32=0.0%, >=64=0.0%
     submit    : 0=0.0%, 4=100.0%, 8=0.0%, 16=0.0%, 32=0.0%, 64=0.0%, >=64=0.0%
     complete  : 0=0.0%, 4=100.0%, 8=0.0%, 16=0.0%, 32=0.0%, 64=0.0%, >=64=0.0%
     issued rwts: total=0,484266,0,0 short=0,0,0,0 dropped=0,0,0,0
     latency   : target=0, window=0, percentile=100.00%, depth=1

Run status group 0 (all jobs):
  WRITE: bw=101MiB/s (106MB/s), 101MiB/s-101MiB/s (106MB/s-106MB/s), io=29.6GiB (31.7GB), run=300008-300008msec
