seqw: (g=0): rw=write, bs=(R) 64.0KiB-64.0KiB, (W) 64.0KiB-64.0KiB, (T) 64.0KiB-64.0KiB, ioengine=libaio, iodepth=1
...
fio-3.18
Starting 8 threads

seqw: (groupid=0, jobs=8): err= 0: pid=9801: Thu Feb 20 15:13:52 2020
  write: IOPS=4467, BW=279MiB/s (293MB/s)(81.8GiB/300001msec)
    slat (usec): min=21, max=672, avg=75.47, stdev=22.58
    clat (usec): min=534, max=2916.8k, avg=1713.38, stdev=11467.35
     lat (usec): min=790, max=2916.9k, avg=1789.03, stdev=11467.33
    clat percentiles (usec):
     |  1.00th=[   865],  5.00th=[   930], 10.00th=[   963], 20.00th=[  1020],
     | 30.00th=[  1057], 40.00th=[  1106], 50.00th=[  1139], 60.00th=[  1205],
     | 70.00th=[  1270], 80.00th=[  1401], 90.00th=[  1893], 95.00th=[  4015],
     | 99.00th=[  5276], 99.50th=[  5997], 99.90th=[ 65274], 99.95th=[177210],
     | 99.99th=[421528]
   bw (  KiB/s): min=56448, max=410112, per=100.00%, avg=290263.29, stdev=10458.40, samples=4710
   iops        : min=  882, max= 6408, avg=4535.36, stdev=163.41, samples=4710
  lat (usec)   : 750=0.01%, 1000=16.52%
  lat (msec)   : 2=73.82%, 4=4.63%, 10=4.74%, 20=0.09%, 50=0.07%
  lat (msec)   : 100=0.05%, 250=0.05%, 500=0.02%, 750=0.01%, 1000=0.01%
  lat (msec)   : 2000=0.01%, >=2000=0.01%
  cpu          : usr=0.21%, sys=2.28%, ctx=2439279, majf=0, minf=15798
  IO depths    : 1=100.0%, 2=0.0%, 4=0.0%, 8=0.0%, 16=0.0%, 32=0.0%, >=64=0.0%
     submit    : 0=0.0%, 4=100.0%, 8=0.0%, 16=0.0%, 32=0.0%, 64=0.0%, >=64=0.0%
     complete  : 0=0.0%, 4=100.0%, 8=0.0%, 16=0.0%, 32=0.0%, 64=0.0%, >=64=0.0%
     issued rwts: total=0,1340358,0,0 short=0,0,0,0 dropped=0,0,0,0
     latency   : target=0, window=0, percentile=100.00%, depth=1

Run status group 0 (all jobs):
  WRITE: bw=279MiB/s (293MB/s), 279MiB/s-279MiB/s (293MB/s-293MB/s), io=81.8GiB (87.8GB), run=300001-300001msec
