seqw: (g=0): rw=write, bs=(R) 64.0KiB-64.0KiB, (W) 64.0KiB-64.0KiB, (T) 64.0KiB-64.0KiB, ioengine=libaio, iodepth=1
...
fio-3.18
Starting 64 threads

seqw: (groupid=0, jobs=64): err= 0: pid=8482: Thu Feb 20 14:57:08 2020
  write: IOPS=9463, BW=591MiB/s (620MB/s)(174GiB/300508msec)
    slat (usec): min=22, max=2391, avg=107.28, stdev=45.54
    clat (nsec): min=1624, max=7862.2M, avg=6643712.77, stdev=32342593.82
     lat (usec): min=837, max=7862.4k, avg=6751.22, stdev=32343.34
    clat percentiles (usec):
     |  1.00th=[  1045],  5.00th=[  1237], 10.00th=[  1385], 20.00th=[  1598],
     | 30.00th=[  1811], 40.00th=[  2024], 50.00th=[  2311], 60.00th=[  2769],
     | 70.00th=[  3916], 80.00th=[  5145], 90.00th=[  6521], 95.00th=[ 15926],
     | 99.00th=[ 93848], 99.50th=[168821], 99.90th=[350225], 99.95th=[467665],
     | 99.99th=[994051]
   bw (  KiB/s): min=32768, max=1452288, per=100.00%, avg=618358.49, stdev=4554.99, samples=37277
   iops        : min=  512, max=22692, avg=9661.80, stdev=71.17, samples=37277
  lat (usec)   : 2=0.01%, 4=0.01%, 50=0.01%, 250=0.01%, 500=0.01%
  lat (usec)   : 750=0.01%, 1000=0.53%
  lat (msec)   : 2=38.38%, 4=31.59%, 10=23.01%, 20=2.17%, 50=2.31%
  lat (msec)   : 100=1.07%, 250=0.70%, 500=0.19%, 750=0.03%, 1000=0.01%
  lat (msec)   : 2000=0.01%, >=2000=0.01%
  cpu          : usr=0.07%, sys=0.89%, ctx=5734236, majf=0, minf=74758
  IO depths    : 1=100.0%, 2=0.0%, 4=0.0%, 8=0.0%, 16=0.0%, 32=0.0%, >=64=0.0%
     submit    : 0=0.0%, 4=100.0%, 8=0.0%, 16=0.0%, 32=0.0%, 64=0.0%, >=64=0.0%
     complete  : 0=0.0%, 4=100.0%, 8=0.0%, 16=0.0%, 32=0.0%, 64=0.0%, >=64=0.0%
     issued rwts: total=0,2843780,0,0 short=0,0,0,0 dropped=0,0,0,0
     latency   : target=0, window=0, percentile=100.00%, depth=1

Run status group 0 (all jobs):
  WRITE: bw=591MiB/s (620MB/s), 591MiB/s-591MiB/s (620MB/s-620MB/s), io=174GiB (186GB), run=300508-300508msec
