seqw: (g=0): rw=write, bs=(R) 64.0KiB-64.0KiB, (W) 64.0KiB-64.0KiB, (T) 64.0KiB-64.0KiB, ioengine=libaio, iodepth=1
...
fio-3.18
Starting 8 threads

seqw: (groupid=0, jobs=8): err= 0: pid=78858: Wed Feb 19 23:29:11 2020
  write: IOPS=4781, BW=299MiB/s (313MB/s)(87.6GiB/300070msec)
    slat (usec): min=20, max=656, avg=79.81, stdev=20.75
    clat (usec): min=559, max=222905, avg=1590.87, stdev=1563.08
     lat (usec): min=822, max=222941, avg=1670.95, stdev=1563.40
    clat percentiles (usec):
     |  1.00th=[  898],  5.00th=[  963], 10.00th=[  996], 20.00th=[ 1057],
     | 30.00th=[ 1090], 40.00th=[ 1139], 50.00th=[ 1188], 60.00th=[ 1254],
     | 70.00th=[ 1369], 80.00th=[ 1614], 90.00th=[ 2573], 95.00th=[ 4359],
     | 99.00th=[ 5473], 99.50th=[ 6194], 99.90th=[14877], 99.95th=[27919],
     | 99.99th=[55313]
   bw (  KiB/s): min=110848, max=348928, per=100.00%, avg=306423.22, stdev=2690.29, samples=4792
   iops        : min= 1732, max= 5452, avg=4787.86, stdev=42.04, samples=4792
  lat (usec)   : 750=0.01%, 1000=10.14%
  lat (msec)   : 2=77.73%, 4=5.62%, 10=6.35%, 20=0.09%, 50=0.06%
  lat (msec)   : 100=0.02%, 250=0.01%
  cpu          : usr=0.26%, sys=2.48%, ctx=2690190, majf=0, minf=6947
  IO depths    : 1=100.0%, 2=0.0%, 4=0.0%, 8=0.0%, 16=0.0%, 32=0.0%, >=64=0.0%
     submit    : 0=0.0%, 4=100.0%, 8=0.0%, 16=0.0%, 32=0.0%, 64=0.0%, >=64=0.0%
     complete  : 0=0.0%, 4=100.0%, 8=0.0%, 16=0.0%, 32=0.0%, 64=0.0%, >=64=0.0%
     issued rwts: total=0,1434876,0,0 short=0,0,0,0 dropped=0,0,0,0
     latency   : target=0, window=0, percentile=100.00%, depth=1

Run status group 0 (all jobs):
  WRITE: bw=299MiB/s (313MB/s), 299MiB/s-299MiB/s (313MB/s-313MB/s), io=87.6GiB (94.0GB), run=300070-300070msec
