seqw: (g=0): rw=write, bs=(R) 64.0KiB-64.0KiB, (W) 64.0KiB-64.0KiB, (T) 64.0KiB-64.0KiB, ioengine=libaio, iodepth=1
...
fio-3.18
Starting 32 threads

seqw: (groupid=0, jobs=32): err= 0: pid=8847: Thu Feb 20 15:02:42 2020
  write: IOPS=8885, BW=555MiB/s (582MB/s)(163GiB/300004msec)
    slat (usec): min=21, max=1776, avg=99.58, stdev=34.42
    clat (usec): min=3, max=943910, avg=3499.66, stdev=12687.36
     lat (usec): min=815, max=943985, avg=3599.46, stdev=12688.13
    clat percentiles (usec):
     |  1.00th=[  1020],  5.00th=[  1188], 10.00th=[  1303], 20.00th=[  1450],
     | 30.00th=[  1598], 40.00th=[  1729], 50.00th=[  1893], 60.00th=[  2114],
     | 70.00th=[  2507], 80.00th=[  4080], 90.00th=[  5276], 95.00th=[  5932],
     | 99.00th=[ 24249], 99.50th=[ 53216], 99.90th=[223347], 99.95th=[291505],
     | 99.99th=[404751]
   bw (  KiB/s): min=157952, max=922624, per=100.00%, avg=570089.71, stdev=4532.40, samples=19108
   iops        : min= 2468, max=14416, avg=8907.62, stdev=70.82, samples=19108
  lat (usec)   : 4=0.01%, 20=0.01%, 100=0.01%, 250=0.01%, 500=0.01%
  lat (usec)   : 750=0.01%, 1000=0.81%
  lat (msec)   : 2=54.87%, 4=23.86%, 10=18.63%, 20=0.68%, 50=0.62%
  lat (msec)   : 100=0.27%, 250=0.19%, 500=0.07%, 750=0.01%, 1000=0.01%
  cpu          : usr=0.12%, sys=1.51%, ctx=5303735, majf=0, minf=53053
  IO depths    : 1=100.0%, 2=0.0%, 4=0.0%, 8=0.0%, 16=0.0%, 32=0.0%, >=64=0.0%
     submit    : 0=0.0%, 4=100.0%, 8=0.0%, 16=0.0%, 32=0.0%, 64=0.0%, >=64=0.0%
     complete  : 0=0.0%, 4=100.0%, 8=0.0%, 16=0.0%, 32=0.0%, 64=0.0%, >=64=0.0%
     issued rwts: total=0,2665753,0,0 short=0,0,0,0 dropped=0,0,0,0
     latency   : target=0, window=0, percentile=100.00%, depth=1

Run status group 0 (all jobs):
  WRITE: bw=555MiB/s (582MB/s), 555MiB/s-555MiB/s (582MB/s-582MB/s), io=163GiB (175GB), run=300004-300004msec
