seqw: (g=0): rw=write, bs=(R) 64.0KiB-64.0KiB, (W) 64.0KiB-64.0KiB, (T) 64.0KiB-64.0KiB, ioengine=libaio, iodepth=1
...
fio-3.18
Starting 128 threads

seqw: (groupid=0, jobs=128): err= 0: pid=7998: Thu Feb 20 14:51:32 2020
  write: IOPS=11.7k, BW=730MiB/s (765MB/s)(214GiB/300385msec)
    slat (usec): min=24, max=4562, avg=122.48, stdev=71.99
    clat (usec): min=2, max=5893.7k, avg=10822.93, stdev=35225.17
     lat (usec): min=867, max=5893.8k, avg=10945.65, stdev=35226.03
    clat percentiles (usec):
     |  1.00th=[  1237],  5.00th=[  1582], 10.00th=[  1827], 20.00th=[  2245],
     | 30.00th=[  2638], 40.00th=[  3163], 50.00th=[  3916], 60.00th=[  4948],
     | 70.00th=[  5866], 80.00th=[  7111], 90.00th=[ 16909], 95.00th=[ 39060],
     | 99.00th=[162530], 99.50th=[227541], 99.90th=[383779], 99.95th=[467665],
     | 99.99th=[809501]
   bw (  KiB/s): min=44672, max=2103168, per=100.00%, avg=754585.53, stdev=3022.90, samples=75768
   iops        : min=  698, max=32862, avg=11790.29, stdev=47.23, samples=75768
  lat (usec)   : 4=0.01%, 10=0.01%, 50=0.01%, 500=0.01%, 750=0.01%
  lat (usec)   : 1000=0.09%
  lat (msec)   : 2=14.03%, 4=36.60%, 10=35.50%, 20=4.92%, 50=4.96%
  lat (msec)   : 100=2.05%, 250=1.46%, 500=0.36%, 750=0.03%, 1000=0.01%
  lat (msec)   : 2000=0.01%, >=2000=0.01%
  cpu          : usr=0.04%, sys=0.68%, ctx=7121165, majf=0, minf=115131
  IO depths    : 1=100.0%, 2=0.0%, 4=0.0%, 8=0.0%, 16=0.0%, 32=0.0%, >=64=0.0%
     submit    : 0=0.0%, 4=100.0%, 8=0.0%, 16=0.0%, 32=0.0%, 64=0.0%, >=64=0.0%
     complete  : 0=0.0%, 4=100.0%, 8=0.0%, 16=0.0%, 32=0.0%, 64=0.0%, >=64=0.0%
     issued rwts: total=0,3507949,0,0 short=0,0,0,0 dropped=0,0,0,0
     latency   : target=0, window=0, percentile=100.00%, depth=1

Run status group 0 (all jobs):
  WRITE: bw=730MiB/s (765MB/s), 730MiB/s-730MiB/s (765MB/s-765MB/s), io=214GiB (230GB), run=300385-300385msec
