randr: (g=0): rw=randread, bs=(R) 8192B-8192B, (W) 8192B-8192B, (T) 8192B-8192B, ioengine=libaio, iodepth=1
...
fio-3.18
Starting 16 threads

randr: (groupid=0, jobs=16): err= 0: pid=96887: Thu Feb 20 03:52:47 2020
  read: IOPS=1407, BW=10.0MiB/s (11.5MB/s)(3301MiB/300152msec)
    slat (usec): min=23, max=570, avg=47.40, stdev= 9.91
    clat (usec): min=397, max=287319, avg=11311.67, stdev=10107.11
     lat (usec): min=436, max=287367, avg=11359.23, stdev=10107.15
    clat percentiles (usec):
     |  1.00th=[   586],  5.00th=[   717], 10.00th=[  5473], 20.00th=[  7439],
     | 30.00th=[  8455], 40.00th=[  9110], 50.00th=[  9634], 60.00th=[ 10159],
     | 70.00th=[ 11338], 80.00th=[ 13435], 90.00th=[ 16712], 95.00th=[ 20841],
     | 99.00th=[ 68682], 99.50th=[ 86508], 99.90th=[106431], 99.95th=[111674],
     | 99.99th=[170918]
   bw (  KiB/s): min= 5280, max=15728, per=100.00%, avg=11279.98, stdev=100.36, samples=9584
   iops        : min=  660, max= 1966, avg=1409.98, stdev=12.55, samples=9584
  lat (usec)   : 500=0.03%, 750=5.53%, 1000=0.79%
  lat (msec)   : 2=0.27%, 4=1.03%, 10=48.61%, 20=38.14%, 50=4.17%
  lat (msec)   : 100=1.28%, 250=0.16%, 500=0.01%
  cpu          : usr=0.03%, sys=0.34%, ctx=766805, majf=0, minf=2770
  IO depths    : 1=100.0%, 2=0.0%, 4=0.0%, 8=0.0%, 16=0.0%, 32=0.0%, >=64=0.0%
     submit    : 0=0.0%, 4=100.0%, 8=0.0%, 16=0.0%, 32=0.0%, 64=0.0%, >=64=0.0%
     complete  : 0=0.0%, 4=100.0%, 8=0.0%, 16=0.0%, 32=0.0%, 64=0.0%, >=64=0.0%
     issued rwts: total=422519,0,0,0 short=0,0,0,0 dropped=0,0,0,0
     latency   : target=0, window=0, percentile=100.00%, depth=1

Run status group 0 (all jobs):
   READ: bw=10.0MiB/s (11.5MB/s), 10.0MiB/s-10.0MiB/s (11.5MB/s-11.5MB/s), io=3301MiB (3461MB), run=300152-300152msec
