randr: (g=0): rw=randread, bs=(R) 8192B-8192B, (W) 8192B-8192B, (T) 8192B-8192B, ioengine=libaio, iodepth=1
...
fio-3.18
Starting 4 threads

randr: (groupid=0, jobs=4): err= 0: pid=97572: Thu Feb 20 04:03:49 2020
  read: IOPS=914, BW=7312KiB/s (7488kB/s)(2142MiB/300008msec)
    slat (usec): min=23, max=405, avg=43.05, stdev= 8.21
    clat (usec): min=237, max=232340, avg=4331.52, stdev=6259.11
     lat (usec): min=408, max=232383, avg=4374.71, stdev=6259.21
    clat percentiles (usec):
     |  1.00th=[   515],  5.00th=[   562], 10.00th=[   586], 20.00th=[   627],
     | 30.00th=[   660], 40.00th=[   701], 50.00th=[   758], 60.00th=[  2343],
     | 70.00th=[  6194], 80.00th=[  8586], 90.00th=[ 11076], 95.00th=[ 16057],
     | 99.00th=[ 21103], 99.50th=[ 25822], 99.90th=[ 69731], 99.95th=[ 94897],
     | 99.99th=[115868]
   bw (  KiB/s): min= 3024, max=18544, per=100.00%, avg=7316.75, stdev=1283.55, samples=2396
   iops        : min=  378, max= 2318, avg=914.59, stdev=160.44, samples=2396
  lat (usec)   : 250=0.01%, 500=0.61%, 750=48.37%, 1000=8.59%
  lat (msec)   : 2=1.95%, 4=3.97%, 10=24.07%, 20=11.06%, 50=1.23%
  lat (msec)   : 100=0.11%, 250=0.04%
  cpu          : usr=0.08%, sys=0.79%, ctx=497449, majf=0, minf=2782
  IO depths    : 1=100.0%, 2=0.0%, 4=0.0%, 8=0.0%, 16=0.0%, 32=0.0%, >=64=0.0%
     submit    : 0=0.0%, 4=100.0%, 8=0.0%, 16=0.0%, 32=0.0%, 64=0.0%, >=64=0.0%
     complete  : 0=0.0%, 4=100.0%, 8=0.0%, 16=0.0%, 32=0.0%, 64=0.0%, >=64=0.0%
     issued rwts: total=274213,0,0,0 short=0,0,0,0 dropped=0,0,0,0
     latency   : target=0, window=0, percentile=100.00%, depth=1

Run status group 0 (all jobs):
   READ: bw=7312KiB/s (7488kB/s), 7312KiB/s-7312KiB/s (7488kB/s-7488kB/s), io=2142MiB (2246MB), run=300008-300008msec
