randr: (g=0): rw=randread, bs=(R) 8192B-8192B, (W) 8192B-8192B, (T) 8192B-8192B, ioengine=libaio, iodepth=1
fio-3.18
Starting 1 thread

randr: (groupid=0, jobs=1): err= 0: pid=98435: Thu Feb 20 04:14:51 2020
  read: IOPS=631, BW=5052KiB/s (5174kB/s)(1481MiB/300076msec)
    slat (usec): min=23, max=223, avg=43.20, stdev= 4.05
    clat (usec): min=350, max=829881, avg=1538.90, stdev=4325.55
     lat (usec): min=391, max=829925, avg=1582.23, stdev=4325.71
    clat percentiles (usec):
     |  1.00th=[   482],  5.00th=[   529], 10.00th=[   562], 20.00th=[   586],
     | 30.00th=[   611], 40.00th=[   635], 50.00th=[   652], 60.00th=[   676],
     | 70.00th=[   709], 80.00th=[   750], 90.00th=[   873], 95.00th=[  8455],
     | 99.00th=[ 18482], 99.50th=[ 19792], 99.90th=[ 28967], 99.95th=[ 49021],
     | 99.99th=[107480]
   bw (  KiB/s): min=  640, max=11744, per=100.00%, avg=5064.16, stdev=4191.47, samples=598
   iops        : min=   80, max= 1468, avg=633.02, stdev=523.93, samples=598
  lat (usec)   : 500=1.91%, 750=78.64%, 1000=11.02%
  lat (msec)   : 2=1.02%, 4=0.94%, 10=1.97%, 20=4.08%, 50=0.37%
  lat (msec)   : 100=0.03%, 250=0.01%, 1000=0.01%
  cpu          : usr=0.23%, sys=2.04%, ctx=378242, majf=0, minf=134
  IO depths    : 1=100.0%, 2=0.0%, 4=0.0%, 8=0.0%, 16=0.0%, 32=0.0%, >=64=0.0%
     submit    : 0=0.0%, 4=100.0%, 8=0.0%, 16=0.0%, 32=0.0%, 64=0.0%, >=64=0.0%
     complete  : 0=0.0%, 4=100.0%, 8=0.0%, 16=0.0%, 32=0.0%, 64=0.0%, >=64=0.0%
     issued rwts: total=189514,0,0,0 short=0,0,0,0 dropped=0,0,0,0
     latency   : target=0, window=0, percentile=100.00%, depth=1

Run status group 0 (all jobs):
   READ: bw=5052KiB/s (5174kB/s), 5052KiB/s-5052KiB/s (5174kB/s-5174kB/s), io=1481MiB (1552MB), run=300076-300076msec
