randr: (g=0): rw=randread, bs=(R) 8192B-8192B, (W) 8192B-8192B, (T) 8192B-8192B, ioengine=libaio, iodepth=1
...
fio-3.18
Starting 2 threads

randr: (groupid=0, jobs=2): err= 0: pid=98004: Thu Feb 20 04:09:20 2020
  read: IOPS=835, BW=6682KiB/s (6842kB/s)(1958MiB/300017msec)
    slat (usec): min=22, max=317, avg=43.63, stdev= 6.04
    clat (usec): min=357, max=158417, avg=2349.41, stdev=4721.01
     lat (usec): min=402, max=158461, avg=2393.18, stdev=4720.94
    clat percentiles (usec):
     |  1.00th=[   494],  5.00th=[   545], 10.00th=[   570], 20.00th=[   603],
     | 30.00th=[   627], 40.00th=[   652], 50.00th=[   676], 60.00th=[   701],
     | 70.00th=[   750], 80.00th=[   873], 90.00th=[  8160], 95.00th=[ 13829],
     | 99.00th=[ 19268], 99.50th=[ 20579], 99.90th=[ 28967], 99.95th=[ 48497],
     | 99.99th=[107480]
   bw (  KiB/s): min= 2192, max=17056, per=100.00%, avg=6684.86, stdev=2510.79, samples=1198
   iops        : min=  274, max= 2132, avg=835.61, stdev=313.85, samples=1198
  lat (usec)   : 500=1.22%, 750=69.01%, 1000=11.47%
  lat (msec)   : 2=1.69%, 4=1.87%, 10=7.10%, 20=6.98%, 50=0.61%
  lat (msec)   : 100=0.03%, 250=0.02%
  cpu          : usr=0.15%, sys=1.40%, ctx=484715, majf=0, minf=738
  IO depths    : 1=100.0%, 2=0.0%, 4=0.0%, 8=0.0%, 16=0.0%, 32=0.0%, >=64=0.0%
     submit    : 0=0.0%, 4=100.0%, 8=0.0%, 16=0.0%, 32=0.0%, 64=0.0%, >=64=0.0%
     complete  : 0=0.0%, 4=100.0%, 8=0.0%, 16=0.0%, 32=0.0%, 64=0.0%, >=64=0.0%
     issued rwts: total=250575,0,0,0 short=0,0,0,0 dropped=0,0,0,0
     latency   : target=0, window=0, percentile=100.00%, depth=1

Run status group 0 (all jobs):
   READ: bw=6682KiB/s (6842kB/s), 6682KiB/s-6682KiB/s (6842kB/s-6842kB/s), io=1958MiB (2053MB), run=300017-300017msec
