randr: (g=0): rw=randread, bs=(R) 8192B-8192B, (W) 8192B-8192B, (T) 8192B-8192B, ioengine=libaio, iodepth=1
...
fio-3.18
Starting 128 threads
randr: Laying out IO file (1 file / 2048MiB)
randr: Laying out IO file (1 file / 2048MiB)
randr: Laying out IO file (1 file / 2048MiB)
randr: Laying out IO file (1 file / 2048MiB)
randr: Laying out IO file (1 file / 2048MiB)
randr: Laying out IO file (1 file / 2048MiB)
randr: Laying out IO file (1 file / 2048MiB)
randr: Laying out IO file (1 file / 2048MiB)
randr: Laying out IO file (1 file / 2048MiB)
randr: Laying out IO file (1 file / 2048MiB)
randr: Laying out IO file (1 file / 2048MiB)
randr: Laying out IO file (1 file / 2048MiB)
randr: Laying out IO file (1 file / 2048MiB)
randr: Laying out IO file (1 file / 2048MiB)
randr: Laying out IO file (1 file / 2048MiB)
randr: Laying out IO file (1 file / 2048MiB)
randr: Laying out IO file (1 file / 2048MiB)
randr: Laying out IO file (1 file / 2048MiB)
randr: Laying out IO file (1 file / 2048MiB)
randr: Laying out IO file (1 file / 2048MiB)
randr: Laying out IO file (1 file / 2048MiB)
randr: Laying out IO file (1 file / 2048MiB)
randr: Laying out IO file (1 file / 2048MiB)
randr: Laying out IO file (1 file / 2048MiB)
randr: Laying out IO file (1 file / 2048MiB)
randr: Laying out IO file (1 file / 2048MiB)
randr: Laying out IO file (1 file / 2048MiB)
randr: Laying out IO file (1 file / 2048MiB)
randr: Laying out IO file (1 file / 2048MiB)
randr: Laying out IO file (1 file / 2048MiB)
randr: Laying out IO file (1 file / 2048MiB)
randr: Laying out IO file (1 file / 2048MiB)
randr: Laying out IO file (1 file / 2048MiB)
randr: Laying out IO file (1 file / 2048MiB)
randr: Laying out IO file (1 file / 2048MiB)
randr: Laying out IO file (1 file / 2048MiB)
randr: Laying out IO file (1 file / 2048MiB)
randr: Laying out IO file (1 file / 2048MiB)
randr: Laying out IO file (1 file / 2048MiB)
randr: Laying out IO file (1 file / 2048MiB)
randr: Laying out IO file (1 file / 2048MiB)
randr: Laying out IO file (1 file / 2048MiB)
randr: Laying out IO file (1 file / 2048MiB)
randr: Laying out IO file (1 file / 2048MiB)
randr: Laying out IO file (1 file / 2048MiB)
randr: Laying out IO file (1 file / 2048MiB)
randr: Laying out IO file (1 file / 2048MiB)
randr: Laying out IO file (1 file / 2048MiB)
randr: Laying out IO file (1 file / 2048MiB)
randr: Laying out IO file (1 file / 2048MiB)
randr: Laying out IO file (1 file / 2048MiB)
randr: Laying out IO file (1 file / 2048MiB)
randr: Laying out IO file (1 file / 2048MiB)
randr: Laying out IO file (1 file / 2048MiB)
randr: Laying out IO file (1 file / 2048MiB)
randr: Laying out IO file (1 file / 2048MiB)
randr: Laying out IO file (1 file / 2048MiB)
randr: Laying out IO file (1 file / 2048MiB)
randr: Laying out IO file (1 file / 2048MiB)
randr: Laying out IO file (1 file / 2048MiB)
randr: Laying out IO file (1 file / 2048MiB)
randr: Laying out IO file (1 file / 2048MiB)
randr: Laying out IO file (1 file / 2048MiB)
randr: Laying out IO file (1 file / 2048MiB)

randr: (groupid=0, jobs=128): err= 0: pid=10908: Wed Feb 19 10:57:41 2020
  read: IOPS=4562, BW=35.6MiB/s (37.4MB/s)(10.5GiB/300247msec)
    slat (usec): min=24, max=1786, avg=53.52, stdev=14.96
    clat (usec): min=2, max=5351.8k, avg=27979.75, stdev=60474.82
     lat (usec): min=437, max=5351.9k, avg=28033.46, stdev=60474.83
    clat percentiles (usec):
     |  1.00th=[    603],  5.00th=[   2573], 10.00th=[   8291],
     | 20.00th=[  11207], 30.00th=[  13698], 40.00th=[  16319],
     | 50.00th=[  19006], 60.00th=[  22414], 70.00th=[  26870],
     | 80.00th=[  33424], 90.00th=[  46924], 95.00th=[  67634],
     | 99.00th=[ 175113], 99.50th=[ 267387], 99.90th=[ 734004],
     | 99.95th=[1052771], 99.99th=[2105541]
   bw (  KiB/s): min= 2287, max=69184, per=100.00%, avg=37852.47, stdev=90.72, samples=73982
   iops        : min=  285, max= 8648, avg=4731.29, stdev=11.34, samples=73982
  lat (usec)   : 4=0.01%, 100=0.01%, 500=0.02%, 750=3.53%, 1000=0.58%
  lat (msec)   : 2=0.54%, 4=1.13%, 10=9.55%, 20=37.67%, 50=38.17%
  lat (msec)   : 100=6.33%, 250=1.92%, 500=0.38%, 750=0.09%, 1000=0.04%
  lat (msec)   : 2000=0.04%, >=2000=0.01%
  cpu          : usr=0.01%, sys=0.15%, ctx=2659345, majf=0, minf=39666
  IO depths    : 1=100.0%, 2=0.0%, 4=0.0%, 8=0.0%, 16=0.0%, 32=0.0%, >=64=0.0%
     submit    : 0=0.0%, 4=100.0%, 8=0.0%, 16=0.0%, 32=0.0%, 64=0.0%, >=64=0.0%
     complete  : 0=0.0%, 4=100.0%, 8=0.0%, 16=0.0%, 32=0.0%, 64=0.0%, >=64=0.0%
     issued rwts: total=1369851,0,0,0 short=0,0,0,0 dropped=0,0,0,0
     latency   : target=0, window=0, percentile=100.00%, depth=1

Run status group 0 (all jobs):
   READ: bw=35.6MiB/s (37.4MB/s), 35.6MiB/s-35.6MiB/s (37.4MB/s-37.4MB/s), io=10.5GiB (11.2GB), run=300247-300247msec
