seqr: (g=0): rw=read, bs=(R) 64.0KiB-64.0KiB, (W) 64.0KiB-64.0KiB, (T) 64.0KiB-64.0KiB, ioengine=libaio, iodepth=1
...
fio-3.18
Starting 2 threads

seqr: (groupid=0, jobs=2): err= 0: pid=92786: Thu Feb 20 02:57:10 2020
  read: IOPS=2311, BW=144MiB/s (151MB/s)(42.3GiB/300001msec)
    slat (usec): min=21, max=389, avg=44.13, stdev= 7.56
    clat (usec): min=435, max=209831, avg=819.62, stdev=1862.43
     lat (usec): min=520, max=209875, avg=863.89, stdev=1862.43
    clat percentiles (usec):
     |  1.00th=[  586],  5.00th=[  627], 10.00th=[  644], 20.00th=[  676],
     | 30.00th=[  693], 40.00th=[  717], 50.00th=[  734], 60.00th=[  758],
     | 70.00th=[  783], 80.00th=[  816], 90.00th=[  873], 95.00th=[  938],
     | 99.00th=[ 1319], 99.50th=[ 2868], 99.90th=[17695], 99.95th=[42730],
     | 99.99th=[91751]
   bw (  KiB/s): min= 9856, max=168192, per=100.00%, avg=148108.73, stdev=17023.89, samples=1198
   iops        : min=  154, max= 2628, avg=2314.20, stdev=266.00, samples=1198
  lat (usec)   : 500=0.01%, 750=56.97%, 1000=39.91%
  lat (msec)   : 2=2.43%, 4=0.43%, 10=0.13%, 20=0.03%, 50=0.05%
  lat (msec)   : 100=0.03%, 250=0.01%
  cpu          : usr=0.39%, sys=4.06%, ctx=1314994, majf=0, minf=1234
  IO depths    : 1=100.0%, 2=0.0%, 4=0.0%, 8=0.0%, 16=0.0%, 32=0.0%, >=64=0.0%
     submit    : 0=0.0%, 4=100.0%, 8=0.0%, 16=0.0%, 32=0.0%, 64=0.0%, >=64=0.0%
     complete  : 0=0.0%, 4=100.0%, 8=0.0%, 16=0.0%, 32=0.0%, 64=0.0%, >=64=0.0%
     issued rwts: total=693395,0,0,0 short=0,0,0,0 dropped=0,0,0,0
     latency   : target=0, window=0, percentile=100.00%, depth=1

Run status group 0 (all jobs):
   READ: bw=144MiB/s (151MB/s), 144MiB/s-144MiB/s (151MB/s-151MB/s), io=42.3GiB (45.4GB), run=300001-300001msec
