seqr: (g=0): rw=read, bs=(R) 64.0KiB-64.0KiB, (W) 64.0KiB-64.0KiB, (T) 64.0KiB-64.0KiB, ioengine=libaio, iodepth=1
...
fio-3.18
Starting 32 threads

seqr: (groupid=0, jobs=32): err= 0: pid=91376: Thu Feb 20 02:35:05 2020
  read: IOPS=13.0k, BW=873MiB/s (915MB/s)(256GiB/300007msec)
    slat (usec): min=22, max=2077, avg=60.48, stdev=23.09
    clat (usec): min=2, max=342233, avg=2229.85, stdev=3880.35
     lat (usec): min=630, max=342269, avg=2290.53, stdev=3879.16
    clat percentiles (usec):
     |  1.00th=[   840],  5.00th=[   955], 10.00th=[  1029], 20.00th=[  1139],
     | 30.00th=[  1254], 40.00th=[  1369], 50.00th=[  1500], 60.00th=[  1614],
     | 70.00th=[  1713], 80.00th=[  1860], 90.00th=[  2802], 95.00th=[  7111],
     | 99.00th=[ 16319], 99.50th=[ 21103], 99.90th=[ 44827], 99.95th=[ 64750],
     | 99.99th=[124257]
   bw (  KiB/s): min=95104, max=1593984, per=100.00%, avg=893951.61, stdev=10606.96, samples=19138
   iops        : min= 1486, max=24906, avg=13967.97, stdev=165.73, samples=19138
  lat (usec)   : 4=0.01%, 10=0.01%, 100=0.01%, 250=0.01%, 750=0.16%
  lat (usec)   : 1000=7.62%
  lat (msec)   : 2=77.51%, 4=6.41%, 10=5.57%, 20=2.16%, 50=0.49%
  lat (msec)   : 100=0.06%, 250=0.02%, 500=0.01%
  cpu          : usr=0.14%, sys=2.20%, ctx=7523661, majf=0, minf=17320
  IO depths    : 1=100.0%, 2=0.0%, 4=0.0%, 8=0.0%, 16=0.0%, 32=0.0%, >=64=0.0%
     submit    : 0=0.0%, 4=100.0%, 8=0.0%, 16=0.0%, 32=0.0%, 64=0.0%, >=64=0.0%
     complete  : 0=0.0%, 4=100.0%, 8=0.0%, 16=0.0%, 32=0.0%, 64=0.0%, >=64=0.0%
     issued rwts: total=4188132,0,0,0 short=0,0,0,0 dropped=0,0,0,0
     latency   : target=0, window=0, percentile=100.00%, depth=1

Run status group 0 (all jobs):
   READ: bw=873MiB/s (915MB/s), 873MiB/s-873MiB/s (915MB/s-915MB/s), io=256GiB (274GB), run=300007-300007msec
