seqr: (g=0): rw=read, bs=(R) 64.0KiB-64.0KiB, (W) 64.0KiB-64.0KiB, (T) 64.0KiB-64.0KiB, ioengine=libaio, iodepth=1
...
fio-3.18
Starting 4 threads

seqr: (groupid=0, jobs=4): err= 0: pid=92472: Thu Feb 20 02:51:39 2020
  read: IOPS=4231, BW=264MiB/s (277MB/s)(77.5GiB/300001msec)
    slat (usec): min=21, max=685, avg=44.99, stdev=10.78
    clat (usec): min=217, max=234174, avg=898.94, stdev=2302.04
     lat (usec): min=509, max=234223, avg=944.08, stdev=2301.96
    clat percentiles (usec):
     |  1.00th=[   619],  5.00th=[   660], 10.00th=[   685], 20.00th=[   717],
     | 30.00th=[   742], 40.00th=[   766], 50.00th=[   791], 60.00th=[   816],
     | 70.00th=[   848], 80.00th=[   889], 90.00th=[   955], 95.00th=[  1020],
     | 99.00th=[  1549], 99.50th=[  3228], 99.90th=[ 30016], 99.95th=[ 53216],
     | 99.99th=[105382]
   bw (  KiB/s): min=17408, max=324736, per=100.00%, avg=271069.39, stdev=17866.67, samples=2396
   iops        : min=  272, max= 5074, avg=4235.46, stdev=279.17, samples=2396
  lat (usec)   : 250=0.01%, 500=0.01%, 750=33.98%, 1000=59.78%
  lat (msec)   : 2=5.39%, 4=0.50%, 10=0.18%, 20=0.04%, 50=0.08%
  lat (msec)   : 100=0.04%, 250=0.01%
  cpu          : usr=0.31%, sys=4.02%, ctx=2164166, majf=0, minf=7621
  IO depths    : 1=100.0%, 2=0.0%, 4=0.0%, 8=0.0%, 16=0.0%, 32=0.0%, >=64=0.0%
     submit    : 0=0.0%, 4=100.0%, 8=0.0%, 16=0.0%, 32=0.0%, 64=0.0%, >=64=0.0%
     complete  : 0=0.0%, 4=100.0%, 8=0.0%, 16=0.0%, 32=0.0%, 64=0.0%, >=64=0.0%
     issued rwts: total=1269366,0,0,0 short=0,0,0,0 dropped=0,0,0,0
     latency   : target=0, window=0, percentile=100.00%, depth=1

Run status group 0 (all jobs):
   READ: bw=264MiB/s (277MB/s), 264MiB/s-264MiB/s (277MB/s-277MB/s), io=77.5GiB (83.2GB), run=300001-300001msec
