seqr: (g=0): rw=read, bs=(R) 64.0KiB-64.0KiB, (W) 64.0KiB-64.0KiB, (T) 64.0KiB-64.0KiB, ioengine=libaio, iodepth=1
...
fio-3.18
Starting 16 threads

seqr: (groupid=0, jobs=16): err= 0: pid=91741: Thu Feb 20 02:40:36 2020
  read: IOPS=14.9k, BW=934MiB/s (980MB/s)(274GiB/300002msec)
    slat (usec): min=22, max=1265, avg=57.73, stdev=19.67
    clat (usec): min=3, max=33548, avg=1010.45, stdev=381.07
     lat (usec): min=597, max=33636, avg=1068.37, stdev=381.69
    clat percentiles (usec):
     |  1.00th=[  734],  5.00th=[  791], 10.00th=[  824], 20.00th=[  865],
     | 30.00th=[  898], 40.00th=[  930], 50.00th=[  963], 60.00th=[  996],
     | 70.00th=[ 1029], 80.00th=[ 1090], 90.00th=[ 1172], 95.00th=[ 1254],
     | 99.00th=[ 2442], 99.50th=[ 3654], 99.90th=[ 5145], 99.95th=[ 5735],
     | 99.99th=[12256]
   bw (  KiB/s): min=760192, max=1020160, per=100.00%, avg=957994.03, stdev=1662.17, samples=9568
   iops        : min=11878, max=15940, avg=14968.64, stdev=25.97, samples=9568
  lat (usec)   : 4=0.01%, 10=0.01%, 20=0.01%, 50=0.01%, 100=0.01%
  lat (usec)   : 250=0.01%, 500=0.01%, 750=1.71%, 1000=60.07%
  lat (msec)   : 2=37.01%, 4=0.83%, 10=0.37%, 20=0.01%, 50=0.01%
  cpu          : usr=0.31%, sys=4.41%, ctx=8297400, majf=0, minf=9345
  IO depths    : 1=100.0%, 2=0.0%, 4=0.0%, 8=0.0%, 16=0.0%, 32=0.0%, >=64=0.0%
     submit    : 0=0.0%, 4=100.0%, 8=0.0%, 16=0.0%, 32=0.0%, 64=0.0%, >=64=0.0%
     complete  : 0=0.0%, 4=100.0%, 8=0.0%, 16=0.0%, 32=0.0%, 64=0.0%, >=64=0.0%
     issued rwts: total=4485251,0,0,0 short=0,0,0,0 dropped=0,0,0,0
     latency   : target=0, window=0, percentile=100.00%, depth=1

Run status group 0 (all jobs):
   READ: bw=934MiB/s (980MB/s), 934MiB/s-934MiB/s (980MB/s-980MB/s), io=274GiB (294GB), run=300002-300002msec
