seqw: (g=0): rw=write, bs=(R) 64.0KiB-64.0KiB, (W) 64.0KiB-64.0KiB, (T) 64.0KiB-64.0KiB, ioengine=libaio, iodepth=1
fio-3.18
Starting 1 thread

seqw: (groupid=0, jobs=1): err= 0: pid=96582: Thu Feb 20 03:47:12 2020
  write: IOPS=791, BW=49.5MiB/s (51.9MB/s)(14.5GiB/300007msec)
    slat (usec): min=29, max=270, avg=36.33, stdev= 3.75
    clat (usec): min=821, max=57705, avg=1225.90, stdev=713.93
     lat (usec): min=857, max=57742, avg=1262.37, stdev=714.00
    clat percentiles (usec):
     |  1.00th=[  938],  5.00th=[  979], 10.00th=[ 1012], 20.00th=[ 1045],
     | 30.00th=[ 1074], 40.00th=[ 1106], 50.00th=[ 1123], 60.00th=[ 1156],
     | 70.00th=[ 1188], 80.00th=[ 1237], 90.00th=[ 1319], 95.00th=[ 1516],
     | 99.00th=[ 3720], 99.50th=[ 4359], 99.90th=[ 6456], 99.95th=[ 9110],
     | 99.99th=[38536]
   bw (  KiB/s): min=38400, max=56320, per=100.00%, avg=50699.61, stdev=2093.22, samples=599
   iops        : min=  600, max=  880, avg=792.18, stdev=32.71, samples=599
  lat (usec)   : 1000=8.04%
  lat (msec)   : 2=88.01%, 4=3.23%, 10=0.68%, 20=0.01%, 50=0.02%
  lat (msec)   : 100=0.01%
  cpu          : usr=0.40%, sys=2.89%, ctx=237570, majf=0, minf=169
  IO depths    : 1=100.0%, 2=0.0%, 4=0.0%, 8=0.0%, 16=0.0%, 32=0.0%, >=64=0.0%
     submit    : 0=0.0%, 4=100.0%, 8=0.0%, 16=0.0%, 32=0.0%, 64=0.0%, >=64=0.0%
     complete  : 0=0.0%, 4=100.0%, 8=0.0%, 16=0.0%, 32=0.0%, 64=0.0%, >=64=0.0%
     issued rwts: total=0,237417,0,0 short=0,0,0,0 dropped=0,0,0,0
     latency   : target=0, window=0, percentile=100.00%, depth=1

Run status group 0 (all jobs):
  WRITE: bw=49.5MiB/s (51.9MB/s), 49.5MiB/s-49.5MiB/s (51.9MB/s-51.9MB/s), io=14.5GiB (15.6GB), run=300007-300007msec
