seqw: (g=0): rw=write, bs=(R) 64.0KiB-64.0KiB, (W) 64.0KiB-64.0KiB, (T) 64.0KiB-64.0KiB, ioengine=libaio, iodepth=1
...
fio-3.18
Starting 128 threads
seqw: Laying out IO file (1 file / 2048MiB)
seqw: Laying out IO file (1 file / 2048MiB)
seqw: Laying out IO file (1 file / 2048MiB)
seqw: Laying out IO file (1 file / 2048MiB)
seqw: Laying out IO file (1 file / 2048MiB)
seqw: Laying out IO file (1 file / 2048MiB)
seqw: Laying out IO file (1 file / 2048MiB)
seqw: Laying out IO file (1 file / 2048MiB)
seqw: Laying out IO file (1 file / 2048MiB)
seqw: Laying out IO file (1 file / 2048MiB)
seqw: Laying out IO file (1 file / 2048MiB)
seqw: Laying out IO file (1 file / 2048MiB)
seqw: Laying out IO file (1 file / 2048MiB)
seqw: Laying out IO file (1 file / 2048MiB)
seqw: Laying out IO file (1 file / 2048MiB)
seqw: Laying out IO file (1 file / 2048MiB)
seqw: Laying out IO file (1 file / 2048MiB)
seqw: Laying out IO file (1 file / 2048MiB)
seqw: Laying out IO file (1 file / 2048MiB)
seqw: Laying out IO file (1 file / 2048MiB)
seqw: Laying out IO file (1 file / 2048MiB)
seqw: Laying out IO file (1 file / 2048MiB)
seqw: Laying out IO file (1 file / 2048MiB)
seqw: Laying out IO file (1 file / 2048MiB)
seqw: Laying out IO file (1 file / 2048MiB)
seqw: Laying out IO file (1 file / 2048MiB)
seqw: Laying out IO file (1 file / 2048MiB)
seqw: Laying out IO file (1 file / 2048MiB)
seqw: Laying out IO file (1 file / 2048MiB)
seqw: Laying out IO file (1 file / 2048MiB)
seqw: Laying out IO file (1 file / 2048MiB)
seqw: Laying out IO file (1 file / 2048MiB)
seqw: Laying out IO file (1 file / 2048MiB)
seqw: Laying out IO file (1 file / 2048MiB)
seqw: Laying out IO file (1 file / 2048MiB)
seqw: Laying out IO file (1 file / 2048MiB)
seqw: Laying out IO file (1 file / 2048MiB)
seqw: Laying out IO file (1 file / 2048MiB)
seqw: Laying out IO file (1 file / 2048MiB)
seqw: Laying out IO file (1 file / 2048MiB)
seqw: Laying out IO file (1 file / 2048MiB)
seqw: Laying out IO file (1 file / 2048MiB)
seqw: Laying out IO file (1 file / 2048MiB)
seqw: Laying out IO file (1 file / 2048MiB)
seqw: Laying out IO file (1 file / 2048MiB)
seqw: Laying out IO file (1 file / 2048MiB)
seqw: Laying out IO file (1 file / 2048MiB)
seqw: Laying out IO file (1 file / 2048MiB)
seqw: Laying out IO file (1 file / 2048MiB)
seqw: Laying out IO file (1 file / 2048MiB)
seqw: Laying out IO file (1 file / 2048MiB)
seqw: Laying out IO file (1 file / 2048MiB)
seqw: Laying out IO file (1 file / 2048MiB)
seqw: Laying out IO file (1 file / 2048MiB)
seqw: Laying out IO file (1 file / 2048MiB)
seqw: Laying out IO file (1 file / 2048MiB)
seqw: Laying out IO file (1 file / 2048MiB)
seqw: Laying out IO file (1 file / 2048MiB)
seqw: Laying out IO file (1 file / 2048MiB)
seqw: Laying out IO file (1 file / 2048MiB)
seqw: Laying out IO file (1 file / 2048MiB)
seqw: Laying out IO file (1 file / 2048MiB)
seqw: Laying out IO file (1 file / 2048MiB)
seqw: Laying out IO file (1 file / 2048MiB)
seqw: Laying out IO file (1 file / 2048MiB)
seqw: Laying out IO file (1 file / 2048MiB)
seqw: Laying out IO file (1 file / 2048MiB)
seqw: Laying out IO file (1 file / 2048MiB)
seqw: Laying out IO file (1 file / 2048MiB)
seqw: Laying out IO file (1 file / 2048MiB)
seqw: Laying out IO file (1 file / 2048MiB)
seqw: Laying out IO file (1 file / 2048MiB)
seqw: Laying out IO file (1 file / 2048MiB)
seqw: Laying out IO file (1 file / 2048MiB)
seqw: Laying out IO file (1 file / 2048MiB)
seqw: Laying out IO file (1 file / 2048MiB)
seqw: Laying out IO file (1 file / 2048MiB)
seqw: Laying out IO file (1 file / 2048MiB)
seqw: Laying out IO file (1 file / 2048MiB)
seqw: Laying out IO file (1 file / 2048MiB)
seqw: Laying out IO file (1 file / 2048MiB)
seqw: Laying out IO file (1 file / 2048MiB)
seqw: Laying out IO file (1 file / 2048MiB)
seqw: Laying out IO file (1 file / 2048MiB)
seqw: Laying out IO file (1 file / 2048MiB)
seqw: Laying out IO file (1 file / 2048MiB)
seqw: Laying out IO file (1 file / 2048MiB)
seqw: Laying out IO file (1 file / 2048MiB)
seqw: Laying out IO file (1 file / 2048MiB)
seqw: Laying out IO file (1 file / 2048MiB)
seqw: Laying out IO file (1 file / 2048MiB)
seqw: Laying out IO file (1 file / 2048MiB)
seqw: Laying out IO file (1 file / 2048MiB)
seqw: Laying out IO file (1 file / 2048MiB)
seqw: Laying out IO file (1 file / 2048MiB)
seqw: Laying out IO file (1 file / 2048MiB)
seqw: Laying out IO file (1 file / 2048MiB)
seqw: Laying out IO file (1 file / 2048MiB)
seqw: Laying out IO file (1 file / 2048MiB)
seqw: Laying out IO file (1 file / 2048MiB)
seqw: Laying out IO file (1 file / 2048MiB)
seqw: Laying out IO file (1 file / 2048MiB)
seqw: Laying out IO file (1 file / 2048MiB)
seqw: Laying out IO file (1 file / 2048MiB)
seqw: Laying out IO file (1 file / 2048MiB)
seqw: Laying out IO file (1 file / 2048MiB)
seqw: Laying out IO file (1 file / 2048MiB)
seqw: Laying out IO file (1 file / 2048MiB)
seqw: Laying out IO file (1 file / 2048MiB)
seqw: Laying out IO file (1 file / 2048MiB)
seqw: Laying out IO file (1 file / 2048MiB)
seqw: Laying out IO file (1 file / 2048MiB)
seqw: Laying out IO file (1 file / 2048MiB)
seqw: Laying out IO file (1 file / 2048MiB)
seqw: Laying out IO file (1 file / 2048MiB)
seqw: Laying out IO file (1 file / 2048MiB)
seqw: Laying out IO file (1 file / 2048MiB)
seqw: Laying out IO file (1 file / 2048MiB)
seqw: Laying out IO file (1 file / 2048MiB)
seqw: Laying out IO file (1 file / 2048MiB)
seqw: Laying out IO file (1 file / 2048MiB)
seqw: Laying out IO file (1 file / 2048MiB)
seqw: Laying out IO file (1 file / 2048MiB)
seqw: Laying out IO file (1 file / 2048MiB)
seqw: Laying out IO file (1 file / 2048MiB)
seqw: Laying out IO file (1 file / 2048MiB)
seqw: Laying out IO file (1 file / 2048MiB)
seqw: Laying out IO file (1 file / 2048MiB)

seqw: (groupid=0, jobs=128): err= 0: pid=93567: Thu Feb 20 03:08:13 2020
  write: IOPS=6833, BW=427MiB/s (448MB/s)(125GiB/300336msec)
    slat (usec): min=25, max=3969, avg=110.61, stdev=45.06
    clat (usec): min=3, max=3627.5k, avg=18605.25, stdev=86935.69
     lat (usec): min=915, max=3627.7k, avg=18716.10, stdev=86936.11
    clat percentiles (usec):
     |  1.00th=[   1188],  5.00th=[   1336], 10.00th=[   1418],
     | 20.00th=[   1549], 30.00th=[   1663], 40.00th=[   1795],
     | 50.00th=[   1991], 60.00th=[   2278], 70.00th=[   3097],
     | 80.00th=[   4752], 90.00th=[   7898], 95.00th=[  92799],
     | 99.00th=[ 367002], 99.50th=[ 541066], 99.90th=[1149240],
     | 99.95th=[1501561], 99.99th=[2197816]
   bw (  KiB/s): min=18664, max=4211712, per=100.00%, avg=489581.61, stdev=5965.89, samples=67998
   iops        : min=  289, max=65808, avg=7649.41, stdev=93.22, samples=67998
  lat (usec)   : 4=0.01%, 10=0.01%, 20=0.01%, 50=0.01%, 100=0.01%
  lat (usec)   : 750=0.01%, 1000=0.02%
  lat (msec)   : 2=50.57%, 4=24.49%, 10=15.54%, 20=0.85%, 50=1.69%
  lat (msec)   : 100=2.07%, 250=2.89%, 500=1.31%, 750=0.32%, 1000=0.12%
  lat (msec)   : 2000=0.12%, >=2000=0.01%
  cpu          : usr=0.03%, sys=0.32%, ctx=4106239, majf=0, minf=61276
  IO depths    : 1=100.0%, 2=0.0%, 4=0.0%, 8=0.0%, 16=0.0%, 32=0.0%, >=64=0.0%
     submit    : 0=0.0%, 4=100.0%, 8=0.0%, 16=0.0%, 32=0.0%, 64=0.0%, >=64=0.0%
     complete  : 0=0.0%, 4=100.0%, 8=0.0%, 16=0.0%, 32=0.0%, 64=0.0%, >=64=0.0%
     issued rwts: total=0,2052241,0,0 short=0,0,0,0 dropped=0,0,0,0
     latency   : target=0, window=0, percentile=100.00%, depth=1

Run status group 0 (all jobs):
  WRITE: bw=427MiB/s (448MB/s), 427MiB/s-427MiB/s (448MB/s-448MB/s), io=125GiB (134GB), run=300336-300336msec
