seqw: (g=0): rw=write, bs=(R) 64.0KiB-64.0KiB, (W) 64.0KiB-64.0KiB, (T) 64.0KiB-64.0KiB, ioengine=libaio, iodepth=1
...
fio-3.18
Starting 16 threads

seqw: (groupid=0, jobs=16): err= 0: pid=95266: Thu Feb 20 03:24:52 2020
  write: IOPS=6244, BW=390MiB/s (409MB/s)(114GiB/300004msec)
    slat (usec): min=24, max=1027, avg=94.66, stdev=30.36
    clat (usec): min=779, max=116820, avg=2465.74, stdev=2875.79
     lat (usec): min=989, max=116900, avg=2560.61, stdev=2875.70
    clat percentiles (usec):
     |  1.00th=[ 1303],  5.00th=[ 1418], 10.00th=[ 1483], 20.00th=[ 1565],
     | 30.00th=[ 1647], 40.00th=[ 1729], 50.00th=[ 1795], 60.00th=[ 1909],
     | 70.00th=[ 2057], 80.00th=[ 2606], 90.00th=[ 4555], 95.00th=[ 5276],
     | 99.00th=[ 7373], 99.50th=[11863], 99.90th=[51643], 99.95th=[57410],
     | 99.99th=[69731]
   bw (  KiB/s): min=202624, max=478080, per=100.00%, avg=400069.53, stdev=2626.75, samples=9584
   iops        : min= 3166, max= 7470, avg=6251.07, stdev=41.04, samples=9584
  lat (usec)   : 1000=0.01%
  lat (msec)   : 2=66.89%, 4=19.41%, 10=13.10%, 20=0.23%, 50=0.24%
  lat (msec)   : 100=0.11%, 250=0.01%
  cpu          : usr=0.16%, sys=2.03%, ctx=3524164, majf=0, minf=16532
  IO depths    : 1=100.0%, 2=0.0%, 4=0.0%, 8=0.0%, 16=0.0%, 32=0.0%, >=64=0.0%
     submit    : 0=0.0%, 4=100.0%, 8=0.0%, 16=0.0%, 32=0.0%, 64=0.0%, >=64=0.0%
     complete  : 0=0.0%, 4=100.0%, 8=0.0%, 16=0.0%, 32=0.0%, 64=0.0%, >=64=0.0%
     issued rwts: total=0,1873280,0,0 short=0,0,0,0 dropped=0,0,0,0
     latency   : target=0, window=0, percentile=100.00%, depth=1

Run status group 0 (all jobs):
  WRITE: bw=390MiB/s (409MB/s), 390MiB/s-390MiB/s (409MB/s-409MB/s), io=114GiB (123GB), run=300004-300004msec
