seqw: (g=0): rw=write, bs=(R) 64.0KiB-64.0KiB, (W) 64.0KiB-64.0KiB, (T) 64.0KiB-64.0KiB, ioengine=libaio, iodepth=1
...
fio-3.18
Starting 32 threads

seqw: (groupid=0, jobs=32): err= 0: pid=94851: Thu Feb 20 03:19:17 2020
  write: IOPS=7228, BW=452MiB/s (474MB/s)(132GiB/300033msec)
    slat (usec): min=24, max=1948, avg=103.09, stdev=37.00
    clat (usec): min=4, max=968397, avg=4321.56, stdev=15722.01
     lat (usec): min=962, max=968479, avg=4424.87, stdev=15721.80
    clat percentiles (usec):
     |  1.00th=[  1303],  5.00th=[  1467], 10.00th=[  1565], 20.00th=[  1729],
     | 30.00th=[  1876], 40.00th=[  2040], 50.00th=[  2212], 60.00th=[  2474],
     | 70.00th=[  2966], 80.00th=[  4359], 90.00th=[  5538], 95.00th=[  6456],
     | 99.00th=[ 47973], 99.50th=[ 90702], 99.90th=[246416], 99.95th=[304088],
     | 99.99th=[467665]
   bw (  KiB/s): min=19968, max=1104128, per=100.00%, avg=463794.04, stdev=7907.38, samples=19115
   iops        : min=  312, max=17252, avg=7246.76, stdev=123.55, samples=19115
  lat (usec)   : 10=0.01%, 250=0.01%, 500=0.01%, 750=0.01%, 1000=0.01%
  lat (msec)   : 2=38.07%, 4=39.54%, 10=20.12%, 20=0.66%, 50=0.66%
  lat (msec)   : 100=0.49%, 250=0.37%, 500=0.09%, 750=0.01%, 1000=0.01%
  cpu          : usr=0.10%, sys=1.30%, ctx=4197003, majf=0, minf=62300
  IO depths    : 1=100.0%, 2=0.0%, 4=0.0%, 8=0.0%, 16=0.0%, 32=0.0%, >=64=0.0%
     submit    : 0=0.0%, 4=100.0%, 8=0.0%, 16=0.0%, 32=0.0%, 64=0.0%, >=64=0.0%
     complete  : 0=0.0%, 4=100.0%, 8=0.0%, 16=0.0%, 32=0.0%, 64=0.0%, >=64=0.0%
     issued rwts: total=0,2168703,0,0 short=0,0,0,0 dropped=0,0,0,0
     latency   : target=0, window=0, percentile=100.00%, depth=1

Run status group 0 (all jobs):
  WRITE: bw=452MiB/s (474MB/s), 452MiB/s-452MiB/s (474MB/s-474MB/s), io=132GiB (142GB), run=300033-300033msec
