seqw: (g=0): rw=write, bs=(R) 64.0KiB-64.0KiB, (W) 64.0KiB-64.0KiB, (T) 64.0KiB-64.0KiB, ioengine=libaio, iodepth=1
...
fio-3.18
Starting 2 threads

seqw: (groupid=0, jobs=2): err= 0: pid=96255: Thu Feb 20 03:41:37 2020
  write: IOPS=1343, BW=83.9MiB/s (88.0MB/s)(24.6GiB/300002msec)
    slat (usec): min=22, max=411, avg=40.80, stdev=12.29
    clat (usec): min=862, max=366870, avg=1446.68, stdev=4155.07
     lat (usec): min=917, max=366910, avg=1487.65, stdev=4155.01
    clat percentiles (usec):
     |  1.00th=[   988],  5.00th=[  1045], 10.00th=[  1074], 20.00th=[  1123],
     | 30.00th=[  1156], 40.00th=[  1188], 50.00th=[  1221], 60.00th=[  1254],
     | 70.00th=[  1287], 80.00th=[  1352], 90.00th=[  1467], 95.00th=[  1926],
     | 99.00th=[  4178], 99.50th=[  4883], 99.90th=[ 36963], 99.95th=[101188],
     | 99.99th=[206570]
   bw (  KiB/s): min= 3072, max=102912, per=100.00%, avg=86041.06, stdev=11319.54, samples=1198
   iops        : min=   48, max= 1608, avg=1344.39, stdev=176.87, samples=1198
  lat (usec)   : 1000=1.46%
  lat (msec)   : 2=93.76%, 4=3.58%, 10=1.05%, 20=0.03%, 50=0.04%
  lat (msec)   : 100=0.03%, 250=0.05%, 500=0.01%
  cpu          : usr=0.26%, sys=2.66%, ctx=427181, majf=0, minf=353
  IO depths    : 1=100.0%, 2=0.0%, 4=0.0%, 8=0.0%, 16=0.0%, 32=0.0%, >=64=0.0%
     submit    : 0=0.0%, 4=100.0%, 8=0.0%, 16=0.0%, 32=0.0%, 64=0.0%, >=64=0.0%
     complete  : 0=0.0%, 4=100.0%, 8=0.0%, 16=0.0%, 32=0.0%, 64=0.0%, >=64=0.0%
     issued rwts: total=0,402948,0,0 short=0,0,0,0 dropped=0,0,0,0
     latency   : target=0, window=0, percentile=100.00%, depth=1

Run status group 0 (all jobs):
  WRITE: bw=83.9MiB/s (88.0MB/s), 83.9MiB/s-83.9MiB/s (88.0MB/s-88.0MB/s), io=24.6GiB (26.4GB), run=300002-300002msec
