seqw: (g=0): rw=write, bs=(R) 64.0KiB-64.0KiB, (W) 64.0KiB-64.0KiB, (T) 64.0KiB-64.0KiB, ioengine=libaio, iodepth=1
...
fio-3.18
Starting 64 threads
seqw: Laying out IO file (1 file / 2048MiB)
seqw: Laying out IO file (1 file / 2048MiB)
seqw: Laying out IO file (1 file / 2048MiB)
seqw: Laying out IO file (1 file / 2048MiB)
seqw: Laying out IO file (1 file / 2048MiB)
seqw: Laying out IO file (1 file / 2048MiB)
seqw: Laying out IO file (1 file / 2048MiB)
seqw: Laying out IO file (1 file / 2048MiB)
seqw: Laying out IO file (1 file / 2048MiB)
seqw: Laying out IO file (1 file / 2048MiB)
seqw: Laying out IO file (1 file / 2048MiB)
seqw: Laying out IO file (1 file / 2048MiB)
seqw: Laying out IO file (1 file / 2048MiB)
seqw: Laying out IO file (1 file / 2048MiB)
seqw: Laying out IO file (1 file / 2048MiB)
seqw: Laying out IO file (1 file / 2048MiB)
seqw: Laying out IO file (1 file / 2048MiB)
seqw: Laying out IO file (1 file / 2048MiB)
seqw: Laying out IO file (1 file / 2048MiB)
seqw: Laying out IO file (1 file / 2048MiB)
seqw: Laying out IO file (1 file / 2048MiB)
seqw: Laying out IO file (1 file / 2048MiB)
seqw: Laying out IO file (1 file / 2048MiB)
seqw: Laying out IO file (1 file / 2048MiB)
seqw: Laying out IO file (1 file / 2048MiB)
seqw: Laying out IO file (1 file / 2048MiB)
seqw: Laying out IO file (1 file / 2048MiB)
seqw: Laying out IO file (1 file / 2048MiB)
seqw: Laying out IO file (1 file / 2048MiB)
seqw: Laying out IO file (1 file / 2048MiB)
seqw: Laying out IO file (1 file / 2048MiB)
seqw: Laying out IO file (1 file / 2048MiB)
seqw: Laying out IO file (1 file / 2048MiB)
seqw: Laying out IO file (1 file / 2048MiB)
seqw: Laying out IO file (1 file / 2048MiB)
seqw: Laying out IO file (1 file / 2048MiB)
seqw: Laying out IO file (1 file / 2048MiB)
seqw: Laying out IO file (1 file / 2048MiB)
seqw: Laying out IO file (1 file / 2048MiB)
seqw: Laying out IO file (1 file / 2048MiB)
seqw: Laying out IO file (1 file / 2048MiB)
seqw: Laying out IO file (1 file / 2048MiB)
seqw: Laying out IO file (1 file / 2048MiB)
seqw: Laying out IO file (1 file / 2048MiB)
seqw: Laying out IO file (1 file / 2048MiB)
seqw: Laying out IO file (1 file / 2048MiB)
seqw: Laying out IO file (1 file / 2048MiB)
seqw: Laying out IO file (1 file / 2048MiB)
seqw: Laying out IO file (1 file / 2048MiB)
seqw: Laying out IO file (1 file / 2048MiB)
seqw: Laying out IO file (1 file / 2048MiB)
seqw: Laying out IO file (1 file / 2048MiB)
seqw: Laying out IO file (1 file / 2048MiB)
seqw: Laying out IO file (1 file / 2048MiB)
seqw: Laying out IO file (1 file / 2048MiB)
seqw: Laying out IO file (1 file / 2048MiB)
seqw: Laying out IO file (1 file / 2048MiB)
seqw: Laying out IO file (1 file / 2048MiB)
seqw: Laying out IO file (1 file / 2048MiB)
seqw: Laying out IO file (1 file / 2048MiB)
seqw: Laying out IO file (1 file / 2048MiB)
seqw: Laying out IO file (1 file / 2048MiB)
seqw: Laying out IO file (1 file / 2048MiB)
seqw: Laying out IO file (1 file / 2048MiB)

seqw: (groupid=0, jobs=64): err= 0: pid=94050: Thu Feb 20 03:13:45 2020
  write: IOPS=9150, BW=572MiB/s (600MB/s)(168GiB/300393msec)
    slat (usec): min=27, max=3540, avg=120.50, stdev=60.82
    clat (usec): min=2, max=2900.7k, avg=6864.13, stdev=30546.27
     lat (usec): min=995, max=2900.9k, avg=6984.87, stdev=30546.93
    clat percentiles (usec):
     |  1.00th=[  1385],  5.00th=[  1582], 10.00th=[  1713], 20.00th=[  1909],
     | 30.00th=[  2114], 40.00th=[  2343], 50.00th=[  2671], 60.00th=[  3163],
     | 70.00th=[  4146], 80.00th=[  5211], 90.00th=[  6390], 95.00th=[  8979],
     | 99.00th=[100140], 99.50th=[202376], 99.90th=[438305], 99.95th=[557843],
     | 99.99th=[901776]
   bw (  KiB/s): min=14592, max=1754496, per=100.00%, avg=597599.89, stdev=6913.23, samples=37610
   iops        : min=  228, max=27414, avg=9337.44, stdev=108.02, samples=37610
  lat (usec)   : 4=0.01%, 10=0.01%, 250=0.01%, 500=0.01%, 750=0.01%
  lat (usec)   : 1000=0.01%
  lat (msec)   : 2=24.33%, 4=44.49%, 10=26.64%, 20=1.29%, 50=1.36%
  lat (msec)   : 100=0.88%, 250=0.64%, 500=0.30%, 750=0.05%, 1000=0.01%
  lat (msec)   : 2000=0.01%, >=2000=0.01%
  cpu          : usr=0.06%, sys=1.01%, ctx=5544263, majf=0, minf=79913
  IO depths    : 1=100.0%, 2=0.0%, 4=0.0%, 8=0.0%, 16=0.0%, 32=0.0%, >=64=0.0%
     submit    : 0=0.0%, 4=100.0%, 8=0.0%, 16=0.0%, 32=0.0%, 64=0.0%, >=64=0.0%
     complete  : 0=0.0%, 4=100.0%, 8=0.0%, 16=0.0%, 32=0.0%, 64=0.0%, >=64=0.0%
     issued rwts: total=0,2748849,0,0 short=0,0,0,0 dropped=0,0,0,0
     latency   : target=0, window=0, percentile=100.00%, depth=1

Run status group 0 (all jobs):
  WRITE: bw=572MiB/s (600MB/s), 572MiB/s-572MiB/s (600MB/s-600MB/s), io=168GiB (180GB), run=300393-300393msec
