seqw: (g=0): rw=write, bs=(R) 64.0KiB-64.0KiB, (W) 64.0KiB-64.0KiB, (T) 64.0KiB-64.0KiB, ioengine=libaio, iodepth=1
...
fio-3.18
Starting 4 threads

seqw: (groupid=0, jobs=4): err= 0: pid=95894: Thu Feb 20 03:36:02 2020
  write: IOPS=2545, BW=159MiB/s (167MB/s)(46.6GiB/300002msec)
    slat (usec): min=24, max=522, avg=77.98, stdev=21.56
    clat (usec): min=726, max=95509, avg=1491.61, stdev=1309.03
     lat (usec): min=901, max=95588, avg=1569.76, stdev=1309.09
    clat percentiles (usec):
     |  1.00th=[ 1037],  5.00th=[ 1090], 10.00th=[ 1139], 20.00th=[ 1188],
     | 30.00th=[ 1221], 40.00th=[ 1254], 50.00th=[ 1303], 60.00th=[ 1336],
     | 70.00th=[ 1385], 80.00th=[ 1450], 90.00th=[ 1647], 95.00th=[ 2769],
     | 99.00th=[ 4752], 99.50th=[ 5211], 99.90th=[12125], 99.95th=[34866],
     | 99.99th=[52691]
   bw (  KiB/s): min=109696, max=184192, per=100.00%, avg=163084.99, stdev=2684.72, samples=2396
   iops        : min= 1714, max= 2878, avg=2548.20, stdev=41.95, samples=2396
  lat (usec)   : 750=0.01%, 1000=0.34%
  lat (msec)   : 2=92.62%, 4=4.88%, 10=2.04%, 20=0.04%, 50=0.06%
  lat (msec)   : 100=0.01%
  cpu          : usr=0.25%, sys=2.54%, ctx=1416265, majf=0, minf=4348
  IO depths    : 1=100.0%, 2=0.0%, 4=0.0%, 8=0.0%, 16=0.0%, 32=0.0%, >=64=0.0%
     submit    : 0=0.0%, 4=100.0%, 8=0.0%, 16=0.0%, 32=0.0%, 64=0.0%, >=64=0.0%
     complete  : 0=0.0%, 4=100.0%, 8=0.0%, 16=0.0%, 32=0.0%, 64=0.0%, >=64=0.0%
     issued rwts: total=0,763721,0,0 short=0,0,0,0 dropped=0,0,0,0
     latency   : target=0, window=0, percentile=100.00%, depth=1

Run status group 0 (all jobs):
  WRITE: bw=159MiB/s (167MB/s), 159MiB/s-159MiB/s (167MB/s-167MB/s), io=46.6GiB (50.1GB), run=300002-300002msec
