seqw: (g=0): rw=write, bs=(R) 64.0KiB-64.0KiB, (W) 64.0KiB-64.0KiB, (T) 64.0KiB-64.0KiB, ioengine=libaio, iodepth=1
...
fio-3.18
Starting 8 threads

seqw: (groupid=0, jobs=8): err= 0: pid=95578: Thu Feb 20 03:30:27 2020
  write: IOPS=4063, BW=254MiB/s (266MB/s)(74.4GiB/300117msec)
    slat (usec): min=23, max=566, avg=79.50, stdev=25.67
    clat (usec): min=801, max=388528, avg=1886.40, stdev=3596.81
     lat (usec): min=940, max=388618, avg=1966.28, stdev=3596.58
    clat percentiles (usec):
     |  1.00th=[  1123],  5.00th=[  1221], 10.00th=[  1270], 20.00th=[  1336],
     | 30.00th=[  1385], 40.00th=[  1434], 50.00th=[  1483], 60.00th=[  1532],
     | 70.00th=[  1598], 80.00th=[  1729], 90.00th=[  2671], 95.00th=[  4178],
     | 99.00th=[  5538], 99.50th=[  6521], 99.90th=[ 45351], 99.95th=[ 62129],
     | 99.99th=[170918]
   bw (  KiB/s): min=18432, max=356992, per=100.00%, avg=260445.97, stdev=5938.41, samples=4792
   iops        : min=  288, max= 5578, avg=4069.46, stdev=92.79, samples=4792
  lat (usec)   : 1000=0.05%
  lat (msec)   : 2=86.92%, 4=7.38%, 10=5.36%, 20=0.09%, 50=0.12%
  lat (msec)   : 100=0.05%, 250=0.03%, 500=0.01%
  cpu          : usr=0.24%, sys=2.20%, ctx=2173366, majf=0, minf=10752
  IO depths    : 1=100.0%, 2=0.0%, 4=0.0%, 8=0.0%, 16=0.0%, 32=0.0%, >=64=0.0%
     submit    : 0=0.0%, 4=100.0%, 8=0.0%, 16=0.0%, 32=0.0%, 64=0.0%, >=64=0.0%
     complete  : 0=0.0%, 4=100.0%, 8=0.0%, 16=0.0%, 32=0.0%, 64=0.0%, >=64=0.0%
     issued rwts: total=0,1219557,0,0 short=0,0,0,0 dropped=0,0,0,0
     latency   : target=0, window=0, percentile=100.00%, depth=1

Run status group 0 (all jobs):
  WRITE: bw=254MiB/s (266MB/s), 254MiB/s-254MiB/s (266MB/s-266MB/s), io=74.4GiB (79.9GB), run=300117-300117msec
