randrw: (g=0): rw=randrw, bs=(R) 8192B-8192B, (W) 8192B-8192B, (T) 8192B-8192B, ioengine=libaio, iodepth=1
...
fio-3.18
Starting 16 threads

randrw: (groupid=0, jobs=16): err= 0: pid=130542: Wed Feb 12 15:33:03 2020
  read: IOPS=1239, BW=9916KiB/s (10.2MB/s)(2907MiB/300156msec)
    slat (usec): min=20, max=684, avg=43.87, stdev= 9.56
    clat (usec): min=8, max=2508.7k, avg=5255.69, stdev=24628.84
     lat (usec): min=342, max=2508.8k, avg=5299.72, stdev=24628.92
    clat percentiles (usec):
     |  1.00th=[   383],  5.00th=[   424], 10.00th=[   449], 20.00th=[   494],
     | 30.00th=[   537], 40.00th=[   586], 50.00th=[   635], 60.00th=[   709],
     | 70.00th=[   889], 80.00th=[  3130], 90.00th=[ 10814], 95.00th=[ 22414],
     | 99.00th=[ 81265], 99.50th=[110625], 99.90th=[227541], 99.95th=[446694],
     | 99.99th=[968885]
   bw (  KiB/s): min= 1552, max=21776, per=100.00%, avg=10128.59, stdev=243.04, samples=9225
   iops        : min=  194, max= 2722, avg=1266.06, stdev=30.38, samples=9225
  write: IOPS=1238, BW=9909KiB/s (10.1MB/s)(2904MiB/300156msec)
    slat (usec): min=22, max=775, avg=53.32, stdev=11.59
    clat (usec): min=507, max=2489.5k, avg=7552.57, stdev=33475.84
     lat (usec): min=919, max=2489.5k, avg=7606.08, stdev=33475.94
    clat percentiles (usec):
     |  1.00th=[   1029],  5.00th=[   1106], 10.00th=[   1156],
     | 20.00th=[   1237], 30.00th=[   1303], 40.00th=[   1385],
     | 50.00th=[   1483], 60.00th=[   1631], 70.00th=[   2073],
     | 80.00th=[   5145], 90.00th=[  14091], 95.00th=[  28705],
     | 99.00th=[ 100140], 99.50th=[ 143655], 99.90th=[ 442500],
     | 99.95th=[ 633340], 99.99th=[1283458]
   bw (  KiB/s): min= 1792, max=19264, per=100.00%, avg=10117.71, stdev=222.23, samples=9237
   iops        : min=  224, max= 2408, avg=1264.70, stdev=27.78, samples=9237
  lat (usec)   : 10=0.01%, 50=0.01%, 100=0.01%, 250=0.01%, 500=10.82%
  lat (usec)   : 750=21.07%, 1000=4.25%
  lat (msec)   : 2=37.28%, 4=6.03%, 10=8.54%, 20=5.60%, 50=3.88%
  lat (msec)   : 100=1.71%, 250=0.68%, 500=0.08%, 750=0.04%, 1000=0.01%
  lat (msec)   : 2000=0.01%, >=2000=0.01%
  cpu          : usr=0.06%, sys=0.55%, ctx=1429033, majf=0, minf=8299
  IO depths    : 1=100.0%, 2=0.0%, 4=0.0%, 8=0.0%, 16=0.0%, 32=0.0%, >=64=0.0%
     submit    : 0=0.0%, 4=100.0%, 8=0.0%, 16=0.0%, 32=0.0%, 64=0.0%, >=64=0.0%
     complete  : 0=0.0%, 4=100.0%, 8=0.0%, 16=0.0%, 32=0.0%, 64=0.0%, >=64=0.0%
     issued rwts: total=372057,371771,0,0 short=0,0,0,0 dropped=0,0,0,0
     latency   : target=0, window=0, percentile=100.00%, depth=1

Run status group 0 (all jobs):
   READ: bw=9916KiB/s (10.2MB/s), 9916KiB/s-9916KiB/s (10.2MB/s-10.2MB/s), io=2907MiB (3048MB), run=300156-300156msec
  WRITE: bw=9909KiB/s (10.1MB/s), 9909KiB/s-9909KiB/s (10.1MB/s-10.1MB/s), io=2904MiB (3046MB), run=300156-300156msec
