randrw: (g=0): rw=randrw, bs=(R) 8192B-8192B, (W) 8192B-8192B, (T) 8192B-8192B, ioengine=libaio, iodepth=1
fio-3.18
Starting 1 thread

randrw: (groupid=0, jobs=1): err= 0: pid=127218: Wed Feb 12 14:19:34 2020
  read: IOPS=289, BW=2318KiB/s (2374kB/s)(679MiB/300010msec)
    slat (usec): min=24, max=116, avg=37.71, stdev= 3.21
    clat (usec): min=307, max=54478, avg=1175.87, stdev=2920.37
     lat (usec): min=342, max=54514, avg=1213.71, stdev=2920.41
    clat percentiles (usec):
     |  1.00th=[  375],  5.00th=[  400], 10.00th=[  416], 20.00th=[  437],
     | 30.00th=[  457], 40.00th=[  486], 50.00th=[  529], 60.00th=[  578],
     | 70.00th=[  619], 80.00th=[  824], 90.00th=[ 1450], 95.00th=[ 3326],
     | 99.00th=[17695], 99.50th=[24249], 99.90th=[31851], 99.95th=[35390],
     | 99.99th=[45876]
   bw (  KiB/s): min=  128, max= 3424, per=100.00%, avg=2325.07, stdev=492.13, samples=598
   iops        : min=   16, max=  428, avg=290.63, stdev=61.52, samples=598
  write: IOPS=288, BW=2310KiB/s (2365kB/s)(677MiB/300010msec)
    slat (usec): min=27, max=241, avg=46.01, stdev= 4.72
    clat (usec): min=921, max=627041, avg=2196.99, stdev=9080.72
     lat (usec): min=998, max=627084, avg=2243.14, stdev=9080.70
    clat percentiles (usec):
     |  1.00th=[  1057],  5.00th=[  1106], 10.00th=[  1123], 20.00th=[  1156],
     | 30.00th=[  1188], 40.00th=[  1221], 50.00th=[  1270], 60.00th=[  1319],
     | 70.00th=[  1385], 80.00th=[  1680], 90.00th=[  2933], 95.00th=[  4621],
     | 99.00th=[ 20317], 99.50th=[ 26346], 99.90th=[ 50070], 99.95th=[143655],
     | 99.99th=[484443]
   bw (  KiB/s): min=  144, max= 2992, per=100.00%, avg=2315.89, stdev=431.12, samples=598
   iops        : min=   18, max=  374, avg=289.48, stdev=53.89, samples=598
  lat (usec)   : 500=22.15%, 750=17.08%, 1000=2.42%
  lat (msec)   : 2=46.67%, 4=6.55%, 10=3.16%, 20=1.03%, 50=0.89%
  lat (msec)   : 100=0.02%, 250=0.02%, 500=0.01%, 750=0.01%
  cpu          : usr=0.23%, sys=1.71%, ctx=346752, majf=0, minf=133
  IO depths    : 1=100.0%, 2=0.0%, 4=0.0%, 8=0.0%, 16=0.0%, 32=0.0%, >=64=0.0%
     submit    : 0=0.0%, 4=100.0%, 8=0.0%, 16=0.0%, 32=0.0%, 64=0.0%, >=64=0.0%
     complete  : 0=0.0%, 4=100.0%, 8=0.0%, 16=0.0%, 32=0.0%, 64=0.0%, >=64=0.0%
     issued rwts: total=86946,86610,0,0 short=0,0,0,0 dropped=0,0,0,0
     latency   : target=0, window=0, percentile=100.00%, depth=1

Run status group 0 (all jobs):
   READ: bw=2318KiB/s (2374kB/s), 2318KiB/s-2318KiB/s (2374kB/s-2374kB/s), io=679MiB (712MB), run=300010-300010msec
  WRITE: bw=2310KiB/s (2365kB/s), 2310KiB/s-2310KiB/s (2365kB/s-2365kB/s), io=677MiB (710MB), run=300010-300010msec
