randrw: (g=0): rw=randrw, bs=(R) 8192B-8192B, (W) 8192B-8192B, (T) 8192B-8192B, ioengine=libaio, iodepth=1
...
fio-3.18
Starting 16 threads

randrw: (groupid=0, jobs=16): err= 0: pid=68684: Mon Feb 17 13:14:03 2020
  read: IOPS=498, BW=3991KiB/s (4087kB/s)(1169MiB/300013msec)
    slat (usec): min=23, max=655, avg=47.64, stdev= 9.53
    clat (usec): min=412, max=918830, avg=13922.90, stdev=28620.96
     lat (usec): min=455, max=918874, avg=13970.70, stdev=28620.97
    clat percentiles (usec):
     |  1.00th=[   586],  5.00th=[   652], 10.00th=[   701], 20.00th=[  3326],
     | 30.00th=[  7439], 40.00th=[  8717], 50.00th=[  9503], 60.00th=[ 10028],
     | 70.00th=[ 11338], 80.00th=[ 14484], 90.00th=[ 23725], 95.00th=[ 45351],
     | 99.00th=[105382], 99.50th=[127402], 99.90th=[438305], 99.95th=[658506],
     | 99.99th=[851444]
   bw (  KiB/s): min=  256, max= 8496, per=100.00%, avg=4052.91, stdev=91.01, samples=9447
   iops        : min=   32, max= 1062, avg=506.60, stdev=11.38, samples=9447
  write: IOPS=499, BW=3998KiB/s (4094kB/s)(1171MiB/300013msec)
    slat (usec): min=26, max=440, avg=60.09, stdev=14.12
    clat (usec): min=987, max=1276.5k, avg=18004.49, stdev=35309.64
     lat (usec): min=1044, max=1276.6k, avg=18064.76, stdev=35309.70
    clat percentiles (usec):
     |  1.00th=[  1500],  5.00th=[  1663], 10.00th=[  1795], 20.00th=[  6194],
     | 30.00th=[  8979], 40.00th=[ 10290], 50.00th=[ 11076], 60.00th=[ 12125],
     | 70.00th=[ 14746], 80.00th=[ 18482], 90.00th=[ 31327], 95.00th=[ 59507],
     | 99.00th=[132645], 99.50th=[191890], 99.90th=[549454], 99.95th=[725615],
     | 99.99th=[901776]
   bw (  KiB/s): min=  256, max= 8160, per=100.00%, avg=4058.75, stdev=85.34, samples=9451
   iops        : min=   32, max= 1020, avg=507.33, stdev=10.67, samples=9451
  lat (usec)   : 500=0.02%, 750=6.93%, 1000=2.30%
  lat (msec)   : 2=7.73%, 4=2.13%, 10=28.99%, 20=37.00%, 50=9.57%
  lat (msec)   : 100=3.69%, 250=1.40%, 500=0.14%, 750=0.06%, 1000=0.04%
  lat (msec)   : 2000=0.01%
  cpu          : usr=0.02%, sys=0.25%, ctx=553084, majf=0, minf=1619
  IO depths    : 1=100.0%, 2=0.0%, 4=0.0%, 8=0.0%, 16=0.0%, 32=0.0%, >=64=0.0%
     submit    : 0=0.0%, 4=100.0%, 8=0.0%, 16=0.0%, 32=0.0%, 64=0.0%, >=64=0.0%
     complete  : 0=0.0%, 4=100.0%, 8=0.0%, 16=0.0%, 32=0.0%, 64=0.0%, >=64=0.0%
     issued rwts: total=149661,149940,0,0 short=0,0,0,0 dropped=0,0,0,0
     latency   : target=0, window=0, percentile=100.00%, depth=1

Run status group 0 (all jobs):
   READ: bw=3991KiB/s (4087kB/s), 3991KiB/s-3991KiB/s (4087kB/s-4087kB/s), io=1169MiB (1226MB), run=300013-300013msec
  WRITE: bw=3998KiB/s (4094kB/s), 3998KiB/s-3998KiB/s (4094kB/s-4094kB/s), io=1171MiB (1228MB), run=300013-300013msec
