randrw: (g=0): rw=randrw, bs=(R) 8192B-8192B, (W) 8192B-8192B, (T) 8192B-8192B, ioengine=libaio, iodepth=1
...
fio-3.18
Starting 2 threads

randrw: (groupid=0, jobs=2): err= 0: pid=129328: Wed Feb 12 15:09:19 2020
  read: IOPS=427, BW=3421KiB/s (3503kB/s)(1002MiB/300057msec)
    slat (usec): min=23, max=220, avg=40.31, stdev= 4.70
    clat (usec): min=282, max=140654, avg=1805.95, stdev=5849.99
     lat (usec): min=325, max=140695, avg=1846.39, stdev=5850.00
    clat percentiles (usec):
     |  1.00th=[  347],  5.00th=[  371], 10.00th=[  392], 20.00th=[  433],
     | 30.00th=[  469], 40.00th=[  506], 50.00th=[  545], 60.00th=[  586],
     | 70.00th=[  644], 80.00th=[  832], 90.00th=[ 1696], 95.00th=[ 6718],
     | 99.00th=[31327], 99.50th=[42730], 99.90th=[65274], 99.95th=[76022],
     | 99.99th=[98042]
   bw (  KiB/s): min=  592, max= 5248, per=100.00%, avg=3426.96, stdev=397.84, samples=1197
   iops        : min=   74, max=  656, avg=428.37, stdev=49.73, samples=1197
  write: IOPS=426, BW=3416KiB/s (3497kB/s)(1001MiB/300057msec)
    slat (usec): min=24, max=267, avg=48.68, stdev= 6.44
    clat (usec): min=870, max=916053, avg=2783.42, stdev=9808.22
     lat (usec): min=924, max=916101, avg=2832.25, stdev=9808.22
    clat percentiles (usec):
     |  1.00th=[   963],  5.00th=[  1012], 10.00th=[  1045], 20.00th=[  1106],
     | 30.00th=[  1172], 40.00th=[  1221], 50.00th=[  1270], 60.00th=[  1336],
     | 70.00th=[  1418], 80.00th=[  1729], 90.00th=[  3130], 95.00th=[  7832],
     | 99.00th=[ 34341], 99.50th=[ 46924], 99.90th=[ 82314], 99.95th=[122160],
     | 99.99th=[463471]
   bw (  KiB/s): min=  544, max= 4656, per=100.00%, avg=3421.39, stdev=355.44, samples=1197
   iops        : min=   68, max=  582, avg=427.67, stdev=44.43, samples=1197
  lat (usec)   : 500=19.35%, 750=19.69%, 1000=4.24%
  lat (msec)   : 2=43.91%, 4=5.77%, 10=2.96%, 20=1.67%, 50=2.03%
  lat (msec)   : 100=0.33%, 250=0.03%, 500=0.01%, 750=0.01%, 1000=0.01%
  cpu          : usr=0.19%, sys=1.33%, ctx=499382, majf=0, minf=335
  IO depths    : 1=100.0%, 2=0.0%, 4=0.0%, 8=0.0%, 16=0.0%, 32=0.0%, >=64=0.0%
     submit    : 0=0.0%, 4=100.0%, 8=0.0%, 16=0.0%, 32=0.0%, 64=0.0%, >=64=0.0%
     complete  : 0=0.0%, 4=100.0%, 8=0.0%, 16=0.0%, 32=0.0%, 64=0.0%, >=64=0.0%
     issued rwts: total=128307,128106,0,0 short=0,0,0,0 dropped=0,0,0,0
     latency   : target=0, window=0, percentile=100.00%, depth=1

Run status group 0 (all jobs):
   READ: bw=3421KiB/s (3503kB/s), 3421KiB/s-3421KiB/s (3503kB/s-3503kB/s), io=1002MiB (1051MB), run=300057-300057msec
  WRITE: bw=3416KiB/s (3497kB/s), 3416KiB/s-3416KiB/s (3497kB/s-3497kB/s), io=1001MiB (1049MB), run=300057-300057msec
