randrw: (g=0): rw=randrw, bs=(R) 8192B-8192B, (W) 8192B-8192B, (T) 8192B-8192B, ioengine=libaio, iodepth=1
fio-3.18
Starting 1 thread

randrw: (groupid=0, jobs=1): err= 0: pid=75879: Mon Feb 17 15:36:43 2020
  read: IOPS=51, BW=415KiB/s (425kB/s)(122MiB/300001msec)
    slat (usec): min=21, max=244, avg=44.61, stdev= 6.88
    clat (usec): min=433, max=322813, avg=8564.29, stdev=10364.41
     lat (usec): min=481, max=322856, avg=8609.06, stdev=10364.42
    clat percentiles (usec):
     |  1.00th=[   586],  5.00th=[   652], 10.00th=[   685], 20.00th=[   725],
     | 30.00th=[   766], 40.00th=[   832], 50.00th=[  5997], 60.00th=[ 10159],
     | 70.00th=[ 13960], 80.00th=[ 16450], 90.00th=[ 19006], 95.00th=[ 22414],
     | 99.00th=[ 35914], 99.50th=[ 39060], 99.90th=[116917], 99.95th=[149947],
     | 99.99th=[219153]
   bw (  KiB/s): min=   64, max=  800, per=100.00%, avg=415.34, stdev=125.41, samples=599
   iops        : min=    8, max=  100, avg=51.92, stdev=15.68, samples=599
  write: IOPS=51, BW=414KiB/s (424kB/s)(121MiB/300001msec)
    slat (usec): min=25, max=133, avg=59.07, stdev=11.17
    clat (usec): min=1177, max=307952, avg=10636.42, stdev=15223.51
     lat (usec): min=1230, max=308031, avg=10695.68, stdev=15223.69
    clat percentiles (usec):
     |  1.00th=[  1598],  5.00th=[  1713], 10.00th=[  1778], 20.00th=[  1876],
     | 30.00th=[  1975], 40.00th=[  2147], 50.00th=[  8029], 60.00th=[ 11600],
     | 70.00th=[ 15270], 80.00th=[ 17695], 90.00th=[ 20317], 95.00th=[ 24511],
     | 99.00th=[ 41681], 99.50th=[119014], 99.90th=[200279], 99.95th=[231736],
     | 99.99th=[287310]
   bw (  KiB/s): min=  128, max=  608, per=100.00%, avg=414.26, stdev=85.01, samples=599
   iops        : min=   16, max=   76, avg=51.78, stdev=10.63, samples=599
  lat (usec)   : 500=0.07%, 750=12.85%, 1000=9.85%
  lat (msec)   : 2=16.65%, 4=7.15%, 10=10.39%, 20=33.77%, 50=8.70%
  lat (msec)   : 100=0.23%, 250=0.32%, 500=0.02%
  cpu          : usr=0.04%, sys=0.36%, ctx=60581, majf=0, minf=39
  IO depths    : 1=100.0%, 2=0.0%, 4=0.0%, 8=0.0%, 16=0.0%, 32=0.0%, >=64=0.0%
     submit    : 0=0.0%, 4=100.0%, 8=0.0%, 16=0.0%, 32=0.0%, 64=0.0%, >=64=0.0%
     complete  : 0=0.0%, 4=100.0%, 8=0.0%, 16=0.0%, 32=0.0%, 64=0.0%, >=64=0.0%
     issued rwts: total=15560,15519,0,0 short=0,0,0,0 dropped=0,0,0,0
     latency   : target=0, window=0, percentile=100.00%, depth=1

Run status group 0 (all jobs):
   READ: bw=415KiB/s (425kB/s), 415KiB/s-415KiB/s (425kB/s-425kB/s), io=122MiB (127MB), run=300001-300001msec
  WRITE: bw=414KiB/s (424kB/s), 414KiB/s-414KiB/s (424kB/s-424kB/s), io=121MiB (127MB), run=300001-300001msec
