randrw: (g=0): rw=randrw, bs=(R) 8192B-8192B, (W) 8192B-8192B, (T) 8192B-8192B, ioengine=libaio, iodepth=1
...
fio-3.18
Starting 32 threads

randrw: (groupid=0, jobs=32): err= 0: pid=131030: Wed Feb 12 15:42:59 2020
  read: IOPS=1718, BW=13.4MiB/s (14.1MB/s)(4030MiB/300202msec)
    slat (usec): min=19, max=865, avg=46.27, stdev=10.95
    clat (usec): min=3, max=2101.4k, avg=7618.76, stdev=26870.46
     lat (usec): min=341, max=2101.5k, avg=7665.20, stdev=26870.62
    clat percentiles (usec):
     |  1.00th=[   392],  5.00th=[   437], 10.00th=[   469], 20.00th=[   519],
     | 30.00th=[   570], 40.00th=[   627], 50.00th=[   693], 60.00th=[   840],
     | 70.00th=[  2638], 80.00th=[  7898], 90.00th=[ 15795], 95.00th=[ 31851],
     | 99.00th=[117965], 99.50th=[158335], 99.90th=[274727], 99.95th=[367002],
     | 99.99th=[792724]
   bw (  KiB/s): min= 1248, max=32592, per=100.00%, avg=13912.83, stdev=186.56, samples=18738
   iops        : min=  156, max= 4074, avg=1739.08, stdev=23.32, samples=18738
  write: IOPS=1716, BW=13.4MiB/s (14.1MB/s)(4027MiB/300202msec)
    slat (usec): min=20, max=968, avg=56.35, stdev=12.87
    clat (usec): min=375, max=2539.8k, avg=10894.21, stdev=37152.84
     lat (usec): min=947, max=2539.8k, avg=10950.75, stdev=37153.15
    clat percentiles (usec):
     |  1.00th=[   1057],  5.00th=[   1139], 10.00th=[   1205],
     | 20.00th=[   1303], 30.00th=[   1401], 40.00th=[   1516],
     | 50.00th=[   1680], 60.00th=[   2073], 70.00th=[   5145],
     | 80.00th=[  10159], 90.00th=[  20841], 95.00th=[  46400],
     | 99.00th=[ 149947], 99.50th=[ 200279], 99.90th=[ 434111],
     | 99.95th=[ 608175], 99.99th=[1216349]
   bw (  KiB/s): min= 1536, max=29168, per=100.00%, avg=13893.25, stdev=169.70, samples=18768
   iops        : min=  192, max= 3646, avg=1736.63, stdev=21.21, samples=18768
  lat (usec)   : 4=0.01%, 10=0.01%, 20=0.01%, 50=0.01%, 250=0.01%
  lat (usec)   : 500=8.06%, 750=19.53%, 1000=4.37%
  lat (msec)   : 2=31.91%, 4=6.02%, 10=12.24%, 20=8.80%, 50=5.01%
  lat (msec)   : 100=2.31%, 250=1.53%, 500=0.17%, 750=0.03%, 1000=0.01%
  lat (msec)   : 2000=0.01%, >=2000=0.01%
  cpu          : usr=0.04%, sys=0.40%, ctx=2003298, majf=0, minf=5635
  IO depths    : 1=100.0%, 2=0.0%, 4=0.0%, 8=0.0%, 16=0.0%, 32=0.0%, >=64=0.0%
     submit    : 0=0.0%, 4=100.0%, 8=0.0%, 16=0.0%, 32=0.0%, 64=0.0%, >=64=0.0%
     complete  : 0=0.0%, 4=100.0%, 8=0.0%, 16=0.0%, 32=0.0%, 64=0.0%, >=64=0.0%
     issued rwts: total=515879,515443,0,0 short=0,0,0,0 dropped=0,0,0,0
     latency   : target=0, window=0, percentile=100.00%, depth=1

Run status group 0 (all jobs):
   READ: bw=13.4MiB/s (14.1MB/s), 13.4MiB/s-13.4MiB/s (14.1MB/s-14.1MB/s), io=4030MiB (4226MB), run=300202-300202msec
  WRITE: bw=13.4MiB/s (14.1MB/s), 13.4MiB/s-13.4MiB/s (14.1MB/s-14.1MB/s), io=4027MiB (4223MB), run=300202-300202msec
