randrw: (g=0): rw=randrw, bs=(R) 8192B-8192B, (W) 8192B-8192B, (T) 8192B-8192B, ioengine=libaio, iodepth=1
...
fio-3.18
Starting 4 threads

randrw: (groupid=0, jobs=4): err= 0: pid=129777: Wed Feb 12 15:16:51 2020
  read: IOPS=571, BW=4572KiB/s (4681kB/s)(1340MiB/300206msec)
    slat (usec): min=19, max=320, avg=39.99, stdev= 6.22
    clat (usec): min=108, max=1146.7k, avg=2804.96, stdev=14682.31
     lat (usec): min=336, max=1146.7k, avg=2845.09, stdev=14682.09
    clat percentiles (usec):
     |  1.00th=[   359],  5.00th=[   392], 10.00th=[   420], 20.00th=[   461],
     | 30.00th=[   502], 40.00th=[   545], 50.00th=[   586], 60.00th=[   635],
     | 70.00th=[   701], 80.00th=[   971], 90.00th=[  2737], 95.00th=[ 10814],
     | 99.00th=[ 46400], 99.50th=[ 66323], 99.90th=[193987], 99.95th=[304088],
     | 99.99th=[509608]
   bw (  KiB/s): min=  576, max= 8624, per=100.00%, avg=4594.64, stdev=356.06, samples=2377
   iops        : min=   72, max= 1078, avg=574.33, stdev=44.51, samples=2377
  write: IOPS=569, BW=4555KiB/s (4664kB/s)(1335MiB/300206msec)
    slat (usec): min=20, max=283, avg=48.43, stdev= 8.21
    clat (usec): min=882, max=1423.7k, avg=4115.99, stdev=20028.25
     lat (usec): min=922, max=1423.7k, avg=4164.58, stdev=20028.10
    clat percentiles (usec):
     |  1.00th=[   996],  5.00th=[  1057], 10.00th=[  1106], 20.00th=[  1172],
     | 30.00th=[  1221], 40.00th=[  1287], 50.00th=[  1336], 60.00th=[  1418],
     | 70.00th=[  1549], 80.00th=[  1975], 90.00th=[  4113], 95.00th=[ 12780],
     | 99.00th=[ 51119], 99.50th=[ 78119], 99.90th=[341836], 99.95th=[425722],
     | 99.99th=[650118]
   bw (  KiB/s): min=  816, max= 7584, per=100.00%, avg=4578.70, stdev=333.27, samples=2377
   iops        : min=  102, max=  948, avg=572.34, stdev=41.66, samples=2377
  lat (usec)   : 250=0.01%, 500=14.84%, 750=22.25%, 1000=3.78%
  lat (msec)   : 2=43.41%, 4=6.39%, 10=3.81%, 20=2.16%, 50=2.41%
  lat (msec)   : 100=0.65%, 250=0.18%, 500=0.10%, 750=0.02%, 1000=0.01%
  lat (msec)   : 2000=0.01%
  cpu          : usr=0.11%, sys=0.90%, ctx=655970, majf=0, minf=1400
  IO depths    : 1=100.0%, 2=0.0%, 4=0.0%, 8=0.0%, 16=0.0%, 32=0.0%, >=64=0.0%
     submit    : 0=0.0%, 4=100.0%, 8=0.0%, 16=0.0%, 32=0.0%, 64=0.0%, >=64=0.0%
     complete  : 0=0.0%, 4=100.0%, 8=0.0%, 16=0.0%, 32=0.0%, 64=0.0%, >=64=0.0%
     issued rwts: total=171554,170926,0,0 short=0,0,0,0 dropped=0,0,0,0
     latency   : target=0, window=0, percentile=100.00%, depth=1

Run status group 0 (all jobs):
   READ: bw=4572KiB/s (4681kB/s), 4572KiB/s-4572KiB/s (4681kB/s-4681kB/s), io=1340MiB (1405MB), run=300206-300206msec
  WRITE: bw=4555KiB/s (4664kB/s), 4555KiB/s-4555KiB/s (4664kB/s-4664kB/s), io=1335MiB (1400MB), run=300206-300206msec
