randrw: (g=0): rw=randrw, bs=(R) 8192B-8192B, (W) 8192B-8192B, (T) 8192B-8192B, ioengine=libaio, iodepth=1
...
fio-3.18
Starting 2 threads

randrw: (groupid=0, jobs=2): err= 0: pid=75329: Mon Feb 17 15:25:33 2020
  read: IOPS=88, BW=705KiB/s (722kB/s)(207MiB/300009msec)
    slat (usec): min=23, max=238, avg=45.80, stdev= 8.11
    clat (usec): min=396, max=523696, avg=7409.32, stdev=10963.00
     lat (usec): min=435, max=523739, avg=7455.28, stdev=10962.78
    clat percentiles (usec):
     |  1.00th=[   586],  5.00th=[   644], 10.00th=[   668], 20.00th=[   709],
     | 30.00th=[   750], 40.00th=[   799], 50.00th=[  3687], 60.00th=[  8586],
     | 70.00th=[ 10159], 80.00th=[ 13566], 90.00th=[ 17433], 95.00th=[ 20055],
     | 99.00th=[ 37487], 99.50th=[ 55313], 99.90th=[139461], 99.95th=[168821],
     | 99.99th=[200279]
   bw (  KiB/s): min=   96, max= 1408, per=100.00%, avg=705.54, stdev=116.02, samples=1198
   iops        : min=   12, max=  176, avg=88.19, stdev=14.50, samples=1198
  write: IOPS=88, BW=707KiB/s (724kB/s)(207MiB/300009msec)
    slat (usec): min=25, max=156, avg=60.23, stdev=13.02
    clat (usec): min=1212, max=533043, avg=15133.01, stdev=23090.01
     lat (usec): min=1271, max=533110, avg=15193.42, stdev=23090.02
    clat percentiles (usec):
     |  1.00th=[  1663],  5.00th=[  1844], 10.00th=[  2024], 20.00th=[  8029],
     | 30.00th=[  9765], 40.00th=[ 10683], 50.00th=[ 11600], 60.00th=[ 13698],
     | 70.00th=[ 15795], 80.00th=[ 18220], 90.00th=[ 20841], 95.00th=[ 27657],
     | 99.00th=[121111], 99.50th=[198181], 99.90th=[316670], 99.95th=[333448],
     | 99.99th=[408945]
   bw (  KiB/s): min=  144, max= 1200, per=100.00%, avg=708.12, stdev=96.78, samples=1197
   iops        : min=   18, max=  150, avg=88.51, stdev=12.10, samples=1197
  lat (usec)   : 500=0.05%, 750=15.05%, 1000=9.07%
  lat (msec)   : 2=5.07%, 4=2.53%, 10=18.83%, 20=40.55%, 50=7.64%
  lat (msec)   : 100=0.51%, 250=0.56%, 500=0.12%, 750=0.01%
  cpu          : usr=0.04%, sys=0.32%, ctx=99576, majf=0, minf=134
  IO depths    : 1=100.0%, 2=0.0%, 4=0.0%, 8=0.0%, 16=0.0%, 32=0.0%, >=64=0.0%
     submit    : 0=0.0%, 4=100.0%, 8=0.0%, 16=0.0%, 32=0.0%, 64=0.0%, >=64=0.0%
     complete  : 0=0.0%, 4=100.0%, 8=0.0%, 16=0.0%, 32=0.0%, 64=0.0%, >=64=0.0%
     issued rwts: total=26433,26515,0,0 short=0,0,0,0 dropped=0,0,0,0
     latency   : target=0, window=0, percentile=100.00%, depth=1

Run status group 0 (all jobs):
   READ: bw=705KiB/s (722kB/s), 705KiB/s-705KiB/s (722kB/s-722kB/s), io=207MiB (217MB), run=300009-300009msec
  WRITE: bw=707KiB/s (724kB/s), 707KiB/s-707KiB/s (724kB/s-724kB/s), io=207MiB (217MB), run=300009-300009msec
