randrw: (g=0): rw=randrw, bs=(R) 8192B-8192B, (W) 8192B-8192B, (T) 8192B-8192B, ioengine=libaio, iodepth=1
...
fio-3.18
Starting 32 threads

randrw: (groupid=0, jobs=32): err= 0: pid=62668: Mon Feb 17 11:10:42 2020
  read: IOPS=847, BW=6779KiB/s (6942kB/s)(1987MiB/300118msec)
    slat (usec): min=23, max=225, avg=49.63, stdev=10.19
    clat (usec): min=331, max=640151, avg=12395.29, stdev=26660.28
     lat (usec): min=372, max=640200, avg=12445.09, stdev=26660.33
    clat percentiles (usec):
     |  1.00th=[   545],  5.00th=[   594], 10.00th=[   627], 20.00th=[   676],
     | 30.00th=[   725], 40.00th=[   791], 50.00th=[  3130], 60.00th=[  7963],
     | 70.00th=[  9896], 80.00th=[ 13435], 90.00th=[ 29230], 95.00th=[ 60031],
     | 99.00th=[131597], 99.50th=[168821], 99.90th=[250610], 99.95th=[295699],
     | 99.99th=[425722]
   bw (  KiB/s): min=  592, max=18832, per=100.00%, avg=6802.18, stdev=97.33, samples=19131
   iops        : min=   74, max= 2354, avg=850.25, stdev=12.17, samples=19131
  write: IOPS=851, BW=6809KiB/s (6972kB/s)(1996MiB/300118msec)
    slat (usec): min=26, max=252, avg=61.07, stdev=13.30
    clat (usec): min=1094, max=670337, avg=25131.53, stdev=37413.99
     lat (usec): min=1162, max=670395, avg=25192.80, stdev=37414.01
    clat percentiles (usec):
     |  1.00th=[  1450],  5.00th=[  1598], 10.00th=[  1745], 20.00th=[  6456],
     | 30.00th=[  9372], 40.00th=[ 10683], 50.00th=[ 11994], 60.00th=[ 15008],
     | 70.00th=[ 19268], 80.00th=[ 30278], 90.00th=[ 65274], 95.00th=[103285],
     | 99.00th=[185598], 99.50th=[223347], 99.90th=[312476], 99.95th=[367002],
     | 99.99th=[526386]
   bw (  KiB/s): min=  736, max=14960, per=100.00%, avg=6820.76, stdev=76.40, samples=19160
   iops        : min=   92, max= 1870, avg=852.57, stdev= 9.55, samples=19160
  lat (usec)   : 500=0.09%, 750=17.47%, 1000=5.59%
  lat (msec)   : 2=8.05%, 4=2.91%, 10=18.27%, 20=26.40%, 50=11.55%
  lat (msec)   : 100=5.94%, 250=3.53%, 500=0.19%, 750=0.01%
  cpu          : usr=0.02%, sys=0.22%, ctx=966982, majf=0, minf=0
  IO depths    : 1=100.0%, 2=0.0%, 4=0.0%, 8=0.0%, 16=0.0%, 32=0.0%, >=64=0.0%
     submit    : 0=0.0%, 4=100.0%, 8=0.0%, 16=0.0%, 32=0.0%, 64=0.0%, >=64=0.0%
     complete  : 0=0.0%, 4=100.0%, 8=0.0%, 16=0.0%, 32=0.0%, 64=0.0%, >=64=0.0%
     issued rwts: total=254322,255429,0,0 short=0,0,0,0 dropped=0,0,0,0
     latency   : target=0, window=0, percentile=100.00%, depth=1

Run status group 0 (all jobs):
   READ: bw=6779KiB/s (6942kB/s), 6779KiB/s-6779KiB/s (6942kB/s-6942kB/s), io=1987MiB (2083MB), run=300118-300118msec
  WRITE: bw=6809KiB/s (6972kB/s), 6809KiB/s-6809KiB/s (6972kB/s-6972kB/s), io=1996MiB (2092MB), run=300118-300118msec
