seqw: (g=0): rw=write, bs=(R) 8192B-8192B, (W) 8192B-8192B, (T) 8192B-8192B, ioengine=libaio, iodepth=1
...
seqr: (g=0): rw=read, bs=(R) 8192B-8192B, (W) 8192B-8192B, (T) 8192B-8192B, ioengine=libaio, iodepth=1
...
fio-3.18
Starting 32 threads

seqw: (groupid=0, jobs=32): err= 0: pid=126035: Wed Feb 12 14:02:44 2020
  read: IOPS=17.0k, BW=140MiB/s (147MB/s)(41.1GiB/300035msec)
    slat (usec): min=18, max=1701, avg=53.18, stdev=19.90
    clat (nsec): min=1312, max=735391k, avg=835806.75, stdev=7321495.68
     lat (usec): min=353, max=735471, avg=889.15, stdev=7321.63
    clat percentiles (usec):
     |  1.00th=[   400],  5.00th=[   437], 10.00th=[   457], 20.00th=[   482],
     | 30.00th=[   502], 40.00th=[   523], 50.00th=[   545], 60.00th=[   570],
     | 70.00th=[   594], 80.00th=[   627], 90.00th=[   693], 95.00th=[   766],
     | 99.00th=[  1205], 99.50th=[  2671], 99.90th=[120062], 99.95th=[191890],
     | 99.99th=[312476]
   bw (  KiB/s): min=41359, max=220800, per=100.00%, avg=143991.55, stdev=2607.00, samples=9568
   iops        : min= 5169, max=27600, avg=17998.93, stdev=325.87, samples=9568
  write: IOPS=1588, BW=12.4MiB/s (13.0MB/s)(3727MiB/300285msec)
    slat (usec): min=20, max=1461, avg=65.85, stdev=23.94
    clat (usec): min=132, max=785413, avg=9996.26, stdev=41740.64
     lat (usec): min=951, max=785446, avg=10062.32, stdev=41740.67
    clat percentiles (usec):
     |  1.00th=[  1090],  5.00th=[  1172], 10.00th=[  1237], 20.00th=[  1319],
     | 30.00th=[  1385], 40.00th=[  1450], 50.00th=[  1532], 60.00th=[  1631],
     | 70.00th=[  1811], 80.00th=[  2278], 90.00th=[  4752], 95.00th=[ 31589],
     | 99.00th=[248513], 99.50th=[308282], 99.90th=[429917], 99.95th=[476054],
     | 99.99th=[599786]
   bw (  KiB/s): min= 1584, max=25776, per=100.00%, avg=12772.14, stdev=276.76, samples=9550
   iops        : min=  198, max= 3222, avg=1596.51, stdev=34.60, samples=9550
  lat (usec)   : 2=0.01%, 4=0.01%, 10=0.01%, 20=0.01%, 50=0.01%
  lat (usec)   : 100=0.01%, 250=0.01%, 500=25.98%, 750=60.70%, 1000=3.95%
  lat (msec)   : 2=6.79%, 4=1.36%, 10=0.41%, 20=0.16%, 50=0.18%
  lat (msec)   : 100=0.13%, 250=0.24%, 500=0.10%, 750=0.01%, 1000=0.01%
  cpu          : usr=0.20%, sys=2.65%, ctx=11455486, majf=0, minf=25403
  IO depths    : 1=100.0%, 2=0.0%, 4=0.0%, 8=0.0%, 16=0.0%, 32=0.0%, >=64=0.0%
     submit    : 0=0.0%, 4=100.0%, 8=0.0%, 16=0.0%, 32=0.0%, 64=0.0%, >=64=0.0%
     complete  : 0=0.0%, 4=100.0%, 8=0.0%, 16=0.0%, 32=0.0%, 64=0.0%, >=64=0.0%
     issued rwts: total=5390653,477068,0,0 short=0,0,0,0 dropped=0,0,0,0
     latency   : target=0, window=0, percentile=100.00%, depth=1

Run status group 0 (all jobs):
   READ: bw=140MiB/s (147MB/s), 140MiB/s-140MiB/s (147MB/s-147MB/s), io=41.1GiB (44.2GB), run=300035-300035msec
  WRITE: bw=12.4MiB/s (13.0MB/s), 12.4MiB/s-12.4MiB/s (13.0MB/s-13.0MB/s), io=3727MiB (3908MB), run=300285-300285msec
