seqw: (g=0): rw=write, bs=(R) 8192B-8192B, (W) 8192B-8192B, (T) 8192B-8192B, ioengine=libaio, iodepth=1
...
seqr: (g=0): rw=read, bs=(R) 8192B-8192B, (W) 8192B-8192B, (T) 8192B-8192B, ioengine=libaio, iodepth=1
...
fio-3.18
Starting 8 threads

seqw: (groupid=0, jobs=8): err= 0: pid=125330: Wed Feb 12 13:49:26 2020
  read: IOPS=7308, BW=57.1MiB/s (59.9MB/s)(16.7GiB/300001msec)
    slat (usec): min=17, max=584, avg=40.27, stdev= 9.32
    clat (usec): min=2, max=11455, avg=505.89, stdev=134.81
     lat (usec): min=325, max=11509, avg=546.29, stdev=135.26
    clat percentiles (usec):
     |  1.00th=[  375],  5.00th=[  408], 10.00th=[  424], 20.00th=[  445],
     | 30.00th=[  461], 40.00th=[  478], 50.00th=[  490], 60.00th=[  506],
     | 70.00th=[  523], 80.00th=[  545], 90.00th=[  586], 95.00th=[  627],
     | 99.00th=[  758], 99.50th=[  922], 99.90th=[ 2671], 99.95th=[ 3097],
     | 99.99th=[ 3720]
   bw (  KiB/s): min=54511, max=63264, per=100.00%, avg=58527.91, stdev=352.89, samples=2396
   iops        : min= 6813, max= 7908, avg=7315.98, stdev=44.11, samples=2396
  write: IOPS=453, BW=3627KiB/s (3714kB/s)(1063MiB/300109msec)
    slat (usec): min=19, max=505, avg=48.33, stdev=13.50
    clat (usec): min=813, max=531487, avg=8771.90, stdev=37907.85
     lat (usec): min=916, max=531530, avg=8820.41, stdev=37907.73
    clat percentiles (usec):
     |  1.00th=[   988],  5.00th=[  1037], 10.00th=[  1074], 20.00th=[  1123],
     | 30.00th=[  1172], 40.00th=[  1221], 50.00th=[  1270], 60.00th=[  1336],
     | 70.00th=[  1450], 80.00th=[  1795], 90.00th=[  3294], 95.00th=[ 23200],
     | 99.00th=[240124], 99.50th=[270533], 99.90th=[350225], 99.95th=[387974],
     | 99.99th=[471860]
   bw (  KiB/s): min=  912, max= 6160, per=100.00%, avg=3631.88, stdev=248.95, samples=2396
   iops        : min=  114, max=  770, avg=453.98, stdev=31.12, samples=2396
  lat (usec)   : 4=0.01%, 10=0.01%, 50=0.01%, 100=0.01%, 250=0.01%
  lat (usec)   : 500=53.03%, 750=40.10%, 1000=0.71%
  lat (msec)   : 2=4.96%, 4=0.70%, 10=0.10%, 20=0.09%, 50=0.11%
  lat (msec)   : 100=0.04%, 250=0.12%, 500=0.05%, 750=0.01%
  cpu          : usr=0.30%, sys=3.06%, ctx=4441951, majf=0, minf=8295
  IO depths    : 1=100.0%, 2=0.0%, 4=0.0%, 8=0.0%, 16=0.0%, 32=0.0%, >=64=0.0%
     submit    : 0=0.0%, 4=100.0%, 8=0.0%, 16=0.0%, 32=0.0%, 64=0.0%, >=64=0.0%
     complete  : 0=0.0%, 4=100.0%, 8=0.0%, 16=0.0%, 32=0.0%, 64=0.0%, >=64=0.0%
     issued rwts: total=2192507,136050,0,0 short=0,0,0,0 dropped=0,0,0,0
     latency   : target=0, window=0, percentile=100.00%, depth=1

Run status group 0 (all jobs):
   READ: bw=57.1MiB/s (59.9MB/s), 57.1MiB/s-57.1MiB/s (59.9MB/s-59.9MB/s), io=16.7GiB (17.0GB), run=300001-300001msec
  WRITE: bw=3627KiB/s (3714kB/s), 3627KiB/s-3627KiB/s (3714kB/s-3714kB/s), io=1063MiB (1115MB), run=300109-300109msec
