seqw: (g=0): rw=write, bs=(R) 8192B-8192B, (W) 8192B-8192B, (T) 8192B-8192B, ioengine=libaio, iodepth=1
...
seqr: (g=0): rw=read, bs=(R) 8192B-8192B, (W) 8192B-8192B, (T) 8192B-8192B, ioengine=libaio, iodepth=1
...
fio-3.18
Starting 64 threads

seqw: (groupid=0, jobs=64): err= 0: pid=126583: Wed Feb 12 14:09:12 2020
  read: IOPS=27.8k, BW=217MiB/s (228MB/s)(63.8GiB/300271msec)
    slat (usec): min=19, max=2921, avg=74.72, stdev=37.57
    clat (nsec): min=1553, max=1157.0M, avg=1072520.99, stdev=10027229.57
     lat (usec): min=363, max=1157.1k, avg=1147.40, stdev=10027.49
    clat percentiles (usec):
     |  1.00th=[   437],  5.00th=[   478], 10.00th=[   502], 20.00th=[   537],
     | 30.00th=[   562], 40.00th=[   586], 50.00th=[   611], 60.00th=[   644],
     | 70.00th=[   676], 80.00th=[   725], 90.00th=[   816], 95.00th=[   914],
     | 99.00th=[  2245], 99.50th=[  4686], 99.90th=[156238], 99.95th=[242222],
     | 99.99th=[429917]
   bw (  KiB/s): min=32655, max=378000, per=100.00%, avg=223816.10, stdev=2530.74, samples=19059
   iops        : min= 4081, max=47250, avg=27976.99, stdev=316.34, samples=19059
  write: IOPS=2112, BW=16.5MiB/s (17.3MB/s)(4959MiB/300532msec)
    slat (usec): min=22, max=2391, avg=89.46, stdev=43.68
    clat (usec): min=2, max=1202.7k, avg=15037.78, stdev=58684.47
     lat (usec): min=1013, max=1202.8k, avg=15127.47, stdev=58684.64
    clat percentiles (usec):
     |  1.00th=[  1221],  5.00th=[  1336], 10.00th=[  1418], 20.00th=[  1516],
     | 30.00th=[  1614], 40.00th=[  1713], 50.00th=[  1827], 60.00th=[  1975],
     | 70.00th=[  2278], 80.00th=[  3720], 90.00th=[ 13960], 95.00th=[ 70779],
     | 99.00th=[333448], 99.50th=[425722], 99.90th=[616563], 99.95th=[675283],
     | 99.99th=[843056]
   bw (  KiB/s): min=  592, max=42208, per=100.00%, avg=17229.44, stdev=254.52, samples=18813
   iops        : min=   74, max= 5276, avg=2153.66, stdev=31.81, samples=18813
  lat (usec)   : 2=0.01%, 4=0.01%, 10=0.01%, 20=0.01%, 50=0.01%
  lat (usec)   : 100=0.01%, 250=0.01%, 500=9.19%, 750=68.66%, 1000=12.12%
  lat (msec)   : 2=6.28%, 4=1.88%, 10=0.75%, 20=0.26%, 50=0.26%
  lat (msec)   : 100=0.18%, 250=0.26%, 500=0.14%, 750=0.02%, 1000=0.01%
  lat (msec)   : 2000=0.01%
  cpu          : usr=0.14%, sys=2.93%, ctx=18043316, majf=0, minf=27112
  IO depths    : 1=100.0%, 2=0.0%, 4=0.0%, 8=0.0%, 16=0.0%, 32=0.0%, >=64=0.0%
     submit    : 0=0.0%, 4=100.0%, 8=0.0%, 16=0.0%, 32=0.0%, 64=0.0%, >=64=0.0%
     complete  : 0=0.0%, 4=100.0%, 8=0.0%, 16=0.0%, 32=0.0%, 64=0.0%, >=64=0.0%
     issued rwts: total=8357664,634772,0,0 short=0,0,0,0 dropped=0,0,0,0
     latency   : target=0, window=0, percentile=100.00%, depth=1

Run status group 0 (all jobs):
   READ: bw=217MiB/s (228MB/s), 217MiB/s-217MiB/s (228MB/s-228MB/s), io=63.8GiB (68.5GB), run=300271-300271msec
  WRITE: bw=16.5MiB/s (17.3MB/s), 16.5MiB/s-16.5MiB/s (17.3MB/s-17.3MB/s), io=4959MiB (5200MB), run=300532-300532msec
