seqw: (g=0): rw=write, bs=(R) 8192B-8192B, (W) 8192B-8192B, (T) 8192B-8192B, ioengine=libaio, iodepth=1
seqr: (g=0): rw=read, bs=(R) 8192B-8192B, (W) 8192B-8192B, (T) 8192B-8192B, ioengine=libaio, iodepth=1
fio-3.18
Starting 2 threads

seqw: (groupid=0, jobs=2): err= 0: pid=124355: Wed Feb 12 13:28:52 2020
  read: IOPS=1952, BW=15.3MiB/s (15.0MB/s)(4576MiB/300001msec)
    slat (usec): min=18, max=166, avg=35.23, stdev= 4.11
    clat (usec): min=315, max=8367, avg=475.97, stdev=108.19
     lat (usec): min=351, max=8402, avg=511.34, stdev=108.28
    clat percentiles (usec):
     |  1.00th=[  383],  5.00th=[  408], 10.00th=[  420], 20.00th=[  437],
     | 30.00th=[  449], 40.00th=[  457], 50.00th=[  465], 60.00th=[  474],
     | 70.00th=[  486], 80.00th=[  498], 90.00th=[  523], 95.00th=[  545],
     | 99.00th=[  668], 99.50th=[  832], 99.90th=[ 2311], 99.95th=[ 2671],
     | 99.99th=[ 3228]
   bw (  KiB/s): min=14911, max=16592, per=100.00%, avg=15635.21, stdev=267.49, samples=599
   iops        : min= 1863, max= 2074, avg=1954.40, stdev=33.44, samples=599
  write: IOPS=111, BW=894KiB/s (916kB/s)(262MiB/300042msec)
    slat (usec): min=20, max=261, avg=41.95, stdev=11.10
    clat (usec): min=908, max=359590, avg=8902.88, stdev=38332.84
     lat (usec): min=959, max=359618, avg=8944.98, stdev=38332.77
    clat percentiles (usec):
     |  1.00th=[  1004],  5.00th=[  1057], 10.00th=[  1074], 20.00th=[  1123],
     | 30.00th=[  1156], 40.00th=[  1188], 50.00th=[  1237], 60.00th=[  1287],
     | 70.00th=[  1369], 80.00th=[  1549], 90.00th=[  2900], 95.00th=[ 19268],
     | 99.00th=[233833], 99.50th=[258999], 99.90th=[304088], 99.95th=[312476],
     | 99.99th=[329253]
   bw (  KiB/s): min=  480, max= 1456, per=100.00%, avg=895.18, stdev=200.40, samples=599
   iops        : min=   60, max=  182, avg=111.90, stdev=25.05, samples=599
  lat (usec)   : 500=76.93%, 750=17.05%, 1000=0.26%
  lat (msec)   : 2=4.85%, 4=0.53%, 10=0.07%, 20=0.05%, 50=0.07%
  lat (msec)   : 100=0.03%, 250=0.13%, 500=0.04%
  cpu          : usr=0.32%, sys=2.71%, ctx=1220791, majf=0, minf=331
  IO depths    : 1=100.0%, 2=0.0%, 4=0.0%, 8=0.0%, 16=0.0%, 32=0.0%, >=64=0.0%
     submit    : 0=0.0%, 4=100.0%, 8=0.0%, 16=0.0%, 32=0.0%, 64=0.0%, >=64=0.0%
     complete  : 0=0.0%, 4=100.0%, 8=0.0%, 16=0.0%, 32=0.0%, 64=0.0%, >=64=0.0%
     issued rwts: total=585744,33536,0,0 short=0,0,0,0 dropped=0,0,0,0
     latency   : target=0, window=0, percentile=100.00%, depth=1

Run status group 0 (all jobs):
   READ: bw=15.3MiB/s (15.0MB/s), 15.3MiB/s-15.3MiB/s (15.0MB/s-15.0MB/s), io=4576MiB (4798MB), run=300001-300001msec
  WRITE: bw=894KiB/s (916kB/s), 894KiB/s-894KiB/s (916kB/s-916kB/s), io=262MiB (275MB), run=300042-300042msec
