randr: (g=0): rw=randread, bs=(R) 8192B-8192B, (W) 8192B-8192B, (T) 8192B-8192B, ioengine=libaio, iodepth=1
...
fio-3.18
Starting 64 threads

randr: (groupid=0, jobs=64): err= 0: pid=115316: Fri Feb 21 16:13:52 2020
  read: IOPS=3426, BW=26.8MiB/s (28.1MB/s)(8034MiB/300083msec)
    slat (usec): min=24, max=1018, avg=52.95, stdev=12.43
    clat (usec): min=3, max=534369, avg=18616.86, stdev=17599.44
     lat (usec): min=424, max=534416, avg=18669.98, stdev=17599.48
    clat percentiles (usec):
     |  1.00th=[   594],  5.00th=[   766], 10.00th=[  6652], 20.00th=[  9503],
     | 30.00th=[ 10814], 40.00th=[ 12649], 50.00th=[ 14615], 60.00th=[ 16712],
     | 70.00th=[ 19530], 80.00th=[ 23725], 90.00th=[ 32375], 95.00th=[ 45876],
     | 99.00th=[ 93848], 99.50th=[108528], 99.90th=[170918], 99.95th=[214959],
     | 99.99th=[304088]
   bw (  KiB/s): min= 8832, max=42304, per=100.00%, avg=27454.51, stdev=86.12, samples=38295
   iops        : min= 1104, max= 5288, avg=3431.77, stdev=10.76, samples=38295
  lat (usec)   : 4=0.01%, 500=0.02%, 750=4.83%, 1000=0.94%
  lat (msec)   : 2=0.56%, 4=1.17%, 10=16.45%, 20=47.43%, 50=24.29%
  lat (msec)   : 100=3.58%, 250=0.70%, 500=0.03%, 750=0.01%
  cpu          : usr=0.02%, sys=0.22%, ctx=2010822, majf=0, minf=7219
  IO depths    : 1=100.0%, 2=0.0%, 4=0.0%, 8=0.0%, 16=0.0%, 32=0.0%, >=64=0.0%
     submit    : 0=0.0%, 4=100.0%, 8=0.0%, 16=0.0%, 32=0.0%, 64=0.0%, >=64=0.0%
     complete  : 0=0.0%, 4=100.0%, 8=0.0%, 16=0.0%, 32=0.0%, 64=0.0%, >=64=0.0%
     issued rwts: total=1028330,0,0,0 short=0,0,0,0 dropped=0,0,0,0
     latency   : target=0, window=0, percentile=100.00%, depth=1

Run status group 0 (all jobs):
   READ: bw=26.8MiB/s (28.1MB/s), 26.8MiB/s-26.8MiB/s (28.1MB/s-28.1MB/s), io=8034MiB (8424MB), run=300083-300083msec
