seqr: (g=0): rw=read, bs=(R) 64.0KiB-64.0KiB, (W) 64.0KiB-64.0KiB, (T) 64.0KiB-64.0KiB, ioengine=libaio, iodepth=1
...
fio-3.18
Starting 8 threads

seqr: (groupid=0, jobs=8): err= 0: pid=110030: Fri Feb 21 14:54:50 2020
  read: IOPS=8750, BW=547MiB/s (573MB/s)(160GiB/300001msec)
    slat (usec): min=20, max=902, avg=46.80, stdev=14.21
    clat (usec): min=3, max=29113, avg=865.64, stdev=289.18
     lat (usec): min=514, max=29179, avg=912.76, stdev=289.81
    clat percentiles (usec):
     |  1.00th=[  619],  5.00th=[  668], 10.00th=[  701], 20.00th=[  742],
     | 30.00th=[  775], 40.00th=[  799], 50.00th=[  832], 60.00th=[  865],
     | 70.00th=[  898], 80.00th=[  947], 90.00th=[ 1012], 95.00th=[ 1090],
     | 99.00th=[ 1418], 99.50th=[ 2999], 99.90th=[ 4817], 99.95th=[ 5145],
     | 99.99th=[ 5735]
   bw (  KiB/s): min=522880, max=594304, per=100.00%, avg=560612.13, stdev=1396.69, samples=4792
   iops        : min= 8170, max= 9286, avg=8759.56, stdev=21.82, samples=4792
  lat (usec)   : 4=0.01%, 10=0.01%, 50=0.01%, 100=0.01%, 250=0.01%
  lat (usec)   : 500=0.01%, 750=23.29%, 1000=65.20%
  lat (msec)   : 2=10.75%, 4=0.52%, 10=0.24%, 20=0.01%, 50=0.01%
  cpu          : usr=0.39%, sys=4.41%, ctx=4362918, majf=0, minf=37010
  IO depths    : 1=100.0%, 2=0.0%, 4=0.0%, 8=0.0%, 16=0.0%, 32=0.0%, >=64=0.0%
     submit    : 0=0.0%, 4=100.0%, 8=0.0%, 16=0.0%, 32=0.0%, 64=0.0%, >=64=0.0%
     complete  : 0=0.0%, 4=100.0%, 8=0.0%, 16=0.0%, 32=0.0%, 64=0.0%, >=64=0.0%
     issued rwts: total=2625122,0,0,0 short=0,0,0,0 dropped=0,0,0,0
     latency   : target=0, window=0, percentile=100.00%, depth=1

Run status group 0 (all jobs):
   READ: bw=547MiB/s (573MB/s), 547MiB/s-547MiB/s (573MB/s-573MB/s), io=160GiB (172GB), run=300001-300001msec
