seqr: (g=0): rw=read, bs=(R) 64.0KiB-64.0KiB, (W) 64.0KiB-64.0KiB, (T) 64.0KiB-64.0KiB, ioengine=libaio, iodepth=1
...
fio-3.18
Starting 4 threads

seqr: (groupid=0, jobs=4): err= 0: pid=110345: Fri Feb 21 15:00:21 2020
  read: IOPS=3698, BW=231MiB/s (242MB/s)(67.7GiB/300001msec)
    slat (usec): min=20, max=660, avg=42.90, stdev=10.03
    clat (usec): min=171, max=309640, avg=1037.25, stdev=3986.59
     lat (usec): min=501, max=309681, avg=1080.29, stdev=3986.54
    clat percentiles (usec):
     |  1.00th=[   586],  5.00th=[   635], 10.00th=[   660], 20.00th=[   693],
     | 30.00th=[   717], 40.00th=[   742], 50.00th=[   766], 60.00th=[   799],
     | 70.00th=[   832], 80.00th=[   873], 90.00th=[   947], 95.00th=[  1029],
     | 99.00th=[  2900], 99.50th=[  9896], 99.90th=[ 67634], 99.95th=[ 90702],
     | 99.99th=[139461]
   bw (  KiB/s): min=13952, max=326400, per=100.00%, avg=236894.65, stdev=25901.65, samples=2396
   iops        : min=  218, max= 5100, avg=3701.48, stdev=404.71, samples=2396
  lat (usec)   : 250=0.01%, 500=0.01%, 750=42.25%, 1000=51.42%
  lat (msec)   : 2=5.12%, 4=0.45%, 10=0.26%, 20=0.11%, 50=0.21%
  lat (msec)   : 100=0.15%, 250=0.04%, 500=0.01%
  cpu          : usr=0.30%, sys=3.36%, ctx=1880337, majf=0, minf=7631
  IO depths    : 1=100.0%, 2=0.0%, 4=0.0%, 8=0.0%, 16=0.0%, 32=0.0%, >=64=0.0%
     submit    : 0=0.0%, 4=100.0%, 8=0.0%, 16=0.0%, 32=0.0%, 64=0.0%, >=64=0.0%
     complete  : 0=0.0%, 4=100.0%, 8=0.0%, 16=0.0%, 32=0.0%, 64=0.0%, >=64=0.0%
     issued rwts: total=1109417,0,0,0 short=0,0,0,0 dropped=0,0,0,0
     latency   : target=0, window=0, percentile=100.00%, depth=1

Run status group 0 (all jobs):
   READ: bw=231MiB/s (242MB/s), 231MiB/s-231MiB/s (242MB/s-242MB/s), io=67.7GiB (72.7GB), run=300001-300001msec
