seqr: (g=0): rw=read, bs=(R) 64.0KiB-64.0KiB, (W) 64.0KiB-64.0KiB, (T) 64.0KiB-64.0KiB, ioengine=libaio, iodepth=1
...
fio-3.18
Starting 2 threads

seqr: (groupid=0, jobs=2): err= 0: pid=110821: Fri Feb 21 15:05:52 2020
  read: IOPS=2345, BW=147MiB/s (154MB/s)(42.9GiB/300001msec)
    slat (usec): min=19, max=345, avg=43.92, stdev= 6.82
    clat (usec): min=443, max=209217, avg=807.41, stdev=1844.21
     lat (usec): min=485, max=209261, avg=851.48, stdev=1844.27
    clat percentiles (usec):
     |  1.00th=[  570],  5.00th=[  611], 10.00th=[  635], 20.00th=[  668],
     | 30.00th=[  685], 40.00th=[  709], 50.00th=[  734], 60.00th=[  750],
     | 70.00th=[  783], 80.00th=[  816], 90.00th=[  881], 95.00th=[  963],
     | 99.00th=[ 1287], 99.50th=[ 2769], 99.90th=[ 8029], 99.95th=[35390],
     | 99.99th=[98042]
   bw (  KiB/s): min= 6912, max=167552, per=100.00%, avg=150272.07, stdev=15191.10, samples=1198
   iops        : min=  108, max= 2618, avg=2348.00, stdev=237.36, samples=1198
  lat (usec)   : 500=0.02%, 750=58.70%, 1000=37.58%
  lat (msec)   : 2=3.05%, 4=0.39%, 10=0.17%, 20=0.02%, 50=0.04%
  lat (msec)   : 100=0.02%, 250=0.01%
  cpu          : usr=0.38%, sys=4.02%, ctx=1368718, majf=0, minf=838
  IO depths    : 1=100.0%, 2=0.0%, 4=0.0%, 8=0.0%, 16=0.0%, 32=0.0%, >=64=0.0%
     submit    : 0=0.0%, 4=100.0%, 8=0.0%, 16=0.0%, 32=0.0%, 64=0.0%, >=64=0.0%
     complete  : 0=0.0%, 4=100.0%, 8=0.0%, 16=0.0%, 32=0.0%, 64=0.0%, >=64=0.0%
     issued rwts: total=703679,0,0,0 short=0,0,0,0 dropped=0,0,0,0
     latency   : target=0, window=0, percentile=100.00%, depth=1

Run status group 0 (all jobs):
   READ: bw=147MiB/s (154MB/s), 147MiB/s-147MiB/s (154MB/s-154MB/s), io=42.9GiB (46.1GB), run=300001-300001msec
