seqw: (g=0): rw=write, bs=(R) 64.0KiB-64.0KiB, (W) 64.0KiB-64.0KiB, (T) 64.0KiB-64.0KiB, ioengine=libaio, iodepth=1
...
fio-3.18
Starting 2 threads

seqw: (groupid=0, jobs=2): err= 0: pid=113714: Fri Feb 21 15:50:18 2020
  write: IOPS=1466, BW=91.7MiB/s (96.1MB/s)(26.9GiB/300003msec)
    slat (usec): min=21, max=355, avg=47.79, stdev=18.15
    clat (usec): min=742, max=72981, avg=1314.09, stdev=1031.79
     lat (usec): min=820, max=73016, avg=1362.03, stdev=1031.70
    clat percentiles (usec):
     |  1.00th=[  865],  5.00th=[  914], 10.00th=[  955], 20.00th=[ 1004],
     | 30.00th=[ 1057], 40.00th=[ 1106], 50.00th=[ 1156], 60.00th=[ 1221],
     | 70.00th=[ 1287], 80.00th=[ 1369], 90.00th=[ 1532], 95.00th=[ 2114],
     | 99.00th=[ 4555], 99.50th=[ 5080], 99.90th=[ 7701], 99.95th=[16319],
     | 99.99th=[46924]
   bw (  KiB/s): min=57728, max=102400, per=100.00%, avg=93978.07, stdev=2621.98, samples=1198
   iops        : min=  902, max= 1600, avg=1468.41, stdev=40.97, samples=1198
  lat (usec)   : 750=0.01%, 1000=19.09%
  lat (msec)   : 2=75.30%, 4=4.07%, 10=1.47%, 20=0.03%, 50=0.04%
  lat (msec)   : 100=0.01%
  cpu          : usr=0.33%, sys=2.72%, ctx=565923, majf=0, minf=1101
  IO depths    : 1=100.0%, 2=0.0%, 4=0.0%, 8=0.0%, 16=0.0%, 32=0.0%, >=64=0.0%
     submit    : 0=0.0%, 4=100.0%, 8=0.0%, 16=0.0%, 32=0.0%, 64=0.0%, >=64=0.0%
     complete  : 0=0.0%, 4=100.0%, 8=0.0%, 16=0.0%, 32=0.0%, 64=0.0%, >=64=0.0%
     issued rwts: total=0,440088,0,0 short=0,0,0,0 dropped=0,0,0,0
     latency   : target=0, window=0, percentile=100.00%, depth=1

Run status group 0 (all jobs):
  WRITE: bw=91.7MiB/s (96.1MB/s), 91.7MiB/s-91.7MiB/s (96.1MB/s-96.1MB/s), io=26.9GiB (28.8GB), run=300003-300003msec
