seqw: (g=0): rw=write, bs=(R) 64.0KiB-64.0KiB, (W) 64.0KiB-64.0KiB, (T) 64.0KiB-64.0KiB, ioengine=libaio, iodepth=1
...
fio-3.18
Starting 32 threads

seqw: (groupid=0, jobs=32): err= 0: pid=112376: Fri Feb 21 15:27:58 2020
  write: IOPS=6175, BW=386MiB/s (405MB/s)(113GiB/300150msec)
    slat (usec): min=24, max=2108, avg=97.54, stdev=31.75
    clat (usec): min=3, max=801195, avg=5079.96, stdev=21834.76
     lat (usec): min=875, max=801323, avg=5177.71, stdev=21835.29
    clat percentiles (usec):
     |  1.00th=[  1037],  5.00th=[  1172], 10.00th=[  1270], 20.00th=[  1418],
     | 30.00th=[  1549], 40.00th=[  1663], 50.00th=[  1778], 60.00th=[  1942],
     | 70.00th=[  2212], 80.00th=[  3392], 90.00th=[  5080], 95.00th=[  6194],
     | 99.00th=[103285], 99.50th=[177210], 99.90th=[295699], 99.95th=[350225],
     | 99.99th=[488637]
   bw (  KiB/s): min= 4224, max=1123072, per=100.00%, avg=396239.10, stdev=9812.66, samples=19151
   iops        : min=   66, max=17548, avg=6191.20, stdev=153.32, samples=19151
  lat (usec)   : 4=0.01%, 10=0.01%, 100=0.01%, 250=0.01%, 500=0.01%
  lat (usec)   : 750=0.01%, 1000=0.53%
  lat (msec)   : 2=62.51%, 4=19.56%, 10=14.29%, 20=0.59%, 50=0.73%
  lat (msec)   : 100=0.76%, 250=0.84%, 500=0.18%, 750=0.01%, 1000=0.01%
  cpu          : usr=0.09%, sys=1.01%, ctx=3597077, majf=0, minf=94295
  IO depths    : 1=100.0%, 2=0.0%, 4=0.0%, 8=0.0%, 16=0.0%, 32=0.0%, >=64=0.0%
     submit    : 0=0.0%, 4=100.0%, 8=0.0%, 16=0.0%, 32=0.0%, 64=0.0%, >=64=0.0%
     complete  : 0=0.0%, 4=100.0%, 8=0.0%, 16=0.0%, 32=0.0%, 64=0.0%, >=64=0.0%
     issued rwts: total=0,1853707,0,0 short=0,0,0,0 dropped=0,0,0,0
     latency   : target=0, window=0, percentile=100.00%, depth=1

Run status group 0 (all jobs):
  WRITE: bw=386MiB/s (405MB/s), 386MiB/s-386MiB/s (405MB/s-405MB/s), io=113GiB (121GB), run=300150-300150msec
