seqw: (g=0): rw=write, bs=(R) 64.0KiB-64.0KiB, (W) 64.0KiB-64.0KiB, (T) 64.0KiB-64.0KiB, ioengine=libaio, iodepth=1
...
fio-3.18
Starting 8 threads

seqw: (groupid=0, jobs=8): err= 0: pid=113084: Fri Feb 21 15:39:08 2020
  write: IOPS=2618, BW=164MiB/s (172MB/s)(47.9GiB/300005msec)
    slat (usec): min=21, max=604, avg=61.48, stdev=28.09
    clat (usec): min=665, max=583737, avg=2992.26, stdev=14461.24
     lat (usec): min=816, max=583813, avg=3053.91, stdev=14460.65
    clat percentiles (usec):
     |  1.00th=[   906],  5.00th=[   971], 10.00th=[  1020], 20.00th=[  1090],
     | 30.00th=[  1156], 40.00th=[  1237], 50.00th=[  1319], 60.00th=[  1418],
     | 70.00th=[  1500], 80.00th=[  1631], 90.00th=[  2212], 95.00th=[  4228],
     | 99.00th=[ 58459], 99.50th=[114820], 99.90th=[212861], 99.95th=[250610],
     | 99.99th=[346031]
   bw (  KiB/s): min= 1152, max=401536, per=100.00%, avg=167693.13, stdev=15911.34, samples=4792
   iops        : min=   18, max= 6274, avg=2620.20, stdev=248.61, samples=4792
  lat (usec)   : 750=0.01%, 1000=7.56%
  lat (msec)   : 2=81.33%, 4=5.44%, 10=4.18%, 20=0.10%, 50=0.30%
  lat (msec)   : 100=0.47%, 250=0.57%, 500=0.05%, 750=0.01%
  cpu          : usr=0.13%, sys=1.34%, ctx=1152894, majf=0, minf=10567
  IO depths    : 1=100.0%, 2=0.0%, 4=0.0%, 8=0.0%, 16=0.0%, 32=0.0%, >=64=0.0%
     submit    : 0=0.0%, 4=100.0%, 8=0.0%, 16=0.0%, 32=0.0%, 64=0.0%, >=64=0.0%
     complete  : 0=0.0%, 4=100.0%, 8=0.0%, 16=0.0%, 32=0.0%, 64=0.0%, >=64=0.0%
     issued rwts: total=0,785521,0,0 short=0,0,0,0 dropped=0,0,0,0
     latency   : target=0, window=0, percentile=100.00%, depth=1

Run status group 0 (all jobs):
  WRITE: bw=164MiB/s (172MB/s), 164MiB/s-164MiB/s (172MB/s-172MB/s), io=47.9GiB (51.5GB), run=300005-300005msec
