seqw: (g=0): rw=write, bs=(R) 64.0KiB-64.0KiB, (W) 64.0KiB-64.0KiB, (T) 64.0KiB-64.0KiB, ioengine=libaio, iodepth=1
fio-3.18
Starting 1 thread

seqw: (groupid=0, jobs=1): err= 0: pid=114078: Fri Feb 21 15:55:53 2020
  write: IOPS=535, BW=33.5MiB/s (35.1MB/s)(9.80GiB/300001msec)
    slat (usec): min=25, max=352, avg=40.53, stdev=12.71
    clat (usec): min=771, max=375183, avg=1826.46, stdev=9241.76
     lat (usec): min=815, max=375244, avg=1867.13, stdev=9242.02
    clat percentiles (usec):
     |  1.00th=[   865],  5.00th=[   906], 10.00th=[   938], 20.00th=[   988],
     | 30.00th=[  1029], 40.00th=[  1057], 50.00th=[  1106], 60.00th=[  1156],
     | 70.00th=[  1205], 80.00th=[  1287], 90.00th=[  1450], 95.00th=[  2147],
     | 99.00th=[  4948], 99.50th=[ 35914], 99.90th=[162530], 99.95th=[196084],
     | 99.99th=[270533]
   bw (  KiB/s): min=  896, max=54400, per=100.00%, avg=34276.61, stdev=20163.17, samples=599
   iops        : min=   14, max=  850, avg=535.57, stdev=315.05, samples=599
  lat (usec)   : 1000=22.68%
  lat (msec)   : 2=71.53%, 4=4.09%, 10=1.11%, 20=0.04%, 50=0.09%
  lat (msec)   : 100=0.19%, 250=0.25%, 500=0.02%
  cpu          : usr=0.23%, sys=1.96%, ctx=180243, majf=0, minf=289
  IO depths    : 1=100.0%, 2=0.0%, 4=0.0%, 8=0.0%, 16=0.0%, 32=0.0%, >=64=0.0%
     submit    : 0=0.0%, 4=100.0%, 8=0.0%, 16=0.0%, 32=0.0%, 64=0.0%, >=64=0.0%
     complete  : 0=0.0%, 4=100.0%, 8=0.0%, 16=0.0%, 32=0.0%, 64=0.0%, >=64=0.0%
     issued rwts: total=0,160564,0,0 short=0,0,0,0 dropped=0,0,0,0
     latency   : target=0, window=0, percentile=100.00%, depth=1

Run status group 0 (all jobs):
  WRITE: bw=33.5MiB/s (35.1MB/s), 33.5MiB/s-33.5MiB/s (35.1MB/s-35.1MB/s), io=9.80GiB (10.5GB), run=300001-300001msec
