seqw: (g=0): rw=write, bs=(R) 64.0KiB-64.0KiB, (W) 64.0KiB-64.0KiB, (T) 64.0KiB-64.0KiB, ioengine=libaio, iodepth=1
...
fio-3.18
Starting 4 threads

seqw: (groupid=0, jobs=4): err= 0: pid=113407: Fri Feb 21 15:44:43 2020
  write: IOPS=2655, BW=166MiB/s (174MB/s)(48.6GiB/300006msec)
    slat (usec): min=21, max=395, avg=76.41, stdev=15.38
    clat (usec): min=676, max=92790, avg=1428.16, stdev=1264.20
     lat (usec): min=799, max=92863, avg=1504.75, stdev=1264.37
    clat percentiles (usec):
     |  1.00th=[  873],  5.00th=[  930], 10.00th=[  963], 20.00th=[ 1020],
     | 30.00th=[ 1074], 40.00th=[ 1156], 50.00th=[ 1221], 60.00th=[ 1303],
     | 70.00th=[ 1385], 80.00th=[ 1467], 90.00th=[ 1696], 95.00th=[ 2999],
     | 99.00th=[ 4948], 99.50th=[ 5407], 99.90th=[12256], 99.95th=[29492],
     | 99.99th=[49546]
   bw (  KiB/s): min=123136, max=191744, per=100.00%, avg=170141.12, stdev=2512.83, samples=2396
   iops        : min= 1924, max= 2996, avg=2658.45, stdev=39.26, samples=2396
  lat (usec)   : 750=0.01%, 1000=15.71%
  lat (msec)   : 2=76.96%, 4=4.61%, 10=2.61%, 20=0.04%, 50=0.06%
  lat (msec)   : 100=0.01%
  cpu          : usr=0.30%, sys=2.45%, ctx=1550448, majf=0, minf=2624
  IO depths    : 1=100.0%, 2=0.0%, 4=0.0%, 8=0.0%, 16=0.0%, 32=0.0%, >=64=0.0%
     submit    : 0=0.0%, 4=100.0%, 8=0.0%, 16=0.0%, 32=0.0%, 64=0.0%, >=64=0.0%
     complete  : 0=0.0%, 4=100.0%, 8=0.0%, 16=0.0%, 32=0.0%, 64=0.0%, >=64=0.0%
     issued rwts: total=0,796702,0,0 short=0,0,0,0 dropped=0,0,0,0
     latency   : target=0, window=0, percentile=100.00%, depth=1

Run status group 0 (all jobs):
  WRITE: bw=166MiB/s (174MB/s), 166MiB/s-166MiB/s (174MB/s-174MB/s), io=48.6GiB (52.2GB), run=300006-300006msec
