randr: (g=0): rw=randread, bs=(R) 8192B-8192B, (W) 8192B-8192B, (T) 8192B-8192B, ioengine=libaio, iodepth=1
fio-3.18
Starting 1 thread

randr: (groupid=0, jobs=1): err= 0: pid=33133: Thu Feb 20 20:53:59 2020
  read: IOPS=725, BW=5805KiB/s (5945kB/s)(1701MiB/300017msec)
    slat (usec): min=22, max=264, avg=40.34, stdev= 4.05
    clat (usec): min=346, max=243523, avg=1336.45, stdev=3646.91
     lat (usec): min=384, max=243571, avg=1376.92, stdev=3646.95
    clat percentiles (usec):
     |  1.00th=[   482],  5.00th=[   537], 10.00th=[   562], 20.00th=[   594],
     | 30.00th=[   619], 40.00th=[   635], 50.00th=[   660], 60.00th=[   676],
     | 70.00th=[   701], 80.00th=[   742], 90.00th=[   824], 95.00th=[  3916],
     | 99.00th=[ 17695], 99.50th=[ 19006], 99.90th=[ 27657], 99.95th=[ 50070],
     | 99.99th=[107480]
   bw (  KiB/s): min=  656, max=11744, per=100.00%, avg=5812.94, stdev=4295.62, samples=599
   iops        : min=   82, max= 1468, avg=726.62, stdev=536.95, samples=599
  lat (usec)   : 500=1.90%, 750=79.96%, 1000=11.56%
  lat (msec)   : 2=0.86%, 4=0.75%, 10=1.51%, 20=3.17%, 50=0.24%
  lat (msec)   : 100=0.03%, 250=0.02%
  cpu          : usr=0.28%, sys=2.17%, ctx=434893, majf=0, minf=210
  IO depths    : 1=100.0%, 2=0.0%, 4=0.0%, 8=0.0%, 16=0.0%, 32=0.0%, >=64=0.0%
     submit    : 0=0.0%, 4=100.0%, 8=0.0%, 16=0.0%, 32=0.0%, 64=0.0%, >=64=0.0%
     complete  : 0=0.0%, 4=100.0%, 8=0.0%, 16=0.0%, 32=0.0%, 64=0.0%, >=64=0.0%
     issued rwts: total=217714,0,0,0 short=0,0,0,0 dropped=0,0,0,0
     latency   : target=0, window=0, percentile=100.00%, depth=1

Run status group 0 (all jobs):
   READ: bw=5805KiB/s (5945kB/s), 5805KiB/s-5805KiB/s (5945kB/s-5945kB/s), io=1701MiB (1784MB), run=300017-300017msec
