randr: (g=0): rw=randread, bs=(R) 8192B-8192B, (W) 8192B-8192B, (T) 8192B-8192B, ioengine=libaio, iodepth=1
...
fio-3.18
Starting 128 threads

randr: (groupid=0, jobs=128): err= 0: pid=46952: Thu Feb 20 23:45:07 2020
  read: IOPS=37.7k, BW=295MiB/s (309MB/s)(86.3GiB/300012msec)
    slat (usec): min=25, max=19548, avg=2484.15, stdev=2119.66
    clat (nsec): min=621, max=225555k, avg=908190.28, stdev=2258764.76
     lat (usec): min=478, max=228278, avg=3392.70, stdev=3093.45
    clat percentiles (usec):
     |  1.00th=[    3],  5.00th=[  537], 10.00th=[  586], 20.00th=[  644],
     | 30.00th=[  676], 40.00th=[  709], 50.00th=[  750], 60.00th=[  791],
     | 70.00th=[  840], 80.00th=[  914], 90.00th=[ 1074], 95.00th=[ 1303],
     | 99.00th=[ 3654], 99.50th=[ 5080], 99.90th=[35390], 99.95th=[54264],
     | 99.99th=[94897]
   bw (  KiB/s): min=170032, max=472256, per=100.00%, avg=302052.60, stdev=460.71, samples=76544
   iops        : min=21254, max=59032, avg=37756.49, stdev=57.59, samples=76544
  lat (nsec)   : 750=0.01%, 1000=0.01%
  lat (usec)   : 2=0.65%, 4=1.03%, 10=0.08%, 20=0.02%, 50=0.09%
  lat (usec)   : 100=0.25%, 250=0.68%, 500=1.04%, 750=46.74%, 1000=36.31%
  lat (msec)   : 2=11.02%, 4=1.20%, 10=0.65%, 20=0.05%, 50=0.10%
  lat (msec)   : 100=0.05%, 250=0.01%
  cpu          : usr=0.12%, sys=25.52%, ctx=32717294, majf=0, minf=59413
  IO depths    : 1=100.0%, 2=0.0%, 4=0.0%, 8=0.0%, 16=0.0%, 32=0.0%, >=64=0.0%
     submit    : 0=0.0%, 4=100.0%, 8=0.0%, 16=0.0%, 32=0.0%, 64=0.0%, >=64=0.0%
     complete  : 0=0.0%, 4=100.0%, 8=0.0%, 16=0.0%, 32=0.0%, 64=0.0%, >=64=0.0%
     issued rwts: total=11310251,0,0,0 short=0,0,0,0 dropped=0,0,0,0
     latency   : target=0, window=0, percentile=100.00%, depth=1

Run status group 0 (all jobs):
   READ: bw=295MiB/s (309MB/s), 295MiB/s-295MiB/s (309MB/s-309MB/s), io=86.3GiB (92.7GB), run=300012-300012msec
