randr: (g=0): rw=randread, bs=(R) 8192B-8192B, (W) 8192B-8192B, (T) 8192B-8192B, ioengine=libaio, iodepth=1
...
fio-3.18
Starting 16 threads

randr: (groupid=0, jobs=16): err= 0: pid=48399: Fri Feb 21 00:01:41 2020
  read: IOPS=22.4k, BW=175MiB/s (184MB/s)(51.4GiB/300002msec)
    slat (usec): min=19, max=1497, avg=60.76, stdev=24.41
    clat (nsec): min=1883, max=225457k, avg=650127.23, stdev=1660455.48
     lat (usec): min=347, max=225497, avg=711.06, stdev=1660.66
    clat percentiles (usec):
     |  1.00th=[  416],  5.00th=[  453], 10.00th=[  478], 20.00th=[  506],
     | 30.00th=[  529], 40.00th=[  545], 50.00th=[  570], 60.00th=[  586],
     | 70.00th=[  619], 80.00th=[  652], 90.00th=[  701], 95.00th=[  758],
     | 99.00th=[ 1663], 99.50th=[ 3195], 99.90th=[14877], 99.95th=[40109],
     | 99.99th=[79168]
   bw (  KiB/s): min=101472, max=212464, per=100.00%, avg=179793.19, stdev=2673.34, samples=9571
   iops        : min=12684, max=26558, avg=22474.14, stdev=334.17, samples=9571
  lat (usec)   : 2=0.01%, 4=0.01%, 10=0.01%, 20=0.01%, 50=0.01%
  lat (usec)   : 100=0.01%, 250=0.01%, 500=18.03%, 750=76.34%, 1000=4.28%
  lat (msec)   : 2=0.44%, 4=0.58%, 10=0.20%, 20=0.03%, 50=0.05%
  lat (msec)   : 100=0.03%, 250=0.01%
  cpu          : usr=0.51%, sys=6.94%, ctx=13150787, majf=0, minf=18552
  IO depths    : 1=100.0%, 2=0.0%, 4=0.0%, 8=0.0%, 16=0.0%, 32=0.0%, >=64=0.0%
     submit    : 0=0.0%, 4=100.0%, 8=0.0%, 16=0.0%, 32=0.0%, 64=0.0%, >=64=0.0%
     complete  : 0=0.0%, 4=100.0%, 8=0.0%, 16=0.0%, 32=0.0%, 64=0.0%, >=64=0.0%
     issued rwts: total=6734470,0,0,0 short=0,0,0,0 dropped=0,0,0,0
     latency   : target=0, window=0, percentile=100.00%, depth=1

Run status group 0 (all jobs):
   READ: bw=175MiB/s (184MB/s), 175MiB/s-175MiB/s (184MB/s-184MB/s), io=51.4GiB (55.2GB), run=300002-300002msec
