randr: (g=0): rw=randread, bs=(R) 8192B-8192B, (W) 8192B-8192B, (T) 8192B-8192B, ioengine=libaio, iodepth=1
fio-3.18
Starting 1 thread

randr: (groupid=0, jobs=1): err= 0: pid=49877: Fri Feb 21 00:23:45 2020
  read: IOPS=1902, BW=14.9MiB/s (15.6MB/s)(4459MiB/300001msec)
    slat (usec): min=21, max=181, avg=37.14, stdev= 5.36
    clat (usec): min=296, max=8543, avg=487.38, stdev=191.17
     lat (usec): min=330, max=8583, avg=524.67, stdev=191.28
    clat percentiles (usec):
     |  1.00th=[  371],  5.00th=[  400], 10.00th=[  412], 20.00th=[  433],
     | 30.00th=[  445], 40.00th=[  457], 50.00th=[  469], 60.00th=[  482],
     | 70.00th=[  498], 80.00th=[  515], 90.00th=[  545], 95.00th=[  578],
     | 99.00th=[  693], 99.50th=[ 1516], 99.90th=[ 3851], 99.95th=[ 4178],
     | 99.99th=[ 4424]
   bw (  KiB/s): min=13952, max=16240, per=100.00%, avg=15234.05, stdev=364.35, samples=599
   iops        : min= 1744, max= 2030, avg=1904.26, stdev=45.54, samples=599
  lat (usec)   : 500=72.41%, 750=26.80%, 1000=0.18%
  lat (msec)   : 2=0.18%, 4=0.34%, 10=0.08%
  cpu          : usr=0.64%, sys=5.12%, ctx=1140372, majf=0, minf=140
  IO depths    : 1=100.0%, 2=0.0%, 4=0.0%, 8=0.0%, 16=0.0%, 32=0.0%, >=64=0.0%
     submit    : 0=0.0%, 4=100.0%, 8=0.0%, 16=0.0%, 32=0.0%, 64=0.0%, >=64=0.0%
     complete  : 0=0.0%, 4=100.0%, 8=0.0%, 16=0.0%, 32=0.0%, 64=0.0%, >=64=0.0%
     issued rwts: total=570726,0,0,0 short=0,0,0,0 dropped=0,0,0,0
     latency   : target=0, window=0, percentile=100.00%, depth=1

Run status group 0 (all jobs):
   READ: bw=14.9MiB/s (15.6MB/s), 14.9MiB/s-14.9MiB/s (15.6MB/s-15.6MB/s), io=4459MiB (4675MB), run=300001-300001msec
