randr: (g=0): rw=randread, bs=(R) 8192B-8192B, (W) 8192B-8192B, (T) 8192B-8192B, ioengine=libaio, iodepth=1
...
fio-3.18
Starting 16 threads

randr: (groupid=0, jobs=16): err= 0: pid=31826: Thu Feb 20 20:31:54 2020
  read: IOPS=1996, BW=15.6MiB/s (16.4MB/s)(4680MiB/300015msec)
    slat (usec): min=23, max=813, avg=48.16, stdev=11.13
    clat (usec): min=3, max=281878, avg=7962.27, stdev=9752.65
     lat (usec): min=409, max=281926, avg=8010.59, stdev=9752.69
    clat percentiles (usec):
     |  1.00th=[   537],  5.00th=[   586], 10.00th=[   627], 20.00th=[   685],
     | 30.00th=[   857], 40.00th=[  5997], 50.00th=[  7898], 60.00th=[  8979],
     | 70.00th=[  9896], 80.00th=[ 11076], 90.00th=[ 14615], 95.00th=[ 18220],
     | 99.00th=[ 50070], 99.50th=[ 79168], 99.90th=[105382], 99.95th=[114820],
     | 99.99th=[162530]
   bw (  KiB/s): min= 5888, max=26768, per=100.00%, avg=15993.01, stdev=364.26, samples=9584
   iops        : min=  736, max= 3346, avg=1999.12, stdev=45.53, samples=9584
  lat (usec)   : 4=0.01%, 50=0.01%, 100=0.01%, 250=0.01%, 500=0.21%
  lat (usec)   : 750=26.30%, 1000=4.22%
  lat (msec)   : 2=1.26%, 4=2.94%, 10=37.16%, 20=24.13%, 50=2.78%
  lat (msec)   : 100=0.85%, 250=0.14%, 500=0.01%
  cpu          : usr=0.04%, sys=0.48%, ctx=1117325, majf=0, minf=8958
  IO depths    : 1=100.0%, 2=0.0%, 4=0.0%, 8=0.0%, 16=0.0%, 32=0.0%, >=64=0.0%
     submit    : 0=0.0%, 4=100.0%, 8=0.0%, 16=0.0%, 32=0.0%, 64=0.0%, >=64=0.0%
     complete  : 0=0.0%, 4=100.0%, 8=0.0%, 16=0.0%, 32=0.0%, 64=0.0%, >=64=0.0%
     issued rwts: total=599085,0,0,0 short=0,0,0,0 dropped=0,0,0,0
     latency   : target=0, window=0, percentile=100.00%, depth=1

Run status group 0 (all jobs):
   READ: bw=15.6MiB/s (16.4MB/s), 15.6MiB/s-15.6MiB/s (16.4MB/s-16.4MB/s), io=4680MiB (4908MB), run=300015-300015msec
