randr: (g=0): rw=randread, bs=(R) 8192B-8192B, (W) 8192B-8192B, (T) 8192B-8192B, ioengine=libaio, iodepth=1
...
fio-3.18
Starting 128 threads
randr: Laying out IO file (1 file / 2048MiB)
randr: Laying out IO file (1 file / 2048MiB)
randr: Laying out IO file (1 file / 2048MiB)
randr: Laying out IO file (1 file / 2048MiB)
randr: Laying out IO file (1 file / 2048MiB)
randr: Laying out IO file (1 file / 2048MiB)
randr: Laying out IO file (1 file / 2048MiB)
randr: Laying out IO file (1 file / 2048MiB)
randr: Laying out IO file (1 file / 2048MiB)
randr: Laying out IO file (1 file / 2048MiB)
randr: Laying out IO file (1 file / 2048MiB)
randr: Laying out IO file (1 file / 2048MiB)
randr: Laying out IO file (1 file / 2048MiB)
randr: Laying out IO file (1 file / 2048MiB)
randr: Laying out IO file (1 file / 2048MiB)
randr: Laying out IO file (1 file / 2048MiB)
randr: Laying out IO file (1 file / 2048MiB)
randr: Laying out IO file (1 file / 2048MiB)
randr: Laying out IO file (1 file / 2048MiB)
randr: Laying out IO file (1 file / 2048MiB)
randr: Laying out IO file (1 file / 2048MiB)
randr: Laying out IO file (1 file / 2048MiB)
randr: Laying out IO file (1 file / 2048MiB)
randr: Laying out IO file (1 file / 2048MiB)
randr: Laying out IO file (1 file / 2048MiB)
randr: Laying out IO file (1 file / 2048MiB)
randr: Laying out IO file (1 file / 2048MiB)
randr: Laying out IO file (1 file / 2048MiB)
randr: Laying out IO file (1 file / 2048MiB)
randr: Laying out IO file (1 file / 2048MiB)
randr: Laying out IO file (1 file / 2048MiB)
randr: Laying out IO file (1 file / 2048MiB)
randr: Laying out IO file (1 file / 2048MiB)
randr: Laying out IO file (1 file / 2048MiB)
randr: Laying out IO file (1 file / 2048MiB)
randr: Laying out IO file (1 file / 2048MiB)
randr: Laying out IO file (1 file / 2048MiB)
randr: Laying out IO file (1 file / 2048MiB)
randr: Laying out IO file (1 file / 2048MiB)
randr: Laying out IO file (1 file / 2048MiB)
randr: Laying out IO file (1 file / 2048MiB)
randr: Laying out IO file (1 file / 2048MiB)
randr: Laying out IO file (1 file / 2048MiB)
randr: Laying out IO file (1 file / 2048MiB)
randr: Laying out IO file (1 file / 2048MiB)
randr: Laying out IO file (1 file / 2048MiB)
randr: Laying out IO file (1 file / 2048MiB)
randr: Laying out IO file (1 file / 2048MiB)
randr: Laying out IO file (1 file / 2048MiB)
randr: Laying out IO file (1 file / 2048MiB)
randr: Laying out IO file (1 file / 2048MiB)
randr: Laying out IO file (1 file / 2048MiB)
randr: Laying out IO file (1 file / 2048MiB)
randr: Laying out IO file (1 file / 2048MiB)
randr: Laying out IO file (1 file / 2048MiB)
randr: Laying out IO file (1 file / 2048MiB)
randr: Laying out IO file (1 file / 2048MiB)
randr: Laying out IO file (1 file / 2048MiB)
randr: Laying out IO file (1 file / 2048MiB)
randr: Laying out IO file (1 file / 2048MiB)
randr: Laying out IO file (1 file / 2048MiB)
randr: Laying out IO file (1 file / 2048MiB)
randr: Laying out IO file (1 file / 2048MiB)
randr: Laying out IO file (1 file / 2048MiB)
randr: Laying out IO file (1 file / 2048MiB)
randr: Laying out IO file (1 file / 2048MiB)
randr: Laying out IO file (1 file / 2048MiB)
randr: Laying out IO file (1 file / 2048MiB)
randr: Laying out IO file (1 file / 2048MiB)
randr: Laying out IO file (1 file / 2048MiB)
randr: Laying out IO file (1 file / 2048MiB)
randr: Laying out IO file (1 file / 2048MiB)
randr: Laying out IO file (1 file / 2048MiB)
randr: Laying out IO file (1 file / 2048MiB)
randr: Laying out IO file (1 file / 2048MiB)
randr: Laying out IO file (1 file / 2048MiB)
randr: Laying out IO file (1 file / 2048MiB)
randr: Laying out IO file (1 file / 2048MiB)
randr: Laying out IO file (1 file / 2048MiB)
randr: Laying out IO file (1 file / 2048MiB)
randr: Laying out IO file (1 file / 2048MiB)
randr: Laying out IO file (1 file / 2048MiB)
randr: Laying out IO file (1 file / 2048MiB)
randr: Laying out IO file (1 file / 2048MiB)
randr: Laying out IO file (1 file / 2048MiB)
randr: Laying out IO file (1 file / 2048MiB)
randr: Laying out IO file (1 file / 2048MiB)
randr: Laying out IO file (1 file / 2048MiB)
randr: Laying out IO file (1 file / 2048MiB)
randr: Laying out IO file (1 file / 2048MiB)
randr: Laying out IO file (1 file / 2048MiB)
randr: Laying out IO file (1 file / 2048MiB)
randr: Laying out IO file (1 file / 2048MiB)
randr: Laying out IO file (1 file / 2048MiB)
randr: Laying out IO file (1 file / 2048MiB)
randr: Laying out IO file (1 file / 2048MiB)
randr: Laying out IO file (1 file / 2048MiB)
randr: Laying out IO file (1 file / 2048MiB)
randr: Laying out IO file (1 file / 2048MiB)
randr: Laying out IO file (1 file / 2048MiB)
randr: Laying out IO file (1 file / 2048MiB)
randr: Laying out IO file (1 file / 2048MiB)
randr: Laying out IO file (1 file / 2048MiB)
randr: Laying out IO file (1 file / 2048MiB)
randr: Laying out IO file (1 file / 2048MiB)
randr: Laying out IO file (1 file / 2048MiB)
randr: Laying out IO file (1 file / 2048MiB)
randr: Laying out IO file (1 file / 2048MiB)
randr: Laying out IO file (1 file / 2048MiB)
randr: Laying out IO file (1 file / 2048MiB)
randr: Laying out IO file (1 file / 2048MiB)
randr: Laying out IO file (1 file / 2048MiB)
randr: Laying out IO file (1 file / 2048MiB)
randr: Laying out IO file (1 file / 2048MiB)
randr: Laying out IO file (1 file / 2048MiB)
randr: Laying out IO file (1 file / 2048MiB)
randr: Laying out IO file (1 file / 2048MiB)
randr: Laying out IO file (1 file / 2048MiB)
randr: Laying out IO file (1 file / 2048MiB)
randr: Laying out IO file (1 file / 2048MiB)
randr: Laying out IO file (1 file / 2048MiB)
randr: Laying out IO file (1 file / 2048MiB)
randr: Laying out IO file (1 file / 2048MiB)
randr: Laying out IO file (1 file / 2048MiB)
randr: Laying out IO file (1 file / 2048MiB)
randr: Laying out IO file (1 file / 2048MiB)
randr: Laying out IO file (1 file / 2048MiB)
randr: Laying out IO file (1 file / 2048MiB)

randr: (groupid=0, jobs=128): err= 0: pid=30629: Thu Feb 20 20:15:21 2020
  read: IOPS=4421, BW=34.5MiB/s (36.2MB/s)(10.1GiB/300064msec)
    slat (usec): min=23, max=1929, avg=53.90, stdev=14.96
    clat (usec): min=408, max=1119.3k, avg=28890.11, stdev=29136.86
     lat (usec): min=451, max=1119.4k, avg=28944.19, stdev=29136.87
    clat percentiles (msec):
     |  1.00th=[    3],  5.00th=[   10], 10.00th=[   11], 20.00th=[   14],
     | 30.00th=[   17], 40.00th=[   19], 50.00th=[   22], 60.00th=[   26],
     | 70.00th=[   31], 80.00th=[   37], 90.00th=[   51], 95.00th=[   69],
     | 99.00th=[  148], 99.50th=[  199], 99.90th=[  334], 99.95th=[  405],
     | 99.99th=[  592]
   bw (  KiB/s): min= 4944, max=56976, per=100.00%, avg=35455.45, stdev=63.52, samples=76463
   iops        : min=  618, max= 7122, avg=4431.83, stdev= 7.94, samples=76463
  lat (usec)   : 500=0.01%, 750=0.67%, 1000=0.13%
  lat (msec)   : 2=0.12%, 4=0.25%, 10=6.18%, 20=36.84%, 50=45.68%
  lat (msec)   : 100=7.90%, 250=1.97%, 500=0.25%, 750=0.02%, 1000=0.01%
  lat (msec)   : 2000=0.01%
  cpu          : usr=0.01%, sys=0.15%, ctx=2559149, majf=0, minf=32544
  IO depths    : 1=100.0%, 2=0.0%, 4=0.0%, 8=0.0%, 16=0.0%, 32=0.0%, >=64=0.0%
     submit    : 0=0.0%, 4=100.0%, 8=0.0%, 16=0.0%, 32=0.0%, 64=0.0%, >=64=0.0%
     complete  : 0=0.0%, 4=100.0%, 8=0.0%, 16=0.0%, 32=0.0%, 64=0.0%, >=64=0.0%
     issued rwts: total=1326638,0,0,0 short=0,0,0,0 dropped=0,0,0,0
     latency   : target=0, window=0, percentile=100.00%, depth=1

Run status group 0 (all jobs):
   READ: bw=34.5MiB/s (36.2MB/s), 34.5MiB/s-34.5MiB/s (36.2MB/s-36.2MB/s), io=10.1GiB (10.9GB), run=300064-300064msec
