randr: (g=0): rw=randread, bs=(R) 8192B-8192B, (W) 8192B-8192B, (T) 8192B-8192B, ioengine=libaio, iodepth=1
...
fio-3.18
Starting 64 threads

randr: (groupid=0, jobs=64): err= 0: pid=31128: Thu Feb 20 20:20:52 2020
  read: IOPS=3549, BW=27.7MiB/s (29.1MB/s)(8321MiB/300045msec)
    slat (usec): min=23, max=1635, avg=53.16, stdev=12.63
    clat (usec): min=4, max=303923, avg=17972.72, stdev=14916.05
     lat (usec): min=444, max=303980, avg=18026.07, stdev=14916.08
    clat percentiles (usec):
     |  1.00th=[   594],  5.00th=[   766], 10.00th=[  6652], 20.00th=[  9503],
     | 30.00th=[ 10945], 40.00th=[ 12649], 50.00th=[ 14615], 60.00th=[ 16712],
     | 70.00th=[ 19530], 80.00th=[ 23462], 90.00th=[ 31327], 95.00th=[ 41681],
     | 99.00th=[ 88605], 99.50th=[ 98042], 99.90th=[123208], 99.95th=[132645],
     | 99.99th=[158335]
   bw (  KiB/s): min=13968, max=42672, per=100.00%, avg=28432.33, stdev=79.33, samples=38319
   iops        : min= 1746, max= 5334, avg=3554.00, stdev= 9.92, samples=38319
  lat (usec)   : 10=0.01%, 500=0.03%, 750=4.82%, 1000=0.88%
  lat (msec)   : 2=0.56%, 4=1.21%, 10=16.13%, 20=48.02%, 50=24.80%
  lat (msec)   : 100=3.09%, 250=0.45%, 500=0.01%
  cpu          : usr=0.02%, sys=0.23%, ctx=2102475, majf=0, minf=6378
  IO depths    : 1=100.0%, 2=0.0%, 4=0.0%, 8=0.0%, 16=0.0%, 32=0.0%, >=64=0.0%
     submit    : 0=0.0%, 4=100.0%, 8=0.0%, 16=0.0%, 32=0.0%, 64=0.0%, >=64=0.0%
     complete  : 0=0.0%, 4=100.0%, 8=0.0%, 16=0.0%, 32=0.0%, 64=0.0%, >=64=0.0%
     issued rwts: total=1065042,0,0,0 short=0,0,0,0 dropped=0,0,0,0
     latency   : target=0, window=0, percentile=100.00%, depth=1

Run status group 0 (all jobs):
   READ: bw=27.7MiB/s (29.1MB/s), 27.7MiB/s-27.7MiB/s (29.1MB/s-29.1MB/s), io=8321MiB (8725MB), run=300045-300045msec
