randr: (g=0): rw=randread, bs=(R) 8192B-8192B, (W) 8192B-8192B, (T) 8192B-8192B, ioengine=libaio, iodepth=1
...
fio-3.18
Starting 4 threads

randr: (groupid=0, jobs=4): err= 0: pid=49210: Fri Feb 21 00:12:43 2020
  read: IOPS=6832, BW=53.4MiB/s (55.0MB/s)(15.6GiB/300001msec)
    slat (usec): min=18, max=469, avg=40.61, stdev= 9.29
    clat (usec): min=87, max=305097, avg=543.32, stdev=1089.96
     lat (usec): min=317, max=305170, avg=584.08, stdev=1090.05
    clat percentiles (usec):
     |  1.00th=[  371],  5.00th=[  408], 10.00th=[  429], 20.00th=[  449],
     | 30.00th=[  469], 40.00th=[  482], 50.00th=[  498], 60.00th=[  515],
     | 70.00th=[  529], 80.00th=[  562], 90.00th=[  603], 95.00th=[  652],
     | 99.00th=[  824], 99.50th=[ 2278], 99.90th=[ 4490], 99.95th=[13435],
     | 99.99th=[57934]
   bw (  KiB/s): min=27424, max=61072, per=100.00%, avg=54728.68, stdev=2455.87, samples=2396
   iops        : min= 3428, max= 7634, avg=6841.08, stdev=306.98, samples=2396
  lat (usec)   : 100=0.01%, 250=0.01%, 500=51.38%, 750=47.14%, 1000=0.70%
  lat (msec)   : 2=0.23%, 4=0.39%, 10=0.11%, 20=0.02%, 50=0.02%
  lat (msec)   : 100=0.01%, 250=0.01%, 500=0.01%
  cpu          : usr=0.65%, sys=5.28%, ctx=3955632, majf=0, minf=3637
  IO depths    : 1=100.0%, 2=0.0%, 4=0.0%, 8=0.0%, 16=0.0%, 32=0.0%, >=64=0.0%
     submit    : 0=0.0%, 4=100.0%, 8=0.0%, 16=0.0%, 32=0.0%, 64=0.0%, >=64=0.0%
     complete  : 0=0.0%, 4=100.0%, 8=0.0%, 16=0.0%, 32=0.0%, 64=0.0%, >=64=0.0%
     issued rwts: total=2049836,0,0,0 short=0,0,0,0 dropped=0,0,0,0
     latency   : target=0, window=0, percentile=100.00%, depth=1

Run status group 0 (all jobs):
   READ: bw=53.4MiB/s (55.0MB/s), 53.4MiB/s-53.4MiB/s (55.0MB/s-55.0MB/s), io=15.6GiB (16.8GB), run=300001-300001msec
