seqr: (g=0): rw=read, bs=(R) 64.0KiB-64.0KiB, (W) 64.0KiB-64.0KiB, (T) 64.0KiB-64.0KiB, ioengine=libaio, iodepth=1
...
fio-3.18
Starting 128 threads

seqr: (groupid=0, jobs=128): err= 0: pid=33495: Thu Feb 20 20:59:30 2020
  read: IOPS=17.9k, BW=1117MiB/s (1171MB/s)(327GiB/300013msec)
    slat (usec): min=22, max=8027, avg=62.63, stdev=27.67
    clat (usec): min=47, max=231094, avg=7099.12, stdev=1605.23
     lat (usec): min=544, max=231168, avg=7161.98, stdev=1605.49
    clat percentiles (usec):
     |  1.00th=[ 5932],  5.00th=[ 6325], 10.00th=[ 6456], 20.00th=[ 6587],
     | 30.00th=[ 6652], 40.00th=[ 6718], 50.00th=[ 6783], 60.00th=[ 6849],
     | 70.00th=[ 6915], 80.00th=[ 6980], 90.00th=[ 8160], 95.00th=[ 9765],
     | 99.00th=[11863], 99.50th=[12518], 99.90th=[13173], 99.95th=[16188],
     | 99.99th=[70779]
   bw (  MiB/s): min=  939, max= 1254, per=100.00%, avg=1118.32, stdev= 0.45, samples=76544
   iops        : min=15038, max=20076, avg=17892.40, stdev= 7.22, samples=76544
  lat (usec)   : 50=0.01%, 500=0.01%, 750=0.01%, 1000=0.01%
  lat (msec)   : 2=0.01%, 4=0.01%, 10=95.43%, 20=4.52%, 50=0.02%
  lat (msec)   : 100=0.02%, 250=0.01%
  cpu          : usr=0.05%, sys=0.70%, ctx=10294151, majf=0, minf=176418
  IO depths    : 1=100.0%, 2=0.0%, 4=0.0%, 8=0.0%, 16=0.0%, 32=0.0%, >=64=0.0%
     submit    : 0=0.0%, 4=100.0%, 8=0.0%, 16=0.0%, 32=0.0%, 64=0.0%, >=64=0.0%
     complete  : 0=0.0%, 4=100.0%, 8=0.0%, 16=0.0%, 32=0.0%, 64=0.0%, >=64=0.0%
     issued rwts: total=5360304,0,0,0 short=0,0,0,0 dropped=0,0,0,0
     latency   : target=0, window=0, percentile=100.00%, depth=1

Run status group 0 (all jobs):
   READ: bw=1117MiB/s (1171MB/s), 1117MiB/s-1117MiB/s (1171MB/s-1171MB/s), io=327GiB (351GB), run=300013-300013msec
