seqr: (g=0): rw=read, bs=(R) 64.0KiB-64.0KiB, (W) 64.0KiB-64.0KiB, (T) 64.0KiB-64.0KiB, ioengine=libaio, iodepth=1
fio-3.18
Starting 1 thread

seqr: (groupid=0, jobs=1): err= 0: pid=36440: Thu Feb 20 21:38:08 2020
  read: IOPS=1351, BW=84.4MiB/s (88.5MB/s)(24.7GiB/300001msec)
    slat (usec): min=21, max=267, avg=38.06, stdev= 3.28
    clat (usec): min=402, max=12462, avg=700.88, stdev=211.40
     lat (usec): min=437, max=12505, avg=739.07, stdev=211.39
    clat percentiles (usec):
     |  1.00th=[  529],  5.00th=[  570], 10.00th=[  594], 20.00th=[  627],
     | 30.00th=[  644], 40.00th=[  668], 50.00th=[  685], 60.00th=[  701],
     | 70.00th=[  717], 80.00th=[  742], 90.00th=[  791], 95.00th=[  832],
     | 99.00th=[  963], 99.50th=[ 1762], 99.90th=[ 4178], 99.95th=[ 4424],
     | 99.99th=[ 4686]
   bw (  KiB/s): min=81024, max=92288, per=100.00%, avg=86560.84, stdev=1910.34, samples=599
   iops        : min= 1266, max= 1442, avg=1352.51, stdev=29.85, samples=599
  lat (usec)   : 500=0.27%, 750=81.31%, 1000=17.55%
  lat (msec)   : 2=0.39%, 4=0.32%, 10=0.14%, 20=0.01%
  cpu          : usr=0.47%, sys=3.84%, ctx=810182, majf=0, minf=193
  IO depths    : 1=100.0%, 2=0.0%, 4=0.0%, 8=0.0%, 16=0.0%, 32=0.0%, >=64=0.0%
     submit    : 0=0.0%, 4=100.0%, 8=0.0%, 16=0.0%, 32=0.0%, 64=0.0%, >=64=0.0%
     complete  : 0=0.0%, 4=100.0%, 8=0.0%, 16=0.0%, 32=0.0%, 64=0.0%, >=64=0.0%
     issued rwts: total=405348,0,0,0 short=0,0,0,0 dropped=0,0,0,0
     latency   : target=0, window=0, percentile=100.00%, depth=1

Run status group 0 (all jobs):
   READ: bw=84.4MiB/s (88.5MB/s), 84.4MiB/s-84.4MiB/s (88.5MB/s-88.5MB/s), io=24.7GiB (26.6GB), run=300001-300001msec
