seqr: (g=0): rw=read, bs=(R) 64.0KiB-64.0KiB, (W) 64.0KiB-64.0KiB, (T) 64.0KiB-64.0KiB, ioengine=libaio, iodepth=1
...
fio-3.18
Starting 64 threads

seqr: (groupid=0, jobs=64): err= 0: pid=33984: Thu Feb 20 21:05:01 2020
  read: IOPS=17.9k, BW=1116MiB/s (1170MB/s)(327GiB/300007msec)
    slat (usec): min=21, max=3119, avg=60.06, stdev=22.57
    clat (usec): min=355, max=230190, avg=3521.70, stdev=1970.17
     lat (usec): min=1585, max=230236, avg=3581.99, stdev=1970.29
    clat percentiles (usec):
     |  1.00th=[ 2704],  5.00th=[ 2966], 10.00th=[ 3130], 20.00th=[ 3261],
     | 30.00th=[ 3326], 40.00th=[ 3392], 50.00th=[ 3425], 60.00th=[ 3458],
     | 70.00th=[ 3490], 80.00th=[ 3556], 90.00th=[ 3654], 95.00th=[ 3818],
     | 99.00th=[ 5932], 99.50th=[ 6652], 99.90th=[30802], 99.95th=[50594],
     | 99.99th=[88605]
   bw (  MiB/s): min=  863, max= 1351, per=100.00%, avg=1117.45, stdev= 2.01, samples=38272
   iops        : min=13822, max=21618, avg=17879.11, stdev=32.10, samples=38272
  lat (usec)   : 500=0.01%, 750=0.01%, 1000=0.01%
  lat (msec)   : 2=0.01%, 4=96.03%, 10=3.78%, 20=0.05%, 50=0.08%
  lat (msec)   : 100=0.04%, 250=0.01%
  cpu          : usr=0.09%, sys=1.34%, ctx=10378530, majf=0, minf=59000
  IO depths    : 1=100.0%, 2=0.0%, 4=0.0%, 8=0.0%, 16=0.0%, 32=0.0%, >=64=0.0%
     submit    : 0=0.0%, 4=100.0%, 8=0.0%, 16=0.0%, 32=0.0%, 64=0.0%, >=64=0.0%
     complete  : 0=0.0%, 4=100.0%, 8=0.0%, 16=0.0%, 32=0.0%, 64=0.0%, >=64=0.0%
     issued rwts: total=5357463,0,0,0 short=0,0,0,0 dropped=0,0,0,0
     latency   : target=0, window=0, percentile=100.00%, depth=1

Run status group 0 (all jobs):
   READ: bw=1116MiB/s (1170MB/s), 1116MiB/s-1116MiB/s (1170MB/s-1170MB/s), io=327GiB (351GB), run=300007-300007msec
