seqr: (g=0): rw=read, bs=(R) 64.0KiB-64.0KiB, (W) 64.0KiB-64.0KiB, (T) 64.0KiB-64.0KiB, ioengine=libaio, iodepth=1
...
fio-3.18
Starting 4 threads

seqr: (groupid=0, jobs=4): err= 0: pid=26271: Thu Feb 20 19:07:21 2020
  read: IOPS=4561, BW=285MiB/s (299MB/s)(83.5GiB/300001msec)
    slat (usec): min=19, max=662, avg=44.08, stdev=10.34
    clat (usec): min=160, max=251395, avg=831.09, stdev=1811.89
     lat (usec): min=501, max=251438, avg=875.32, stdev=1811.95
    clat percentiles (usec):
     |  1.00th=[  578],  5.00th=[  619], 10.00th=[  644], 20.00th=[  676],
     | 30.00th=[  701], 40.00th=[  725], 50.00th=[  750], 60.00th=[  775],
     | 70.00th=[  807], 80.00th=[  857], 90.00th=[  922], 95.00th=[  996],
     | 99.00th=[ 1287], 99.50th=[ 2900], 99.90th=[10814], 99.95th=[40109],
     | 99.99th=[90702]
   bw (  KiB/s): min=17664, max=333056, per=100.00%, avg=292278.18, stdev=15320.63, samples=2396
   iops        : min=  276, max= 5204, avg=4566.84, stdev=239.38, samples=2396
  lat (usec)   : 250=0.01%, 500=0.01%, 750=50.79%, 1000=44.38%
  lat (msec)   : 2=4.13%, 4=0.43%, 10=0.17%, 20=0.02%, 50=0.04%
  lat (msec)   : 100=0.03%, 250=0.01%, 500=0.01%
  cpu          : usr=0.39%, sys=4.11%, ctx=2452276, majf=0, minf=4844
  IO depths    : 1=100.0%, 2=0.0%, 4=0.0%, 8=0.0%, 16=0.0%, 32=0.0%, >=64=0.0%
     submit    : 0=0.0%, 4=100.0%, 8=0.0%, 16=0.0%, 32=0.0%, 64=0.0%, >=64=0.0%
     complete  : 0=0.0%, 4=100.0%, 8=0.0%, 16=0.0%, 32=0.0%, 64=0.0%, >=64=0.0%
     issued rwts: total=1368604,0,0,0 short=0,0,0,0 dropped=0,0,0,0
     latency   : target=0, window=0, percentile=100.00%, depth=1

Run status group 0 (all jobs):
   READ: bw=285MiB/s (299MB/s), 285MiB/s-285MiB/s (299MB/s-299MB/s), io=83.5GiB (89.7GB), run=300001-300001msec
