seqr: (g=0): rw=read, bs=(R) 64.0KiB-64.0KiB, (W) 64.0KiB-64.0KiB, (T) 64.0KiB-64.0KiB, ioengine=libaio, iodepth=1
...
fio-3.18
Starting 32 threads

seqr: (groupid=0, jobs=32): err= 0: pid=25072: Thu Feb 20 18:50:47 2020
  read: IOPS=13.1k, BW=821MiB/s (861MB/s)(240GiB/300007msec)
    slat (usec): min=19, max=2782, avg=54.17, stdev=19.74
    clat (nsec): min=1443, max=769675k, avg=2380959.32, stdev=8445906.83
     lat (usec): min=534, max=769715, avg=2435.30, stdev=8446.16
    clat percentiles (usec):
     |  1.00th=[   676],  5.00th=[   758], 10.00th=[   807], 20.00th=[   881],
     | 30.00th=[   947], 40.00th=[  1012], 50.00th=[  1090], 60.00th=[  1188],
     | 70.00th=[  1319], 80.00th=[  1532], 90.00th=[  1958], 95.00th=[  7570],
     | 99.00th=[ 28181], 99.50th=[ 52691], 99.90th=[117965], 99.95th=[149947],
     | 99.99th=[254804]
   bw (  KiB/s): min= 8064, max=2120576, per=100.00%, avg=841221.03, stdev=15778.43, samples=19142
   iops        : min=  126, max=33134, avg=13144.05, stdev=246.54, samples=19142
  lat (usec)   : 2=0.01%, 4=0.01%, 10=0.01%, 50=0.01%, 100=0.01%
  lat (usec)   : 250=0.01%, 500=0.01%, 750=4.70%, 1000=33.94%
  lat (msec)   : 2=51.64%, 4=2.48%, 10=4.01%, 20=1.82%, 50=0.87%
  lat (msec)   : 100=0.39%, 250=0.14%, 500=0.01%, 750=0.01%, 1000=0.01%
  cpu          : usr=0.12%, sys=1.88%, ctx=6884337, majf=0, minf=18488
  IO depths    : 1=100.0%, 2=0.0%, 4=0.0%, 8=0.0%, 16=0.0%, 32=0.0%, >=64=0.0%
     submit    : 0=0.0%, 4=100.0%, 8=0.0%, 16=0.0%, 32=0.0%, 64=0.0%, >=64=0.0%
     complete  : 0=0.0%, 4=100.0%, 8=0.0%, 16=0.0%, 32=0.0%, 64=0.0%, >=64=0.0%
     issued rwts: total=3939597,0,0,0 short=0,0,0,0 dropped=0,0,0,0
     latency   : target=0, window=0, percentile=100.00%, depth=1

Run status group 0 (all jobs):
   READ: bw=821MiB/s (861MB/s), 821MiB/s-821MiB/s (861MB/s-861MB/s), io=240GiB (258GB), run=300007-300007msec
