seqr: (g=0): rw=read, bs=(R) 64.0KiB-64.0KiB, (W) 64.0KiB-64.0KiB, (T) 64.0KiB-64.0KiB, ioengine=libaio, iodepth=1
...
fio-3.18
Starting 8 threads

seqr: (groupid=0, jobs=8): err= 0: pid=35433: Thu Feb 20 21:21:34 2020
  read: IOPS=9330, BW=583MiB/s (611MB/s)(171GiB/300003msec)
    slat (usec): min=19, max=839, avg=44.65, stdev=14.37
    clat (usec): min=3, max=259856, avg=811.13, stdev=1259.96
     lat (usec): min=489, max=259909, avg=855.96, stdev=1260.14
    clat percentiles (usec):
     |  1.00th=[  578],  5.00th=[  627], 10.00th=[  652], 20.00th=[  685],
     | 30.00th=[  709], 40.00th=[  734], 50.00th=[  758], 60.00th=[  783],
     | 70.00th=[  816], 80.00th=[  857], 90.00th=[  922], 95.00th=[  979],
     | 99.00th=[ 1254], 99.50th=[ 2868], 99.90th=[ 4752], 99.95th=[ 7439],
     | 99.99th=[66847]
   bw (  KiB/s): min=435456, max=654592, per=100.00%, avg=597780.02, stdev=10914.49, samples=4784
   iops        : min= 6804, max=10228, avg=9340.30, stdev=170.54, samples=4784
  lat (usec)   : 4=0.01%, 10=0.01%, 20=0.01%, 50=0.01%, 100=0.01%
  lat (usec)   : 250=0.01%, 500=0.01%, 750=47.71%, 1000=48.21%
  lat (msec)   : 2=3.38%, 4=0.46%, 10=0.18%, 20=0.01%, 50=0.02%
  lat (msec)   : 100=0.01%, 250=0.01%, 500=0.01%
  cpu          : usr=0.40%, sys=4.51%, ctx=4520496, majf=0, minf=36238
  IO depths    : 1=100.0%, 2=0.0%, 4=0.0%, 8=0.0%, 16=0.0%, 32=0.0%, >=64=0.0%
     submit    : 0=0.0%, 4=100.0%, 8=0.0%, 16=0.0%, 32=0.0%, 64=0.0%, >=64=0.0%
     complete  : 0=0.0%, 4=100.0%, 8=0.0%, 16=0.0%, 32=0.0%, 64=0.0%, >=64=0.0%
     issued rwts: total=2799089,0,0,0 short=0,0,0,0 dropped=0,0,0,0
     latency   : target=0, window=0, percentile=100.00%, depth=1

Run status group 0 (all jobs):
   READ: bw=583MiB/s (611MB/s), 583MiB/s-583MiB/s (611MB/s-611MB/s), io=171GiB (183GB), run=300003-300003msec
