seqr: (g=0): rw=read, bs=(R) 64.0KiB-64.0KiB, (W) 64.0KiB-64.0KiB, (T) 64.0KiB-64.0KiB, ioengine=libaio, iodepth=1
...
fio-3.18
Starting 64 threads

seqr: (groupid=0, jobs=64): err= 0: pid=24632: Thu Feb 20 18:45:16 2020
  read: IOPS=7646, BW=478MiB/s (501MB/s)(140GiB/300149msec)
    slat (usec): min=19, max=2106, avg=49.87, stdev=17.62
    clat (usec): min=2, max=3412.1k, avg=8314.57, stdev=33749.50
     lat (usec): min=531, max=3412.1k, avg=8364.64, stdev=33750.34
    clat percentiles (usec):
     |  1.00th=[    742],  5.00th=[    824], 10.00th=[    873],
     | 20.00th=[    922], 30.00th=[    979], 40.00th=[   1037],
     | 50.00th=[   1123], 60.00th=[   1336], 70.00th=[   4948],
     | 80.00th=[   8455], 90.00th=[  16450], 95.00th=[  31327],
     | 99.00th=[ 114820], 99.50th=[ 168821], 99.90th=[ 383779],
     | 99.95th=[ 522191], 99.99th=[1182794]
   bw (  KiB/s): min= 8068, max=2255744, per=100.00%, avg=502303.86, stdev=6255.59, samples=37280
   iops        : min=  124, max=35246, avg=7848.45, stdev=97.74, samples=37280
  lat (usec)   : 4=0.01%, 10=0.01%, 20=0.01%, 50=0.01%, 100=0.01%
  lat (usec)   : 250=0.01%, 500=0.01%, 750=1.14%, 1000=32.98%
  lat (msec)   : 2=30.08%, 4=3.80%, 10=16.47%, 20=8.23%, 50=4.24%
  lat (msec)   : 100=1.82%, 250=1.00%, 500=0.19%, 750=0.03%, 1000=0.01%
  lat (msec)   : 2000=0.01%, >=2000=0.01%
  cpu          : usr=0.04%, sys=0.51%, ctx=3845048, majf=0, minf=54841
  IO depths    : 1=100.0%, 2=0.0%, 4=0.0%, 8=0.0%, 16=0.0%, 32=0.0%, >=64=0.0%
     submit    : 0=0.0%, 4=100.0%, 8=0.0%, 16=0.0%, 32=0.0%, 64=0.0%, >=64=0.0%
     complete  : 0=0.0%, 4=100.0%, 8=0.0%, 16=0.0%, 32=0.0%, 64=0.0%, >=64=0.0%
     issued rwts: total=2295011,0,0,0 short=0,0,0,0 dropped=0,0,0,0
     latency   : target=0, window=0, percentile=100.00%, depth=1

Run status group 0 (all jobs):
   READ: bw=478MiB/s (501MB/s), 478MiB/s-478MiB/s (501MB/s-501MB/s), io=140GiB (150GB), run=300149-300149msec
