seqr: (g=0): rw=read, bs=(R) 64.0KiB-64.0KiB, (W) 64.0KiB-64.0KiB, (T) 64.0KiB-64.0KiB, ioengine=libaio, iodepth=1
...
fio-3.18
Starting 8 threads

seqr: (groupid=0, jobs=8): err= 0: pid=25778: Thu Feb 20 19:01:49 2020
  read: IOPS=8506, BW=532MiB/s (557MB/s)(156GiB/300003msec)
    slat (usec): min=19, max=838, avg=45.94, stdev=14.77
    clat (usec): min=14, max=291603, avg=892.94, stdev=2156.36
     lat (usec): min=524, max=291637, avg=939.04, stdev=2156.42
    clat percentiles (usec):
     |  1.00th=[   603],  5.00th=[   652], 10.00th=[   676], 20.00th=[   709],
     | 30.00th=[   742], 40.00th=[   766], 50.00th=[   791], 60.00th=[   824],
     | 70.00th=[   865], 80.00th=[   914], 90.00th=[   988], 95.00th=[  1057],
     | 99.00th=[  1450], 99.50th=[  3294], 99.90th=[ 17433], 99.95th=[ 46924],
     | 99.99th=[107480]
   bw (  KiB/s): min=30208, max=636032, per=100.00%, avg=544929.22, stdev=15792.37, samples=4784
   iops        : min=  472, max= 9938, avg=8514.51, stdev=246.76, samples=4784
  lat (usec)   : 20=0.01%, 50=0.01%, 250=0.01%, 500=0.01%, 750=34.42%
  lat (usec)   : 1000=56.57%
  lat (msec)   : 2=8.19%, 4=0.48%, 10=0.21%, 20=0.03%, 50=0.05%
  lat (msec)   : 100=0.03%, 250=0.01%, 500=0.01%
  cpu          : usr=0.34%, sys=4.26%, ctx=4129148, majf=0, minf=6956
  IO depths    : 1=100.0%, 2=0.0%, 4=0.0%, 8=0.0%, 16=0.0%, 32=0.0%, >=64=0.0%
     submit    : 0=0.0%, 4=100.0%, 8=0.0%, 16=0.0%, 32=0.0%, 64=0.0%, >=64=0.0%
     complete  : 0=0.0%, 4=100.0%, 8=0.0%, 16=0.0%, 32=0.0%, 64=0.0%, >=64=0.0%
     issued rwts: total=2551905,0,0,0 short=0,0,0,0 dropped=0,0,0,0
     latency   : target=0, window=0, percentile=100.00%, depth=1

Run status group 0 (all jobs):
   READ: bw=532MiB/s (557MB/s), 532MiB/s-532MiB/s (557MB/s-557MB/s), io=156GiB (167GB), run=300003-300003msec
