seqr: (g=0): rw=read, bs=(R) 64.0KiB-64.0KiB, (W) 64.0KiB-64.0KiB, (T) 64.0KiB-64.0KiB, ioengine=libaio, iodepth=1
fio-3.18
Starting 1 thread

seqr: (groupid=0, jobs=1): err= 0: pid=26928: Thu Feb 20 19:18:23 2020
  read: IOPS=1206, BW=75.4MiB/s (79.1MB/s)(22.1GiB/300001msec)
    slat (usec): min=23, max=207, avg=39.09, stdev= 4.51
    clat (usec): min=468, max=150781, avg=788.35, stdev=1854.86
     lat (usec): min=506, max=150820, avg=827.57, stdev=1854.93
    clat percentiles (usec):
     |  1.00th=[  562],  5.00th=[  603], 10.00th=[  627], 20.00th=[  652],
     | 30.00th=[  676], 40.00th=[  693], 50.00th=[  709], 60.00th=[  725],
     | 70.00th=[  750], 80.00th=[  791], 90.00th=[  840], 95.00th=[  898],
     | 99.00th=[ 1221], 99.50th=[ 2540], 99.90th=[13960], 99.95th=[40109],
     | 99.99th=[95945]
   bw (  KiB/s): min= 4352, max=86400, per=100.00%, avg=77317.72, stdev=17595.95, samples=599
   iops        : min=   68, max= 1350, avg=1208.09, stdev=274.94, samples=599
  lat (usec)   : 500=0.02%, 750=68.74%, 1000=28.82%
  lat (msec)   : 2=1.82%, 4=0.37%, 10=0.11%, 20=0.03%, 50=0.05%
  lat (msec)   : 100=0.03%, 250=0.01%
  cpu          : usr=0.34%, sys=3.62%, ctx=723225, majf=0, minf=193
  IO depths    : 1=100.0%, 2=0.0%, 4=0.0%, 8=0.0%, 16=0.0%, 32=0.0%, >=64=0.0%
     submit    : 0=0.0%, 4=100.0%, 8=0.0%, 16=0.0%, 32=0.0%, 64=0.0%, >=64=0.0%
     complete  : 0=0.0%, 4=100.0%, 8=0.0%, 16=0.0%, 32=0.0%, 64=0.0%, >=64=0.0%
     issued rwts: total=362088,0,0,0 short=0,0,0,0 dropped=0,0,0,0
     latency   : target=0, window=0, percentile=100.00%, depth=1

Run status group 0 (all jobs):
   READ: bw=75.4MiB/s (79.1MB/s), 75.4MiB/s-75.4MiB/s (79.1MB/s-79.1MB/s), io=22.1GiB (23.7GB), run=300001-300001msec
