seqr: (g=0): rw=read, bs=(R) 64.0KiB-64.0KiB, (W) 64.0KiB-64.0KiB, (T) 64.0KiB-64.0KiB, ioengine=libaio, iodepth=1
...
fio-3.18
Starting 16 threads

seqr: (groupid=0, jobs=16): err= 0: pid=25433: Thu Feb 20 18:56:18 2020
  read: IOPS=13.4k, BW=836MiB/s (877MB/s)(245GiB/300002msec)
    slat (usec): min=20, max=1559, avg=53.35, stdev=19.44
    clat (usec): min=2, max=302932, avg=1140.67, stdev=3766.43
     lat (usec): min=522, max=302978, avg=1194.20, stdev=3766.49
    clat percentiles (usec):
     |  1.00th=[   644],  5.00th=[   701], 10.00th=[   734], 20.00th=[   783],
     | 30.00th=[   824], 40.00th=[   857], 50.00th=[   889], 60.00th=[   930],
     | 70.00th=[   971], 80.00th=[  1029], 90.00th=[  1123], 95.00th=[  1221],
     | 99.00th=[  3458], 99.50th=[  7898], 99.90th=[ 63701], 99.95th=[ 85459],
     | 99.99th=[135267]
   bw (  KiB/s): min=45824, max=1233664, per=100.00%, avg=857011.98, stdev=20512.89, samples=9568
   iops        : min=  716, max=19276, avg=13390.80, stdev=320.51, samples=9568
  lat (usec)   : 4=0.01%, 10=0.01%, 20=0.01%, 50=0.01%, 100=0.01%
  lat (usec)   : 250=0.01%, 500=0.01%, 750=12.74%, 1000=62.93%
  lat (msec)   : 2=22.89%, 4=0.60%, 10=0.37%, 20=0.12%, 50=0.19%
  lat (msec)   : 100=0.13%, 250=0.03%, 500=0.01%
  cpu          : usr=0.25%, sys=3.73%, ctx=7123933, majf=0, minf=72116
  IO depths    : 1=100.0%, 2=0.0%, 4=0.0%, 8=0.0%, 16=0.0%, 32=0.0%, >=64=0.0%
     submit    : 0=0.0%, 4=100.0%, 8=0.0%, 16=0.0%, 32=0.0%, 64=0.0%, >=64=0.0%
     complete  : 0=0.0%, 4=100.0%, 8=0.0%, 16=0.0%, 32=0.0%, 64=0.0%, >=64=0.0%
     issued rwts: total=4014184,0,0,0 short=0,0,0,0 dropped=0,0,0,0
     latency   : target=0, window=0, percentile=100.00%, depth=1

Run status group 0 (all jobs):
   READ: bw=836MiB/s (877MB/s), 836MiB/s-836MiB/s (877MB/s-877MB/s), io=245GiB (263GB), run=300002-300002msec
