seqr: (g=0): rw=read, bs=(R) 64.0KiB-64.0KiB, (W) 64.0KiB-64.0KiB, (T) 64.0KiB-64.0KiB, ioengine=libaio, iodepth=1
...
fio-3.18
Starting 4 threads

seqr: (groupid=0, jobs=4): err= 0: pid=35755: Thu Feb 20 21:27:06 2020
  read: IOPS=4740, BW=296MiB/s (311MB/s)(86.8GiB/300001msec)
    slat (usec): min=19, max=572, avg=41.68, stdev= 9.92
    clat (usec): min=88, max=282115, avg=800.49, stdev=2408.24
     lat (usec): min=458, max=282153, avg=842.33, stdev=2408.30
    clat percentiles (usec):
     |  1.00th=[   553],  5.00th=[   594], 10.00th=[   619], 20.00th=[   644],
     | 30.00th=[   668], 40.00th=[   685], 50.00th=[   709], 60.00th=[   725],
     | 70.00th=[   758], 80.00th=[   791], 90.00th=[   848], 95.00th=[   898],
     | 99.00th=[  1123], 99.50th=[  2671], 99.90th=[ 15008], 99.95th=[ 60031],
     | 99.99th=[116917]
   bw (  KiB/s): min=155776, max=355712, per=100.00%, avg=303713.43, stdev=19385.47, samples=2396
   iops        : min= 2434, max= 5558, avg=4745.52, stdev=302.90, samples=2396
  lat (usec)   : 100=0.01%, 250=0.01%, 500=0.07%, 750=68.41%, 1000=29.75%
  lat (msec)   : 2=1.15%, 4=0.37%, 10=0.14%, 20=0.01%, 50=0.03%
  lat (msec)   : 100=0.04%, 250=0.02%, 500=0.01%
  cpu          : usr=0.42%, sys=4.11%, ctx=2489552, majf=0, minf=9514
  IO depths    : 1=100.0%, 2=0.0%, 4=0.0%, 8=0.0%, 16=0.0%, 32=0.0%, >=64=0.0%
     submit    : 0=0.0%, 4=100.0%, 8=0.0%, 16=0.0%, 32=0.0%, 64=0.0%, >=64=0.0%
     complete  : 0=0.0%, 4=100.0%, 8=0.0%, 16=0.0%, 32=0.0%, 64=0.0%, >=64=0.0%
     issued rwts: total=1422218,0,0,0 short=0,0,0,0 dropped=0,0,0,0
     latency   : target=0, window=0, percentile=100.00%, depth=1

Run status group 0 (all jobs):
   READ: bw=296MiB/s (311MB/s), 296MiB/s-296MiB/s (311MB/s-311MB/s), io=86.8GiB (93.2GB), run=300001-300001msec
