seqw: (g=0): rw=write, bs=(R) 64.0KiB-64.0KiB, (W) 64.0KiB-64.0KiB, (T) 64.0KiB-64.0KiB, ioengine=libaio, iodepth=1
fio-3.18
Starting 1 thread

seqw: (groupid=0, jobs=1): err= 0: pid=29840: Thu Feb 20 20:02:52 2020
  write: IOPS=706, BW=44.1MiB/s (46.3MB/s)(12.9GiB/300051msec)
    slat (usec): min=25, max=241, avg=33.10, stdev= 6.41
    clat (usec): min=767, max=391307, avg=1381.95, stdev=5681.81
     lat (usec): min=801, max=391340, avg=1415.20, stdev=5681.84
    clat percentiles (usec):
     |  1.00th=[   857],  5.00th=[   889], 10.00th=[   914], 20.00th=[   947],
     | 30.00th=[   988], 40.00th=[  1020], 50.00th=[  1045], 60.00th=[  1090],
     | 70.00th=[  1156], 80.00th=[  1270], 90.00th=[  1434], 95.00th=[  1745],
     | 99.00th=[  4228], 99.50th=[  4883], 99.90th=[ 92799], 99.95th=[149947],
     | 99.99th=[242222]
   bw (  KiB/s): min=  256, max=57088, per=100.00%, avg=45239.25, stdev=16510.41, samples=599
   iops        : min=    4, max=  892, avg=706.86, stdev=257.98, samples=599
  lat (usec)   : 1000=34.63%
  lat (msec)   : 2=60.90%, 4=3.33%, 10=0.96%, 20=0.02%, 50=0.03%
  lat (msec)   : 100=0.04%, 250=0.09%, 500=0.01%
  cpu          : usr=0.36%, sys=2.26%, ctx=214984, majf=0, minf=265
  IO depths    : 1=100.0%, 2=0.0%, 4=0.0%, 8=0.0%, 16=0.0%, 32=0.0%, >=64=0.0%
     submit    : 0=0.0%, 4=100.0%, 8=0.0%, 16=0.0%, 32=0.0%, 64=0.0%, >=64=0.0%
     complete  : 0=0.0%, 4=100.0%, 8=0.0%, 16=0.0%, 32=0.0%, 64=0.0%, >=64=0.0%
     issued rwts: total=0,211846,0,0 short=0,0,0,0 dropped=0,0,0,0
     latency   : target=0, window=0, percentile=100.00%, depth=1

Run status group 0 (all jobs):
  WRITE: bw=44.1MiB/s (46.3MB/s), 44.1MiB/s-44.1MiB/s (46.3MB/s-46.3MB/s), io=12.9GiB (13.9GB), run=300051-300051msec
