seqw: (g=0): rw=write, bs=(R) 64.0KiB-64.0KiB, (W) 64.0KiB-64.0KiB, (T) 64.0KiB-64.0KiB, ioengine=libaio, iodepth=1
...
fio-3.18
Starting 4 threads

seqw: (groupid=0, jobs=4): err= 0: pid=29174: Thu Feb 20 19:51:42 2020
  write: IOPS=1921, BW=120MiB/s (126MB/s)(35.2GiB/300002msec)
    slat (usec): min=20, max=346, avg=61.18, stdev=24.75
    clat (usec): min=740, max=464210, avg=2018.71, stdev=10060.96
     lat (usec): min=819, max=464243, avg=2080.05, stdev=10060.17
    clat percentiles (usec):
     |  1.00th=[   857],  5.00th=[   906], 10.00th=[   938], 20.00th=[   988],
     | 30.00th=[  1020], 40.00th=[  1057], 50.00th=[  1106], 60.00th=[  1172],
     | 70.00th=[  1303], 80.00th=[  1467], 90.00th=[  1696], 95.00th=[  3195],
     | 99.00th=[  5407], 99.50th=[ 49021], 99.90th=[177210], 99.95th=[212861],
     | 99.99th=[283116]
   bw (  KiB/s): min=  768, max=216320, per=100.00%, avg=123104.52, stdev=18687.69, samples=2396
   iops        : min=   12, max= 3380, avg=1923.51, stdev=292.00, samples=2396
  lat (usec)   : 750=0.01%, 1000=23.91%
  lat (msec)   : 2=68.71%, 4=4.12%, 10=2.58%, 20=0.06%, 50=0.12%
  lat (msec)   : 100=0.18%, 250=0.29%, 500=0.02%
  cpu          : usr=0.20%, sys=1.83%, ctx=891351, majf=0, minf=2375
  IO depths    : 1=100.0%, 2=0.0%, 4=0.0%, 8=0.0%, 16=0.0%, 32=0.0%, >=64=0.0%
     submit    : 0=0.0%, 4=100.0%, 8=0.0%, 16=0.0%, 32=0.0%, 64=0.0%, >=64=0.0%
     complete  : 0=0.0%, 4=100.0%, 8=0.0%, 16=0.0%, 32=0.0%, 64=0.0%, >=64=0.0%
     issued rwts: total=0,576493,0,0 short=0,0,0,0 dropped=0,0,0,0
     latency   : target=0, window=0, percentile=100.00%, depth=1

Run status group 0 (all jobs):
  WRITE: bw=120MiB/s (126MB/s), 120MiB/s-120MiB/s (126MB/s-126MB/s), io=35.2GiB (37.8GB), run=300002-300002msec
