seqw: (g=0): rw=write, bs=(R) 64.0KiB-64.0KiB, (W) 64.0KiB-64.0KiB, (T) 64.0KiB-64.0KiB, ioengine=libaio, iodepth=1
...
fio-3.18
Starting 8 threads

seqw: (groupid=0, jobs=8): err= 0: pid=28851: Thu Feb 20 19:46:07 2020
  write: IOPS=4062, BW=254MiB/s (266MB/s)(74.4GiB/300002msec)
    slat (usec): min=20, max=622, avg=75.81, stdev=24.97
    clat (usec): min=635, max=635529, avg=1891.84, stdev=6598.97
     lat (usec): min=816, max=635566, avg=1967.83, stdev=6598.43
    clat percentiles (usec):
     |  1.00th=[   898],  5.00th=[   971], 10.00th=[  1012], 20.00th=[  1074],
     | 30.00th=[  1123], 40.00th=[  1172], 50.00th=[  1254], 60.00th=[  1352],
     | 70.00th=[  1500], 80.00th=[  1663], 90.00th=[  2507], 95.00th=[  4359],
     | 99.00th=[  5800], 99.50th=[  8848], 99.90th=[108528], 99.95th=[160433],
     | 99.99th=[256902]
   bw (  KiB/s): min= 1280, max=409088, per=100.00%, avg=260232.78, stdev=11520.27, samples=4792
   iops        : min=   20, max= 6392, avg=4066.13, stdev=180.00, samples=4792
  lat (usec)   : 750=0.01%, 1000=8.48%
  lat (msec)   : 2=79.49%, 4=5.68%, 10=5.89%, 20=0.12%, 50=0.13%
  lat (msec)   : 100=0.10%, 250=0.10%, 500=0.01%, 750=0.01%
  cpu          : usr=0.21%, sys=2.10%, ctx=2152386, majf=0, minf=8854
  IO depths    : 1=100.0%, 2=0.0%, 4=0.0%, 8=0.0%, 16=0.0%, 32=0.0%, >=64=0.0%
     submit    : 0=0.0%, 4=100.0%, 8=0.0%, 16=0.0%, 32=0.0%, 64=0.0%, >=64=0.0%
     complete  : 0=0.0%, 4=100.0%, 8=0.0%, 16=0.0%, 32=0.0%, 64=0.0%, >=64=0.0%
     issued rwts: total=0,1218661,0,0 short=0,0,0,0 dropped=0,0,0,0
     latency   : target=0, window=0, percentile=100.00%, depth=1

Run status group 0 (all jobs):
  WRITE: bw=254MiB/s (266MB/s), 254MiB/s-254MiB/s (266MB/s-266MB/s), io=74.4GiB (79.9GB), run=300002-300002msec
