seqw: (g=0): rw=write, bs=(R) 64.0KiB-64.0KiB, (W) 64.0KiB-64.0KiB, (T) 64.0KiB-64.0KiB, ioengine=libaio, iodepth=1
...
fio-3.18
Starting 8 threads

seqw: (groupid=0, jobs=8): err= 0: pid=45595: Thu Feb 20 23:22:47 2020
  write: IOPS=4410, BW=276MiB/s (289MB/s)(80.8GiB/300002msec)
    slat (usec): min=23, max=625, avg=77.17, stdev=24.70
    clat (usec): min=664, max=1099.1k, avg=1734.69, stdev=5700.40
     lat (usec): min=794, max=1099.1k, avg=1812.06, stdev=5700.31
    clat percentiles (usec):
     |  1.00th=[   889],  5.00th=[   963], 10.00th=[  1004], 20.00th=[  1057],
     | 30.00th=[  1106], 40.00th=[  1172], 50.00th=[  1237], 60.00th=[  1319],
     | 70.00th=[  1434], 80.00th=[  1565], 90.00th=[  2311], 95.00th=[  4228],
     | 99.00th=[  5538], 99.50th=[  7767], 99.90th=[ 52691], 99.95th=[ 94897],
     | 99.99th=[238027]
   bw (  KiB/s): min=39268, max=385920, per=100.00%, avg=283128.99, stdev=7638.86, samples=4783
   iops        : min=  613, max= 6030, avg=4423.88, stdev=119.36, samples=4783
  lat (usec)   : 750=0.01%, 1000=9.32%
  lat (msec)   : 2=79.77%, 4=5.17%, 10=5.34%, 20=0.14%, 50=0.16%
  lat (msec)   : 100=0.06%, 250=0.04%, 500=0.01%, 750=0.01%, 2000=0.01%
  cpu          : usr=0.22%, sys=2.34%, ctx=2366521, majf=0, minf=15355
  IO depths    : 1=100.0%, 2=0.0%, 4=0.0%, 8=0.0%, 16=0.0%, 32=0.0%, >=64=0.0%
     submit    : 0=0.0%, 4=100.0%, 8=0.0%, 16=0.0%, 32=0.0%, 64=0.0%, >=64=0.0%
     complete  : 0=0.0%, 4=100.0%, 8=0.0%, 16=0.0%, 32=0.0%, 64=0.0%, >=64=0.0%
     issued rwts: total=0,1323291,0,0 short=0,0,0,0 dropped=0,0,0,0
     latency   : target=0, window=0, percentile=100.00%, depth=1

Run status group 0 (all jobs):
  WRITE: bw=276MiB/s (289MB/s), 276MiB/s-276MiB/s (289MB/s-289MB/s), io=80.8GiB (86.7GB), run=300002-300002msec
