seqw: (g=0): rw=write, bs=(R) 64.0KiB-64.0KiB, (W) 64.0KiB-64.0KiB, (T) 64.0KiB-64.0KiB, ioengine=libaio, iodepth=1
...
fio-3.18
Starting 2 threads

seqw: (groupid=0, jobs=2): err= 0: pid=29540: Thu Feb 20 19:57:17 2020
  write: IOPS=948, BW=59.3MiB/s (62.1MB/s)(17.4GiB/300001msec)
    slat (usec): min=21, max=314, avg=53.96, stdev=19.75
    clat (usec): min=744, max=528567, avg=2053.46, stdev=11362.93
     lat (usec): min=783, max=528641, avg=2107.57, stdev=11362.47
    clat percentiles (usec):
     |  1.00th=[   840],  5.00th=[   881], 10.00th=[   914], 20.00th=[   955],
     | 30.00th=[   988], 40.00th=[  1020], 50.00th=[  1057], 60.00th=[  1106],
     | 70.00th=[  1205], 80.00th=[  1352], 90.00th=[  1565], 95.00th=[  2212],
     | 99.00th=[  5145], 99.50th=[ 73925], 99.90th=[189793], 99.95th=[225444],
     | 99.99th=[295699]
   bw (  KiB/s): min=  384, max=110080, per=100.00%, avg=60715.57, stdev=21626.78, samples=1198
   iops        : min=    6, max= 1720, avg=948.67, stdev=337.92, samples=1198
  lat (usec)   : 750=0.01%, 1000=33.40%
  lat (msec)   : 2=60.94%, 4=3.57%, 10=1.38%, 20=0.04%, 50=0.10%
  lat (msec)   : 100=0.19%, 250=0.36%, 500=0.03%, 750=0.01%
  cpu          : usr=0.20%, sys=1.78%, ctx=410367, majf=0, minf=1006
  IO depths    : 1=100.0%, 2=0.0%, 4=0.0%, 8=0.0%, 16=0.0%, 32=0.0%, >=64=0.0%
     submit    : 0=0.0%, 4=100.0%, 8=0.0%, 16=0.0%, 32=0.0%, 64=0.0%, >=64=0.0%
     complete  : 0=0.0%, 4=100.0%, 8=0.0%, 16=0.0%, 32=0.0%, 64=0.0%, >=64=0.0%
     issued rwts: total=0,284448,0,0 short=0,0,0,0 dropped=0,0,0,0
     latency   : target=0, window=0, percentile=100.00%, depth=1

Run status group 0 (all jobs):
  WRITE: bw=59.3MiB/s (62.1MB/s), 59.3MiB/s-59.3MiB/s (62.1MB/s-62.1MB/s), io=17.4GiB (18.6GB), run=300001-300001msec
