seqw: (g=0): rw=write, bs=(R) 64.0KiB-64.0KiB, (W) 64.0KiB-64.0KiB, (T) 64.0KiB-64.0KiB, ioengine=libaio, iodepth=1
...
fio-3.18
Starting 32 threads

seqw: (groupid=0, jobs=32): err= 0: pid=44944: Thu Feb 20 23:11:37 2020
  write: IOPS=8545, BW=534MiB/s (560MB/s)(157GiB/300225msec)
    slat (usec): min=22, max=1674, avg=102.94, stdev=34.69
    clat (usec): min=113, max=7285.5k, avg=3636.68, stdev=22320.64
     lat (usec): min=848, max=7285.6k, avg=3739.84, stdev=22320.91
    clat percentiles (usec):
     |  1.00th=[  1057],  5.00th=[  1221], 10.00th=[  1336], 20.00th=[  1500],
     | 30.00th=[  1663], 40.00th=[  1795], 50.00th=[  1958], 60.00th=[  2180],
     | 70.00th=[  2573], 80.00th=[  4080], 90.00th=[  5276], 95.00th=[  5997],
     | 99.00th=[ 18482], 99.50th=[ 53216], 99.90th=[223347], 99.95th=[312476],
     | 99.99th=[683672]
   bw (  KiB/s): min=65024, max=990208, per=100.00%, avg=556966.80, stdev=7214.14, samples=18621
   iops        : min= 1016, max=15472, avg=8702.58, stdev=112.72, samples=18621
  lat (usec)   : 250=0.01%, 500=0.01%, 750=0.01%, 1000=0.49%
  lat (msec)   : 2=51.58%, 4=27.48%, 10=18.94%, 20=0.57%, 50=0.41%
  lat (msec)   : 100=0.23%, 250=0.22%, 500=0.06%, 750=0.01%, 1000=0.01%
  lat (msec)   : 2000=0.01%, >=2000=0.01%
  cpu          : usr=0.12%, sys=1.50%, ctx=5089942, majf=0, minf=34491
  IO depths    : 1=100.0%, 2=0.0%, 4=0.0%, 8=0.0%, 16=0.0%, 32=0.0%, >=64=0.0%
     submit    : 0=0.0%, 4=100.0%, 8=0.0%, 16=0.0%, 32=0.0%, 64=0.0%, >=64=0.0%
     complete  : 0=0.0%, 4=100.0%, 8=0.0%, 16=0.0%, 32=0.0%, 64=0.0%, >=64=0.0%
     issued rwts: total=0,2565599,0,0 short=0,0,0,0 dropped=0,0,0,0
     latency   : target=0, window=0, percentile=100.00%, depth=1

Run status group 0 (all jobs):
  WRITE: bw=534MiB/s (560MB/s), 534MiB/s-534MiB/s (560MB/s-560MB/s), io=157GiB (168GB), run=300225-300225msec
