seqw: (g=0): rw=write, bs=(R) 64.0KiB-64.0KiB, (W) 64.0KiB-64.0KiB, (T) 64.0KiB-64.0KiB, ioengine=libaio, iodepth=1
fio-3.18
Starting 1 thread

seqw: (groupid=0, jobs=1): err= 0: pid=46592: Thu Feb 20 23:39:32 2020
  write: IOPS=875, BW=54.7MiB/s (57.4MB/s)(16.0GiB/300001msec)
    slat (usec): min=22, max=212, avg=33.04, stdev= 2.56
    clat (usec): min=759, max=117462, avg=1107.99, stdev=907.15
     lat (usec): min=790, max=117496, avg=1141.16, stdev=907.19
    clat percentiles (usec):
     |  1.00th=[  840],  5.00th=[  873], 10.00th=[  889], 20.00th=[  922],
     | 30.00th=[  955], 40.00th=[ 1004], 50.00th=[ 1037], 60.00th=[ 1057],
     | 70.00th=[ 1090], 80.00th=[ 1139], 90.00th=[ 1237], 95.00th=[ 1352],
     | 99.00th=[ 3228], 99.50th=[ 4359], 99.90th=[ 5014], 99.95th=[ 5407],
     | 99.99th=[45351]
   bw (  KiB/s): min=39936, max=60032, per=100.00%, avg=56081.66, stdev=2713.72, samples=599
   iops        : min=  624, max=  938, avg=876.28, stdev=42.40, samples=599
  lat (usec)   : 1000=38.92%
  lat (msec)   : 2=58.41%, 4=2.04%, 10=0.60%, 20=0.01%, 50=0.02%
  lat (msec)   : 100=0.01%, 250=0.01%
  cpu          : usr=0.27%, sys=3.10%, ctx=262626, majf=0, minf=193
  IO depths    : 1=100.0%, 2=0.0%, 4=0.0%, 8=0.0%, 16=0.0%, 32=0.0%, >=64=0.0%
     submit    : 0=0.0%, 4=100.0%, 8=0.0%, 16=0.0%, 32=0.0%, 64=0.0%, >=64=0.0%
     complete  : 0=0.0%, 4=100.0%, 8=0.0%, 16=0.0%, 32=0.0%, 64=0.0%, >=64=0.0%
     issued rwts: total=0,262625,0,0 short=0,0,0,0 dropped=0,0,0,0
     latency   : target=0, window=0, percentile=100.00%, depth=1

Run status group 0 (all jobs):
  WRITE: bw=54.7MiB/s (57.4MB/s), 54.7MiB/s-54.7MiB/s (57.4MB/s-57.4MB/s), io=16.0GiB (17.2GB), run=300001-300001msec
