seqw: (g=0): rw=write, bs=(R) 64.0KiB-64.0KiB, (W) 64.0KiB-64.0KiB, (T) 64.0KiB-64.0KiB, ioengine=libaio, iodepth=1
...
fio-3.18
Starting 16 threads

seqw: (groupid=0, jobs=16): err= 0: pid=28472: Thu Feb 20 19:40:32 2020
  write: IOPS=6644, BW=415MiB/s (435MB/s)(122GiB/300008msec)
    slat (usec): min=22, max=1043, avg=90.32, stdev=30.26
    clat (usec): min=298, max=551601, avg=2315.73, stdev=4916.46
     lat (usec): min=828, max=551636, avg=2406.26, stdev=4916.44
    clat percentiles (usec):
     |  1.00th=[   988],  5.00th=[  1106], 10.00th=[  1188], 20.00th=[  1287],
     | 30.00th=[  1385], 40.00th=[  1483], 50.00th=[  1598], 60.00th=[  1745],
     | 70.00th=[  1909], 80.00th=[  2343], 90.00th=[  4621], 95.00th=[  5211],
     | 99.00th=[  7111], 99.50th=[ 10290], 99.90th=[ 58983], 99.95th=[ 98042],
     | 99.99th=[221250]
   bw (  KiB/s): min= 5248, max=733565, per=100.00%, avg=425882.77, stdev=5836.58, samples=9582
   iops        : min=   82, max=11461, avg=6654.40, stdev=91.20, samples=9582
  lat (usec)   : 500=0.01%, 750=0.01%, 1000=1.25%
  lat (msec)   : 2=72.38%, 4=12.82%, 10=13.03%, 20=0.21%, 50=0.17%
  lat (msec)   : 100=0.09%, 250=0.04%, 500=0.01%, 750=0.01%
  cpu          : usr=0.17%, sys=2.07%, ctx=3714377, majf=0, minf=32085
  IO depths    : 1=100.0%, 2=0.0%, 4=0.0%, 8=0.0%, 16=0.0%, 32=0.0%, >=64=0.0%
     submit    : 0=0.0%, 4=100.0%, 8=0.0%, 16=0.0%, 32=0.0%, 64=0.0%, >=64=0.0%
     complete  : 0=0.0%, 4=100.0%, 8=0.0%, 16=0.0%, 32=0.0%, 64=0.0%, >=64=0.0%
     issued rwts: total=0,1993390,0,0 short=0,0,0,0 dropped=0,0,0,0
     latency   : target=0, window=0, percentile=100.00%, depth=1

Run status group 0 (all jobs):
  WRITE: bw=415MiB/s (435MB/s), 415MiB/s-415MiB/s (435MB/s-435MB/s), io=122GiB (131GB), run=300008-300008msec
