seqw: (g=0): rw=write, bs=(R) 64.0KiB-64.0KiB, (W) 64.0KiB-64.0KiB, (T) 64.0KiB-64.0KiB, ioengine=libaio, iodepth=1
...
fio-3.18
Starting 4 threads

seqw: (groupid=0, jobs=4): err= 0: pid=45968: Thu Feb 20 23:28:22 2020
  write: IOPS=2853, BW=178MiB/s (187MB/s)(52.3GiB/300001msec)
    slat (usec): min=23, max=590, avg=78.71, stdev=17.69
    clat (usec): min=510, max=573689, avg=1321.13, stdev=3629.93
     lat (usec): min=771, max=573771, avg=1400.01, stdev=3629.91
    clat percentiles (usec):
     |  1.00th=[   840],  5.00th=[   881], 10.00th=[   914], 20.00th=[   955],
     | 30.00th=[   996], 40.00th=[  1029], 50.00th=[  1057], 60.00th=[  1106],
     | 70.00th=[  1188], 80.00th=[  1287], 90.00th=[  1450], 95.00th=[  2409],
     | 99.00th=[  4752], 99.50th=[  5080], 99.90th=[ 16319], 99.95th=[ 49021],
     | 99.99th=[189793]
   bw (  KiB/s): min=94464, max=212352, per=100.00%, avg=182889.75, stdev=8402.46, samples=2395
   iops        : min= 1476, max= 3318, avg=2857.65, stdev=131.29, samples=2395
  lat (usec)   : 750=0.01%, 1000=32.28%
  lat (msec)   : 2=61.96%, 4=3.56%, 10=2.07%, 20=0.03%, 50=0.04%
  lat (msec)   : 100=0.02%, 250=0.02%, 500=0.01%, 750=0.01%
  cpu          : usr=0.29%, sys=2.75%, ctx=1636884, majf=0, minf=4103
  IO depths    : 1=100.0%, 2=0.0%, 4=0.0%, 8=0.0%, 16=0.0%, 32=0.0%, >=64=0.0%
     submit    : 0=0.0%, 4=100.0%, 8=0.0%, 16=0.0%, 32=0.0%, 64=0.0%, >=64=0.0%
     complete  : 0=0.0%, 4=100.0%, 8=0.0%, 16=0.0%, 32=0.0%, 64=0.0%, >=64=0.0%
     issued rwts: total=0,856176,0,0 short=0,0,0,0 dropped=0,0,0,0
     latency   : target=0, window=0, percentile=100.00%, depth=1

Run status group 0 (all jobs):
  WRITE: bw=178MiB/s (187MB/s), 178MiB/s-178MiB/s (187MB/s-187MB/s), io=52.3GiB (56.1GB), run=300001-300001msec
