seqw: (g=0): rw=write, bs=(R) 64.0KiB-64.0KiB, (W) 64.0KiB-64.0KiB, (T) 64.0KiB-64.0KiB, ioengine=libaio, iodepth=1
...
fio-3.18
Starting 128 threads
seqw: Laying out IO file (1 file / 2048MiB)
seqw: Laying out IO file (1 file / 2048MiB)
seqw: Laying out IO file (1 file / 2048MiB)
seqw: Laying out IO file (1 file / 2048MiB)
seqw: Laying out IO file (1 file / 2048MiB)
seqw: Laying out IO file (1 file / 2048MiB)
seqw: Laying out IO file (1 file / 2048MiB)
seqw: Laying out IO file (1 file / 2048MiB)
seqw: Laying out IO file (1 file / 2048MiB)
seqw: Laying out IO file (1 file / 2048MiB)
seqw: Laying out IO file (1 file / 2048MiB)
seqw: Laying out IO file (1 file / 2048MiB)
seqw: Laying out IO file (1 file / 2048MiB)
seqw: Laying out IO file (1 file / 2048MiB)
seqw: Laying out IO file (1 file / 2048MiB)
seqw: Laying out IO file (1 file / 2048MiB)
seqw: Laying out IO file (1 file / 2048MiB)
seqw: Laying out IO file (1 file / 2048MiB)
seqw: Laying out IO file (1 file / 2048MiB)
seqw: Laying out IO file (1 file / 2048MiB)
seqw: Laying out IO file (1 file / 2048MiB)
seqw: Laying out IO file (1 file / 2048MiB)
seqw: Laying out IO file (1 file / 2048MiB)
seqw: Laying out IO file (1 file / 2048MiB)
seqw: Laying out IO file (1 file / 2048MiB)
seqw: Laying out IO file (1 file / 2048MiB)
seqw: Laying out IO file (1 file / 2048MiB)
seqw: Laying out IO file (1 file / 2048MiB)
seqw: Laying out IO file (1 file / 2048MiB)
seqw: Laying out IO file (1 file / 2048MiB)
seqw: Laying out IO file (1 file / 2048MiB)
seqw: Laying out IO file (1 file / 2048MiB)
seqw: Laying out IO file (1 file / 2048MiB)
seqw: Laying out IO file (1 file / 2048MiB)
seqw: Laying out IO file (1 file / 2048MiB)
seqw: Laying out IO file (1 file / 2048MiB)
seqw: Laying out IO file (1 file / 2048MiB)
seqw: Laying out IO file (1 file / 2048MiB)
seqw: Laying out IO file (1 file / 2048MiB)
seqw: Laying out IO file (1 file / 2048MiB)
seqw: Laying out IO file (1 file / 2048MiB)
seqw: Laying out IO file (1 file / 2048MiB)
seqw: Laying out IO file (1 file / 2048MiB)
seqw: Laying out IO file (1 file / 2048MiB)
seqw: Laying out IO file (1 file / 2048MiB)
seqw: Laying out IO file (1 file / 2048MiB)
seqw: Laying out IO file (1 file / 2048MiB)
seqw: Laying out IO file (1 file / 2048MiB)
seqw: Laying out IO file (1 file / 2048MiB)
seqw: Laying out IO file (1 file / 2048MiB)
seqw: Laying out IO file (1 file / 2048MiB)
seqw: Laying out IO file (1 file / 2048MiB)
seqw: Laying out IO file (1 file / 2048MiB)
seqw: Laying out IO file (1 file / 2048MiB)
seqw: Laying out IO file (1 file / 2048MiB)
seqw: Laying out IO file (1 file / 2048MiB)
seqw: Laying out IO file (1 file / 2048MiB)
seqw: Laying out IO file (1 file / 2048MiB)
seqw: Laying out IO file (1 file / 2048MiB)
seqw: Laying out IO file (1 file / 2048MiB)
seqw: Laying out IO file (1 file / 2048MiB)
seqw: Laying out IO file (1 file / 2048MiB)
seqw: Laying out IO file (1 file / 2048MiB)
seqw: Laying out IO file (1 file / 2048MiB)
seqw: Laying out IO file (1 file / 2048MiB)
seqw: Laying out IO file (1 file / 2048MiB)
seqw: Laying out IO file (1 file / 2048MiB)
seqw: Laying out IO file (1 file / 2048MiB)
seqw: Laying out IO file (1 file / 2048MiB)
seqw: Laying out IO file (1 file / 2048MiB)
seqw: Laying out IO file (1 file / 2048MiB)
seqw: Laying out IO file (1 file / 2048MiB)
seqw: Laying out IO file (1 file / 2048MiB)
seqw: Laying out IO file (1 file / 2048MiB)
seqw: Laying out IO file (1 file / 2048MiB)
seqw: Laying out IO file (1 file / 2048MiB)
seqw: Laying out IO file (1 file / 2048MiB)
seqw: Laying out IO file (1 file / 2048MiB)
seqw: Laying out IO file (1 file / 2048MiB)
seqw: Laying out IO file (1 file / 2048MiB)
seqw: Laying out IO file (1 file / 2048MiB)
seqw: Laying out IO file (1 file / 2048MiB)
seqw: Laying out IO file (1 file / 2048MiB)
seqw: Laying out IO file (1 file / 2048MiB)
seqw: Laying out IO file (1 file / 2048MiB)
seqw: Laying out IO file (1 file / 2048MiB)
seqw: Laying out IO file (1 file / 2048MiB)
seqw: Laying out IO file (1 file / 2048MiB)
seqw: Laying out IO file (1 file / 2048MiB)
seqw: Laying out IO file (1 file / 2048MiB)
seqw: Laying out IO file (1 file / 2048MiB)
seqw: Laying out IO file (1 file / 2048MiB)
seqw: Laying out IO file (1 file / 2048MiB)
seqw: Laying out IO file (1 file / 2048MiB)
seqw: Laying out IO file (1 file / 2048MiB)
seqw: Laying out IO file (1 file / 2048MiB)
seqw: Laying out IO file (1 file / 2048MiB)
seqw: Laying out IO file (1 file / 2048MiB)
seqw: Laying out IO file (1 file / 2048MiB)
seqw: Laying out IO file (1 file / 2048MiB)
seqw: Laying out IO file (1 file / 2048MiB)
seqw: Laying out IO file (1 file / 2048MiB)
seqw: Laying out IO file (1 file / 2048MiB)
seqw: Laying out IO file (1 file / 2048MiB)
seqw: Laying out IO file (1 file / 2048MiB)
seqw: Laying out IO file (1 file / 2048MiB)
seqw: Laying out IO file (1 file / 2048MiB)
seqw: Laying out IO file (1 file / 2048MiB)
seqw: Laying out IO file (1 file / 2048MiB)
seqw: Laying out IO file (1 file / 2048MiB)
seqw: Laying out IO file (1 file / 2048MiB)
seqw: Laying out IO file (1 file / 2048MiB)
seqw: Laying out IO file (1 file / 2048MiB)
seqw: Laying out IO file (1 file / 2048MiB)
seqw: Laying out IO file (1 file / 2048MiB)
seqw: Laying out IO file (1 file / 2048MiB)
seqw: Laying out IO file (1 file / 2048MiB)
seqw: Laying out IO file (1 file / 2048MiB)
seqw: Laying out IO file (1 file / 2048MiB)
seqw: Laying out IO file (1 file / 2048MiB)
seqw: Laying out IO file (1 file / 2048MiB)
seqw: Laying out IO file (1 file / 2048MiB)
seqw: Laying out IO file (1 file / 2048MiB)
seqw: Laying out IO file (1 file / 2048MiB)
seqw: Laying out IO file (1 file / 2048MiB)
seqw: Laying out IO file (1 file / 2048MiB)
seqw: Laying out IO file (1 file / 2048MiB)
seqw: Laying out IO file (1 file / 2048MiB)

seqw: (groupid=0, jobs=128): err= 0: pid=27306: Thu Feb 20 19:23:54 2020
  write: IOPS=11.4k, BW=711MiB/s (745MB/s)(208GiB/300226msec)
    slat (usec): min=26, max=5788, avg=148.73, stdev=131.29
    clat (usec): min=2, max=2181.7k, avg=11103.33, stdev=47055.15
     lat (usec): min=814, max=2181.8k, avg=11252.30, stdev=47054.26
    clat percentiles (usec):
     |  1.00th=[   1074],  5.00th=[   1319], 10.00th=[   1532],
     | 20.00th=[   1909], 30.00th=[   2376], 40.00th=[   2966],
     | 50.00th=[   3752], 60.00th=[   4686], 70.00th=[   5538],
     | 80.00th=[   6587], 90.00th=[   8848], 95.00th=[  26608],
     | 99.00th=[ 187696], 99.50th=[ 263193], 99.90th=[ 666895],
     | 99.95th=[ 952108], 99.99th=[1384121]
   bw (  KiB/s): min=16355, max=3860503, per=100.00%, avg=765205.64, stdev=5604.25, samples=72855
   iops        : min=  228, max=60316, avg=11956.05, stdev=87.57, samples=72855
  lat (usec)   : 4=0.01%, 10=0.01%, 50=0.01%, 100=0.01%, 500=0.01%
  lat (usec)   : 750=0.01%, 1000=0.39%
  lat (msec)   : 2=21.90%, 4=30.64%, 10=38.78%, 20=2.96%, 50=1.26%
  lat (msec)   : 100=1.63%, 250=1.87%, 500=0.40%, 750=0.07%, 1000=0.04%
  lat (msec)   : 2000=0.04%, >=2000=0.01%
  cpu          : usr=0.04%, sys=0.87%, ctx=6978312, majf=0, minf=103054
  IO depths    : 1=100.0%, 2=0.0%, 4=0.0%, 8=0.0%, 16=0.0%, 32=0.0%, >=64=0.0%
     submit    : 0=0.0%, 4=100.0%, 8=0.0%, 16=0.0%, 32=0.0%, 64=0.0%, >=64=0.0%
     complete  : 0=0.0%, 4=100.0%, 8=0.0%, 16=0.0%, 32=0.0%, 64=0.0%, >=64=0.0%
     issued rwts: total=0,3413224,0,0 short=0,0,0,0 dropped=0,0,0,0
     latency   : target=0, window=0, percentile=100.00%, depth=1

Run status group 0 (all jobs):
  WRITE: bw=711MiB/s (745MB/s), 711MiB/s-711MiB/s (745MB/s-745MB/s), io=208GiB (224GB), run=300226-300226msec
