seqw: (g=0): rw=write, bs=(R) 64.0KiB-64.0KiB, (W) 64.0KiB-64.0KiB, (T) 64.0KiB-64.0KiB, ioengine=libaio, iodepth=1
...
fio-3.18
Starting 2 threads

seqw: (groupid=0, jobs=2): err= 0: pid=46286: Thu Feb 20 23:33:57 2020
  write: IOPS=1485, BW=92.8MiB/s (97.4MB/s)(27.2GiB/300001msec)
    slat (usec): min=22, max=313, avg=42.28, stdev=18.48
    clat (usec): min=711, max=331397, avg=1302.55, stdev=4278.20
     lat (usec): min=785, max=331433, avg=1344.98, stdev=4278.05
    clat percentiles (usec):
     |  1.00th=[   840],  5.00th=[   873], 10.00th=[   889], 20.00th=[   930],
     | 30.00th=[   979], 40.00th=[  1020], 50.00th=[  1057], 60.00th=[  1090],
     | 70.00th=[  1139], 80.00th=[  1205], 90.00th=[  1319], 95.00th=[  1516],
     | 99.00th=[  4293], 99.50th=[  4817], 99.90th=[ 63177], 99.95th=[112722],
     | 99.99th=[185598]
   bw (  KiB/s): min=  512, max=118784, per=100.00%, avg=95163.06, stdev=13368.16, samples=1198
   iops        : min=    8, max= 1856, avg=1486.92, stdev=208.88, samples=1198
  lat (usec)   : 750=0.01%, 1000=35.49%
  lat (msec)   : 2=60.79%, 4=2.56%, 10=0.97%, 20=0.02%, 50=0.05%
  lat (msec)   : 100=0.06%, 250=0.06%, 500=0.01%
  cpu          : usr=0.34%, sys=2.57%, ctx=536727, majf=0, minf=1625
  IO depths    : 1=100.0%, 2=0.0%, 4=0.0%, 8=0.0%, 16=0.0%, 32=0.0%, >=64=0.0%
     submit    : 0=0.0%, 4=100.0%, 8=0.0%, 16=0.0%, 32=0.0%, 64=0.0%, >=64=0.0%
     complete  : 0=0.0%, 4=100.0%, 8=0.0%, 16=0.0%, 32=0.0%, 64=0.0%, >=64=0.0%
     issued rwts: total=0,445658,0,0 short=0,0,0,0 dropped=0,0,0,0
     latency   : target=0, window=0, percentile=100.00%, depth=1

Run status group 0 (all jobs):
  WRITE: bw=92.8MiB/s (97.4MB/s), 92.8MiB/s-92.8MiB/s (97.4MB/s-97.4MB/s), io=27.2GiB (29.2GB), run=300001-300001msec
