seqw: (g=0): rw=write, bs=(R) 64.0KiB-64.0KiB, (W) 64.0KiB-64.0KiB, (T) 64.0KiB-64.0KiB, ioengine=libaio, iodepth=1
...
fio-3.18
Starting 16 threads

seqw: (groupid=0, jobs=16): err= 0: pid=45283: Thu Feb 20 23:17:13 2020
  write: IOPS=6748, BW=422MiB/s (442MB/s)(124GiB/300138msec)
    slat (usec): min=22, max=1139, avg=86.40, stdev=28.73
    clat (usec): min=69, max=2903.9k, avg=2281.79, stdev=9374.48
     lat (usec): min=831, max=2904.0k, avg=2368.40, stdev=9374.66
    clat percentiles (usec):
     |  1.00th=[   979],  5.00th=[  1090], 10.00th=[  1156], 20.00th=[  1254],
     | 30.00th=[  1336], 40.00th=[  1434], 50.00th=[  1532], 60.00th=[  1647],
     | 70.00th=[  1795], 80.00th=[  2114], 90.00th=[  4359], 95.00th=[  5080],
     | 99.00th=[  6783], 99.50th=[ 11600], 99.90th=[ 67634], 99.95th=[141558],
     | 99.99th=[283116]
   bw (  KiB/s): min=46592, max=622592, per=100.00%, avg=435695.13, stdev=6778.91, samples=9505
   iops        : min=  728, max= 9728, avg=6807.72, stdev=105.92, samples=9505
  lat (usec)   : 100=0.01%, 500=0.01%, 750=0.01%, 1000=1.50%
  lat (msec)   : 2=76.05%, 4=10.49%, 10=11.39%, 20=0.23%, 50=0.18%
  lat (msec)   : 100=0.08%, 250=0.06%, 500=0.01%, 750=0.01%, 1000=0.01%
  lat (msec)   : 2000=0.01%, >=2000=0.01%
  cpu          : usr=0.17%, sys=2.02%, ctx=3717809, majf=0, minf=54391
  IO depths    : 1=100.0%, 2=0.0%, 4=0.0%, 8=0.0%, 16=0.0%, 32=0.0%, >=64=0.0%
     submit    : 0=0.0%, 4=100.0%, 8=0.0%, 16=0.0%, 32=0.0%, 64=0.0%, >=64=0.0%
     complete  : 0=0.0%, 4=100.0%, 8=0.0%, 16=0.0%, 32=0.0%, 64=0.0%, >=64=0.0%
     issued rwts: total=0,2025362,0,0 short=0,0,0,0 dropped=0,0,0,0
     latency   : target=0, window=0, percentile=100.00%, depth=1

Run status group 0 (all jobs):
  WRITE: bw=422MiB/s (442MB/s), 422MiB/s-422MiB/s (442MB/s-442MB/s), io=124GiB (133GB), run=300138-300138msec
