seqw: (g=0): rw=write, bs=(R) 64.0KiB-64.0KiB, (W) 64.0KiB-64.0KiB, (T) 64.0KiB-64.0KiB, ioengine=libaio, iodepth=1
...
fio-3.18
Starting 128 threads

seqw: (groupid=0, jobs=128): err= 0: pid=43848: Thu Feb 20 23:00:30 2020
  write: IOPS=13.5k, BW=842MiB/s (883MB/s)(247GiB/300216msec)
    slat (usec): min=26, max=5191, avg=148.30, stdev=114.54
    clat (usec): min=2, max=4045.3k, avg=9340.85, stdev=21680.75
     lat (usec): min=906, max=4045.8k, avg=9489.39, stdev=21680.96
    clat percentiles (usec):
     |  1.00th=[  1598],  5.00th=[  2147], 10.00th=[  2540], 20.00th=[  3163],
     | 30.00th=[  3785], 40.00th=[  4490], 50.00th=[  5276], 60.00th=[  6063],
     | 70.00th=[  6915], 80.00th=[  8225], 90.00th=[ 13829], 95.00th=[ 31589],
     | 99.00th=[ 90702], 99.50th=[128451], 99.90th=[221250], 99.95th=[258999],
     | 99.99th=[350225]
   bw (  KiB/s): min=134656, max=1747840, per=100.00%, avg=866987.33, stdev=2221.47, samples=76250
   iops        : min= 2104, max=27310, avg=13546.57, stdev=34.71, samples=76250
  lat (usec)   : 4=0.01%, 10=0.01%, 20=0.01%, 100=0.01%, 500=0.01%
  lat (usec)   : 750=0.01%, 1000=0.01%
  lat (msec)   : 2=3.39%, 4=29.90%, 10=52.61%, 20=6.59%, 50=4.63%
  lat (msec)   : 100=2.04%, 250=0.77%, 500=0.06%, 750=0.01%, 1000=0.01%
  lat (msec)   : 2000=0.01%, >=2000=0.01%
  cpu          : usr=0.05%, sys=1.04%, ctx=8277767, majf=0, minf=159450
  IO depths    : 1=100.0%, 2=0.0%, 4=0.0%, 8=0.0%, 16=0.0%, 32=0.0%, >=64=0.0%
     submit    : 0=0.0%, 4=100.0%, 8=0.0%, 16=0.0%, 32=0.0%, 64=0.0%, >=64=0.0%
     complete  : 0=0.0%, 4=100.0%, 8=0.0%, 16=0.0%, 32=0.0%, 64=0.0%, >=64=0.0%
     issued rwts: total=0,4046187,0,0 short=0,0,0,0 dropped=0,0,0,0
     latency   : target=0, window=0, percentile=100.00%, depth=1

Run status group 0 (all jobs):
  WRITE: bw=842MiB/s (883MB/s), 842MiB/s-842MiB/s (883MB/s-883MB/s), io=247GiB (265GB), run=300216-300216msec
