randrw: (g=0): rw=randrw, bs=(R) 8192B-8192B, (W) 8192B-8192B, (T) 8192B-8192B, ioengine=libaio, iodepth=1
...
fio-3.18
Starting 32 threads
randrw: Laying out IO file (1 file / 1MiB)
randrw: Laying out IO file (1 file / 1MiB)
randrw: Laying out IO file (1 file / 1MiB)
randrw: Laying out IO file (1 file / 1MiB)
randrw: Laying out IO file (1 file / 1MiB)
randrw: Laying out IO file (1 file / 1MiB)
randrw: Laying out IO file (1 file / 1MiB)
randrw: Laying out IO file (1 file / 1MiB)
randrw: Laying out IO file (1 file / 1MiB)
randrw: Laying out IO file (1 file / 1MiB)
randrw: Laying out IO file (1 file / 1MiB)
randrw: Laying out IO file (1 file / 1MiB)
randrw: Laying out IO file (1 file / 1MiB)
randrw: Laying out IO file (1 file / 1MiB)
randrw: Laying out IO file (1 file / 1MiB)
randrw: Laying out IO file (1 file / 1MiB)
randrw: Laying out IO file (1 file / 1MiB)
randrw: Laying out IO file (1 file / 1MiB)
randrw: Laying out IO file (1 file / 1MiB)
randrw: Laying out IO file (1 file / 1MiB)
randrw: Laying out IO file (1 file / 1MiB)
randrw: Laying out IO file (1 file / 1MiB)
randrw: Laying out IO file (1 file / 1MiB)
randrw: Laying out IO file (1 file / 1MiB)
randrw: Laying out IO file (1 file / 1MiB)
randrw: Laying out IO file (1 file / 1MiB)
randrw: Laying out IO file (1 file / 1MiB)
randrw: Laying out IO file (1 file / 1MiB)
randrw: Laying out IO file (1 file / 1MiB)
randrw: Laying out IO file (1 file / 1MiB)
randrw: Laying out IO file (1 file / 1MiB)
randrw: Laying out IO file (1 file / 1MiB)

randrw: (groupid=0, jobs=32): err= 0: pid=1159: Wed Feb 12 15:56:28 2020
  read: IOPS=1455, BW=11.4MiB/s (11.9MB/s)(3413MiB/300137msec)
    slat (usec): min=21, max=858, avg=48.36, stdev=11.10
    clat (usec): min=6, max=743758, avg=9029.12, stdev=25839.19
     lat (usec): min=356, max=743814, avg=9077.66, stdev=25839.42
    clat percentiles (usec):
     |  1.00th=[   429],  5.00th=[   486], 10.00th=[   529], 20.00th=[   594],
     | 30.00th=[   644], 40.00th=[   701], 50.00th=[   758], 60.00th=[   840],
     | 70.00th=[   979], 80.00th=[  6063], 90.00th=[ 20841], 95.00th=[ 57934],
     | 99.00th=[137364], 99.50th=[164627], 99.90th=[219153], 99.95th=[242222],
     | 99.99th=[291505]
   bw (  KiB/s): min= 1040, max=33952, per=100.00%, avg=11664.28, stdev=175.01, samples=19161
   iops        : min=  130, max= 4244, avg=1458.01, stdev=21.88, samples=19161
  write: IOPS=1459, BW=11.4MiB/s (11.0MB/s)(3422MiB/300137msec)
    slat (usec): min=23, max=689, avg=58.78, stdev=12.91
    clat (usec): min=687, max=772423, avg=12801.49, stdev=31594.47
     lat (usec): min=938, max=772468, avg=12860.46, stdev=31594.77
    clat percentiles (usec):
     |  1.00th=[  1074],  5.00th=[  1205], 10.00th=[  1287], 20.00th=[  1401],
     | 30.00th=[  1500], 40.00th=[  1598], 50.00th=[  1696], 60.00th=[  1844],
     | 70.00th=[  2966], 80.00th=[  9896], 90.00th=[ 34341], 95.00th=[ 79168],
     | 99.00th=[162530], 99.50th=[191890], 99.90th=[252707], 99.95th=[283116],
     | 99.99th=[346031]
   bw (  KiB/s): min= 1168, max=31392, per=100.00%, avg=11694.64, stdev=163.66, samples=19163
   iops        : min=  146, max= 3924, avg=1461.81, stdev=20.46, samples=19163
  lat (usec)   : 10=0.01%, 50=0.01%, 100=0.01%, 250=0.01%, 500=3.18%
  lat (usec)   : 750=21.05%, 1000=11.09%
  lat (msec)   : 2=34.78%, 4=4.92%, 10=7.39%, 20=5.72%, 50=5.12%
  lat (msec)   : 100=3.81%, 250=2.88%, 500=0.08%, 750=0.01%, 1000=0.01%
  cpu          : usr=0.03%, sys=0.35%, ctx=1717426, majf=0, minf=6818
  IO depths    : 1=100.0%, 2=0.0%, 4=0.0%, 8=0.0%, 16=0.0%, 32=0.0%, >=64=0.0%
     submit    : 0=0.0%, 4=100.0%, 8=0.0%, 16=0.0%, 32=0.0%, 64=0.0%, >=64=0.0%
     complete  : 0=0.0%, 4=100.0%, 8=0.0%, 16=0.0%, 32=0.0%, 64=0.0%, >=64=0.0%
     issued rwts: total=436875,438073,0,0 short=0,0,0,0 dropped=0,0,0,0
     latency   : target=0, window=0, percentile=100.00%, depth=1

Run status group 0 (all jobs):
   READ: bw=11.4MiB/s (11.9MB/s), 11.4MiB/s-11.4MiB/s (11.9MB/s-11.9MB/s), io=3413MiB (3579MB), run=300137-300137msec
  WRITE: bw=11.4MiB/s (11.0MB/s), 11.4MiB/s-11.4MiB/s (11.0MB/s-11.0MB/s), io=3422MiB (3589MB), run=300137-300137msec
