randr: (g=0): rw=randread, bs=(R) 8192B-8192B, (W) 8192B-8192B, (T) 8192B-8192B, ioengine=libaio, iodepth=1
...
fio-3.18
Starting 64 threads
randr: Laying out IO file (1 file / 2048MiB)
randr: Laying out IO file (1 file / 2048MiB)
randr: Laying out IO file (1 file / 2048MiB)
randr: Laying out IO file (1 file / 2048MiB)
randr: Laying out IO file (1 file / 2048MiB)
randr: Laying out IO file (1 file / 2048MiB)
randr: Laying out IO file (1 file / 2048MiB)
randr: Laying out IO file (1 file / 2048MiB)
randr: Laying out IO file (1 file / 2048MiB)
randr: Laying out IO file (1 file / 2048MiB)
randr: Laying out IO file (1 file / 2048MiB)
randr: Laying out IO file (1 file / 2048MiB)
randr: Laying out IO file (1 file / 2048MiB)
randr: Laying out IO file (1 file / 2048MiB)
randr: Laying out IO file (1 file / 2048MiB)
randr: Laying out IO file (1 file / 2048MiB)
randr: Laying out IO file (1 file / 2048MiB)
randr: Laying out IO file (1 file / 2048MiB)
randr: Laying out IO file (1 file / 2048MiB)
randr: Laying out IO file (1 file / 2048MiB)
randr: Laying out IO file (1 file / 2048MiB)
randr: Laying out IO file (1 file / 2048MiB)
randr: Laying out IO file (1 file / 2048MiB)
randr: Laying out IO file (1 file / 2048MiB)
randr: Laying out IO file (1 file / 2048MiB)
randr: Laying out IO file (1 file / 2048MiB)
randr: Laying out IO file (1 file / 2048MiB)
randr: Laying out IO file (1 file / 2048MiB)
randr: Laying out IO file (1 file / 2048MiB)
randr: Laying out IO file (1 file / 2048MiB)
randr: Laying out IO file (1 file / 2048MiB)
randr: Laying out IO file (1 file / 2048MiB)

randr: (groupid=0, jobs=64): err= 0: pid=10226: Wed Feb 19 10:46:45 2020
  read: IOPS=3546, BW=27.7MiB/s (29.1MB/s)(8316MiB/300093msec)
    slat (usec): min=21, max=1452, avg=51.07, stdev=13.64
    clat (usec): min=3, max=630242, avg=17985.86, stdev=15750.08
     lat (usec): min=423, max=630300, avg=18037.11, stdev=15750.12
    clat percentiles (usec):
     |  1.00th=[   578],  5.00th=[   717], 10.00th=[  6128], 20.00th=[  9372],
     | 30.00th=[ 10683], 40.00th=[ 12518], 50.00th=[ 14484], 60.00th=[ 16581],
     | 70.00th=[ 19268], 80.00th=[ 23462], 90.00th=[ 31327], 95.00th=[ 42730],
     | 99.00th=[ 89654], 99.50th=[101188], 99.90th=[130548], 99.95th=[145753],
     | 99.99th=[204473]
   bw (  KiB/s): min=10528, max=43168, per=100.00%, avg=28413.31, stdev=86.92, samples=38282
   iops        : min= 1316, max= 5396, avg=3551.62, stdev=10.87, samples=38282
  lat (usec)   : 4=0.01%, 10=0.01%, 100=0.01%, 250=0.01%, 500=0.04%
  lat (usec)   : 750=5.47%, 1000=0.77%
  lat (msec)   : 2=0.64%, 4=1.29%, 10=16.40%, 20=47.40%, 50=24.21%
  lat (msec)   : 100=3.25%, 250=0.52%, 500=0.01%, 750=0.01%
  cpu          : usr=0.02%, sys=0.23%, ctx=2017990, majf=0, minf=33551
  IO depths    : 1=100.0%, 2=0.0%, 4=0.0%, 8=0.0%, 16=0.0%, 32=0.0%, >=64=0.0%
     submit    : 0=0.0%, 4=100.0%, 8=0.0%, 16=0.0%, 32=0.0%, 64=0.0%, >=64=0.0%
     complete  : 0=0.0%, 4=100.0%, 8=0.0%, 16=0.0%, 32=0.0%, 64=0.0%, >=64=0.0%
     issued rwts: total=1064404,0,0,0 short=0,0,0,0 dropped=0,0,0,0
     latency   : target=0, window=0, percentile=100.00%, depth=1

Run status group 0 (all jobs):
   READ: bw=27.7MiB/s (29.1MB/s), 27.7MiB/s-27.7MiB/s (29.1MB/s-29.1MB/s), io=8316MiB (8720MB), run=300093-300093msec
