randrw: (g=0): rw=randrw, bs=(R) 8192B-8192B, (W) 8192B-8192B, (T) 8192B-8192B, ioengine=libaio, iodepth=1
...
fio-3.18
Starting 32 threads
randrw: Laying out IO file (1 file / 2048MiB)
randrw: Laying out IO file (1 file / 2048MiB)
randrw: Laying out IO file (1 file / 2048MiB)
randrw: Laying out IO file (1 file / 2048MiB)
randrw: Laying out IO file (1 file / 2048MiB)
randrw: Laying out IO file (1 file / 2048MiB)
randrw: Laying out IO file (1 file / 2048MiB)
randrw: Laying out IO file (1 file / 2048MiB)
randrw: Laying out IO file (1 file / 2048MiB)
randrw: Laying out IO file (1 file / 2048MiB)
randrw: Laying out IO file (1 file / 2048MiB)
randrw: Laying out IO file (1 file / 2048MiB)
randrw: Laying out IO file (1 file / 2048MiB)
randrw: Laying out IO file (1 file / 2048MiB)
randrw: Laying out IO file (1 file / 2048MiB)
randrw: Laying out IO file (1 file / 2048MiB)
randrw: Laying out IO file (1 file / 2048MiB)
randrw: Laying out IO file (1 file / 2048MiB)
randrw: Laying out IO file (1 file / 2048MiB)
randrw: Laying out IO file (1 file / 2048MiB)
randrw: Laying out IO file (1 file / 2048MiB)
randrw: Laying out IO file (1 file / 2048MiB)
randrw: Laying out IO file (1 file / 2048MiB)
randrw: Laying out IO file (1 file / 2048MiB)
randrw: Laying out IO file (1 file / 2048MiB)
randrw: Laying out IO file (1 file / 2048MiB)
randrw: Laying out IO file (1 file / 2048MiB)
randrw: Laying out IO file (1 file / 2048MiB)
randrw: Laying out IO file (1 file / 2048MiB)
randrw: Laying out IO file (1 file / 2048MiB)
randrw: Laying out IO file (1 file / 2048MiB)
randrw: Laying out IO file (1 file / 2048MiB)

randrw: (groupid=0, jobs=32): err= 0: pid=61723: Mon Feb 17 10:55:20 2020
  read: IOPS=627, BW=5017KiB/s (5138kB/s)(1471MiB/300223msec)
    slat (usec): min=24, max=1066, avg=48.56, stdev=11.22
    clat (usec): min=450, max=916219, avg=22014.02, stdev=30202.25
     lat (usec): min=493, max=916270, avg=22062.75, stdev=30202.25
    clat percentiles (usec):
     |  1.00th=[   758],  5.00th=[  6783], 10.00th=[  7898], 20.00th=[  9110],
     | 30.00th=[  9765], 40.00th=[ 10421], 50.00th=[ 11863], 60.00th=[ 13960],
     | 70.00th=[ 16909], 80.00th=[ 23200], 90.00th=[ 48497], 95.00th=[ 82314],
     | 99.00th=[145753], 99.50th=[179307], 99.90th=[250610], 99.95th=[295699],
     | 99.99th=[725615]
   bw (  KiB/s): min=  544, max=11696, per=100.00%, avg=5048.27, stdev=59.81, samples=19080
   iops        : min=   68, max= 1462, avg=631.01, stdev= 7.48, samples=19080
  write: IOPS=630, BW=5041KiB/s (5161kB/s)(1478MiB/300223msec)
    slat (usec): min=26, max=889, avg=59.09, stdev=13.92
    clat (usec): min=1031, max=987690, avg=28735.90, stdev=37507.33
     lat (usec): min=1090, max=987742, avg=28795.18, stdev=37507.33
    clat percentiles (usec):
     |  1.00th=[  1909],  5.00th=[  8160], 10.00th=[  9372], 20.00th=[ 10552],
     | 30.00th=[ 11600], 40.00th=[ 13566], 50.00th=[ 15926], 60.00th=[ 18744],
     | 70.00th=[ 23200], 80.00th=[ 33162], 90.00th=[ 67634], 95.00th=[105382],
     | 99.00th=[179307], 99.50th=[217056], 99.90th=[295699], 99.95th=[350225],
     | 99.99th=[817890]
   bw (  KiB/s): min=  640, max=11024, per=100.00%, avg=5064.98, stdev=54.35, samples=19105
   iops        : min=   80, max= 1378, avg=633.10, stdev= 6.79, samples=19105
  lat (usec)   : 500=0.01%, 750=0.48%, 1000=0.21%
  lat (msec)   : 2=0.58%, 4=0.22%, 10=22.52%, 20=45.89%, 50=18.47%
  lat (msec)   : 100=7.18%, 250=4.29%, 500=0.14%, 750=0.02%, 1000=0.01%
  cpu          : usr=0.01%, sys=0.16%, ctx=701479, majf=0, minf=9588
  IO depths    : 1=100.0%, 2=0.0%, 4=0.0%, 8=0.0%, 16=0.0%, 32=0.0%, >=64=0.0%
     submit    : 0=0.0%, 4=100.0%, 8=0.0%, 16=0.0%, 32=0.0%, 64=0.0%, >=64=0.0%
     complete  : 0=0.0%, 4=100.0%, 8=0.0%, 16=0.0%, 32=0.0%, 64=0.0%, >=64=0.0%
     issued rwts: total=188283,189160,0,0 short=0,0,0,0 dropped=0,0,0,0
     latency   : target=0, window=0, percentile=100.00%, depth=1

Run status group 0 (all jobs):
   READ: bw=5017KiB/s (5138kB/s), 5017KiB/s-5017KiB/s (5138kB/s-5138kB/s), io=1471MiB (1542MB), run=300223-300223msec
  WRITE: bw=5041KiB/s (5161kB/s), 5041KiB/s-5041KiB/s (5161kB/s-5161kB/s), io=1478MiB (1550MB), run=300223-300223msec
