randrw: (g=0): rw=randrw, bs=(R) 8192B-8192B, (W) 8192B-8192B, (T) 8192B-8192B, ioengine=libaio, iodepth=1
...
fio-3.18
Starting 16 threads

randrw: (groupid=0, jobs=16): err= 0: pid=78175: Mon Feb 17 16:22:46 2020
  read: IOPS=476, BW=3816KiB/s (3908kB/s)(1118MiB/300066msec)
    slat (usec): min=24, max=242, avg=48.16, stdev= 9.58
    clat (usec): min=432, max=860718, avg=14732.46, stdev=19907.45
     lat (usec): min=481, max=860766, avg=14780.79, stdev=19907.50
    clat percentiles (usec):
     |  1.00th=[   627],  5.00th=[   734], 10.00th=[  4424], 20.00th=[  7504],
     | 30.00th=[  8586], 40.00th=[  9372], 50.00th=[  9896], 60.00th=[ 10421],
     | 70.00th=[ 12256], 80.00th=[ 15401], 90.00th=[ 25822], 95.00th=[ 49021],
     | 99.00th=[101188], 99.50th=[114820], 99.90th=[154141], 99.95th=[179307],
     | 99.99th=[608175]
   bw (  KiB/s): min=  352, max= 7520, per=100.00%, avg=3828.47, stdev=73.80, samples=9565
   iops        : min=   44, max=  940, avg=478.55, stdev= 9.22, samples=9565
  write: IOPS=478, BW=3825KiB/s (3917kB/s)(1121MiB/300066msec)
    slat (usec): min=26, max=237, avg=61.12, stdev=14.88
    clat (usec): min=1091, max=886085, avg=18646.59, stdev=22889.01
     lat (usec): min=1144, max=886123, avg=18707.91, stdev=22889.02
    clat percentiles (usec):
     |  1.00th=[  1614],  5.00th=[  2343], 10.00th=[  7504], 20.00th=[  9241],
     | 30.00th=[ 10290], 40.00th=[ 10945], 50.00th=[ 11731], 60.00th=[ 13698],
     | 70.00th=[ 16188], 80.00th=[ 20055], 90.00th=[ 33817], 95.00th=[ 62129],
     | 99.00th=[116917], 99.50th=[132645], 99.90th=[185598], 99.95th=[217056],
     | 99.99th=[658506]
   bw (  KiB/s): min=  496, max= 7072, per=100.00%, avg=3837.82, stdev=67.81, samples=9565
   iops        : min=   62, max=  884, avg=479.72, stdev= 8.48, samples=9565
  lat (usec)   : 500=0.01%, 750=2.86%, 1000=1.43%
  lat (msec)   : 2=2.44%, 4=0.87%, 10=32.03%, 20=43.68%, 50=10.92%
  lat (msec)   : 100=4.30%, 250=1.42%, 500=0.01%, 750=0.01%, 1000=0.01%
  cpu          : usr=0.02%, sys=0.24%, ctx=525097, majf=0, minf=0
  IO depths    : 1=100.0%, 2=0.0%, 4=0.0%, 8=0.0%, 16=0.0%, 32=0.0%, >=64=0.0%
     submit    : 0=0.0%, 4=100.0%, 8=0.0%, 16=0.0%, 32=0.0%, 64=0.0%, >=64=0.0%
     complete  : 0=0.0%, 4=100.0%, 8=0.0%, 16=0.0%, 32=0.0%, 64=0.0%, >=64=0.0%
     issued rwts: total=143130,143475,0,0 short=0,0,0,0 dropped=0,0,0,0
     latency   : target=0, window=0, percentile=100.00%, depth=1

Run status group 0 (all jobs):
   READ: bw=3816KiB/s (3908kB/s), 3816KiB/s-3816KiB/s (3908kB/s-3908kB/s), io=1118MiB (1173MB), run=300066-300066msec
  WRITE: bw=3825KiB/s (3917kB/s), 3825KiB/s-3825KiB/s (3917kB/s-3917kB/s), io=1121MiB (1175MB), run=300066-300066msec
