randrw: (g=0): rw=randrw, bs=(R) 8192B-8192B, (W) 8192B-8192B, (T) 8192B-8192B, ioengine=libaio, iodepth=1
...
fio-3.18
Starting 2 threads

randrw: (groupid=0, jobs=2): err= 0: pid=2751: Wed Feb 12 16:23:20 2020
  read: IOPS=321, BW=2573KiB/s (2635kB/s)(754MiB/300023msec)
    slat (usec): min=19, max=231, avg=40.62, stdev= 5.49
    clat (usec): min=323, max=224669, avg=2660.29, stdev=8799.68
     lat (usec): min=367, max=224707, avg=2701.05, stdev=8799.76
    clat percentiles (usec):
     |  1.00th=[   396],  5.00th=[   433], 10.00th=[   457], 20.00th=[   494],
     | 30.00th=[   523], 40.00th=[   562], 50.00th=[   594], 60.00th=[   627],
     | 70.00th=[   668], 80.00th=[   725], 90.00th=[   898], 95.00th=[ 16909],
     | 99.00th=[ 49021], 99.50th=[ 60031], 99.90th=[ 81265], 99.95th=[ 89654],
     | 99.99th=[122160]
   bw (  KiB/s): min= 1072, max= 4576, per=100.00%, avg=2575.66, stdev=277.50, samples=1198
   iops        : min=  134, max=  572, avg=321.96, stdev=34.69, samples=1198
  write: IOPS=320, BW=2567KiB/s (2628kB/s)(752MiB/300023msec)
    slat (usec): min=21, max=310, avg=49.76, stdev= 8.17
    clat (usec): min=882, max=162347, avg=3473.54, stdev=8900.98
     lat (usec): min=932, max=162393, avg=3523.47, stdev=8901.05
    clat percentiles (usec):
     |  1.00th=[   996],  5.00th=[  1057], 10.00th=[  1106], 20.00th=[  1172],
     | 30.00th=[  1237], 40.00th=[  1287], 50.00th=[  1336], 60.00th=[  1401],
     | 70.00th=[  1483], 80.00th=[  1582], 90.00th=[  2638], 95.00th=[ 17957],
     | 99.00th=[ 49546], 99.50th=[ 61080], 99.90th=[ 87557], 99.95th=[ 95945],
     | 99.99th=[122160]
   bw (  KiB/s): min= 1168, max= 3872, per=100.00%, avg=2569.03, stdev=229.16, samples=1198
   iops        : min=  146, max=  484, avg=321.13, stdev=28.65, samples=1198
  lat (usec)   : 500=11.30%, 750=30.23%, 1000=4.50%
  lat (msec)   : 2=44.27%, 4=1.82%, 10=1.29%, 20=2.11%, 50=3.51%
  lat (msec)   : 100=0.93%, 250=0.03%
  cpu          : usr=0.13%, sys=1.01%, ctx=370055, majf=0, minf=414
  IO depths    : 1=100.0%, 2=0.0%, 4=0.0%, 8=0.0%, 16=0.0%, 32=0.0%, >=64=0.0%
     submit    : 0=0.0%, 4=100.0%, 8=0.0%, 16=0.0%, 32=0.0%, 64=0.0%, >=64=0.0%
     complete  : 0=0.0%, 4=100.0%, 8=0.0%, 16=0.0%, 32=0.0%, 64=0.0%, >=64=0.0%
     issued rwts: total=96488,96252,0,0 short=0,0,0,0 dropped=0,0,0,0
     latency   : target=0, window=0, percentile=100.00%, depth=1

Run status group 0 (all jobs):
   READ: bw=2573KiB/s (2635kB/s), 2573KiB/s-2573KiB/s (2635kB/s-2635kB/s), io=754MiB (790MB), run=300023-300023msec
  WRITE: bw=2567KiB/s (2628kB/s), 2567KiB/s-2567KiB/s (2628kB/s-2628kB/s), io=752MiB (788MB), run=300023-300023msec
