randrw: (g=0): rw=randrw, bs=(R) 8192B-8192B, (W) 8192B-8192B, (T) 8192B-8192B, ioengine=libaio, iodepth=1
...
fio-3.18
Starting 4 threads

randrw: (groupid=0, jobs=4): err= 0: pid=2398: Wed Feb 12 16:16:36 2020
  read: IOPS=515, BW=4127KiB/s (4227kB/s)(1210MiB/300085msec)
    slat (usec): min=19, max=322, avg=41.33, stdev= 7.00
    clat (usec): min=290, max=187117, avg=3294.50, stdev=11509.42
     lat (usec): min=360, max=187166, avg=3336.15, stdev=11509.51
    clat percentiles (usec):
     |  1.00th=[   404],  5.00th=[   445], 10.00th=[   469], 20.00th=[   510],
     | 30.00th=[   553], 40.00th=[   586], 50.00th=[   619], 60.00th=[   660],
     | 70.00th=[   709], 80.00th=[   783], 90.00th=[  1074], 95.00th=[ 20055],
     | 99.00th=[ 63177], 99.50th=[ 80217], 99.90th=[115868], 99.95th=[127402],
     | 99.99th=[160433]
   bw (  KiB/s): min= 1360, max= 8176, per=100.00%, avg=4132.78, stdev=288.18, samples=2396
   iops        : min=  170, max= 1022, avg=516.59, stdev=36.02, samples=2396
  write: IOPS=515, BW=4125KiB/s (4224kB/s)(1209MiB/300085msec)
    slat (usec): min=21, max=314, avg=50.28, stdev= 9.54
    clat (usec): min=858, max=233608, avg=4363.55, stdev=12194.92
     lat (usec): min=943, max=233659, avg=4414.18, stdev=12195.03
    clat percentiles (usec):
     |  1.00th=[  1012],  5.00th=[  1090], 10.00th=[  1156], 20.00th=[  1221],
     | 30.00th=[  1287], 40.00th=[  1352], 50.00th=[  1418], 60.00th=[  1483],
     | 70.00th=[  1582], 80.00th=[  1713], 90.00th=[  3490], 95.00th=[ 23200],
     | 99.00th=[ 67634], 99.50th=[ 85459], 99.90th=[123208], 99.95th=[135267],
     | 99.99th=[164627]
   bw (  KiB/s): min= 1344, max= 7216, per=100.00%, avg=4130.17, stdev=259.02, samples=2396
   iops        : min=  168, max=  902, avg=516.27, stdev=32.38, samples=2396
  lat (usec)   : 500=8.61%, 750=29.54%, 1000=7.04%
  lat (msec)   : 2=43.79%, 4=2.20%, 10=1.48%, 20=2.06%, 50=3.49%
  lat (msec)   : 100=1.55%, 250=0.24%
  cpu          : usr=0.12%, sys=0.86%, ctx=580174, majf=0, minf=1181
  IO depths    : 1=100.0%, 2=0.0%, 4=0.0%, 8=0.0%, 16=0.0%, 32=0.0%, >=64=0.0%
     submit    : 0=0.0%, 4=100.0%, 8=0.0%, 16=0.0%, 32=0.0%, 64=0.0%, >=64=0.0%
     complete  : 0=0.0%, 4=100.0%, 8=0.0%, 16=0.0%, 32=0.0%, 64=0.0%, >=64=0.0%
     issued rwts: total=154825,154730,0,0 short=0,0,0,0 dropped=0,0,0,0
     latency   : target=0, window=0, percentile=100.00%, depth=1

Run status group 0 (all jobs):
   READ: bw=4127KiB/s (4227kB/s), 4127KiB/s-4127KiB/s (4227kB/s-4227kB/s), io=1210MiB (1268MB), run=300085-300085msec
  WRITE: bw=4125KiB/s (4224kB/s), 4125KiB/s-4125KiB/s (4224kB/s-4224kB/s), io=1209MiB (1268MB), run=300085-300085msec
