randrw: (g=0): rw=randrw, bs=(R) 8192B-8192B, (W) 8192B-8192B, (T) 8192B-8192B, ioengine=libaio, iodepth=1
...
fio-3.18
Starting 16 threads

randrw: (groupid=0, jobs=16): err= 0: pid=1530: Wed Feb 12 16:03:15 2020
  read: IOPS=1120, BW=8967KiB/s (9182kB/s)(2628MiB/300083msec)
    slat (usec): min=21, max=699, avg=46.13, stdev=10.18
    clat (usec): min=4, max=338698, avg=5934.76, stdev=19516.86
     lat (usec): min=363, max=338762, avg=5981.04, stdev=19517.00
    clat percentiles (usec):
     |  1.00th=[   420],  5.00th=[   474], 10.00th=[   510], 20.00th=[   570],
     | 30.00th=[   619], 40.00th=[   660], 50.00th=[   709], 60.00th=[   758],
     | 70.00th=[   832], 80.00th=[   947], 90.00th=[ 10290], 95.00th=[ 38536],
     | 99.00th=[107480], 99.50th=[130548], 99.90th=[175113], 99.95th=[196084],
     | 99.99th=[240124]
   bw (  KiB/s): min= 1200, max=24144, per=100.00%, avg=8978.69, stdev=237.25, samples=9583
   iops        : min=  150, max= 3018, avg=1122.33, stdev=29.66, samples=9583
  write: IOPS=1121, BW=8970KiB/s (9185kB/s)(2629MiB/300083msec)
    slat (usec): min=23, max=751, avg=56.10, stdev=12.19
    clat (usec): min=506, max=345198, avg=8228.72, stdev=22720.84
     lat (usec): min=907, max=345256, avg=8284.99, stdev=22721.01
    clat percentiles (usec):
     |  1.00th=[  1057],  5.00th=[  1172], 10.00th=[  1237], 20.00th=[  1352],
     | 30.00th=[  1434], 40.00th=[  1516], 50.00th=[  1598], 60.00th=[  1696],
     | 70.00th=[  1811], 80.00th=[  2343], 90.00th=[ 17171], 95.00th=[ 51119],
     | 99.00th=[122160], 99.50th=[147850], 99.90th=[196084], 99.95th=[219153],
     | 99.99th=[263193]
   bw (  KiB/s): min= 1280, max=21989, per=100.00%, avg=8980.50, stdev=222.39, samples=9584
   iops        : min=  160, max= 2748, avg=1122.55, stdev=27.80, samples=9584
  lat (usec)   : 10=0.01%, 20=0.01%, 100=0.01%, 250=0.01%, 500=4.34%
  lat (usec)   : 750=24.66%, 1000=12.11%
  lat (msec)   : 2=40.27%, 4=3.95%, 10=3.39%, 20=2.93%, 50=3.82%
  lat (msec)   : 100=3.05%, 250=1.48%, 500=0.01%
  cpu          : usr=0.05%, sys=0.51%, ctx=1300366, majf=0, minf=7188
  IO depths    : 1=100.0%, 2=0.0%, 4=0.0%, 8=0.0%, 16=0.0%, 32=0.0%, >=64=0.0%
     submit    : 0=0.0%, 4=100.0%, 8=0.0%, 16=0.0%, 32=0.0%, 64=0.0%, >=64=0.0%
     complete  : 0=0.0%, 4=100.0%, 8=0.0%, 16=0.0%, 32=0.0%, 64=0.0%, >=64=0.0%
     issued rwts: total=336355,336463,0,0 short=0,0,0,0 dropped=0,0,0,0
     latency   : target=0, window=0, percentile=100.00%, depth=1

Run status group 0 (all jobs):
   READ: bw=8967KiB/s (9182kB/s), 8967KiB/s-8967KiB/s (9182kB/s-9182kB/s), io=2628MiB (2755MB), run=300083-300083msec
  WRITE: bw=8970KiB/s (9185kB/s), 8970KiB/s-8970KiB/s (9185kB/s-9185kB/s), io=2629MiB (2756MB), run=300083-300083msec
