randrw: (g=0): rw=randrw, bs=(R) 8192B-8192B, (W) 8192B-8192B, (T) 8192B-8192B, ioengine=libaio, iodepth=1
...
fio-3.18
Starting 2 threads

randrw: (groupid=0, jobs=2): err= 0: pid=18121: Tue Feb 18 16:52:42 2020
  read: IOPS=104, BW=835KiB/s (856kB/s)(245MiB/300002msec)
    slat (usec): min=24, max=141, avg=44.61, stdev= 7.53
    clat (usec): min=398, max=271659, avg=5972.01, stdev=8862.06
     lat (usec): min=439, max=271703, avg=6016.77, stdev=8862.56
    clat percentiles (usec):
     |  1.00th=[   578],  5.00th=[   635], 10.00th=[   668], 20.00th=[   701],
     | 30.00th=[   734], 40.00th=[   775], 50.00th=[   832], 60.00th=[  5276],
     | 70.00th=[  8848], 80.00th=[ 11600], 90.00th=[ 16319], 95.00th=[ 18744],
     | 99.00th=[ 28705], 99.50th=[ 42730], 99.90th=[104334], 99.95th=[137364],
     | 99.99th=[187696]
   bw (  KiB/s): min=  176, max= 1744, per=100.00%, avg=836.27, stdev=134.44, samples=1198
   iops        : min=   22, max=  218, avg=104.53, stdev=16.81, samples=1198
  write: IOPS=104, BW=838KiB/s (858kB/s)(246MiB/300002msec)
    slat (usec): min=24, max=274, avg=59.14, stdev=12.94
    clat (usec): min=1160, max=373065, avg=13031.47, stdev=18564.74
     lat (usec): min=1228, max=373118, avg=13090.77, stdev=18564.82
    clat percentiles (usec):
     |  1.00th=[  1663],  5.00th=[  1827], 10.00th=[  1991], 20.00th=[  5407],
     | 30.00th=[  8225], 40.00th=[  9765], 50.00th=[ 10945], 60.00th=[ 12256],
     | 70.00th=[ 15008], 80.00th=[ 17433], 90.00th=[ 20055], 95.00th=[ 22414],
     | 99.00th=[ 62653], 99.50th=[141558], 99.90th=[283116], 99.95th=[299893],
     | 99.99th=[350225]
   bw (  KiB/s): min=  208, max= 1408, per=100.00%, avg=838.85, stdev=111.85, samples=1198
   iops        : min=   26, max=  176, avg=104.85, stdev=13.98, samples=1198
  lat (usec)   : 500=0.08%, 750=16.75%, 1000=10.67%
  lat (msec)   : 2=5.82%, 4=4.42%, 10=20.86%, 20=34.89%, 50=5.68%
  lat (msec)   : 100=0.42%, 250=0.29%, 500=0.11%
  cpu          : usr=0.04%, sys=0.37%, ctx=118129, majf=0, minf=203
  IO depths    : 1=100.0%, 2=0.0%, 4=0.0%, 8=0.0%, 16=0.0%, 32=0.0%, >=64=0.0%
     submit    : 0=0.0%, 4=100.0%, 8=0.0%, 16=0.0%, 32=0.0%, 64=0.0%, >=64=0.0%
     complete  : 0=0.0%, 4=100.0%, 8=0.0%, 16=0.0%, 32=0.0%, 64=0.0%, >=64=0.0%
     issued rwts: total=31330,31426,0,0 short=0,0,0,0 dropped=0,0,0,0
     latency   : target=0, window=0, percentile=100.00%, depth=1

Run status group 0 (all jobs):
   READ: bw=835KiB/s (856kB/s), 835KiB/s-835KiB/s (856kB/s-856kB/s), io=245MiB (257MB), run=300002-300002msec
  WRITE: bw=838KiB/s (858kB/s), 838KiB/s-838KiB/s (858kB/s-858kB/s), io=246MiB (257MB), run=300002-300002msec
