randrw: (g=0): rw=randrw, bs=(R) 8192B-8192B, (W) 8192B-8192B, (T) 8192B-8192B, ioengine=libaio, iodepth=1
fio-3.18
Starting 1 thread

randrw: (groupid=0, jobs=1): err= 0: pid=3279: Wed Feb 12 16:35:02 2020
  read: IOPS=166, BW=1330KiB/s (1362kB/s)(390MiB/300017msec)
    slat (usec): min=27, max=131, avg=40.77, stdev= 3.83
    clat (usec): min=330, max=123166, avg=2568.74, stdev=8262.69
     lat (usec): min=365, max=123207, avg=2609.67, stdev=8262.69
    clat percentiles (usec):
     |  1.00th=[   396],  5.00th=[   433], 10.00th=[   457], 20.00th=[   486],
     | 30.00th=[   515], 40.00th=[   545], 50.00th=[   578], 60.00th=[   603],
     | 70.00th=[   644], 80.00th=[   701], 90.00th=[   848], 95.00th=[ 17171],
     | 99.00th=[ 45876], 99.50th=[ 54789], 99.90th=[ 76022], 99.95th=[ 86508],
     | 99.99th=[111674]
   bw (  KiB/s): min=  272, max= 2080, per=100.00%, avg=1331.99, stdev=258.27, samples=599
   iops        : min=   34, max=  260, avg=166.50, stdev=32.28, samples=599
  write: IOPS=165, BW=1322KiB/s (1354kB/s)(387MiB/300017msec)
    slat (usec): min=35, max=133, avg=49.45, stdev= 4.87
    clat (usec): min=900, max=157655, avg=3371.44, stdev=8376.64
     lat (usec): min=957, max=157704, avg=3421.08, stdev=8376.67
    clat percentiles (usec):
     |  1.00th=[   996],  5.00th=[  1057], 10.00th=[  1106], 20.00th=[  1172],
     | 30.00th=[  1221], 40.00th=[  1270], 50.00th=[  1303], 60.00th=[  1369],
     | 70.00th=[  1434], 80.00th=[  1532], 90.00th=[  2507], 95.00th=[ 18220],
     | 99.00th=[ 46400], 99.50th=[ 56886], 99.90th=[ 78119], 99.95th=[ 88605],
     | 99.99th=[106431]
   bw (  KiB/s): min=  304, max= 1968, per=100.00%, avg=1323.89, stdev=212.48, samples=599
   iops        : min=   38, max=  246, avg=165.49, stdev=26.56, samples=599
  lat (usec)   : 500=12.33%, 750=30.64%, 1000=3.38%
  lat (msec)   : 2=44.13%, 4=1.57%, 10=1.13%, 20=2.31%, 50=3.76%
  lat (msec)   : 100=0.73%, 250=0.02%
  cpu          : usr=0.14%, sys=1.03%, ctx=198976, majf=0, minf=78
  IO depths    : 1=100.0%, 2=0.0%, 4=0.0%, 8=0.0%, 16=0.0%, 32=0.0%, >=64=0.0%
     submit    : 0=0.0%, 4=100.0%, 8=0.0%, 16=0.0%, 32=0.0%, 64=0.0%, >=64=0.0%
     complete  : 0=0.0%, 4=100.0%, 8=0.0%, 16=0.0%, 32=0.0%, 64=0.0%, >=64=0.0%
     issued rwts: total=49891,49596,0,0 short=0,0,0,0 dropped=0,0,0,0
     latency   : target=0, window=0, percentile=100.00%, depth=1

Run status group 0 (all jobs):
   READ: bw=1330KiB/s (1362kB/s), 1330KiB/s-1330KiB/s (1362kB/s-1362kB/s), io=390MiB (409MB), run=300017-300017msec
  WRITE: bw=1322KiB/s (1354kB/s), 1322KiB/s-1322KiB/s (1354kB/s-1354kB/s), io=387MiB (406MB), run=300017-300017msec
