randrw: (g=0): rw=randrw, bs=(R) 8192B-8192B, (W) 8192B-8192B, (T) 8192B-8192B, ioengine=libaio, iodepth=1
...
fio-3.18
Starting 4 threads

randrw: (groupid=0, jobs=4): err= 0: pid=17600: Tue Feb 18 16:42:45 2020
  read: IOPS=192, BW=1542KiB/s (1579kB/s)(452MiB/300009msec)
    slat (usec): min=23, max=267, avg=45.79, stdev= 8.57
    clat (usec): min=416, max=688475, avg=8565.14, stdev=10391.04
     lat (usec): min=453, max=688520, avg=8611.09, stdev=10391.10
    clat percentiles (usec):
     |  1.00th=[   611],  5.00th=[   676], 10.00th=[   725], 20.00th=[   906],
     | 30.00th=[  4752], 40.00th=[  6783], 50.00th=[  8029], 60.00th=[  8979],
     | 70.00th=[  9765], 80.00th=[ 10814], 90.00th=[ 16057], 95.00th=[ 19268],
     | 99.00th=[ 43254], 99.50th=[ 64750], 99.90th=[112722], 99.95th=[129500],
     | 99.99th=[227541]
   bw (  KiB/s): min=  336, max= 2608, per=100.00%, avg=1544.79, stdev=97.43, samples=2394
   iops        : min=   42, max=  326, avg=193.10, stdev=12.18, samples=2394
  write: IOPS=193, BW=1549KiB/s (1586kB/s)(454MiB/300009msec)
    slat (usec): min=26, max=309, avg=60.04, stdev=14.24
    clat (usec): min=1226, max=619158, avg=12021.91, stdev=15006.32
     lat (usec): min=1280, max=619223, avg=12082.14, stdev=15006.36
    clat percentiles (usec):
     |  1.00th=[  1663],  5.00th=[  1860], 10.00th=[  2180], 20.00th=[  6718],
     | 30.00th=[  8455], 40.00th=[  9503], 50.00th=[ 10290], 60.00th=[ 10945],
     | 70.00th=[ 11731], 80.00th=[ 14877], 90.00th=[ 19006], 95.00th=[ 22938],
     | 99.00th=[ 60031], 99.50th=[ 87557], 99.90th=[235930], 99.95th=[283116],
     | 99.99th=[438305]
   bw (  KiB/s): min=  400, max= 2544, per=100.00%, avg=1552.27, stdev=83.35, samples=2394
   iops        : min=   50, max=  318, avg=194.03, stdev=10.42, samples=2394
  lat (usec)   : 500=0.02%, 750=6.21%, 1000=4.15%
  lat (msec)   : 2=4.98%, 4=4.83%, 10=39.25%, 20=34.43%, 50=5.10%
  lat (msec)   : 100=0.75%, 250=0.23%, 500=0.04%, 750=0.01%
  cpu          : usr=0.04%, sys=0.36%, ctx=213824, majf=0, minf=621
  IO depths    : 1=100.0%, 2=0.0%, 4=0.0%, 8=0.0%, 16=0.0%, 32=0.0%, >=64=0.0%
     submit    : 0=0.0%, 4=100.0%, 8=0.0%, 16=0.0%, 32=0.0%, 64=0.0%, >=64=0.0%
     complete  : 0=0.0%, 4=100.0%, 8=0.0%, 16=0.0%, 32=0.0%, 64=0.0%, >=64=0.0%
     issued rwts: total=57817,58096,0,0 short=0,0,0,0 dropped=0,0,0,0
     latency   : target=0, window=0, percentile=100.00%, depth=1

Run status group 0 (all jobs):
   READ: bw=1542KiB/s (1579kB/s), 1542KiB/s-1542KiB/s (1579kB/s-1579kB/s), io=452MiB (474MB), run=300009-300009msec
  WRITE: bw=1549KiB/s (1586kB/s), 1549KiB/s-1549KiB/s (1586kB/s-1586kB/s), io=454MiB (476MB), run=300009-300009msec
