randrw: (g=0): rw=randrw, bs=(R) 8192B-8192B, (W) 8192B-8192B, (T) 8192B-8192B, ioengine=libaio, iodepth=1
...
fio-3.18
Starting 8 threads

randrw: (groupid=0, jobs=8): err= 0: pid=1998: Wed Feb 12 16:09:54 2020
  read: IOPS=787, BW=6297KiB/s (6448kB/s)(1845MiB/300090msec)
    slat (usec): min=19, max=549, avg=44.16, stdev= 8.79
    clat (usec): min=8, max=280106, avg=4265.88, stdev=14909.39
     lat (usec): min=362, max=280142, avg=4310.19, stdev=14909.49
    clat percentiles (usec):
     |  1.00th=[   412],  5.00th=[   457], 10.00th=[   490], 20.00th=[   537],
     | 30.00th=[   586], 40.00th=[   619], 50.00th=[   660], 60.00th=[   709],
     | 70.00th=[   766], 80.00th=[   848], 90.00th=[  2737], 95.00th=[ 26084],
     | 99.00th=[ 83362], 99.50th=[102237], 99.90th=[141558], 99.95th=[154141],
     | 99.99th=[187696]
   bw (  KiB/s): min= 1056, max=14848, per=100.00%, avg=6304.92, stdev=282.15, samples=4792
   iops        : min=  132, max= 1856, avg=788.11, stdev=35.27, samples=4792
  write: IOPS=786, BW=6291KiB/s (6442kB/s)(1844MiB/300090msec)
    slat (usec): min=21, max=468, avg=53.53, stdev=10.74
    clat (usec): min=792, max=344667, avg=5799.78, stdev=16579.89
     lat (usec): min=947, max=344727, avg=5853.49, stdev=16580.02
    clat percentiles (usec):
     |  1.00th=[  1037],  5.00th=[  1139], 10.00th=[  1205], 20.00th=[  1287],
     | 30.00th=[  1369], 40.00th=[  1434], 50.00th=[  1500], 60.00th=[  1582],
     | 70.00th=[  1680], 80.00th=[  1860], 90.00th=[  7242], 95.00th=[ 32900],
     | 99.00th=[ 91751], 99.50th=[111674], 99.90th=[152044], 99.95th=[166724],
     | 99.99th=[200279]
   bw (  KiB/s): min= 1312, max=13264, per=100.00%, avg=6299.24, stdev=259.62, samples=4792
   iops        : min=  164, max= 1658, avg=787.40, stdev=32.45, samples=4792
  lat (usec)   : 10=0.01%, 250=0.01%, 500=5.99%, 750=27.95%, 1000=9.88%
  lat (msec)   : 2=42.69%, 4=2.94%, 10=2.03%, 20=2.08%, 50=3.44%
  lat (msec)   : 100=2.34%, 250=0.66%, 500=0.01%
  cpu          : usr=0.08%, sys=0.69%, ctx=904424, majf=0, minf=3224
  IO depths    : 1=100.0%, 2=0.0%, 4=0.0%, 8=0.0%, 16=0.0%, 32=0.0%, >=64=0.0%
     submit    : 0=0.0%, 4=100.0%, 8=0.0%, 16=0.0%, 32=0.0%, 64=0.0%, >=64=0.0%
     complete  : 0=0.0%, 4=100.0%, 8=0.0%, 16=0.0%, 32=0.0%, 64=0.0%, >=64=0.0%
     issued rwts: total=236198,235984,0,0 short=0,0,0,0 dropped=0,0,0,0
     latency   : target=0, window=0, percentile=100.00%, depth=1

Run status group 0 (all jobs):
   READ: bw=6297KiB/s (6448kB/s), 6297KiB/s-6297KiB/s (6448kB/s-6448kB/s), io=1845MiB (1935MB), run=300090-300090msec
  WRITE: bw=6291KiB/s (6442kB/s), 6291KiB/s-6291KiB/s (6442kB/s-6442kB/s), io=1844MiB (1933MB), run=300090-300090msec
