randrw: (g=0): rw=randrw, bs=(R) 8192B-8192B, (W) 8192B-8192B, (T) 8192B-8192B, ioengine=libaio, iodepth=1
fio-3.18
Starting 1 thread

randrw: (groupid=0, jobs=1): err= 0: pid=18527: Tue Feb 18 17:00:16 2020
  read: IOPS=62, BW=501KiB/s (513kB/s)(147MiB/300004msec)
    slat (usec): min=24, max=239, avg=45.61, stdev= 5.37
    clat (usec): min=421, max=299548, avg=7130.34, stdev=9309.55
     lat (usec): min=459, max=299599, avg=7176.09, stdev=9309.56
    clat percentiles (usec):
     |  1.00th=[   586],  5.00th=[   644], 10.00th=[   676], 20.00th=[   717],
     | 30.00th=[   750], 40.00th=[   799], 50.00th=[   938], 60.00th=[  7898],
     | 70.00th=[ 11863], 80.00th=[ 15139], 90.00th=[ 17957], 95.00th=[ 19268],
     | 99.00th=[ 27132], 99.50th=[ 39060], 99.90th=[107480], 99.95th=[125305],
     | 99.99th=[166724]
   bw (  KiB/s): min=   96, max=  896, per=100.00%, avg=501.29, stdev=139.12, samples=599
   iops        : min=   12, max=  112, avg=62.66, stdev=17.39, samples=599
  write: IOPS=62, BW=500KiB/s (512kB/s)(147MiB/300004msec)
    slat (usec): min=26, max=257, avg=61.34, stdev= 9.04
    clat (usec): min=1161, max=324393, avg=8741.30, stdev=12254.32
     lat (usec): min=1216, max=324470, avg=8802.82, stdev=12254.37
    clat percentiles (usec):
     |  1.00th=[  1582],  5.00th=[  1696], 10.00th=[  1762], 20.00th=[  1844],
     | 30.00th=[  1942], 40.00th=[  2040], 50.00th=[  2802], 60.00th=[  9372],
     | 70.00th=[ 13304], 80.00th=[ 16319], 90.00th=[ 19006], 95.00th=[ 20579],
     | 99.00th=[ 30278], 99.50th=[ 57410], 99.90th=[168821], 99.95th=[204473],
     | 99.99th=[274727]
   bw (  KiB/s): min=  128, max=  704, per=100.00%, avg=500.88, stdev=83.99, samples=599
   iops        : min=   16, max=   88, avg=62.61, stdev=10.50, samples=599
  lat (usec)   : 500=0.08%, 750=14.69%, 1000=10.68%
  lat (msec)   : 2=19.11%, 4=8.05%, 10=11.27%, 20=30.96%, 50=4.70%
  lat (msec)   : 100=0.19%, 250=0.25%, 500=0.01%
  cpu          : usr=0.05%, sys=0.44%, ctx=74554, majf=0, minf=39
  IO depths    : 1=100.0%, 2=0.0%, 4=0.0%, 8=0.0%, 16=0.0%, 32=0.0%, >=64=0.0%
     submit    : 0=0.0%, 4=100.0%, 8=0.0%, 16=0.0%, 32=0.0%, 64=0.0%, >=64=0.0%
     complete  : 0=0.0%, 4=100.0%, 8=0.0%, 16=0.0%, 32=0.0%, 64=0.0%, >=64=0.0%
     issued rwts: total=18779,18765,0,0 short=0,0,0,0 dropped=0,0,0,0
     latency   : target=0, window=0, percentile=100.00%, depth=1

Run status group 0 (all jobs):
   READ: bw=501KiB/s (513kB/s), 501KiB/s-501KiB/s (513kB/s-513kB/s), io=147MiB (154MB), run=300004-300004msec
  WRITE: bw=500KiB/s (512kB/s), 500KiB/s-500KiB/s (512kB/s-512kB/s), io=147MiB (154MB), run=300004-300004msec
