seqw: (g=0): rw=write, bs=(R) 8192B-8192B, (W) 8192B-8192B, (T) 8192B-8192B, ioengine=libaio, iodepth=1
seqr: (g=0): rw=read, bs=(R) 8192B-8192B, (W) 8192B-8192B, (T) 8192B-8192B, ioengine=libaio, iodepth=1
fio-3.18
Starting 2 threads

seqw: (groupid=0, jobs=2): err= 0: pid=47501: Thu Feb 13 10:04:36 2020
  read: IOPS=1848, BW=14.4MiB/s (15.1MB/s)(4333MiB/300002msec)
    slat (usec): min=17, max=227, avg=39.62, stdev= 6.01
    clat (usec): min=281, max=80049, avg=500.21, stdev=763.82
     lat (usec): min=337, max=80089, avg=539.98, stdev=763.84
    clat percentiles (usec):
     |  1.00th=[  359],  5.00th=[  383], 10.00th=[  400], 20.00th=[  420],
     | 30.00th=[  433], 40.00th=[  449], 50.00th=[  461], 60.00th=[  474],
     | 70.00th=[  494], 80.00th=[  519], 90.00th=[  562], 95.00th=[  619],
     | 99.00th=[  775], 99.50th=[ 1172], 99.90th=[ 4883], 99.95th=[19006],
     | 99.99th=[34341]
   bw (  KiB/s): min=11695, max=16080, per=100.00%, avg=14805.43, stdev=820.16, samples=599
   iops        : min= 1461, max= 2010, avg=1850.68, stdev=102.52, samples=599
  write: IOPS=278, BW=2228KiB/s (2281kB/s)(653MiB/300001msec)
    slat (usec): min=21, max=269, avg=48.62, stdev=12.16
    clat (usec): min=780, max=324415, avg=3540.92, stdev=8840.84
     lat (usec): min=916, max=324457, avg=3589.71, stdev=8840.63
    clat percentiles (usec):
     |  1.00th=[   955],  5.00th=[   996], 10.00th=[  1020], 20.00th=[  1074],
     | 30.00th=[  1123], 40.00th=[  1156], 50.00th=[  1188], 60.00th=[  1237],
     | 70.00th=[  1336], 80.00th=[  1663], 90.00th=[  2999], 95.00th=[ 21627],
     | 99.00th=[ 46400], 99.50th=[ 54789], 99.90th=[ 78119], 99.95th=[ 89654],
     | 99.99th=[112722]
   bw (  KiB/s): min=  512, max= 3168, per=100.00%, avg=2229.67, stdev=335.10, samples=599
   iops        : min=   64, max=  396, avg=278.71, stdev=41.89, samples=599
  lat (usec)   : 500=64.11%, 750=21.81%, 1000=1.22%
  lat (msec)   : 2=10.96%, 4=0.63%, 10=0.21%, 20=0.33%, 50=0.63%
  lat (msec)   : 100=0.10%, 250=0.01%, 500=0.01%
  cpu          : usr=0.34%, sys=3.27%, ctx=1248563, majf=0, minf=590
  IO depths    : 1=100.0%, 2=0.0%, 4=0.0%, 8=0.0%, 16=0.0%, 32=0.0%, >=64=0.0%
     submit    : 0=0.0%, 4=100.0%, 8=0.0%, 16=0.0%, 32=0.0%, 64=0.0%, >=64=0.0%
     complete  : 0=0.0%, 4=100.0%, 8=0.0%, 16=0.0%, 32=0.0%, 64=0.0%, >=64=0.0%
     issued rwts: total=554657,83535,0,0 short=0,0,0,0 dropped=0,0,0,0
     latency   : target=0, window=0, percentile=100.00%, depth=1

Run status group 0 (all jobs):
   READ: bw=14.4MiB/s (15.1MB/s), 14.4MiB/s-14.4MiB/s (15.1MB/s-15.1MB/s), io=4333MiB (4544MB), run=300002-300002msec
  WRITE: bw=2228KiB/s (2281kB/s), 2228KiB/s-2228KiB/s (2281kB/s-2281kB/s), io=653MiB (684MB), run=300001-300001msec
