seqw: (g=0): rw=write, bs=(R) 8192B-8192B, (W) 8192B-8192B, (T) 8192B-8192B, ioengine=libaio, iodepth=1
...
seqr: (g=0): rw=read, bs=(R) 8192B-8192B, (W) 8192B-8192B, (T) 8192B-8192B, ioengine=libaio, iodepth=1
...
fio-3.18
Starting 4 threads

seqw: (groupid=0, jobs=4): err= 0: pid=46414: Thu Feb 13 09:38:31 2020
  read: IOPS=3440, BW=26.9MiB/s (28.2MB/s)(8064MiB/300001msec)
    slat (usec): min=17, max=397, avg=40.57, stdev= 7.68
    clat (usec): min=71, max=129952, avg=539.51, stdev=1232.17
     lat (usec): min=329, max=129994, avg=580.21, stdev=1232.30
    clat percentiles (usec):
     |  1.00th=[  355],  5.00th=[  379], 10.00th=[  400], 20.00th=[  420],
     | 30.00th=[  441], 40.00th=[  457], 50.00th=[  474], 60.00th=[  490],
     | 70.00th=[  515], 80.00th=[  545], 90.00th=[  611], 95.00th=[  668],
     | 99.00th=[  857], 99.50th=[ 1631], 99.90th=[19006], 99.95th=[29230],
     | 99.99th=[54264]
   bw (  KiB/s): min= 3167, max=31072, per=100.00%, avg=27555.25, stdev=1234.00, samples=1198
   iops        : min=  395, max= 3884, avg=3444.40, stdev=154.25, samples=1198
  write: IOPS=489, BW=3912KiB/s (4006kB/s)(1146MiB/300079msec)
    slat (usec): min=21, max=370, avg=49.02, stdev=13.92
    clat (usec): min=712, max=201925, avg=4038.73, stdev=9896.91
     lat (usec): min=924, max=201975, avg=4087.92, stdev=9896.74
    clat percentiles (usec):
     |  1.00th=[   979],  5.00th=[  1037], 10.00th=[  1074], 20.00th=[  1139],
     | 30.00th=[  1188], 40.00th=[  1221], 50.00th=[  1270], 60.00th=[  1336],
     | 70.00th=[  1434], 80.00th=[  1778], 90.00th=[  4817], 95.00th=[ 23987],
     | 99.00th=[ 51643], 99.50th=[ 64226], 99.90th=[ 88605], 99.95th=[ 99091],
     | 99.99th=[125305]
   bw (  KiB/s): min= 1568, max= 5728, per=100.00%, avg=3916.89, stdev=328.57, samples=1198
   iops        : min=  196, max=  716, avg=489.61, stdev=41.07, samples=1198
  lat (usec)   : 100=0.01%, 250=0.01%, 500=56.44%, 750=29.34%, 1000=1.36%
  lat (msec)   : 2=10.58%, 4=0.80%, 10=0.26%, 20=0.37%, 50=0.68%
  lat (msec)   : 100=0.15%, 250=0.01%
  cpu          : usr=0.34%, sys=3.13%, ctx=2272377, majf=0, minf=1518
  IO depths    : 1=100.0%, 2=0.0%, 4=0.0%, 8=0.0%, 16=0.0%, 32=0.0%, >=64=0.0%
     submit    : 0=0.0%, 4=100.0%, 8=0.0%, 16=0.0%, 32=0.0%, 64=0.0%, >=64=0.0%
     complete  : 0=0.0%, 4=100.0%, 8=0.0%, 16=0.0%, 32=0.0%, 64=0.0%, >=64=0.0%
     issued rwts: total=1032218,146747,0,0 short=0,0,0,0 dropped=0,0,0,0
     latency   : target=0, window=0, percentile=100.00%, depth=1

Run status group 0 (all jobs):
   READ: bw=26.9MiB/s (28.2MB/s), 26.9MiB/s-26.9MiB/s (28.2MB/s-28.2MB/s), io=8064MiB (8456MB), run=300001-300001msec
  WRITE: bw=3912KiB/s (4006kB/s), 3912KiB/s-3912KiB/s (4006kB/s-4006kB/s), io=1146MiB (1202MB), run=300079-300079msec
