seqw: (g=0): rw=write, bs=(R) 8192B-8192B, (W) 8192B-8192B, (T) 8192B-8192B, ioengine=libaio, iodepth=1
...
seqr: (g=0): rw=read, bs=(R) 8192B-8192B, (W) 8192B-8192B, (T) 8192B-8192B, ioengine=libaio, iodepth=1
...
fio-3.18
Starting 16 threads

seqw: (groupid=0, jobs=16): err= 0: pid=45606: Thu Feb 13 09:23:05 2020
  read: IOPS=10.6k, BW=82.9MiB/s (86.9MB/s)(24.3GiB/300043msec)
    slat (usec): min=18, max=903, avg=48.18, stdev=14.82
    clat (usec): min=2, max=266226, avg=704.39, stdev=2937.51
     lat (usec): min=336, max=266263, avg=752.73, stdev=2937.74
    clat percentiles (usec):
     |  1.00th=[   379],  5.00th=[   412], 10.00th=[   433], 20.00th=[   457],
     | 30.00th=[   478], 40.00th=[   498], 50.00th=[   519], 60.00th=[   537],
     | 70.00th=[   570], 80.00th=[   619], 90.00th=[   693], 95.00th=[   775],
     | 99.00th=[  1549], 99.50th=[  4359], 99.90th=[ 49021], 99.95th=[ 68682],
     | 99.99th=[110625]
   bw (  KiB/s): min=27839, max=109424, per=100.00%, avg=84944.85, stdev=1604.30, samples=4788
   iops        : min= 3479, max=13678, avg=10618.11, stdev=200.54, samples=4788
  write: IOPS=1287, BW=10.1MiB/s (10.5MB/s)(3017MiB/300047msec)
    slat (usec): min=22, max=963, avg=60.37, stdev=18.69
    clat (usec): min=483, max=407198, avg=6152.19, stdev=16132.79
     lat (usec): min=935, max=407232, avg=6212.77, stdev=16132.89
    clat percentiles (usec):
     |  1.00th=[  1057],  5.00th=[  1139], 10.00th=[  1188], 20.00th=[  1254],
     | 30.00th=[  1319], 40.00th=[  1385], 50.00th=[  1450], 60.00th=[  1549],
     | 70.00th=[  1811], 80.00th=[  2606], 90.00th=[ 13042], 95.00th=[ 32900],
     | 99.00th=[ 85459], 99.50th=[106431], 99.90th=[156238], 99.95th=[179307],
     | 99.99th=[233833]
   bw (  KiB/s): min= 2144, max=17072, per=100.00%, avg=10311.08, stdev=311.44, samples=4791
   iops        : min=  268, max= 2134, avg=1288.88, stdev=38.93, samples=4791
  lat (usec)   : 4=0.01%, 10=0.01%, 20=0.01%, 50=0.01%, 100=0.01%
  lat (usec)   : 250=0.01%, 500=37.31%, 750=46.51%, 1000=3.99%
  lat (msec)   : 2=8.62%, 4=1.27%, 10=0.71%, 20=0.52%, 50=0.64%
  lat (msec)   : 100=0.34%, 250=0.08%, 500=0.01%
  cpu          : usr=0.26%, sys=2.91%, ctx=6831747, majf=0, minf=17077
  IO depths    : 1=100.0%, 2=0.0%, 4=0.0%, 8=0.0%, 16=0.0%, 32=0.0%, >=64=0.0%
     submit    : 0=0.0%, 4=100.0%, 8=0.0%, 16=0.0%, 32=0.0%, 64=0.0%, >=64=0.0%
     complete  : 0=0.0%, 4=100.0%, 8=0.0%, 16=0.0%, 32=0.0%, 64=0.0%, >=64=0.0%
     issued rwts: total=3181991,386205,0,0 short=0,0,0,0 dropped=0,0,0,0
     latency   : target=0, window=0, percentile=100.00%, depth=1

Run status group 0 (all jobs):
   READ: bw=82.9MiB/s (86.9MB/s), 82.9MiB/s-82.9MiB/s (86.9MB/s-86.9MB/s), io=24.3GiB (26.1GB), run=300043-300043msec
  WRITE: bw=10.1MiB/s (10.5MB/s), 10.1MiB/s-10.1MiB/s (10.5MB/s-10.5MB/s), io=3017MiB (3164MB), run=300047-300047msec
