seqw: (g=0): rw=write, bs=(R) 8192B-8192B, (W) 8192B-8192B, (T) 8192B-8192B, ioengine=libaio, iodepth=1
...
seqr: (g=0): rw=read, bs=(R) 8192B-8192B, (W) 8192B-8192B, (T) 8192B-8192B, ioengine=libaio, iodepth=1
...
fio-3.18
Starting 64 threads
seqw: Laying out IO file (1 file / 1MiB)
seqw: Laying out IO file (1 file / 1MiB)
seqw: Laying out IO file (1 file / 1MiB)
seqw: Laying out IO file (1 file / 1MiB)
seqw: Laying out IO file (1 file / 1MiB)
seqw: Laying out IO file (1 file / 1MiB)
seqw: Laying out IO file (1 file / 1MiB)
seqw: Laying out IO file (1 file / 1MiB)
seqw: Laying out IO file (1 file / 1MiB)
seqw: Laying out IO file (1 file / 1MiB)
seqw: Laying out IO file (1 file / 1MiB)
seqw: Laying out IO file (1 file / 1MiB)
seqw: Laying out IO file (1 file / 1MiB)
seqw: Laying out IO file (1 file / 1MiB)
seqw: Laying out IO file (1 file / 1MiB)
seqw: Laying out IO file (1 file / 1MiB)
seqw: Laying out IO file (1 file / 1MiB)
seqw: Laying out IO file (1 file / 1MiB)
seqw: Laying out IO file (1 file / 1MiB)
seqw: Laying out IO file (1 file / 1MiB)
seqw: Laying out IO file (1 file / 1MiB)
seqw: Laying out IO file (1 file / 1MiB)
seqw: Laying out IO file (1 file / 1MiB)
seqw: Laying out IO file (1 file / 1MiB)
seqw: Laying out IO file (1 file / 1MiB)
seqw: Laying out IO file (1 file / 1MiB)
seqw: Laying out IO file (1 file / 1MiB)
seqw: Laying out IO file (1 file / 1MiB)
seqw: Laying out IO file (1 file / 1MiB)
seqw: Laying out IO file (1 file / 1MiB)
seqw: Laying out IO file (1 file / 1MiB)
seqw: Laying out IO file (1 file / 1MiB)
seqr: Laying out IO file (1 file / 1MiB)
seqr: Laying out IO file (1 file / 1MiB)
seqr: Laying out IO file (1 file / 1MiB)
seqr: Laying out IO file (1 file / 1MiB)
seqr: Laying out IO file (1 file / 1MiB)
seqr: Laying out IO file (1 file / 1MiB)
seqr: Laying out IO file (1 file / 1MiB)
seqr: Laying out IO file (1 file / 1MiB)
seqr: Laying out IO file (1 file / 1MiB)
seqr: Laying out IO file (1 file / 1MiB)
seqr: Laying out IO file (1 file / 1MiB)
seqr: Laying out IO file (1 file / 1MiB)
seqr: Laying out IO file (1 file / 1MiB)
seqr: Laying out IO file (1 file / 1MiB)
seqr: Laying out IO file (1 file / 1MiB)
seqr: Laying out IO file (1 file / 1MiB)
seqr: Laying out IO file (1 file / 1MiB)
seqr: Laying out IO file (1 file / 1MiB)
seqr: Laying out IO file (1 file / 1MiB)
seqr: Laying out IO file (1 file / 1MiB)
seqr: Laying out IO file (1 file / 1MiB)
seqr: Laying out IO file (1 file / 1MiB)
seqr: Laying out IO file (1 file / 1MiB)
seqr: Laying out IO file (1 file / 1MiB)
seqr: Laying out IO file (1 file / 1MiB)
seqr: Laying out IO file (1 file / 1MiB)
seqr: Laying out IO file (1 file / 1MiB)
seqr: Laying out IO file (1 file / 1MiB)
seqr: Laying out IO file (1 file / 1MiB)
seqr: Laying out IO file (1 file / 1MiB)
seqr: Laying out IO file (1 file / 1MiB)
seqr: Laying out IO file (1 file / 1MiB)

seqw: (groupid=0, jobs=64): err= 0: pid=3974: Wed Feb 12 16:50:01 2020
  read: IOPS=20.9k, BW=163MiB/s (171MB/s)(47.9GiB/300103msec)
    slat (usec): min=19, max=2497, avg=65.35, stdev=29.35
    clat (nsec): min=1123, max=732024k, avg=1463756.48, stdev=8739328.87
     lat (usec): min=353, max=732094, avg=1529.27, stdev=8739.84
    clat percentiles (usec):
     |  1.00th=[   420],  5.00th=[   457], 10.00th=[   482], 20.00th=[   515],
     | 30.00th=[   545], 40.00th=[   570], 50.00th=[   603], 60.00th=[   635],
     | 70.00th=[   685], 80.00th=[   742], 90.00th=[   865], 95.00th=[  1221],
     | 99.00th=[ 19530], 99.50th=[ 40109], 99.90th=[133694], 99.95th=[189793],
     | 99.99th=[308282]
   bw (  KiB/s): min=11743, max=321968, per=100.00%, avg=167467.17, stdev=1889.12, samples=19144
   iops        : min= 1467, max=40246, avg=20933.37, stdev=236.14, samples=19144
  write: IOPS=2052, BW=16.0MiB/s (16.8MB/s)(4813MiB/300098msec)
    slat (usec): min=25, max=2005, avg=83.01, stdev=35.61
    clat (usec): min=2, max=859296, avg=15498.02, stdev=33919.05
     lat (usec): min=1021, max=859353, avg=15581.27, stdev=33919.19
    clat percentiles (usec):
     |  1.00th=[  1221],  5.00th=[  1336], 10.00th=[  1418], 20.00th=[  1549],
     | 30.00th=[  1680], 40.00th=[  1942], 50.00th=[  4686], 60.00th=[  8455],
     | 70.00th=[ 11469], 80.00th=[ 17957], 90.00th=[ 34341], 95.00th=[ 63701],
     | 99.00th=[179307], 99.50th=[235930], 99.90th=[358613], 99.95th=[408945],
     | 99.99th=[526386]
   bw (  KiB/s): min=  752, max=34848, per=100.00%, avg=16452.92, stdev=198.20, samples=19133
   iops        : min=   94, max= 4356, avg=2056.59, stdev=24.78, samples=19133
  lat (usec)   : 2=0.01%, 4=0.01%, 10=0.01%, 20=0.01%, 50=0.01%
  lat (usec)   : 100=0.01%, 250=0.01%, 500=13.51%, 750=59.85%, 1000=11.86%
  lat (msec)   : 2=5.72%, 4=1.52%, 10=2.84%, 20=2.20%, 50=1.55%
  lat (msec)   : 100=0.56%, 250=0.34%, 500=0.06%, 750=0.01%, 1000=0.01%
  cpu          : usr=0.11%, sys=1.92%, ctx=13819067, majf=0, minf=31026
  IO depths    : 1=100.0%, 2=0.0%, 4=0.0%, 8=0.0%, 16=0.0%, 32=0.0%, >=64=0.0%
     submit    : 0=0.0%, 4=100.0%, 8=0.0%, 16=0.0%, 32=0.0%, 64=0.0%, >=64=0.0%
     complete  : 0=0.0%, 4=100.0%, 8=0.0%, 16=0.0%, 32=0.0%, 64=0.0%, >=64=0.0%
     issued rwts: total=6272493,616095,0,0 short=0,0,0,0 dropped=0,0,0,0
     latency   : target=0, window=0, percentile=100.00%, depth=1

Run status group 0 (all jobs):
   READ: bw=163MiB/s (171MB/s), 163MiB/s-163MiB/s (171MB/s-171MB/s), io=47.9GiB (51.4GB), run=300103-300103msec
  WRITE: bw=16.0MiB/s (16.8MB/s), 16.0MiB/s-16.0MiB/s (16.8MB/s-16.8MB/s), io=4813MiB (5047MB), run=300098-300098msec
