Jobs: 32 (f=32): [r(32)][100.0%][r=15.0MiB/s][r=2044 IOPS][eta 00m:00s]
randr: (groupid=0, jobs=32): err= 0: pid=31988: Tue Feb 18 21:20:58 2020
  read: IOPS=2066, BW=16.1MiB/s (16.9MB/s)(4844MiB/300030msec)
    slat (usec): min=2, max=779, avg=18.41, stdev=40.08
    clat (usec): min=434, max=150664, avg=15462.44, stdev=8255.79
     lat (usec): min=453, max=150671, avg=15480.97, stdev=8255.81
    clat percentiles (usec):
     |  1.00th=[  865],  5.00th=[ 5538], 10.00th=[ 7439], 20.00th=[ 9634],
     | 30.00th=[11207], 40.00th=[12649], 50.00th=[13960], 60.00th=[15401],
     | 70.00th=[17171], 80.00th=[19792], 90.00th=[25297], 95.00th=[30802],
     | 99.00th=[44827], 99.50th=[51119], 99.90th=[66847], 99.95th=[73925],
     | 99.99th=[90702]
   bw (  KiB/s): min=11568, max=21216, per=100.00%, avg=16553.66, stdev=48.80, samples=19168
   iops        : min= 1446, max= 2652, avg=2069.19, stdev= 6.10, samples=19168
  lat (usec)   : 500=0.01%, 750=0.14%, 1000=1.43%
  lat (msec)   : 2=0.40%, 4=0.92%, 10=19.15%, 20=58.33%, 50=19.06%
  lat (msec)   : 100=0.56%, 250=0.01%
  cpu          : usr=0.03%, sys=0.13%, ctx=620623, majf=0, minf=10499
  IO depths    : 1=100.0%, 2=0.0%, 4=0.0%, 8=0.0%, 16=0.0%, 32=0.0%, >=64=0.0%
     submit    : 0=0.0%, 4=100.0%, 8=0.0%, 16=0.0%, 32=0.0%, 64=0.0%, >=64=0.0%
     complete  : 0=0.0%, 4=100.0%, 8=0.0%, 16=0.0%, 32=0.0%, 64=0.0%, >=64=0.0%
     issued rwts: total=620082,0,0,0 short=0,0,0,0 dropped=0,0,0,0
     latency   : target=0, window=0, percentile=100.00%, depth=1

Run status group 0 (all jobs):
   READ: bw=16.1MiB/s (16.9MB/s), 16.1MiB/s-16.1MiB/s (16.9MB/s-16.9MB/s), io=4844MiB (5080MB), run=300030-300030msec
