randrw: (groupid=0, jobs=32): err= 0: pid=29970: Tue Feb 18 20:51:28 2020
  read: IOPS=1946, BW=15.2MiB/s (15.9MB/s)(4562MiB/300027msec)
    slat (usec): min=2, max=728, avg=15.98, stdev=37.21
    clat (usec): min=381, max=188573, avg=15755.87, stdev=8514.82
     lat (usec): min=389, max=188582, avg=15771.97, stdev=8514.92
    clat percentiles (usec):
     |  1.00th=[   889],  5.00th=[  5735], 10.00th=[  7635], 20.00th=[  9896],
     | 30.00th=[ 11469], 40.00th=[ 12780], 50.00th=[ 14222], 60.00th=[ 15664],
     | 70.00th=[ 17433], 80.00th=[ 20317], 90.00th=[ 25822], 95.00th=[ 31327],
     | 99.00th=[ 46400], 99.50th=[ 53216], 99.90th=[ 70779], 99.95th=[ 79168],
     | 99.99th=[103285]
   bw (  KiB/s): min= 9600, max=20160, per=100.00%, avg=15588.73, stdev=51.24, samples=19136
   iops        : min= 1200, max= 2520, avg=1948.57, stdev= 6.41, samples=19136
  write: IOPS=1949, BW=15.2MiB/s (15.0MB/s)(4569MiB/300027msec)
    slat (usec): min=3, max=647, avg=16.57, stdev=37.00
    clat (usec): min=81, max=6071, avg=647.93, stdev=164.72
     lat (usec): min=390, max=6085, avg=664.62, stdev=168.87
    clat percentiles (usec):
     |  1.00th=[  449],  5.00th=[  482], 10.00th=[  502], 20.00th=[  537],
     | 30.00th=[  562], 40.00th=[  594], 50.00th=[  619], 60.00th=[  644],
     | 70.00th=[  685], 80.00th=[  734], 90.00th=[  816], 95.00th=[  898],
     | 99.00th=[ 1172], 99.50th=[ 1352], 99.90th=[ 2212], 99.95th=[ 2737],
     | 99.99th=[ 4293]
   bw (  KiB/s): min= 5056, max=30288, per=100.00%, avg=15615.45, stdev=130.47, samples=19136
   iops        : min=  632, max= 3786, avg=1951.91, stdev=16.31, samples=19136
  lat (usec)   : 100=0.01%, 250=0.01%, 500=4.55%, 750=36.87%, 1000=8.11%
  lat (msec)   : 2=1.43%, 4=0.47%, 10=8.94%, 20=29.36%, 50=9.93%
  lat (msec)   : 100=0.34%, 250=0.01%
  cpu          : usr=0.06%, sys=0.20%, ctx=1169831, majf=0, minf=12325
  IO depths    : 1=100.0%, 2=0.0%, 4=0.0%, 8=0.0%, 16=0.0%, 32=0.0%, >=64=0.0%
     submit    : 0=0.0%, 4=100.0%, 8=0.0%, 16=0.0%, 32=0.0%, 64=0.0%, >=64=0.0%
     complete  : 0=0.0%, 4=100.0%, 8=0.0%, 16=0.0%, 32=0.0%, 64=0.0%, >=64=0.0%
     issued rwts: total=583948,584867,0,0 short=0,0,0,0 dropped=0,0,0,0
     latency   : target=0, window=0, percentile=100.00%, depth=1

Run status group 0 (all jobs):
   READ: bw=15.2MiB/s (15.9MB/s), 15.2MiB/s-15.2MiB/s (15.9MB/s-15.9MB/s), io=4562MiB (4784MB), run=300027-300027msec
  WRITE: bw=15.2MiB/s (15.0MB/s), 15.2MiB/s-15.2MiB/s (15.0MB/s-15.0MB/s), io=4569MiB (4791MB), run=300027-300027msec

