randr: (g=0): rw=randread, bs=(R) 8192B-8192B, (W) 8192B-8192B, (T) 8192B-8192B, ioengine=libaio, iodepth=1
...
fio-3.18
Starting 2 threads

randr: (groupid=0, jobs=2): err= 0: pid=60074: Wed Feb 19 19:12:39 2020
  read: IOPS=1412, BW=11.0MiB/s (11.6MB/s)(3310MiB/300014msec)
    slat (usec): min=22, max=331, avg=43.49, stdev= 5.93
    clat (usec): min=343, max=187028, avg=1371.04, stdev=3431.00
     lat (usec): min=379, max=187073, avg=1414.67, stdev=3430.74
    clat percentiles (usec):
     |  1.00th=[   498],  5.00th=[   545], 10.00th=[   562], 20.00th=[   594],
     | 30.00th=[   611], 40.00th=[   635], 50.00th=[   652], 60.00th=[   676],
     | 70.00th=[   701], 80.00th=[   734], 90.00th=[   816], 95.00th=[  5932],
     | 99.00th=[ 17695], 99.50th=[ 19268], 99.90th=[ 23462], 99.95th=[ 31589],
     | 99.99th=[105382]
   bw (  KiB/s): min= 1808, max=22048, per=100.00%, avg=11309.28, stdev=2941.03, samples=1198
   iops        : min=  226, max= 2756, avg=1413.66, stdev=367.63, samples=1198
  lat (usec)   : 500=1.07%, 750=82.18%, 1000=9.40%
  lat (msec)   : 2=0.80%, 4=0.93%, 10=2.13%, 20=3.18%, 50=0.28%
  lat (msec)   : 100=0.02%, 250=0.01%
  cpu          : usr=0.26%, sys=2.34%, ctx=826638, majf=0, minf=707
  IO depths    : 1=100.0%, 2=0.0%, 4=0.0%, 8=0.0%, 16=0.0%, 32=0.0%, >=64=0.0%
     submit    : 0=0.0%, 4=100.0%, 8=0.0%, 16=0.0%, 32=0.0%, 64=0.0%, >=64=0.0%
     complete  : 0=0.0%, 4=100.0%, 8=0.0%, 16=0.0%, 32=0.0%, 64=0.0%, >=64=0.0%
     issued rwts: total=423743,0,0,0 short=0,0,0,0 dropped=0,0,0,0
     latency   : target=0, window=0, percentile=100.00%, depth=1

Run status group 0 (all jobs):
   READ: bw=11.0MiB/s (11.6MB/s), 11.0MiB/s-11.0MiB/s (11.6MB/s-11.6MB/s), io=3310MiB (3471MB), run=300014-300014msec
