randr: (g=0): rw=randread, bs=(R) 8192B-8192B, (W) 8192B-8192B, (T) 8192B-8192B, ioengine=libaio, iodepth=1
...
fio-3.18
Starting 4 threads

randr: (groupid=0, jobs=4): err= 0: pid=59722: Wed Feb 19 19:07:08 2020
  read: IOPS=1662, BW=12.0MiB/s (13.6MB/s)(3897MiB/300011msec)
    slat (usec): min=22, max=376, avg=44.36, stdev= 8.13
    clat (usec): min=230, max=804083, avg=2360.07, stdev=5056.55
     lat (usec): min=404, max=804165, avg=2404.57, stdev=5056.43
    clat percentiles (usec):
     |  1.00th=[   506],  5.00th=[   553], 10.00th=[   570], 20.00th=[   603],
     | 30.00th=[   627], 40.00th=[   644], 50.00th=[   668], 60.00th=[   701],
     | 70.00th=[   742], 80.00th=[  1037], 90.00th=[  8356], 95.00th=[ 10945],
     | 99.00th=[ 18744], 99.50th=[ 20055], 99.90th=[ 29230], 99.95th=[ 45876],
     | 99.99th=[106431]
   bw (  KiB/s): min= 3216, max=26864, per=100.00%, avg=13329.54, stdev=1723.86, samples=2393
   iops        : min=  402, max= 3358, avg=1666.19, stdev=215.48, samples=2393
  lat (usec)   : 250=0.01%, 500=0.76%, 750=70.65%, 1000=8.50%
  lat (msec)   : 2=1.18%, 4=2.15%, 10=10.51%, 20=5.70%, 50=0.49%
  lat (msec)   : 100=0.03%, 250=0.02%, 500=0.01%, 750=0.01%, 1000=0.01%
  cpu          : usr=0.14%, sys=1.45%, ctx=928607, majf=0, minf=2762
  IO depths    : 1=100.0%, 2=0.0%, 4=0.0%, 8=0.0%, 16=0.0%, 32=0.0%, >=64=0.0%
     submit    : 0=0.0%, 4=100.0%, 8=0.0%, 16=0.0%, 32=0.0%, 64=0.0%, >=64=0.0%
     complete  : 0=0.0%, 4=100.0%, 8=0.0%, 16=0.0%, 32=0.0%, 64=0.0%, >=64=0.0%
     issued rwts: total=498771,0,0,0 short=0,0,0,0 dropped=0,0,0,0
     latency   : target=0, window=0, percentile=100.00%, depth=1

Run status group 0 (all jobs):
   READ: bw=12.0MiB/s (13.6MB/s), 12.0MiB/s-12.0MiB/s (13.6MB/s-13.6MB/s), io=3897MiB (4086MB), run=300011-300011msec
