randr: (g=0): rw=randread, bs=(R) 8192B-8192B, (W) 8192B-8192B, (T) 8192B-8192B, ioengine=libaio, iodepth=1
...
fio-3.18
Starting 64 threads

randr: (groupid=0, jobs=64): err= 0: pid=58178: Wed Feb 19 18:45:03 2020
  read: IOPS=3464, BW=27.1MiB/s (28.4MB/s)(8123MiB/300081msec)
    slat (usec): min=22, max=1672, avg=53.04, stdev=12.22
    clat (usec): min=196, max=575620, avg=18411.33, stdev=17111.41
     lat (usec): min=446, max=575669, avg=18464.55, stdev=17111.43
    clat percentiles (usec):
     |  1.00th=[   586],  5.00th=[   725], 10.00th=[  6194], 20.00th=[  9372],
     | 30.00th=[ 10814], 40.00th=[ 12649], 50.00th=[ 14615], 60.00th=[ 16712],
     | 70.00th=[ 19530], 80.00th=[ 23725], 90.00th=[ 32113], 95.00th=[ 44827],
     | 99.00th=[ 91751], 99.50th=[106431], 99.90th=[158335], 99.95th=[196084],
     | 99.99th=[291505]
   bw (  KiB/s): min= 7248, max=42640, per=100.00%, avg=27757.69, stdev=88.17, samples=38301
   iops        : min=  906, max= 5330, avg=3469.57, stdev=11.02, samples=38301
  lat (usec)   : 250=0.01%, 500=0.03%, 750=5.37%, 1000=0.89%
  lat (msec)   : 2=0.63%, 4=1.24%, 10=16.17%, 20=47.03%, 50=24.47%
  lat (msec)   : 100=3.48%, 250=0.65%, 500=0.02%, 750=0.01%
  cpu          : usr=0.02%, sys=0.22%, ctx=2040666, majf=0, minf=7252
  IO depths    : 1=100.0%, 2=0.0%, 4=0.0%, 8=0.0%, 16=0.0%, 32=0.0%, >=64=0.0%
     submit    : 0=0.0%, 4=100.0%, 8=0.0%, 16=0.0%, 32=0.0%, 64=0.0%, >=64=0.0%
     complete  : 0=0.0%, 4=100.0%, 8=0.0%, 16=0.0%, 32=0.0%, 64=0.0%, >=64=0.0%
     issued rwts: total=1039723,0,0,0 short=0,0,0,0 dropped=0,0,0,0
     latency   : target=0, window=0, percentile=100.00%, depth=1

Run status group 0 (all jobs):
   READ: bw=27.1MiB/s (28.4MB/s), 27.1MiB/s-27.1MiB/s (28.4MB/s-28.4MB/s), io=8123MiB (8517MB), run=300081-300081msec
