randr: (g=0): rw=randread, bs=(R) 8192B-8192B, (W) 8192B-8192B, (T) 8192B-8192B, ioengine=libaio, iodepth=1
...
fio-3.18
Starting 16 threads

randr: (groupid=0, jobs=16): err= 0: pid=22051: Thu Feb 20 18:05:46 2020
  read: IOPS=24.6k, BW=192MiB/s (201MB/s)(56.3GiB/300002msec)
    slat (usec): min=18, max=1761, avg=59.97, stdev=23.71
    clat (nsec): min=1924, max=158572k, avg=589011.50, stdev=534313.52
     lat (usec): min=355, max=158625, avg=649.14, stdev=534.87
    clat percentiles (usec):
     |  1.00th=[  408],  5.00th=[  445], 10.00th=[  465], 20.00th=[  494],
     | 30.00th=[  515], 40.00th=[  537], 50.00th=[  553], 60.00th=[  578],
     | 70.00th=[  603], 80.00th=[  635], 90.00th=[  693], 95.00th=[  742],
     | 99.00th=[  971], 99.50th=[ 2442], 99.90th=[ 4424], 99.95th=[ 4948],
     | 99.99th=[ 7504]
   bw (  KiB/s): min=173200, max=213600, per=100.00%, avg=196938.86, stdev=876.02, samples=9568
   iops        : min=21650, max=26700, avg=24617.34, stdev=109.50, samples=9568
  lat (usec)   : 2=0.01%, 4=0.01%, 10=0.01%, 50=0.01%, 100=0.01%
  lat (usec)   : 250=0.01%, 500=23.52%, 750=71.75%, 1000=3.78%
  lat (msec)   : 2=0.33%, 4=0.47%, 10=0.15%, 20=0.01%, 50=0.01%
  lat (msec)   : 100=0.01%, 250=0.01%
  cpu          : usr=0.50%, sys=7.55%, ctx=14291288, majf=0, minf=23188
  IO depths    : 1=100.0%, 2=0.0%, 4=0.0%, 8=0.0%, 16=0.0%, 32=0.0%, >=64=0.0%
     submit    : 0=0.0%, 4=100.0%, 8=0.0%, 16=0.0%, 32=0.0%, 64=0.0%, >=64=0.0%
     complete  : 0=0.0%, 4=100.0%, 8=0.0%, 16=0.0%, 32=0.0%, 64=0.0%, >=64=0.0%
     issued rwts: total=7376987,0,0,0 short=0,0,0,0 dropped=0,0,0,0
     latency   : target=0, window=0, percentile=100.00%, depth=1

Run status group 0 (all jobs):
   READ: bw=192MiB/s (201MB/s), 192MiB/s-192MiB/s (201MB/s-201MB/s), io=56.3GiB (60.4GB), run=300002-300002msec
