randr: (g=0): rw=randread, bs=(R) 8192B-8192B, (W) 8192B-8192B, (T) 8192B-8192B, ioengine=libaio, iodepth=1
...
fio-3.18
Starting 128 threads

randr: (groupid=0, jobs=128): err= 0: pid=20634: Thu Feb 20 17:49:12 2020
  read: IOPS=38.0k, BW=297MiB/s (311MB/s)(87.0GiB/300013msec)
    slat (usec): min=30, max=20570, avg=2516.20, stdev=2173.23
    clat (nsec): min=601, max=280318k, avg=848390.91, stdev=1929693.91
     lat (usec): min=448, max=281307, avg=3364.94, stdev=2916.34
    clat percentiles (usec):
     |  1.00th=[    3],  5.00th=[  519], 10.00th=[  578], 20.00th=[  627],
     | 30.00th=[  660], 40.00th=[  693], 50.00th=[  725], 60.00th=[  766],
     | 70.00th=[  816], 80.00th=[  889], 90.00th=[ 1037], 95.00th=[ 1254],
     | 99.00th=[ 3064], 99.50th=[ 4293], 99.90th=[15270], 99.95th=[41681],
     | 99.99th=[94897]
   bw (  KiB/s): min=184208, max=492784, per=100.00%, avg=304516.28, stdev=436.21, samples=76544
   iops        : min=23026, max=61598, avg=38064.43, stdev=54.53, samples=76544
  lat (nsec)   : 750=0.01%, 1000=0.01%
  lat (usec)   : 2=0.66%, 4=1.14%, 10=0.10%, 20=0.02%, 50=0.09%
  lat (usec)   : 100=0.26%, 250=0.69%, 500=1.29%, 750=51.43%, 1000=32.61%
  lat (msec)   : 2=10.00%, 4=1.11%, 10=0.48%, 20=0.03%, 50=0.05%
  lat (msec)   : 100=0.03%, 250=0.01%, 500=0.01%
  cpu          : usr=0.12%, sys=25.49%, ctx=32936402, majf=0, minf=73597
  IO depths    : 1=100.0%, 2=0.0%, 4=0.0%, 8=0.0%, 16=0.0%, 32=0.0%, >=64=0.0%
     submit    : 0=0.0%, 4=100.0%, 8=0.0%, 16=0.0%, 32=0.0%, 64=0.0%, >=64=0.0%
     complete  : 0=0.0%, 4=100.0%, 8=0.0%, 16=0.0%, 32=0.0%, 64=0.0%, >=64=0.0%
     issued rwts: total=11403710,0,0,0 short=0,0,0,0 dropped=0,0,0,0
     latency   : target=0, window=0, percentile=100.00%, depth=1

Run status group 0 (all jobs):
   READ: bw=297MiB/s (311MB/s), 297MiB/s-297MiB/s (311MB/s-311MB/s), io=87.0GiB (93.4GB), run=300013-300013msec
