randr: (g=0): rw=randread, bs=(R) 8192B-8192B, (W) 8192B-8192B, (T) 8192B-8192B, ioengine=libaio, iodepth=1
fio-3.18
Starting 1 thread

randr: (groupid=0, jobs=1): err= 0: pid=60435: Wed Feb 19 19:18:10 2020
  read: IOPS=898, BW=7184KiB/s (7357kB/s)(2105MiB/300001msec)
    slat (usec): min=23, max=223, avg=40.40, stdev= 4.31
    clat (usec): min=266, max=163444, avg=1071.87, stdev=2716.13
     lat (usec): min=380, max=163482, avg=1112.40, stdev=2716.34
    clat percentiles (usec):
     |  1.00th=[  486],  5.00th=[  537], 10.00th=[  562], 20.00th=[  586],
     | 30.00th=[  611], 40.00th=[  627], 50.00th=[  652], 60.00th=[  668],
     | 70.00th=[  693], 80.00th=[  725], 90.00th=[  783], 95.00th=[  914],
     | 99.00th=[16319], 99.50th=[18220], 99.90th=[21103], 99.95th=[26608],
     | 99.99th=[90702]
   bw (  KiB/s): min= 1808, max=12000, per=100.00%, avg=7188.73, stdev=4097.61, samples=599
   iops        : min=  226, max= 1500, avg=898.59, stdev=512.20, samples=599
  lat (usec)   : 500=1.54%, 750=84.02%, 1000=10.00%
  lat (msec)   : 2=0.75%, 4=0.70%, 10=0.85%, 20=1.99%, 50=0.14%
  lat (msec)   : 100=0.02%, 250=0.01%
  cpu          : usr=0.31%, sys=2.76%, ctx=538161, majf=0, minf=191
  IO depths    : 1=100.0%, 2=0.0%, 4=0.0%, 8=0.0%, 16=0.0%, 32=0.0%, >=64=0.0%
     submit    : 0=0.0%, 4=100.0%, 8=0.0%, 16=0.0%, 32=0.0%, 64=0.0%, >=64=0.0%
     complete  : 0=0.0%, 4=100.0%, 8=0.0%, 16=0.0%, 32=0.0%, 64=0.0%, >=64=0.0%
     issued rwts: total=269414,0,0,0 short=0,0,0,0 dropped=0,0,0,0
     latency   : target=0, window=0, percentile=100.00%, depth=1

Run status group 0 (all jobs):
   READ: bw=7184KiB/s (7357kB/s), 7184KiB/s-7184KiB/s (7357kB/s-7357kB/s), io=2105MiB (2207MB), run=300001-300001msec
