randr: (g=0): rw=randread, bs=(R) 8192B-8192B, (W) 8192B-8192B, (T) 8192B-8192B, ioengine=libaio, iodepth=1
...
fio-3.18
Starting 32 threads

randr: (groupid=0, jobs=32): err= 0: pid=21628: Thu Feb 20 18:00:15 2020
  read: IOPS=39.6k, BW=309MiB/s (324MB/s)(90.6GiB/300003msec)
    slat (usec): min=22, max=2220, avg=112.42, stdev=58.49
    clat (nsec): min=1443, max=274722k, avg=694111.48, stdev=751234.36
     lat (usec): min=377, max=274774, avg=806.70, stdev=753.71
    clat percentiles (usec):
     |  1.00th=[  457],  5.00th=[  502], 10.00th=[  529], 20.00th=[  562],
     | 30.00th=[  594], 40.00th=[  619], 50.00th=[  644], 60.00th=[  676],
     | 70.00th=[  709], 80.00th=[  750], 90.00th=[  832], 95.00th=[  906],
     | 99.00th=[ 1647], 99.50th=[ 3228], 99.90th=[ 5211], 99.95th=[ 5932],
     | 99.99th=[ 9110]
   bw (  KiB/s): min=275424, max=344608, per=100.00%, avg=317021.34, stdev=805.26, samples=19136
   iops        : min=34428, max=43076, avg=39627.63, stdev=100.66, samples=19136
  lat (usec)   : 2=0.01%, 4=0.01%, 10=0.01%, 20=0.01%, 50=0.01%
  lat (usec)   : 100=0.01%, 250=0.01%, 500=5.01%, 750=74.34%, 1000=18.11%
  lat (msec)   : 2=1.66%, 4=0.59%, 10=0.29%, 20=0.01%, 50=0.01%
  lat (msec)   : 100=0.01%, 250=0.01%, 500=0.01%
  cpu          : usr=0.50%, sys=11.95%, ctx=24383691, majf=0, minf=9684
  IO depths    : 1=100.0%, 2=0.0%, 4=0.0%, 8=0.0%, 16=0.0%, 32=0.0%, >=64=0.0%
     submit    : 0=0.0%, 4=100.0%, 8=0.0%, 16=0.0%, 32=0.0%, 64=0.0%, >=64=0.0%
     complete  : 0=0.0%, 4=100.0%, 8=0.0%, 16=0.0%, 32=0.0%, 64=0.0%, >=64=0.0%
     issued rwts: total=11874497,0,0,0 short=0,0,0,0 dropped=0,0,0,0
     latency   : target=0, window=0, percentile=100.00%, depth=1

Run status group 0 (all jobs):
   READ: bw=309MiB/s (324MB/s), 309MiB/s-309MiB/s (324MB/s-324MB/s), io=90.6GiB (97.3GB), run=300003-300003msec
