randr: (g=0): rw=randread, bs=(R) 8192B-8192B, (W) 8192B-8192B, (T) 8192B-8192B, ioengine=libaio, iodepth=1
...
fio-3.18
Starting 8 threads

randr: (groupid=0, jobs=8): err= 0: pid=22563: Thu Feb 20 18:11:17 2020
  read: IOPS=13.7k, BW=107MiB/s (113MB/s)(31.4GiB/300001msec)
    slat (usec): min=18, max=676, avg=46.56, stdev=13.78
    clat (nsec): min=1794, max=18338k, avg=534186.76, stdev=214079.36
     lat (usec): min=331, max=18395, avg=580.89, stdev=214.55
    clat percentiles (usec):
     |  1.00th=[  379],  5.00th=[  412], 10.00th=[  433], 20.00th=[  457],
     | 30.00th=[  478], 40.00th=[  494], 50.00th=[  510], 60.00th=[  529],
     | 70.00th=[  545], 80.00th=[  578], 90.00th=[  627], 95.00th=[  676],
     | 99.00th=[  832], 99.50th=[ 1876], 99.90th=[ 3949], 99.95th=[ 4359],
     | 99.99th=[ 5014]
   bw (  KiB/s): min=100720, max=118976, per=100.00%, avg=110034.61, stdev=366.71, samples=4792
   iops        : min=12590, max=14872, avg=13754.32, stdev=45.84, samples=4792
  lat (usec)   : 2=0.01%, 4=0.01%, 10=0.01%, 50=0.01%, 100=0.01%
  lat (usec)   : 250=0.01%, 500=44.62%, 750=53.50%, 1000=1.19%
  lat (msec)   : 2=0.21%, 4=0.38%, 10=0.09%, 20=0.01%
  cpu          : usr=0.59%, sys=6.33%, ctx=7819533, majf=0, minf=5994
  IO depths    : 1=100.0%, 2=0.0%, 4=0.0%, 8=0.0%, 16=0.0%, 32=0.0%, >=64=0.0%
     submit    : 0=0.0%, 4=100.0%, 8=0.0%, 16=0.0%, 32=0.0%, 64=0.0%, >=64=0.0%
     complete  : 0=0.0%, 4=100.0%, 8=0.0%, 16=0.0%, 32=0.0%, 64=0.0%, >=64=0.0%
     issued rwts: total=4121860,0,0,0 short=0,0,0,0 dropped=0,0,0,0
     latency   : target=0, window=0, percentile=100.00%, depth=1

Run status group 0 (all jobs):
   READ: bw=107MiB/s (113MB/s), 107MiB/s-107MiB/s (113MB/s-113MB/s), io=31.4GiB (33.8GB), run=300001-300001msec
