randr: (g=0): rw=randread, bs=(R) 8192B-8192B, (W) 8192B-8192B, (T) 8192B-8192B, ioengine=libaio, iodepth=1
...
fio-3.18
Starting 16 threads

randr: (groupid=0, jobs=16): err= 0: pid=58893: Wed Feb 19 18:56:05 2020
  read: IOPS=2168, BW=16.9MiB/s (17.8MB/s)(5083MiB/300107msec)
    slat (usec): min=23, max=807, avg=48.47, stdev=10.80
    clat (usec): min=6, max=558701, avg=7327.21, stdev=9156.74
     lat (usec): min=414, max=558751, avg=7375.83, stdev=9156.76
    clat percentiles (usec):
     |  1.00th=[   529],  5.00th=[   578], 10.00th=[   611], 20.00th=[   660],
     | 30.00th=[   734], 40.00th=[  4146], 50.00th=[  7373], 60.00th=[  8717],
     | 70.00th=[  9634], 80.00th=[ 10683], 90.00th=[ 14091], 95.00th=[ 17433],
     | 99.00th=[ 39584], 99.50th=[ 72877], 99.90th=[ 99091], 99.95th=[106431],
     | 99.99th=[123208]
   bw (  KiB/s): min= 5488, max=29712, per=100.00%, avg=17368.04, stdev=375.27, samples=9584
   iops        : min=  686, max= 3714, avg=2171.00, stdev=46.91, samples=9584
  lat (usec)   : 10=0.01%, 50=0.01%, 250=0.01%, 500=0.24%, 750=31.06%
  lat (usec)   : 1000=4.34%
  lat (msec)   : 2=1.36%, 4=2.76%, 10=34.14%, 20=22.89%, 50=2.38%
  lat (msec)   : 100=0.73%, 250=0.09%, 500=0.01%, 750=0.01%
  cpu          : usr=0.05%, sys=0.52%, ctx=1229372, majf=0, minf=10364
  IO depths    : 1=100.0%, 2=0.0%, 4=0.0%, 8=0.0%, 16=0.0%, 32=0.0%, >=64=0.0%
     submit    : 0=0.0%, 4=100.0%, 8=0.0%, 16=0.0%, 32=0.0%, 64=0.0%, >=64=0.0%
     complete  : 0=0.0%, 4=100.0%, 8=0.0%, 16=0.0%, 32=0.0%, 64=0.0%, >=64=0.0%
     issued rwts: total=650642,0,0,0 short=0,0,0,0 dropped=0,0,0,0
     latency   : target=0, window=0, percentile=100.00%, depth=1

Run status group 0 (all jobs):
   READ: bw=16.9MiB/s (17.8MB/s), 16.9MiB/s-16.9MiB/s (17.8MB/s-17.8MB/s), io=5083MiB (5330MB), run=300107-300107msec
