randr: (g=0): rw=randread, bs=(R) 8192B-8192B, (W) 8192B-8192B, (T) 8192B-8192B, ioengine=libaio, iodepth=1
...
fio-3.18
Starting 64 threads

randr: (groupid=0, jobs=64): err= 0: pid=21231: Thu Feb 20 17:54:43 2020
  read: IOPS=38.3k, BW=299MiB/s (314MB/s)(87.7GiB/300006msec)
    slat (usec): min=28, max=7472, avg=919.78, stdev=286.90
    clat (nsec): min=621, max=12112k, avg=747641.77, stdev=395802.21
     lat (usec): min=448, max=13336, avg=1667.71, stdev=474.46
    clat percentiles (usec):
     |  1.00th=[  151],  5.00th=[  529], 10.00th=[  562], 20.00th=[  603],
     | 30.00th=[  627], 40.00th=[  660], 50.00th=[  693], 60.00th=[  725],
     | 70.00th=[  758], 80.00th=[  816], 90.00th=[  914], 95.00th=[ 1045],
     | 99.00th=[ 2573], 99.50th=[ 3785], 99.90th=[ 5604], 99.95th=[ 6128],
     | 99.99th=[ 7242]
   bw (  KiB/s): min=288551, max=324272, per=100.00%, avg=306966.77, stdev=90.99, samples=38272
   iops        : min=36068, max=40534, avg=38370.80, stdev=11.37, samples=38272
  lat (nsec)   : 750=0.01%, 1000=0.01%
  lat (usec)   : 2=0.20%, 4=0.46%, 10=0.04%, 20=0.01%, 50=0.04%
  lat (usec)   : 100=0.13%, 250=0.33%, 500=1.71%, 750=64.60%, 1000=26.38%
  lat (msec)   : 2=4.82%, 4=0.86%, 10=0.43%, 20=0.01%
  cpu          : usr=0.23%, sys=45.37%, ctx=33278636, majf=0, minf=13827
  IO depths    : 1=100.0%, 2=0.0%, 4=0.0%, 8=0.0%, 16=0.0%, 32=0.0%, >=64=0.0%
     submit    : 0=0.0%, 4=100.0%, 8=0.0%, 16=0.0%, 32=0.0%, 64=0.0%, >=64=0.0%
     complete  : 0=0.0%, 4=100.0%, 8=0.0%, 16=0.0%, 32=0.0%, 64=0.0%, >=64=0.0%
     issued rwts: total=11496908,0,0,0 short=0,0,0,0 dropped=0,0,0,0
     latency   : target=0, window=0, percentile=100.00%, depth=1

Run status group 0 (all jobs):
   READ: bw=299MiB/s (314MB/s), 299MiB/s-299MiB/s (314MB/s-314MB/s), io=87.7GiB (94.2GB), run=300006-300006msec
