randr: (g=0): rw=randread, bs=(R) 8192B-8192B, (W) 8192B-8192B, (T) 8192B-8192B, ioengine=libaio, iodepth=1
fio-3.18
Starting 1 thread

randr: (groupid=0, jobs=1): err= 0: pid=23547: Thu Feb 20 18:27:50 2020
  read: IOPS=1788, BW=13.0MiB/s (14.7MB/s)(4192MiB/300001msec)
    slat (usec): min=20, max=218, avg=35.30, stdev= 3.36
    clat (usec): min=284, max=257428, avg=522.80, stdev=1848.00
     lat (usec): min=318, max=257464, avg=558.24, stdev=1847.95
    clat percentiles (usec):
     |  1.00th=[  347],  5.00th=[  375], 10.00th=[  392], 20.00th=[  412],
     | 30.00th=[  429], 40.00th=[  441], 50.00th=[  453], 60.00th=[  469],
     | 70.00th=[  482], 80.00th=[  494], 90.00th=[  523], 95.00th=[  545],
     | 99.00th=[  717], 99.50th=[ 2114], 99.90th=[20579], 99.95th=[44827],
     | 99.99th=[86508]
   bw (  KiB/s): min=  288, max=17440, per=100.00%, avg=14320.08, stdev=4629.83, samples=599
   iops        : min=   36, max= 2180, avg=1790.01, stdev=578.73, samples=599
  lat (usec)   : 500=82.50%, 750=16.61%, 1000=0.21%
  lat (msec)   : 2=0.17%, 4=0.32%, 10=0.06%, 20=0.03%, 50=0.06%
  lat (msec)   : 100=0.03%, 250=0.01%, 500=0.01%
  cpu          : usr=0.62%, sys=4.63%, ctx=1071423, majf=0, minf=140
  IO depths    : 1=100.0%, 2=0.0%, 4=0.0%, 8=0.0%, 16=0.0%, 32=0.0%, >=64=0.0%
     submit    : 0=0.0%, 4=100.0%, 8=0.0%, 16=0.0%, 32=0.0%, 64=0.0%, >=64=0.0%
     complete  : 0=0.0%, 4=100.0%, 8=0.0%, 16=0.0%, 32=0.0%, 64=0.0%, >=64=0.0%
     issued rwts: total=536518,0,0,0 short=0,0,0,0 dropped=0,0,0,0
     latency   : target=0, window=0, percentile=100.00%, depth=1

Run status group 0 (all jobs):
   READ: bw=13.0MiB/s (14.7MB/s), 13.0MiB/s-13.0MiB/s (14.7MB/s-14.7MB/s), io=4192MiB (4395MB), run=300001-300001msec
