randr: (g=0): rw=randread, bs=(R) 8192B-8192B, (W) 8192B-8192B, (T) 8192B-8192B, ioengine=libaio, iodepth=1
...
fio-3.18
Starting 4 threads

randr: (groupid=0, jobs=4): err= 0: pid=22881: Thu Feb 20 18:16:48 2020
  read: IOPS=7172, BW=56.0MiB/s (58.8MB/s)(16.4GiB/300001msec)
    slat (usec): min=18, max=343, avg=41.20, stdev= 9.04
    clat (usec): min=211, max=209923, avg=515.23, stdev=1141.24
     lat (usec): min=306, max=209969, avg=556.56, stdev=1141.31
    clat percentiles (usec):
     |  1.00th=[  363],  5.00th=[  396], 10.00th=[  412], 20.00th=[  437],
     | 30.00th=[  453], 40.00th=[  469], 50.00th=[  482], 60.00th=[  498],
     | 70.00th=[  515], 80.00th=[  537], 90.00th=[  578], 95.00th=[  627],
     | 99.00th=[  758], 99.50th=[ 1532], 99.90th=[ 3851], 99.95th=[ 4293],
     | 99.99th=[56886]
   bw (  KiB/s): min=39984, max=64560, per=100.00%, avg=57435.30, stdev=2068.48, samples=2396
   iops        : min= 4998, max= 8070, avg=7179.41, stdev=258.56, samples=2396
  lat (usec)   : 250=0.01%, 500=61.87%, 750=37.06%, 1000=0.47%
  lat (msec)   : 2=0.18%, 4=0.34%, 10=0.06%, 20=0.01%, 50=0.01%
  lat (msec)   : 100=0.01%, 250=0.01%
  cpu          : usr=0.65%, sys=5.54%, ctx=4265918, majf=0, minf=1511
  IO depths    : 1=100.0%, 2=0.0%, 4=0.0%, 8=0.0%, 16=0.0%, 32=0.0%, >=64=0.0%
     submit    : 0=0.0%, 4=100.0%, 8=0.0%, 16=0.0%, 32=0.0%, 64=0.0%, >=64=0.0%
     complete  : 0=0.0%, 4=100.0%, 8=0.0%, 16=0.0%, 32=0.0%, 64=0.0%, >=64=0.0%
     issued rwts: total=2151642,0,0,0 short=0,0,0,0 dropped=0,0,0,0
     latency   : target=0, window=0, percentile=100.00%, depth=1

Run status group 0 (all jobs):
   READ: bw=56.0MiB/s (58.8MB/s), 56.0MiB/s-56.0MiB/s (58.8MB/s-58.8MB/s), io=16.4GiB (17.6GB), run=300001-300001msec
