randr: (g=0): rw=randread, bs=(R) 8192B-8192B, (W) 8192B-8192B, (T) 8192B-8192B, ioengine=libaio, iodepth=1
...
fio-3.18
Starting 8 threads

randr: (groupid=0, jobs=8): err= 0: pid=59270: Wed Feb 19 19:01:36 2020
  read: IOPS=1826, BW=14.3MiB/s (14.0MB/s)(4281MiB/300009msec)
    slat (usec): min=22, max=637, avg=45.84, stdev= 9.57
    clat (usec): min=133, max=776349, avg=4331.96, stdev=6946.31
     lat (usec): min=389, max=776410, avg=4377.96, stdev=6946.39
    clat percentiles (usec):
     |  1.00th=[   519],  5.00th=[   562], 10.00th=[   586], 20.00th=[   627],
     | 30.00th=[   652], 40.00th=[   693], 50.00th=[   742], 60.00th=[  2376],
     | 70.00th=[  6915], 80.00th=[  8848], 90.00th=[ 10290], 95.00th=[ 14222],
     | 99.00th=[ 21627], 99.50th=[ 26608], 99.90th=[ 76022], 99.95th=[100140],
     | 99.99th=[158335]
   bw (  KiB/s): min= 1088, max=27888, per=100.00%, avg=14626.83, stdev=879.50, samples=4792
   iops        : min=  136, max= 3486, avg=1828.35, stdev=109.94, samples=4792
  lat (usec)   : 250=0.01%, 500=0.45%, 750=50.84%, 1000=6.90%
  lat (msec)   : 2=1.32%, 4=2.93%, 10=25.81%, 20=10.41%, 50=1.15%
  lat (msec)   : 100=0.12%, 250=0.05%, 500=0.01%, 750=0.01%, 1000=0.01%
  cpu          : usr=0.08%, sys=0.84%, ctx=1015609, majf=0, minf=6479
  IO depths    : 1=100.0%, 2=0.0%, 4=0.0%, 8=0.0%, 16=0.0%, 32=0.0%, >=64=0.0%
     submit    : 0=0.0%, 4=100.0%, 8=0.0%, 16=0.0%, 32=0.0%, 64=0.0%, >=64=0.0%
     complete  : 0=0.0%, 4=100.0%, 8=0.0%, 16=0.0%, 32=0.0%, 64=0.0%, >=64=0.0%
     issued rwts: total=547999,0,0,0 short=0,0,0,0 dropped=0,0,0,0
     latency   : target=0, window=0, percentile=100.00%, depth=1

Run status group 0 (all jobs):
   READ: bw=14.3MiB/s (14.0MB/s), 14.3MiB/s-14.3MiB/s (14.0MB/s-14.0MB/s), io=4281MiB (4489MB), run=300009-300009msec
