seqr: (g=0): rw=read, bs=(R) 64.0KiB-64.0KiB, (W) 64.0KiB-64.0KiB, (T) 64.0KiB-64.0KiB, ioengine=libaio, iodepth=1
...
fio-3.18
Starting 32 threads

seqr: (groupid=0, jobs=32): err= 0: pid=15512: Thu Feb 20 16:31:25 2020
  read: IOPS=17.9k, BW=1117MiB/s (1171MB/s)(327GiB/300004msec)
    slat (usec): min=19, max=1747, avg=57.87, stdev=20.82
    clat (nsec): min=1573, max=244658k, avg=1731038.74, stdev=1870250.09
     lat (usec): min=604, max=244701, avg=1789.11, stdev=1870.44
    clat percentiles (usec):
     |  1.00th=[ 1029],  5.00th=[ 1156], 10.00th=[ 1237], 20.00th=[ 1336],
     | 30.00th=[ 1500], 40.00th=[ 1647], 50.00th=[ 1729], 60.00th=[ 1778],
     | 70.00th=[ 1844], 80.00th=[ 1893], 90.00th=[ 1991], 95.00th=[ 2147],
     | 99.00th=[ 2966], 99.50th=[ 4228], 99.90th=[ 8029], 99.95th=[41157],
     | 99.99th=[95945]
   bw (  MiB/s): min=  746, max= 1492, per=100.00%, avg=1118.05, stdev= 5.66, samples=19136
   iops        : min=11936, max=23883, avg=17888.75, stdev=90.55, samples=19136
  lat (usec)   : 2=0.01%, 4=0.01%, 10=0.01%, 250=0.01%, 500=0.01%
  lat (usec)   : 750=0.01%, 1000=0.65%
  lat (msec)   : 2=89.83%, 4=8.93%, 10=0.50%, 20=0.02%, 50=0.04%
  lat (msec)   : 100=0.03%, 250=0.01%
  cpu          : usr=0.19%, sys=2.61%, ctx=10203773, majf=0, minf=36425
  IO depths    : 1=100.0%, 2=0.0%, 4=0.0%, 8=0.0%, 16=0.0%, 32=0.0%, >=64=0.0%
     submit    : 0=0.0%, 4=100.0%, 8=0.0%, 16=0.0%, 32=0.0%, 64=0.0%, >=64=0.0%
     complete  : 0=0.0%, 4=100.0%, 8=0.0%, 16=0.0%, 32=0.0%, 64=0.0%, >=64=0.0%
     issued rwts: total=5360407,0,0,0 short=0,0,0,0 dropped=0,0,0,0
     latency   : target=0, window=0, percentile=100.00%, depth=1

Run status group 0 (all jobs):
   READ: bw=1117MiB/s (1171MB/s), 1117MiB/s-1117MiB/s (1171MB/s-1171MB/s), io=327GiB (351GB), run=300004-300004msec
