seqr: (g=0): rw=read, bs=(R) 64.0KiB-64.0KiB, (W) 64.0KiB-64.0KiB, (T) 64.0KiB-64.0KiB, ioengine=libaio, iodepth=1
...
fio-3.18
Starting 128 threads
seqr: Laying out IO file (1 file / 2048MiB)
seqr: Laying out IO file (1 file / 2048MiB)
seqr: Laying out IO file (1 file / 2048MiB)
seqr: Laying out IO file (1 file / 2048MiB)
seqr: Laying out IO file (1 file / 2048MiB)
seqr: Laying out IO file (1 file / 2048MiB)
seqr: Laying out IO file (1 file / 2048MiB)
seqr: Laying out IO file (1 file / 2048MiB)
seqr: Laying out IO file (1 file / 2048MiB)
seqr: Laying out IO file (1 file / 2048MiB)
seqr: Laying out IO file (1 file / 2048MiB)
seqr: Laying out IO file (1 file / 2048MiB)
seqr: Laying out IO file (1 file / 2048MiB)
seqr: Laying out IO file (1 file / 2048MiB)
seqr: Laying out IO file (1 file / 2048MiB)
seqr: Laying out IO file (1 file / 2048MiB)
seqr: Laying out IO file (1 file / 2048MiB)
seqr: Laying out IO file (1 file / 2048MiB)
seqr: Laying out IO file (1 file / 2048MiB)
seqr: Laying out IO file (1 file / 2048MiB)
seqr: Laying out IO file (1 file / 2048MiB)
seqr: Laying out IO file (1 file / 2048MiB)
seqr: Laying out IO file (1 file / 2048MiB)
seqr: Laying out IO file (1 file / 2048MiB)
seqr: Laying out IO file (1 file / 2048MiB)
seqr: Laying out IO file (1 file / 2048MiB)
seqr: Laying out IO file (1 file / 2048MiB)
seqr: Laying out IO file (1 file / 2048MiB)
seqr: Laying out IO file (1 file / 2048MiB)
seqr: Laying out IO file (1 file / 2048MiB)
seqr: Laying out IO file (1 file / 2048MiB)
seqr: Laying out IO file (1 file / 2048MiB)
seqr: Laying out IO file (1 file / 2048MiB)
seqr: Laying out IO file (1 file / 2048MiB)
seqr: Laying out IO file (1 file / 2048MiB)
seqr: Laying out IO file (1 file / 2048MiB)
seqr: Laying out IO file (1 file / 2048MiB)
seqr: Laying out IO file (1 file / 2048MiB)
seqr: Laying out IO file (1 file / 2048MiB)
seqr: Laying out IO file (1 file / 2048MiB)
seqr: Laying out IO file (1 file / 2048MiB)
seqr: Laying out IO file (1 file / 2048MiB)
seqr: Laying out IO file (1 file / 2048MiB)
seqr: Laying out IO file (1 file / 2048MiB)
seqr: Laying out IO file (1 file / 2048MiB)
seqr: Laying out IO file (1 file / 2048MiB)
seqr: Laying out IO file (1 file / 2048MiB)
seqr: Laying out IO file (1 file / 2048MiB)
seqr: Laying out IO file (1 file / 2048MiB)
seqr: Laying out IO file (1 file / 2048MiB)
seqr: Laying out IO file (1 file / 2048MiB)
seqr: Laying out IO file (1 file / 2048MiB)
seqr: Laying out IO file (1 file / 2048MiB)
seqr: Laying out IO file (1 file / 2048MiB)
seqr: Laying out IO file (1 file / 2048MiB)
seqr: Laying out IO file (1 file / 2048MiB)
seqr: Laying out IO file (1 file / 2048MiB)
seqr: Laying out IO file (1 file / 2048MiB)
seqr: Laying out IO file (1 file / 2048MiB)
seqr: Laying out IO file (1 file / 2048MiB)
seqr: Laying out IO file (1 file / 2048MiB)
seqr: Laying out IO file (1 file / 2048MiB)
seqr: Laying out IO file (1 file / 2048MiB)
seqr: Laying out IO file (1 file / 2048MiB)
seqr: Laying out IO file (1 file / 2048MiB)
seqr: Laying out IO file (1 file / 2048MiB)
seqr: Laying out IO file (1 file / 2048MiB)
seqr: Laying out IO file (1 file / 2048MiB)
seqr: Laying out IO file (1 file / 2048MiB)
seqr: Laying out IO file (1 file / 2048MiB)
seqr: Laying out IO file (1 file / 2048MiB)
seqr: Laying out IO file (1 file / 2048MiB)
seqr: Laying out IO file (1 file / 2048MiB)
seqr: Laying out IO file (1 file / 2048MiB)
seqr: Laying out IO file (1 file / 2048MiB)
seqr: Laying out IO file (1 file / 2048MiB)
seqr: Laying out IO file (1 file / 2048MiB)
seqr: Laying out IO file (1 file / 2048MiB)
seqr: Laying out IO file (1 file / 2048MiB)
seqr: Laying out IO file (1 file / 2048MiB)
seqr: Laying out IO file (1 file / 2048MiB)
seqr: Laying out IO file (1 file / 2048MiB)
seqr: Laying out IO file (1 file / 2048MiB)
seqr: Laying out IO file (1 file / 2048MiB)
seqr: Laying out IO file (1 file / 2048MiB)
seqr: Laying out IO file (1 file / 2048MiB)
seqr: Laying out IO file (1 file / 2048MiB)
seqr: Laying out IO file (1 file / 2048MiB)
seqr: Laying out IO file (1 file / 2048MiB)
seqr: Laying out IO file (1 file / 2048MiB)
seqr: Laying out IO file (1 file / 2048MiB)
seqr: Laying out IO file (1 file / 2048MiB)
seqr: Laying out IO file (1 file / 2048MiB)
seqr: Laying out IO file (1 file / 2048MiB)
seqr: Laying out IO file (1 file / 2048MiB)
seqr: Laying out IO file (1 file / 2048MiB)
seqr: Laying out IO file (1 file / 2048MiB)
seqr: Laying out IO file (1 file / 2048MiB)
seqr: Laying out IO file (1 file / 2048MiB)
seqr: Laying out IO file (1 file / 2048MiB)
seqr: Laying out IO file (1 file / 2048MiB)
seqr: Laying out IO file (1 file / 2048MiB)
seqr: Laying out IO file (1 file / 2048MiB)
seqr: Laying out IO file (1 file / 2048MiB)
seqr: Laying out IO file (1 file / 2048MiB)
seqr: Laying out IO file (1 file / 2048MiB)
seqr: Laying out IO file (1 file / 2048MiB)
seqr: Laying out IO file (1 file / 2048MiB)
seqr: Laying out IO file (1 file / 2048MiB)
seqr: Laying out IO file (1 file / 2048MiB)
seqr: Laying out IO file (1 file / 2048MiB)
seqr: Laying out IO file (1 file / 2048MiB)
seqr: Laying out IO file (1 file / 2048MiB)
seqr: Laying out IO file (1 file / 2048MiB)
seqr: Laying out IO file (1 file / 2048MiB)
seqr: Laying out IO file (1 file / 2048MiB)
seqr: Laying out IO file (1 file / 2048MiB)
seqr: Laying out IO file (1 file / 2048MiB)
seqr: Laying out IO file (1 file / 2048MiB)
seqr: Laying out IO file (1 file / 2048MiB)
seqr: Laying out IO file (1 file / 2048MiB)
seqr: Laying out IO file (1 file / 2048MiB)
seqr: Laying out IO file (1 file / 2048MiB)
seqr: Laying out IO file (1 file / 2048MiB)
seqr: Laying out IO file (1 file / 2048MiB)
seqr: Laying out IO file (1 file / 2048MiB)
seqr: Laying out IO file (1 file / 2048MiB)
seqr: Laying out IO file (1 file / 2048MiB)

seqr: (groupid=0, jobs=128): err= 0: pid=83855: Thu Feb 20 00:48:52 2020
  read: IOPS=7204, BW=450MiB/s (472MB/s)(132GiB/300654msec)
    slat (usec): min=19, max=2445, avg=47.20, stdev=17.61
    clat (usec): min=2, max=14000k, avg=17688.44, stdev=135434.50
     lat (usec): min=583, max=14000k, avg=17735.82, stdev=135435.57
    clat percentiles (usec):
     |  1.00th=[    758],  5.00th=[    832], 10.00th=[    873],
     | 20.00th=[    930], 30.00th=[    988], 40.00th=[   1074],
     | 50.00th=[   1385], 60.00th=[   5669], 70.00th=[   8455],
     | 80.00th=[  11863], 90.00th=[  25035], 95.00th=[  58459],
     | 99.00th=[ 231736], 99.50th=[ 417334], 99.90th=[1283458],
     | 99.95th=[1786774], 99.99th=[7079986]
   bw (  KiB/s): min=16066, max=2729984, per=100.00%, avg=562600.58, stdev=4333.71, samples=62486
   iops        : min=  232, max=42656, avg=8790.31, stdev=67.71, samples=62486
  lat (usec)   : 4=0.01%, 10=0.01%, 50=0.01%, 100=0.01%, 250=0.01%
  lat (usec)   : 500=0.01%, 750=0.75%, 1000=30.59%
  lat (msec)   : 2=21.50%, 4=3.82%, 10=19.57%, 20=11.65%, 50=6.37%
  lat (msec)   : 100=2.92%, 250=1.92%, 500=0.50%, 750=0.16%, 1000=0.09%
  lat (msec)   : 2000=0.11%, >=2000=0.04%
  cpu          : usr=0.02%, sys=0.24%, ctx=3412224, majf=0, minf=95990
  IO depths    : 1=100.0%, 2=0.0%, 4=0.0%, 8=0.0%, 16=0.0%, 32=0.0%, >=64=0.0%
     submit    : 0=0.0%, 4=100.0%, 8=0.0%, 16=0.0%, 32=0.0%, 64=0.0%, >=64=0.0%
     complete  : 0=0.0%, 4=100.0%, 8=0.0%, 16=0.0%, 32=0.0%, 64=0.0%, >=64=0.0%
     issued rwts: total=2166011,0,0,0 short=0,0,0,0 dropped=0,0,0,0
     latency   : target=0, window=0, percentile=100.00%, depth=1

Run status group 0 (all jobs):
   READ: bw=450MiB/s (472MB/s), 450MiB/s-450MiB/s (472MB/s-472MB/s), io=132GiB (142GB), run=300654-300654msec
