seqr: (g=0): rw=read, bs=(R) 64.0KiB-64.0KiB, (W) 64.0KiB-64.0KiB, (T) 64.0KiB-64.0KiB, ioengine=libaio, iodepth=1
...
fio-3.18
Starting 4 threads

seqr: (groupid=0, jobs=4): err= 0: pid=86005: Thu Feb 20 01:16:28 2020
  read: IOPS=4875, BW=305MiB/s (319MB/s)(89.3GiB/300001msec)
    slat (usec): min=20, max=493, avg=44.45, stdev= 7.67
    clat (usec): min=262, max=18428, avg=774.70, stdev=236.13
     lat (usec): min=500, max=18472, avg=819.28, stdev=236.87
    clat percentiles (usec):
     |  1.00th=[  570],  5.00th=[  611], 10.00th=[  635], 20.00th=[  668],
     | 30.00th=[  693], 40.00th=[  709], 50.00th=[  734], 60.00th=[  758],
     | 70.00th=[  791], 80.00th=[  840], 90.00th=[  930], 95.00th=[ 1020],
     | 99.00th=[ 1270], 99.50th=[ 2376], 99.90th=[ 4080], 99.95th=[ 4359],
     | 99.99th=[ 4883]
   bw (  KiB/s): min=295808, max=324864, per=100.00%, avg=312341.75, stdev=1153.33, samples=2396
   iops        : min= 4622, max= 5076, avg=4880.34, stdev=18.02, samples=2396
  lat (usec)   : 500=0.01%, 750=57.28%, 1000=36.75%
  lat (msec)   : 2=5.39%, 4=0.46%, 10=0.11%, 20=0.01%
  cpu          : usr=0.36%, sys=4.22%, ctx=2865781, majf=0, minf=2466
  IO depths    : 1=100.0%, 2=0.0%, 4=0.0%, 8=0.0%, 16=0.0%, 32=0.0%, >=64=0.0%
     submit    : 0=0.0%, 4=100.0%, 8=0.0%, 16=0.0%, 32=0.0%, 64=0.0%, >=64=0.0%
     complete  : 0=0.0%, 4=100.0%, 8=0.0%, 16=0.0%, 32=0.0%, 64=0.0%, >=64=0.0%
     issued rwts: total=1462523,0,0,0 short=0,0,0,0 dropped=0,0,0,0
     latency   : target=0, window=0, percentile=100.00%, depth=1

Run status group 0 (all jobs):
   READ: bw=305MiB/s (319MB/s), 305MiB/s-305MiB/s (319MB/s-319MB/s), io=89.3GiB (95.8GB), run=300001-300001msec
