seqr: (g=0): rw=read, bs=(R) 64.0KiB-64.0KiB, (W) 64.0KiB-64.0KiB, (T) 64.0KiB-64.0KiB, ioengine=libaio, iodepth=1
...
fio-3.18
Starting 16 threads

seqr: (groupid=0, jobs=16): err= 0: pid=15919: Thu Feb 20 16:36:56 2020
  read: IOPS=16.7k, BW=1042MiB/s (1093MB/s)(305GiB/300044msec)
    slat (usec): min=19, max=1436, avg=50.48, stdev=17.31
    clat (usec): min=2, max=165628, avg=907.33, stdev=612.87
     lat (usec): min=540, max=165675, avg=957.98, stdev=613.20
    clat percentiles (usec):
     |  1.00th=[  652],  5.00th=[  709], 10.00th=[  742], 20.00th=[  783],
     | 30.00th=[  816], 40.00th=[  840], 50.00th=[  873], 60.00th=[  898],
     | 70.00th=[  938], 80.00th=[  979], 90.00th=[ 1057], 95.00th=[ 1123],
     | 99.00th=[ 1450], 99.50th=[ 2900], 99.90th=[ 4621], 99.95th=[ 5080],
     | 99.99th=[21627]
   bw (  MiB/s): min=  856, max= 1129, per=100.00%, avg=1043.39, stdev= 4.75, samples=9569
   iops        : min=13698, max=18078, avg=16694.30, stdev=75.92, samples=9569
  lat (usec)   : 4=0.01%, 10=0.01%, 20=0.01%, 50=0.01%, 100=0.01%
  lat (usec)   : 250=0.01%, 500=0.01%, 750=12.23%, 1000=71.38%
  lat (msec)   : 2=15.65%, 4=0.53%, 10=0.18%, 20=0.01%, 50=0.01%
  lat (msec)   : 100=0.01%, 250=0.01%
  cpu          : usr=0.31%, sys=4.46%, ctx=8811621, majf=0, minf=96970
  IO depths    : 1=100.0%, 2=0.0%, 4=0.0%, 8=0.0%, 16=0.0%, 32=0.0%, >=64=0.0%
     submit    : 0=0.0%, 4=100.0%, 8=0.0%, 16=0.0%, 32=0.0%, 64=0.0%, >=64=0.0%
     complete  : 0=0.0%, 4=100.0%, 8=0.0%, 16=0.0%, 32=0.0%, 64=0.0%, >=64=0.0%
     issued rwts: total=5002778,0,0,0 short=0,0,0,0 dropped=0,0,0,0
     latency   : target=0, window=0, percentile=100.00%, depth=1

Run status group 0 (all jobs):
   READ: bw=1042MiB/s (1093MB/s), 1042MiB/s-1042MiB/s (1093MB/s-1093MB/s), io=305GiB (328GB), run=300044-300044msec
