seqr: (g=0): rw=read, bs=(R) 64.0KiB-64.0KiB, (W) 64.0KiB-64.0KiB, (T) 64.0KiB-64.0KiB, ioengine=libaio, iodepth=1
...
fio-3.18
Starting 64 threads

seqr: (groupid=0, jobs=64): err= 0: pid=15051: Thu Feb 20 16:25:54 2020
  read: IOPS=17.9k, BW=1116MiB/s (1171MB/s)(327GiB/300007msec)
    slat (usec): min=20, max=3511, avg=57.64, stdev=21.63
    clat (usec): min=6, max=222631, avg=3523.42, stdev=1260.97
     lat (usec): min=655, max=222685, avg=3581.27, stdev=1261.23
    clat percentiles (usec):
     |  1.00th=[ 2933],  5.00th=[ 3064], 10.00th=[ 3130], 20.00th=[ 3195],
     | 30.00th=[ 3228], 40.00th=[ 3294], 50.00th=[ 3326], 60.00th=[ 3359],
     | 70.00th=[ 3392], 80.00th=[ 3458], 90.00th=[ 3884], 95.00th=[ 5604],
     | 99.00th=[ 6063], 99.50th=[ 6194], 99.90th=[ 7963], 99.95th=[ 9503],
     | 99.99th=[60031]
   bw (  MiB/s): min= 1000, max= 1210, per=100.00%, avg=1117.67, stdev= 1.13, samples=38272
   iops        : min=16014, max=19374, avg=17882.68, stdev=18.04, samples=38272
  lat (usec)   : 10=0.01%, 500=0.01%, 750=0.01%, 1000=0.01%
  lat (msec)   : 2=0.01%, 4=90.40%, 10=9.55%, 20=0.01%, 50=0.02%
  lat (msec)   : 100=0.01%, 250=0.01%
  cpu          : usr=0.10%, sys=1.32%, ctx=9913259, majf=0, minf=83587
  IO depths    : 1=100.0%, 2=0.0%, 4=0.0%, 8=0.0%, 16=0.0%, 32=0.0%, >=64=0.0%
     submit    : 0=0.0%, 4=100.0%, 8=0.0%, 16=0.0%, 32=0.0%, 64=0.0%, >=64=0.0%
     complete  : 0=0.0%, 4=100.0%, 8=0.0%, 16=0.0%, 32=0.0%, 64=0.0%, >=64=0.0%
     issued rwts: total=5358299,0,0,0 short=0,0,0,0 dropped=0,0,0,0
     latency   : target=0, window=0, percentile=100.00%, depth=1

Run status group 0 (all jobs):
   READ: bw=1116MiB/s (1171MB/s), 1116MiB/s-1116MiB/s (1171MB/s-1171MB/s), io=327GiB (351GB), run=300007-300007msec
