seqr: (g=0): rw=read, bs=(R) 64.0KiB-64.0KiB, (W) 64.0KiB-64.0KiB, (T) 64.0KiB-64.0KiB, ioengine=libaio, iodepth=1
...
fio-3.18
Starting 8 threads

seqr: (groupid=0, jobs=8): err= 0: pid=85691: Thu Feb 20 01:10:57 2020
  read: IOPS=8476, BW=530MiB/s (556MB/s)(155GiB/300001msec)
    slat (usec): min=19, max=827, avg=45.20, stdev=13.65
    clat (usec): min=40, max=254213, avg=896.69, stdev=2197.87
     lat (usec): min=513, max=254250, avg=942.04, stdev=2198.02
    clat percentiles (usec):
     |  1.00th=[  603],  5.00th=[  644], 10.00th=[  668], 20.00th=[  701],
     | 30.00th=[  725], 40.00th=[  750], 50.00th=[  775], 60.00th=[  799],
     | 70.00th=[  840], 80.00th=[  889], 90.00th=[  979], 95.00th=[ 1074],
     | 99.00th=[ 1549], 99.50th=[ 3490], 99.90th=[33817], 99.95th=[54789],
     | 99.99th=[94897]
   bw (  KiB/s): min=17024, max=625792, per=100.00%, avg=543032.85, stdev=16799.65, samples=4784
   iops        : min=  266, max= 9778, avg=8484.88, stdev=262.49, samples=4784
  lat (usec)   : 50=0.01%, 100=0.01%, 250=0.01%, 500=0.01%, 750=41.51%
  lat (usec)   : 1000=50.07%
  lat (msec)   : 2=7.54%, 4=0.49%, 10=0.19%, 20=0.05%, 50=0.09%
  lat (msec)   : 100=0.05%, 250=0.01%, 500=0.01%
  cpu          : usr=0.35%, sys=4.18%, ctx=4101665, majf=0, minf=4599
  IO depths    : 1=100.0%, 2=0.0%, 4=0.0%, 8=0.0%, 16=0.0%, 32=0.0%, >=64=0.0%
     submit    : 0=0.0%, 4=100.0%, 8=0.0%, 16=0.0%, 32=0.0%, 64=0.0%, >=64=0.0%
     complete  : 0=0.0%, 4=100.0%, 8=0.0%, 16=0.0%, 32=0.0%, 64=0.0%, >=64=0.0%
     issued rwts: total=2543104,0,0,0 short=0,0,0,0 dropped=0,0,0,0
     latency   : target=0, window=0, percentile=100.00%, depth=1

Run status group 0 (all jobs):
   READ: bw=530MiB/s (556MB/s), 530MiB/s-530MiB/s (556MB/s-556MB/s), io=155GiB (167GB), run=300001-300001msec
