seqr: (g=0): rw=read, bs=(R) 64.0KiB-64.0KiB, (W) 64.0KiB-64.0KiB, (T) 64.0KiB-64.0KiB, ioengine=libaio, iodepth=1
...
fio-3.18
Starting 16 threads

seqr: (groupid=0, jobs=16): err= 0: pid=85127: Thu Feb 20 01:05:26 2020
  read: IOPS=15.3k, BW=957MiB/s (1003MB/s)(280GiB/300003msec)
    slat (usec): min=18, max=1531, avg=52.70, stdev=18.18
    clat (usec): min=2, max=187366, avg=990.69, stdev=1828.99
     lat (usec): min=511, max=187406, avg=1043.57, stdev=1829.16
    clat percentiles (usec):
     |  1.00th=[  652],  5.00th=[  709], 10.00th=[  742], 20.00th=[  783],
     | 30.00th=[  824], 40.00th=[  848], 50.00th=[  881], 60.00th=[  922],
     | 70.00th=[  963], 80.00th=[ 1012], 90.00th=[ 1106], 95.00th=[ 1205],
     | 99.00th=[ 2278], 99.50th=[ 3916], 99.90th=[24249], 99.95th=[44827],
     | 99.99th=[83362]
   bw (  KiB/s): min=55552, max=1197568, per=100.00%, avg=980888.47, stdev=11606.30, samples=9568
   iops        : min=  868, max=18712, avg=15326.37, stdev=181.35, samples=9568
  lat (usec)   : 4=0.01%, 10=0.01%, 20=0.01%, 50=0.01%, 100=0.01%
  lat (usec)   : 250=0.01%, 500=0.01%, 750=11.44%, 1000=66.24%
  lat (msec)   : 2=21.24%, 4=0.59%, 10=0.31%, 20=0.06%, 50=0.08%
  lat (msec)   : 100=0.04%, 250=0.01%
  cpu          : usr=0.29%, sys=4.20%, ctx=8318344, majf=0, minf=72129
  IO depths    : 1=100.0%, 2=0.0%, 4=0.0%, 8=0.0%, 16=0.0%, 32=0.0%, >=64=0.0%
     submit    : 0=0.0%, 4=100.0%, 8=0.0%, 16=0.0%, 32=0.0%, 64=0.0%, >=64=0.0%
     complete  : 0=0.0%, 4=100.0%, 8=0.0%, 16=0.0%, 32=0.0%, 64=0.0%, >=64=0.0%
     issued rwts: total=4592805,0,0,0 short=0,0,0,0 dropped=0,0,0,0
     latency   : target=0, window=0, percentile=100.00%, depth=1

Run status group 0 (all jobs):
   READ: bw=957MiB/s (1003MB/s), 957MiB/s-957MiB/s (1003MB/s-1003MB/s), io=280GiB (301GB), run=300003-300003msec
