seqr: (g=0): rw=read, bs=(R) 64.0KiB-64.0KiB, (W) 64.0KiB-64.0KiB, (T) 64.0KiB-64.0KiB, ioengine=libaio, iodepth=1
...
fio-3.18
Starting 128 threads

seqr: (groupid=0, jobs=128): err= 0: pid=14537: Thu Feb 20 16:20:23 2020
  read: IOPS=17.9k, BW=1117MiB/s (1171MB/s)(327GiB/300013msec)
    slat (usec): min=22, max=4787, avg=61.42, stdev=25.82
    clat (usec): min=554, max=316214, avg=7099.73, stdev=2493.40
     lat (usec): min=623, max=316260, avg=7161.36, stdev=2493.71
    clat percentiles (msec):
     |  1.00th=[    6],  5.00th=[    6], 10.00th=[    7], 20.00th=[    7],
     | 30.00th=[    7], 40.00th=[    7], 50.00th=[    7], 60.00th=[    7],
     | 70.00th=[    7], 80.00th=[    8], 90.00th=[   10], 95.00th=[   11],
     | 99.00th=[   13], 99.50th=[   13], 99.90th=[   33], 99.95th=[   57],
     | 99.99th=[  106]
   bw (  MiB/s): min=  886, max= 1284, per=100.00%, avg=1118.37, stdev= 0.83, samples=76544
   iops        : min=14188, max=20554, avg=17893.72, stdev=13.34, samples=76544
  lat (usec)   : 750=0.01%
  lat (msec)   : 2=0.01%, 4=0.01%, 10=93.24%, 20=6.63%, 50=0.07%
  lat (msec)   : 100=0.05%, 250=0.01%, 500=0.01%
  cpu          : usr=0.05%, sys=0.70%, ctx=10054864, majf=0, minf=132366
  IO depths    : 1=100.0%, 2=0.0%, 4=0.0%, 8=0.0%, 16=0.0%, 32=0.0%, >=64=0.0%
     submit    : 0=0.0%, 4=100.0%, 8=0.0%, 16=0.0%, 32=0.0%, 64=0.0%, >=64=0.0%
     complete  : 0=0.0%, 4=100.0%, 8=0.0%, 16=0.0%, 32=0.0%, 64=0.0%, >=64=0.0%
     issued rwts: total=5360650,0,0,0 short=0,0,0,0 dropped=0,0,0,0
     latency   : target=0, window=0, percentile=100.00%, depth=1

Run status group 0 (all jobs):
   READ: bw=1117MiB/s (1171MB/s), 1117MiB/s-1117MiB/s (1171MB/s-1171MB/s), io=327GiB (351GB), run=300013-300013msec
