seqr: (g=0): rw=read, bs=(R) 64.0KiB-64.0KiB, (W) 64.0KiB-64.0KiB, (T) 64.0KiB-64.0KiB, ioengine=libaio, iodepth=1
fio-3.18
Starting 1 thread

seqr: (groupid=0, jobs=1): err= 0: pid=17242: Thu Feb 20 16:59:01 2020
  read: IOPS=1349, BW=84.3MiB/s (88.4MB/s)(24.7GiB/300001msec)
    slat (usec): min=18, max=138, avg=37.01, stdev= 4.35
    clat (usec): min=450, max=23941, avg=702.91, stdev=182.11
     lat (usec): min=485, max=23982, avg=740.05, stdev=182.14
    clat percentiles (usec):
     |  1.00th=[  553],  5.00th=[  594], 10.00th=[  611], 20.00th=[  635],
     | 30.00th=[  652], 40.00th=[  668], 50.00th=[  676], 60.00th=[  693],
     | 70.00th=[  717], 80.00th=[  750], 90.00th=[  799], 95.00th=[  832],
     | 99.00th=[  955], 99.50th=[ 1614], 99.90th=[ 3392], 99.95th=[ 3720],
     | 99.99th=[ 4293]
   bw (  KiB/s): min=80000, max=92416, per=100.00%, avg=86458.07, stdev=2061.77, samples=599
   iops        : min= 1250, max= 1444, avg=1350.91, stdev=32.22, samples=599
  lat (usec)   : 500=0.01%, 750=80.25%, 1000=18.98%
  lat (msec)   : 2=0.31%, 4=0.42%, 10=0.03%, 20=0.01%, 50=0.01%
  cpu          : usr=0.41%, sys=3.73%, ctx=806759, majf=0, minf=289
  IO depths    : 1=100.0%, 2=0.0%, 4=0.0%, 8=0.0%, 16=0.0%, 32=0.0%, >=64=0.0%
     submit    : 0=0.0%, 4=100.0%, 8=0.0%, 16=0.0%, 32=0.0%, 64=0.0%, >=64=0.0%
     complete  : 0=0.0%, 4=100.0%, 8=0.0%, 16=0.0%, 32=0.0%, 64=0.0%, >=64=0.0%
     issued rwts: total=404860,0,0,0 short=0,0,0,0 dropped=0,0,0,0
     latency   : target=0, window=0, percentile=100.00%, depth=1

Run status group 0 (all jobs):
   READ: bw=84.3MiB/s (88.4MB/s), 84.3MiB/s-84.3MiB/s (88.4MB/s-88.4MB/s), io=24.7GiB (26.5GB), run=300001-300001msec
