seqw: (g=0): rw=write, bs=(R) 64.0KiB-64.0KiB, (W) 64.0KiB-64.0KiB, (T) 64.0KiB-64.0KiB, ioengine=libaio, iodepth=1
...
fio-3.18
Starting 128 threads
seqw: Laying out IO file (1 file / 2048MiB)
seqw: Laying out IO file (1 file / 2048MiB)
seqw: Laying out IO file (1 file / 2048MiB)
seqw: Laying out IO file (1 file / 2048MiB)
seqw: Laying out IO file (1 file / 2048MiB)
seqw: Laying out IO file (1 file / 2048MiB)
seqw: Laying out IO file (1 file / 2048MiB)
seqw: Laying out IO file (1 file / 2048MiB)
seqw: Laying out IO file (1 file / 2048MiB)
seqw: Laying out IO file (1 file / 2048MiB)
seqw: Laying out IO file (1 file / 2048MiB)
seqw: Laying out IO file (1 file / 2048MiB)
seqw: Laying out IO file (1 file / 2048MiB)
seqw: Laying out IO file (1 file / 2048MiB)
seqw: Laying out IO file (1 file / 2048MiB)
seqw: Laying out IO file (1 file / 2048MiB)
seqw: Laying out IO file (1 file / 2048MiB)
seqw: Laying out IO file (1 file / 2048MiB)
seqw: Laying out IO file (1 file / 2048MiB)
seqw: Laying out IO file (1 file / 2048MiB)
seqw: Laying out IO file (1 file / 2048MiB)
seqw: Laying out IO file (1 file / 2048MiB)
seqw: Laying out IO file (1 file / 2048MiB)
seqw: Laying out IO file (1 file / 2048MiB)
seqw: Laying out IO file (1 file / 2048MiB)
seqw: Laying out IO file (1 file / 2048MiB)
seqw: Laying out IO file (1 file / 2048MiB)
seqw: Laying out IO file (1 file / 2048MiB)
seqw: Laying out IO file (1 file / 2048MiB)
seqw: Laying out IO file (1 file / 2048MiB)
seqw: Laying out IO file (1 file / 2048MiB)
seqw: Laying out IO file (1 file / 2048MiB)
seqw: Laying out IO file (1 file / 2048MiB)
seqw: Laying out IO file (1 file / 2048MiB)
seqw: Laying out IO file (1 file / 2048MiB)
seqw: Laying out IO file (1 file / 2048MiB)
seqw: Laying out IO file (1 file / 2048MiB)
seqw: Laying out IO file (1 file / 2048MiB)
seqw: Laying out IO file (1 file / 2048MiB)
seqw: Laying out IO file (1 file / 2048MiB)
seqw: Laying out IO file (1 file / 2048MiB)
seqw: Laying out IO file (1 file / 2048MiB)
seqw: Laying out IO file (1 file / 2048MiB)
seqw: Laying out IO file (1 file / 2048MiB)
seqw: Laying out IO file (1 file / 2048MiB)
seqw: Laying out IO file (1 file / 2048MiB)
seqw: Laying out IO file (1 file / 2048MiB)
seqw: Laying out IO file (1 file / 2048MiB)
seqw: Laying out IO file (1 file / 2048MiB)
seqw: Laying out IO file (1 file / 2048MiB)
seqw: Laying out IO file (1 file / 2048MiB)
seqw: Laying out IO file (1 file / 2048MiB)
seqw: Laying out IO file (1 file / 2048MiB)
seqw: Laying out IO file (1 file / 2048MiB)
seqw: Laying out IO file (1 file / 2048MiB)
seqw: Laying out IO file (1 file / 2048MiB)
seqw: Laying out IO file (1 file / 2048MiB)
seqw: Laying out IO file (1 file / 2048MiB)
seqw: Laying out IO file (1 file / 2048MiB)
seqw: Laying out IO file (1 file / 2048MiB)
seqw: Laying out IO file (1 file / 2048MiB)
seqw: Laying out IO file (1 file / 2048MiB)
seqw: Laying out IO file (1 file / 2048MiB)
seqw: Laying out IO file (1 file / 2048MiB)
seqw: Laying out IO file (1 file / 2048MiB)
seqw: Laying out IO file (1 file / 2048MiB)
seqw: Laying out IO file (1 file / 2048MiB)
seqw: Laying out IO file (1 file / 2048MiB)
seqw: Laying out IO file (1 file / 2048MiB)
seqw: Laying out IO file (1 file / 2048MiB)
seqw: Laying out IO file (1 file / 2048MiB)
seqw: Laying out IO file (1 file / 2048MiB)
seqw: Laying out IO file (1 file / 2048MiB)
seqw: Laying out IO file (1 file / 2048MiB)
seqw: Laying out IO file (1 file / 2048MiB)
seqw: Laying out IO file (1 file / 2048MiB)
seqw: Laying out IO file (1 file / 2048MiB)
seqw: Laying out IO file (1 file / 2048MiB)
seqw: Laying out IO file (1 file / 2048MiB)
seqw: Laying out IO file (1 file / 2048MiB)
seqw: Laying out IO file (1 file / 2048MiB)
seqw: Laying out IO file (1 file / 2048MiB)
seqw: Laying out IO file (1 file / 2048MiB)
seqw: Laying out IO file (1 file / 2048MiB)
seqw: Laying out IO file (1 file / 2048MiB)
seqw: Laying out IO file (1 file / 2048MiB)
seqw: Laying out IO file (1 file / 2048MiB)
seqw: Laying out IO file (1 file / 2048MiB)
seqw: Laying out IO file (1 file / 2048MiB)
seqw: Laying out IO file (1 file / 2048MiB)
seqw: Laying out IO file (1 file / 2048MiB)
seqw: Laying out IO file (1 file / 2048MiB)
seqw: Laying out IO file (1 file / 2048MiB)
seqw: Laying out IO file (1 file / 2048MiB)
seqw: Laying out IO file (1 file / 2048MiB)
seqw: Laying out IO file (1 file / 2048MiB)
seqw: Laying out IO file (1 file / 2048MiB)
seqw: Laying out IO file (1 file / 2048MiB)
seqw: Laying out IO file (1 file / 2048MiB)
seqw: Laying out IO file (1 file / 2048MiB)
seqw: Laying out IO file (1 file / 2048MiB)
seqw: Laying out IO file (1 file / 2048MiB)
seqw: Laying out IO file (1 file / 2048MiB)
seqw: Laying out IO file (1 file / 2048MiB)
seqw: Laying out IO file (1 file / 2048MiB)
seqw: Laying out IO file (1 file / 2048MiB)
seqw: Laying out IO file (1 file / 2048MiB)
seqw: Laying out IO file (1 file / 2048MiB)
seqw: Laying out IO file (1 file / 2048MiB)
seqw: Laying out IO file (1 file / 2048MiB)
seqw: Laying out IO file (1 file / 2048MiB)
seqw: Laying out IO file (1 file / 2048MiB)
seqw: Laying out IO file (1 file / 2048MiB)
seqw: Laying out IO file (1 file / 2048MiB)
seqw: Laying out IO file (1 file / 2048MiB)
seqw: Laying out IO file (1 file / 2048MiB)
seqw: Laying out IO file (1 file / 2048MiB)
seqw: Laying out IO file (1 file / 2048MiB)
seqw: Laying out IO file (1 file / 2048MiB)
seqw: Laying out IO file (1 file / 2048MiB)
seqw: Laying out IO file (1 file / 2048MiB)
seqw: Laying out IO file (1 file / 2048MiB)
seqw: Laying out IO file (1 file / 2048MiB)
seqw: Laying out IO file (1 file / 2048MiB)
seqw: Laying out IO file (1 file / 2048MiB)
seqw: Laying out IO file (1 file / 2048MiB)
seqw: Laying out IO file (1 file / 2048MiB)
seqw: Laying out IO file (1 file / 2048MiB)

seqw: (groupid=0, jobs=128): err= 0: pid=86988: Thu Feb 20 01:33:02 2020
  write: IOPS=11.0k, BW=747MiB/s (784MB/s)(219GiB/300246msec)
    slat (usec): min=24, max=6162, avg=159.59, stdev=156.07
    clat (usec): min=3, max=3633.8k, avg=10534.92, stdev=70420.27
     lat (usec): min=809, max=3634.0k, avg=10694.76, stdev=70420.44
    clat percentiles (usec):
     |  1.00th=[   1045],  5.00th=[   1287], 10.00th=[   1483],
     | 20.00th=[   1893], 30.00th=[   2409], 40.00th=[   3195],
     | 50.00th=[   4080], 60.00th=[   4948], 70.00th=[   5800],
     | 80.00th=[   6915], 90.00th=[   9110], 95.00th=[  13829],
     | 99.00th=[ 137364], 99.50th=[ 227541], 99.90th=[1132463],
     | 99.95th=[1803551], 99.99th=[2600469]
   bw (  KiB/s): min=16105, max=4024906, per=100.00%, avg=901317.44, stdev=6027.96, samples=65011
   iops        : min=  243, max=62887, avg=14082.99, stdev=94.19, samples=65011
  lat (usec)   : 4=0.01%, 10=0.01%, 500=0.01%, 750=0.01%, 1000=0.56%
  lat (msec)   : 2=21.75%, 4=26.86%, 10=42.70%, 20=4.16%, 50=1.29%
  lat (msec)   : 100=1.21%, 250=1.03%, 500=0.24%, 750=0.05%, 1000=0.03%
  lat (msec)   : 2000=0.07%, >=2000=0.04%
  cpu          : usr=0.04%, sys=1.01%, ctx=7374412, majf=0, minf=100598
  IO depths    : 1=100.0%, 2=0.0%, 4=0.0%, 8=0.0%, 16=0.0%, 32=0.0%, >=64=0.0%
     submit    : 0=0.0%, 4=100.0%, 8=0.0%, 16=0.0%, 32=0.0%, 64=0.0%, >=64=0.0%
     complete  : 0=0.0%, 4=100.0%, 8=0.0%, 16=0.0%, 32=0.0%, 64=0.0%, >=64=0.0%
     issued rwts: total=0,3590664,0,0 short=0,0,0,0 dropped=0,0,0,0
     latency   : target=0, window=0, percentile=100.00%, depth=1

Run status group 0 (all jobs):
  WRITE: bw=747MiB/s (784MB/s), 747MiB/s-747MiB/s (784MB/s-784MB/s), io=219GiB (235GB), run=300246-300246msec
