seqw: (g=0): rw=write, bs=(R) 64.0KiB-64.0KiB, (W) 64.0KiB-64.0KiB, (T) 64.0KiB-64.0KiB, ioengine=libaio, iodepth=1
fio-3.18
Starting 1 thread

seqw: (groupid=0, jobs=1): err= 0: pid=20335: Thu Feb 20 17:43:37 2020
  write: IOPS=901, BW=56.3MiB/s (59.1MB/s)(16.5GiB/300001msec)
    slat (usec): min=27, max=144, avg=31.60, stdev= 2.24
    clat (usec): min=772, max=62364, avg=1076.44, stdev=806.00
     lat (usec): min=802, max=62396, avg=1108.19, stdev=806.14
    clat percentiles (usec):
     |  1.00th=[  824],  5.00th=[  840], 10.00th=[  857], 20.00th=[  881],
     | 30.00th=[  914], 40.00th=[  971], 50.00th=[ 1020], 60.00th=[ 1045],
     | 70.00th=[ 1074], 80.00th=[ 1106], 90.00th=[ 1156], 95.00th=[ 1270],
     | 99.00th=[ 3326], 99.50th=[ 4424], 99.90th=[ 5080], 99.95th=[ 5538],
     | 99.99th=[44827]
   bw (  KiB/s): min=39296, max=62848, per=100.00%, avg=57750.12, stdev=2746.14, samples=599
   iops        : min=  614, max=  982, avg=902.35, stdev=42.91, samples=599
  lat (usec)   : 1000=44.26%
  lat (msec)   : 2=52.96%, 4=2.09%, 10=0.64%, 20=0.01%, 50=0.02%
  lat (msec)   : 100=0.01%
  cpu          : usr=0.43%, sys=2.83%, ctx=270430, majf=0, minf=73
  IO depths    : 1=100.0%, 2=0.0%, 4=0.0%, 8=0.0%, 16=0.0%, 32=0.0%, >=64=0.0%
     submit    : 0=0.0%, 4=100.0%, 8=0.0%, 16=0.0%, 32=0.0%, 64=0.0%, >=64=0.0%
     complete  : 0=0.0%, 4=100.0%, 8=0.0%, 16=0.0%, 32=0.0%, 64=0.0%, >=64=0.0%
     issued rwts: total=0,270424,0,0 short=0,0,0,0 dropped=0,0,0,0
     latency   : target=0, window=0, percentile=100.00%, depth=1

Run status group 0 (all jobs):
  WRITE: bw=56.3MiB/s (59.1MB/s), 56.3MiB/s-56.3MiB/s (59.1MB/s-59.1MB/s), io=16.5GiB (17.7GB), run=300001-300001msec
