seqw: (g=0): rw=write, bs=(R) 64.0KiB-64.0KiB, (W) 64.0KiB-64.0KiB, (T) 64.0KiB-64.0KiB, ioengine=libaio, iodepth=1
...
fio-3.18
Starting 64 threads

seqw: (groupid=0, jobs=64): err= 0: pid=18177: Thu Feb 20 17:10:07 2020
  write: IOPS=10.6k, BW=664MiB/s (696MB/s)(195GiB/300246msec)
    slat (usec): min=23, max=2659, avg=112.75, stdev=50.91
    clat (usec): min=2, max=4586.6k, avg=5908.68, stdev=18638.53
     lat (usec): min=851, max=4586.7k, avg=6021.67, stdev=18639.49
    clat percentiles (usec):
     |  1.00th=[  1106],  5.00th=[  1369], 10.00th=[  1549], 20.00th=[  1811],
     | 30.00th=[  2057], 40.00th=[  2343], 50.00th=[  2704], 60.00th=[  3425],
     | 70.00th=[  4752], 80.00th=[  5669], 90.00th=[  8356], 95.00th=[ 21890],
     | 99.00th=[ 56361], 99.50th=[ 70779], 99.90th=[120062], 99.95th=[206570],
     | 99.99th=[591397]
   bw (  KiB/s): min=152448, max=1288704, per=100.00%, avg=685637.34, stdev=3230.47, samples=37821
   iops        : min= 2382, max=20136, avg=10713.03, stdev=50.48, samples=37821
  lat (usec)   : 4=0.01%, 10=0.01%, 250=0.01%, 500=0.01%, 750=0.01%
  lat (usec)   : 1000=0.26%
  lat (msec)   : 2=27.68%, 4=36.42%, 10=26.77%, 20=3.40%, 50=4.13%
  lat (msec)   : 100=1.19%, 250=0.12%, 500=0.03%, 750=0.01%, 1000=0.01%
  lat (msec)   : 2000=0.01%, >=2000=0.01%
  cpu          : usr=0.07%, sys=1.08%, ctx=6425186, majf=0, minf=89609
  IO depths    : 1=100.0%, 2=0.0%, 4=0.0%, 8=0.0%, 16=0.0%, 32=0.0%, >=64=0.0%
     submit    : 0=0.0%, 4=100.0%, 8=0.0%, 16=0.0%, 32=0.0%, 64=0.0%, >=64=0.0%
     complete  : 0=0.0%, 4=100.0%, 8=0.0%, 16=0.0%, 32=0.0%, 64=0.0%, >=64=0.0%
     issued rwts: total=0,3187620,0,0 short=0,0,0,0 dropped=0,0,0,0
     latency   : target=0, window=0, percentile=100.00%, depth=1

Run status group 0 (all jobs):
  WRITE: bw=664MiB/s (696MB/s), 664MiB/s-664MiB/s (696MB/s-696MB/s), io=195GiB (209GB), run=300246-300246msec
