seqw: (g=0): rw=write, bs=(R) 64.0KiB-64.0KiB, (W) 64.0KiB-64.0KiB, (T) 64.0KiB-64.0KiB, ioengine=libaio, iodepth=1
...
fio-3.18
Starting 128 threads

seqw: (groupid=0, jobs=128): err= 0: pid=17533: Thu Feb 20 17:04:32 2020
  write: IOPS=12.7k, BW=791MiB/s (829MB/s)(232GiB/300426msec)
    slat (usec): min=26, max=5584, avg=131.57, stdev=87.38
    clat (usec): min=2, max=14654k, avg=9969.40, stdev=37175.06
     lat (usec): min=866, max=14654k, avg=10101.22, stdev=37175.69
    clat percentiles (usec):
     |  1.00th=[  1319],  5.00th=[  1762], 10.00th=[  2073], 20.00th=[  2573],
     | 30.00th=[  3097], 40.00th=[  3720], 50.00th=[  4621], 60.00th=[  5473],
     | 70.00th=[  6390], 80.00th=[  8029], 90.00th=[ 19006], 95.00th=[ 35914],
     | 99.00th=[ 95945], 99.50th=[164627], 99.90th=[341836], 99.95th=[413139],
     | 99.99th=[574620]
   bw (  KiB/s): min=86400, max=2041984, per=100.00%, avg=818698.36, stdev=2749.63, samples=75742
   iops        : min= 1350, max=31906, avg=12792.06, stdev=42.96, samples=75742
  lat (usec)   : 4=0.01%, 10=0.01%, 50=0.01%, 250=0.01%, 500=0.01%
  lat (usec)   : 750=0.01%, 1000=0.05%
  lat (msec)   : 2=8.77%, 4=34.65%, 10=40.68%, 20=6.26%, 50=6.59%
  lat (msec)   : 100=2.07%, 250=0.71%, 500=0.21%, 750=0.02%, 1000=0.01%
  lat (msec)   : 2000=0.01%, >=2000=0.01%
  cpu          : usr=0.05%, sys=0.82%, ctx=7724345, majf=0, minf=126833
  IO depths    : 1=100.0%, 2=0.0%, 4=0.0%, 8=0.0%, 16=0.0%, 32=0.0%, >=64=0.0%
     submit    : 0=0.0%, 4=100.0%, 8=0.0%, 16=0.0%, 32=0.0%, 64=0.0%, >=64=0.0%
     complete  : 0=0.0%, 4=100.0%, 8=0.0%, 16=0.0%, 32=0.0%, 64=0.0%, >=64=0.0%
     issued rwts: total=0,3801440,0,0 short=0,0,0,0 dropped=0,0,0,0
     latency   : target=0, window=0, percentile=100.00%, depth=1

Run status group 0 (all jobs):
  WRITE: bw=791MiB/s (829MB/s), 791MiB/s-791MiB/s (829MB/s-829MB/s), io=232GiB (249GB), run=300426-300426msec
