seqw: (g=0): rw=write, bs=(R) 64.0KiB-64.0KiB, (W) 64.0KiB-64.0KiB, (T) 64.0KiB-64.0KiB, ioengine=libaio, iodepth=1
...
fio-3.18
Starting 32 threads

seqw: (groupid=0, jobs=32): err= 0: pid=18606: Thu Feb 20 17:15:43 2020
  write: IOPS=9162, BW=573MiB/s (601MB/s)(168GiB/300033msec)
    slat (usec): min=24, max=1673, avg=103.07, stdev=36.72
    clat (usec): min=6, max=6596.5k, avg=3386.91, stdev=10862.22
     lat (usec): min=837, max=6596.6k, avg=3490.20, stdev=10862.81
    clat percentiles (usec):
     |  1.00th=[  1020],  5.00th=[  1205], 10.00th=[  1319], 20.00th=[  1483],
     | 30.00th=[  1614], 40.00th=[  1762], 50.00th=[  1926], 60.00th=[  2147],
     | 70.00th=[  2606], 80.00th=[  4293], 90.00th=[  5407], 95.00th=[  6259],
     | 99.00th=[ 29230], 99.50th=[ 45876], 99.90th=[ 87557], 99.95th=[128451],
     | 99.99th=[308282]
   bw (  KiB/s): min=126080, max=912128, per=100.00%, avg=589882.76, stdev=3927.33, samples=19060
   iops        : min= 1970, max=14252, avg=9216.89, stdev=61.36, samples=19060
  lat (usec)   : 10=0.01%, 500=0.01%, 750=0.01%, 1000=0.77%
  lat (msec)   : 2=52.69%, 4=24.68%, 10=19.21%, 20=1.11%, 50=1.12%
  lat (msec)   : 100=0.34%, 250=0.06%, 500=0.01%, 750=0.01%, 1000=0.01%
  lat (msec)   : 2000=0.01%, >=2000=0.01%
  cpu          : usr=0.12%, sys=1.62%, ctx=5495850, majf=0, minf=74612
  IO depths    : 1=100.0%, 2=0.0%, 4=0.0%, 8=0.0%, 16=0.0%, 32=0.0%, >=64=0.0%
     submit    : 0=0.0%, 4=100.0%, 8=0.0%, 16=0.0%, 32=0.0%, 64=0.0%, >=64=0.0%
     complete  : 0=0.0%, 4=100.0%, 8=0.0%, 16=0.0%, 32=0.0%, 64=0.0%, >=64=0.0%
     issued rwts: total=0,2749173,0,0 short=0,0,0,0 dropped=0,0,0,0
     latency   : target=0, window=0, percentile=100.00%, depth=1

Run status group 0 (all jobs):
  WRITE: bw=573MiB/s (601MB/s), 573MiB/s-573MiB/s (601MB/s-601MB/s), io=168GiB (180GB), run=300033-300033msec
