seqw: (g=0): rw=write, bs=(R) 64.0KiB-64.0KiB, (W) 64.0KiB-64.0KiB, (T) 64.0KiB-64.0KiB, ioengine=libaio, iodepth=1
...
fio-3.18
Starting 16 threads

seqw: (groupid=0, jobs=16): err= 0: pid=18957: Thu Feb 20 17:21:17 2020
  write: IOPS=6422, BW=401MiB/s (421MB/s)(118GiB/300026msec)
    slat (usec): min=20, max=1028, avg=83.57, stdev=27.87
    clat (usec): min=252, max=3706.7k, avg=2405.42, stdev=10063.86
     lat (usec): min=812, max=3706.8k, avg=2489.19, stdev=10064.05
    clat percentiles (usec):
     |  1.00th=[   914],  5.00th=[   996], 10.00th=[  1057], 20.00th=[  1123],
     | 30.00th=[  1205], 40.00th=[  1270], 50.00th=[  1352], 60.00th=[  1434],
     | 70.00th=[  1582], 80.00th=[  1844], 90.00th=[  4293], 95.00th=[  5145],
     | 99.00th=[ 19792], 99.50th=[ 38011], 99.90th=[ 96994], 99.95th=[156238],
     | 99.99th=[350225]
   bw (  KiB/s): min=100736, max=630400, per=100.00%, avg=413075.65, stdev=6396.45, samples=9545
   iops        : min= 1574, max= 9850, avg=6454.29, stdev=99.94, samples=9545
  lat (usec)   : 500=0.01%, 750=0.01%, 1000=5.05%
  lat (msec)   : 2=77.08%, 4=6.69%, 10=9.62%, 20=0.57%, 50=0.66%
  lat (msec)   : 100=0.24%, 250=0.07%, 500=0.02%, 750=0.01%, 2000=0.01%
  lat (msec)   : >=2000=0.01%
  cpu          : usr=0.17%, sys=1.86%, ctx=3572697, majf=0, minf=22725
  IO depths    : 1=100.0%, 2=0.0%, 4=0.0%, 8=0.0%, 16=0.0%, 32=0.0%, >=64=0.0%
     submit    : 0=0.0%, 4=100.0%, 8=0.0%, 16=0.0%, 32=0.0%, 64=0.0%, >=64=0.0%
     complete  : 0=0.0%, 4=100.0%, 8=0.0%, 16=0.0%, 32=0.0%, 64=0.0%, >=64=0.0%
     issued rwts: total=0,1927066,0,0 short=0,0,0,0 dropped=0,0,0,0
     latency   : target=0, window=0, percentile=100.00%, depth=1

Run status group 0 (all jobs):
  WRITE: bw=401MiB/s (421MB/s), 401MiB/s-401MiB/s (421MB/s-421MB/s), io=118GiB (126GB), run=300026-300026msec
