seqw: (g=0): rw=write, bs=(R) 64.0KiB-64.0KiB, (W) 64.0KiB-64.0KiB, (T) 64.0KiB-64.0KiB, ioengine=libaio, iodepth=1
...
fio-3.18
Starting 4 threads

seqw: (groupid=0, jobs=4): err= 0: pid=88883: Thu Feb 20 02:00:52 2020
  write: IOPS=2880, BW=180MiB/s (189MB/s)(52.7GiB/300001msec)
    slat (usec): min=22, max=388, avg=77.57, stdev=19.31
    clat (usec): min=660, max=81899, avg=1309.39, stdev=1069.14
     lat (usec): min=788, max=81991, avg=1387.13, stdev=1069.44
    clat percentiles (usec):
     |  1.00th=[  840],  5.00th=[  889], 10.00th=[  914], 20.00th=[  955],
     | 30.00th=[  988], 40.00th=[ 1020], 50.00th=[ 1057], 60.00th=[ 1090],
     | 70.00th=[ 1156], 80.00th=[ 1336], 90.00th=[ 1745], 95.00th=[ 2966],
     | 99.00th=[ 4883], 99.50th=[ 5276], 99.90th=[ 8717], 99.95th=[14746],
     | 99.99th=[44303]
   bw (  KiB/s): min=139904, max=202240, per=100.00%, avg=184548.16, stdev=2354.06, samples=2396
   iops        : min= 2186, max= 3160, avg=2883.56, stdev=36.78, samples=2396
  lat (usec)   : 750=0.01%, 1000=33.26%
  lat (msec)   : 2=59.44%, 4=4.48%, 10=2.73%, 20=0.04%, 50=0.03%
  lat (msec)   : 100=0.01%
  cpu          : usr=0.28%, sys=2.81%, ctx=1621562, majf=0, minf=4839
  IO depths    : 1=100.0%, 2=0.0%, 4=0.0%, 8=0.0%, 16=0.0%, 32=0.0%, >=64=0.0%
     submit    : 0=0.0%, 4=100.0%, 8=0.0%, 16=0.0%, 32=0.0%, 64=0.0%, >=64=0.0%
     complete  : 0=0.0%, 4=100.0%, 8=0.0%, 16=0.0%, 32=0.0%, 64=0.0%, >=64=0.0%
     issued rwts: total=0,864191,0,0 short=0,0,0,0 dropped=0,0,0,0
     latency   : target=0, window=0, percentile=100.00%, depth=1

Run status group 0 (all jobs):
  WRITE: bw=180MiB/s (189MB/s), 180MiB/s-180MiB/s (189MB/s-189MB/s), io=52.7GiB (56.6GB), run=300001-300001msec
