seqw: (g=0): rw=write, bs=(R) 64.0KiB-64.0KiB, (W) 64.0KiB-64.0KiB, (T) 64.0KiB-64.0KiB, ioengine=libaio, iodepth=1
...
fio-3.18
Starting 16 threads

seqw: (groupid=0, jobs=16): err= 0: pid=88203: Thu Feb 20 01:49:42 2020
  write: IOPS=6814, BW=426MiB/s (447MB/s)(125GiB/300004msec)
    slat (usec): min=22, max=1099, avg=89.30, stdev=30.77
    clat (usec): min=86, max=511524, avg=2256.53, stdev=5358.86
     lat (usec): min=829, max=511624, avg=2346.03, stdev=5358.93
    clat percentiles (usec):
     |  1.00th=[   955],  5.00th=[  1074], 10.00th=[  1139], 20.00th=[  1237],
     | 30.00th=[  1319], 40.00th=[  1401], 50.00th=[  1500], 60.00th=[  1631],
     | 70.00th=[  1827], 80.00th=[  2212], 90.00th=[  4555], 95.00th=[  5211],
     | 99.00th=[  7046], 99.50th=[ 10421], 99.90th=[ 69731], 99.95th=[123208],
     | 99.99th=[229639]
   bw (  KiB/s): min= 4224, max=743296, per=100.00%, avg=436606.78, stdev=6646.57, samples=9578
   iops        : min=   66, max=11614, avg=6821.96, stdev=103.85, samples=9578
  lat (usec)   : 100=0.01%, 250=0.01%, 500=0.01%, 750=0.01%, 1000=2.10%
  lat (msec)   : 2=73.91%, 4=10.85%, 10=12.62%, 20=0.22%, 50=0.14%
  lat (msec)   : 100=0.09%, 250=0.06%, 500=0.01%, 750=0.01%
  cpu          : usr=0.17%, sys=2.12%, ctx=3766558, majf=0, minf=62956
  IO depths    : 1=100.0%, 2=0.0%, 4=0.0%, 8=0.0%, 16=0.0%, 32=0.0%, >=64=0.0%
     submit    : 0=0.0%, 4=100.0%, 8=0.0%, 16=0.0%, 32=0.0%, 64=0.0%, >=64=0.0%
     complete  : 0=0.0%, 4=100.0%, 8=0.0%, 16=0.0%, 32=0.0%, 64=0.0%, >=64=0.0%
     issued rwts: total=0,2044524,0,0 short=0,0,0,0 dropped=0,0,0,0
     latency   : target=0, window=0, percentile=100.00%, depth=1

Run status group 0 (all jobs):
  WRITE: bw=426MiB/s (447MB/s), 426MiB/s-426MiB/s (447MB/s-447MB/s), io=125GiB (134GB), run=300004-300004msec
