seqw: (g=0): rw=write, bs=(R) 64.0KiB-64.0KiB, (W) 64.0KiB-64.0KiB, (T) 64.0KiB-64.0KiB, ioengine=libaio, iodepth=1
...
fio-3.18
Starting 2 threads

seqw: (groupid=0, jobs=2): err= 0: pid=89336: Thu Feb 20 02:06:27 2020
  write: IOPS=1472, BW=92.0MiB/s (96.5MB/s)(26.0GiB/300002msec)
    slat (usec): min=22, max=267, avg=40.47, stdev=14.79
    clat (usec): min=710, max=302371, avg=1316.72, stdev=3678.96
     lat (usec): min=806, max=302407, avg=1357.34, stdev=3678.92
    clat percentiles (usec):
     |  1.00th=[   857],  5.00th=[   898], 10.00th=[   922], 20.00th=[   955],
     | 30.00th=[   988], 40.00th=[  1012], 50.00th=[  1045], 60.00th=[  1074],
     | 70.00th=[  1106], 80.00th=[  1221], 90.00th=[  1663], 95.00th=[  2212],
     | 99.00th=[  4555], 99.50th=[  5014], 99.90th=[ 13042], 99.95th=[ 76022],
     | 99.99th=[193987]
   bw (  KiB/s): min=  512, max=108928, per=100.00%, avg=94296.30, stdev=11110.84, samples=1198
   iops        : min=    8, max= 1702, avg=1473.38, stdev=173.61, samples=1198
  lat (usec)   : 750=0.01%, 1000=34.70%
  lat (msec)   : 2=58.81%, 4=4.85%, 10=1.52%, 20=0.03%, 50=0.03%
  lat (msec)   : 100=0.02%, 250=0.04%, 500=0.01%
  cpu          : usr=0.28%, sys=2.78%, ctx=485620, majf=0, minf=1014
  IO depths    : 1=100.0%, 2=0.0%, 4=0.0%, 8=0.0%, 16=0.0%, 32=0.0%, >=64=0.0%
     submit    : 0=0.0%, 4=100.0%, 8=0.0%, 16=0.0%, 32=0.0%, 64=0.0%, >=64=0.0%
     complete  : 0=0.0%, 4=100.0%, 8=0.0%, 16=0.0%, 32=0.0%, 64=0.0%, >=64=0.0%
     issued rwts: total=0,441614,0,0 short=0,0,0,0 dropped=0,0,0,0
     latency   : target=0, window=0, percentile=100.00%, depth=1

Run status group 0 (all jobs):
  WRITE: bw=92.0MiB/s (96.5MB/s), 92.0MiB/s-92.0MiB/s (96.5MB/s-96.5MB/s), io=26.0GiB (28.9GB), run=300002-300002msec
