seqw: (g=0): rw=write, bs=(R) 64.0KiB-64.0KiB, (W) 64.0KiB-64.0KiB, (T) 64.0KiB-64.0KiB, ioengine=libaio, iodepth=1
...
fio-3.18
Starting 2 threads

seqw: (groupid=0, jobs=2): err= 0: pid=19950: Thu Feb 20 17:38:02 2020
  write: IOPS=1727, BW=108MiB/s (113MB/s)(31.6GiB/300001msec)
    slat (usec): min=25, max=269, avg=43.71, stdev=15.67
    clat (usec): min=745, max=90039, avg=1112.62, stdev=945.93
     lat (usec): min=810, max=90075, avg=1156.48, stdev=945.81
    clat percentiles (usec):
     |  1.00th=[  832],  5.00th=[  865], 10.00th=[  881], 20.00th=[  914],
     | 30.00th=[  938], 40.00th=[  979], 50.00th=[ 1012], 60.00th=[ 1045],
     | 70.00th=[ 1074], 80.00th=[ 1106], 90.00th=[ 1188], 95.00th=[ 1352],
     | 99.00th=[ 4015], 99.50th=[ 4686], 99.90th=[ 5538], 99.95th=[13173],
     | 99.99th=[49021]
   bw (  KiB/s): min=76160, max=120192, per=100.00%, avg=110665.98, stdev=2984.65, samples=1198
   iops        : min= 1190, max= 1878, avg=1729.16, stdev=46.64, samples=1198
  lat (usec)   : 750=0.01%, 1000=46.95%
  lat (msec)   : 2=49.68%, 4=2.36%, 10=0.96%, 20=0.02%, 50=0.03%
  lat (msec)   : 100=0.01%
  cpu          : usr=0.32%, sys=3.32%, ctx=612492, majf=0, minf=1057
  IO depths    : 1=100.0%, 2=0.0%, 4=0.0%, 8=0.0%, 16=0.0%, 32=0.0%, >=64=0.0%
     submit    : 0=0.0%, 4=100.0%, 8=0.0%, 16=0.0%, 32=0.0%, 64=0.0%, >=64=0.0%
     complete  : 0=0.0%, 4=100.0%, 8=0.0%, 16=0.0%, 32=0.0%, 64=0.0%, >=64=0.0%
     issued rwts: total=0,518233,0,0 short=0,0,0,0 dropped=0,0,0,0
     latency   : target=0, window=0, percentile=100.00%, depth=1

Run status group 0 (all jobs):
  WRITE: bw=108MiB/s (113MB/s), 108MiB/s-108MiB/s (113MB/s-113MB/s), io=31.6GiB (33.0GB), run=300001-300001msec
