seqw: (g=0): rw=write, bs=(R) 64.0KiB-64.0KiB, (W) 64.0KiB-64.0KiB, (T) 64.0KiB-64.0KiB, ioengine=libaio, iodepth=1
...
fio-3.18
Starting 4 threads

seqw: (groupid=0, jobs=4): err= 0: pid=19639: Thu Feb 20 17:32:27 2020
  write: IOPS=2745, BW=172MiB/s (180MB/s)(50.3GiB/300190msec)
    slat (usec): min=23, max=601, avg=70.68, stdev=19.45
    clat (usec): min=498, max=829024, avg=1383.73, stdev=7043.97
     lat (usec): min=816, max=829105, avg=1454.59, stdev=7043.87
    clat percentiles (usec):
     |  1.00th=[   832],  5.00th=[   865], 10.00th=[   889], 20.00th=[   922],
     | 30.00th=[   955], 40.00th=[   979], 50.00th=[  1012], 60.00th=[  1045],
     | 70.00th=[  1090], 80.00th=[  1139], 90.00th=[  1303], 95.00th=[  2180],
     | 99.00th=[  4817], 99.50th=[  5145], 99.90th=[ 55837], 99.95th=[160433],
     | 99.99th=[358613]
   bw (  KiB/s): min=64000, max=230656, per=100.00%, avg=176149.15, stdev=10261.39, samples=2394
   iops        : min= 1000, max= 3604, avg=2752.33, stdev=160.33, samples=2394
  lat (usec)   : 500=0.01%, 750=0.01%, 1000=46.62%
  lat (msec)   : 2=48.09%, 4=3.03%, 10=2.03%, 20=0.05%, 50=0.06%
  lat (msec)   : 100=0.04%, 250=0.05%, 500=0.02%, 750=0.01%, 1000=0.01%
  cpu          : usr=0.30%, sys=2.60%, ctx=1477829, majf=0, minf=5564
  IO depths    : 1=100.0%, 2=0.0%, 4=0.0%, 8=0.0%, 16=0.0%, 32=0.0%, >=64=0.0%
     submit    : 0=0.0%, 4=100.0%, 8=0.0%, 16=0.0%, 32=0.0%, 64=0.0%, >=64=0.0%
     complete  : 0=0.0%, 4=100.0%, 8=0.0%, 16=0.0%, 32=0.0%, 64=0.0%, >=64=0.0%
     issued rwts: total=0,824288,0,0 short=0,0,0,0 dropped=0,0,0,0
     latency   : target=0, window=0, percentile=100.00%, depth=1

Run status group 0 (all jobs):
  WRITE: bw=172MiB/s (180MB/s), 172MiB/s-172MiB/s (180MB/s-180MB/s), io=50.3GiB (54.0GB), run=300190-300190msec
