seqw: (g=0): rw=write, bs=(R) 64.0KiB-64.0KiB, (W) 64.0KiB-64.0KiB, (T) 64.0KiB-64.0KiB, ioengine=libaio, iodepth=1
...
fio-3.18
Starting 32 threads

seqw: (groupid=0, jobs=32): err= 0: pid=87803: Thu Feb 20 01:44:07 2020
  write: IOPS=9491, BW=593MiB/s (622MB/s)(174GiB/300048msec)
    slat (usec): min=22, max=1522, avg=108.69, stdev=42.76
    clat (usec): min=379, max=642984, avg=3260.38, stdev=6398.66
     lat (usec): min=852, max=643126, avg=3369.30, stdev=6399.53
    clat percentiles (usec):
     |  1.00th=[  1037],  5.00th=[  1254], 10.00th=[  1434], 20.00th=[  1647],
     | 30.00th=[  1811], 40.00th=[  2008], 50.00th=[  2212], 60.00th=[  2507],
     | 70.00th=[  3130], 80.00th=[  4686], 90.00th=[  5604], 95.00th=[  6259],
     | 99.00th=[ 10945], 99.50th=[ 19792], 99.90th=[ 83362], 99.95th=[139461],
     | 99.99th=[261096]
   bw (  KiB/s): min= 7936, max=1134848, per=100.00%, avg=608325.63, stdev=4457.94, samples=19159
   iops        : min=  124, max=17732, avg=9505.06, stdev=69.66, samples=19159
  lat (usec)   : 500=0.01%, 750=0.01%, 1000=0.57%
  lat (msec)   : 2=39.37%, 4=35.05%, 10=23.85%, 20=0.66%, 50=0.26%
  lat (msec)   : 100=0.16%, 250=0.07%, 500=0.01%, 750=0.01%
  cpu          : usr=0.12%, sys=1.83%, ctx=5674288, majf=0, minf=51846
  IO depths    : 1=100.0%, 2=0.0%, 4=0.0%, 8=0.0%, 16=0.0%, 32=0.0%, >=64=0.0%
     submit    : 0=0.0%, 4=100.0%, 8=0.0%, 16=0.0%, 32=0.0%, 64=0.0%, >=64=0.0%
     complete  : 0=0.0%, 4=100.0%, 8=0.0%, 16=0.0%, 32=0.0%, 64=0.0%, >=64=0.0%
     issued rwts: total=0,2847785,0,0 short=0,0,0,0 dropped=0,0,0,0
     latency   : target=0, window=0, percentile=100.00%, depth=1

Run status group 0 (all jobs):
  WRITE: bw=593MiB/s (622MB/s), 593MiB/s-593MiB/s (622MB/s-622MB/s), io=174GiB (187GB), run=300048-300048msec
