seqw: (g=0): rw=write, bs=(R) 64.0KiB-64.0KiB, (W) 64.0KiB-64.0KiB, (T) 64.0KiB-64.0KiB, ioengine=libaio, iodepth=1
fio-3.18
Starting 1 thread

seqw: (groupid=0, jobs=1): err= 0: pid=89687: Thu Feb 20 02:12:02 2020
  write: IOPS=724, BW=45.3MiB/s (47.5MB/s)(13.3GiB/300001msec)
    slat (usec): min=24, max=240, avg=35.49, stdev= 4.59
    clat (usec): min=771, max=345340, avg=1342.32, stdev=4548.70
     lat (usec): min=809, max=345375, avg=1377.96, stdev=4548.95
    clat percentiles (usec):
     |  1.00th=[   857],  5.00th=[   889], 10.00th=[   914], 20.00th=[   938],
     | 30.00th=[   971], 40.00th=[  1004], 50.00th=[  1029], 60.00th=[  1057],
     | 70.00th=[  1090], 80.00th=[  1156], 90.00th=[  1614], 95.00th=[  2212],
     | 99.00th=[  4293], 99.50th=[  4883], 99.90th=[ 70779], 99.95th=[121111],
     | 99.99th=[198181]
   bw (  KiB/s): min=  256, max=56064, per=100.00%, avg=46434.39, stdev=14253.85, samples=599
   iops        : min=    4, max=  876, avg=725.54, stdev=222.72, samples=599
  lat (usec)   : 1000=40.02%
  lat (msec)   : 2=53.02%, 4=5.70%, 10=1.08%, 20=0.02%, 50=0.03%
  lat (msec)   : 100=0.05%, 250=0.07%, 500=0.01%
  cpu          : usr=0.35%, sys=2.62%, ctx=218322, majf=0, minf=217
  IO depths    : 1=100.0%, 2=0.0%, 4=0.0%, 8=0.0%, 16=0.0%, 32=0.0%, >=64=0.0%
     submit    : 0=0.0%, 4=100.0%, 8=0.0%, 16=0.0%, 32=0.0%, 64=0.0%, >=64=0.0%
     complete  : 0=0.0%, 4=100.0%, 8=0.0%, 16=0.0%, 32=0.0%, 64=0.0%, >=64=0.0%
     issued rwts: total=0,217470,0,0 short=0,0,0,0 dropped=0,0,0,0
     latency   : target=0, window=0, percentile=100.00%, depth=1

Run status group 0 (all jobs):
  WRITE: bw=45.3MiB/s (47.5MB/s), 45.3MiB/s-45.3MiB/s (47.5MB/s-47.5MB/s), io=13.3GiB (14.3GB), run=300001-300001msec
