seqw: (g=0): rw=write, bs=(R) 64.0KiB-64.0KiB, (W) 64.0KiB-64.0KiB, (T) 64.0KiB-64.0KiB, ioengine=libaio, iodepth=1
...
fio-3.18
Starting 8 threads

seqw: (groupid=0, jobs=8): err= 0: pid=88515: Thu Feb 20 01:55:17 2020
  write: IOPS=4791, BW=299MiB/s (314MB/s)(87.7GiB/300013msec)
    slat (usec): min=21, max=700, avg=82.49, stdev=22.19
    clat (usec): min=520, max=84383, avg=1585.48, stdev=1523.59
     lat (usec): min=819, max=84465, avg=1668.16, stdev=1523.96
    clat percentiles (usec):
     |  1.00th=[  898],  5.00th=[  955], 10.00th=[  996], 20.00th=[ 1045],
     | 30.00th=[ 1090], 40.00th=[ 1139], 50.00th=[ 1188], 60.00th=[ 1254],
     | 70.00th=[ 1369], 80.00th=[ 1614], 90.00th=[ 2474], 95.00th=[ 4359],
     | 99.00th=[ 5473], 99.50th=[ 6390], 99.90th=[15270], 99.95th=[28967],
     | 99.99th=[55313]
   bw (  KiB/s): min=216832, max=347648, per=100.00%, avg=306959.40, stdev=2428.84, samples=4792
   iops        : min= 3388, max= 5432, avg=4796.23, stdev=37.95, samples=4792
  lat (usec)   : 750=0.01%, 1000=10.87%
  lat (msec)   : 2=77.18%, 4=5.55%, 10=6.23%, 20=0.10%, 50=0.06%
  lat (msec)   : 100=0.02%
  cpu          : usr=0.23%, sys=2.56%, ctx=2690130, majf=0, minf=10309
  IO depths    : 1=100.0%, 2=0.0%, 4=0.0%, 8=0.0%, 16=0.0%, 32=0.0%, >=64=0.0%
     submit    : 0=0.0%, 4=100.0%, 8=0.0%, 16=0.0%, 32=0.0%, 64=0.0%, >=64=0.0%
     complete  : 0=0.0%, 4=100.0%, 8=0.0%, 16=0.0%, 32=0.0%, 64=0.0%, >=64=0.0%
     issued rwts: total=0,1437367,0,0 short=0,0,0,0 dropped=0,0,0,0
     latency   : target=0, window=0, percentile=100.00%, depth=1

Run status group 0 (all jobs):
  WRITE: bw=299MiB/s (314MB/s), 299MiB/s-299MiB/s (314MB/s-314MB/s), io=87.7GiB (94.2GB), run=300013-300013msec
