randrw: (g=0): rw=randrw, bs=(R) 8192B-8192B, (W) 8192B-8192B, (T) 8192B-8192B, ioengine=libaio, iodepth=1
...
fio-3.18
Starting 2 threads

randrw: (groupid=0, jobs=2): err= 0: pid=6589: Fri Feb 14 17:29:37 2020
  read: IOPS=320, BW=2564KiB/s (2625kB/s)(751MiB/300016msec)
    slat (usec): min=20, max=297, avg=41.67, stdev= 5.25
    clat (usec): min=324, max=226359, avg=2654.94, stdev=9541.21
     lat (usec): min=362, max=226401, avg=2696.73, stdev=9541.17
    clat percentiles (usec):
     |  1.00th=[   400],  5.00th=[   437], 10.00th=[   461], 20.00th=[   498],
     | 30.00th=[   529], 40.00th=[   562], 50.00th=[   594], 60.00th=[   627],
     | 70.00th=[   668], 80.00th=[   725], 90.00th=[   865], 95.00th=[ 15008],
     | 99.00th=[ 52167], 99.50th=[ 65799], 99.90th=[100140], 99.95th=[114820],
     | 99.99th=[139461]
   bw (  KiB/s): min=  752, max= 4496, per=100.00%, avg=2566.30, stdev=290.75, samples=1198
   iops        : min=   94, max=  562, avg=320.79, stdev=36.34, samples=1198
  write: IOPS=319, BW=2557KiB/s (2618kB/s)(749MiB/300016msec)
    slat (usec): min=21, max=310, avg=51.31, stdev= 7.52
    clat (usec): min=851, max=275104, avg=3499.17, stdev=9816.16
     lat (usec): min=912, max=275155, avg=3550.63, stdev=9816.03
    clat percentiles (usec):
     |  1.00th=[  1004],  5.00th=[  1074], 10.00th=[  1123], 20.00th=[  1188],
     | 30.00th=[  1237], 40.00th=[  1303], 50.00th=[  1352], 60.00th=[  1418],
     | 70.00th=[  1500], 80.00th=[  1614], 90.00th=[  2180], 95.00th=[ 15926],
     | 99.00th=[ 54789], 99.50th=[ 69731], 99.90th=[103285], 99.95th=[116917],
     | 99.99th=[149947]
   bw (  KiB/s): min= 1024, max= 3936, per=100.00%, avg=2558.88, stdev=246.96, samples=1198
   iops        : min=  128, max=  492, avg=319.86, stdev=30.87, samples=1198
  lat (usec)   : 500=10.56%, 750=31.05%, 1000=4.71%
  lat (msec)   : 2=44.73%, 4=1.98%, 10=1.02%, 20=1.70%, 50=3.06%
  lat (msec)   : 100=1.06%, 250=0.11%, 500=0.01%
  cpu          : usr=0.14%, sys=1.03%, ctx=374383, majf=0, minf=384
  IO depths    : 1=100.0%, 2=0.0%, 4=0.0%, 8=0.0%, 16=0.0%, 32=0.0%, >=64=0.0%
     submit    : 0=0.0%, 4=100.0%, 8=0.0%, 16=0.0%, 32=0.0%, 64=0.0%, >=64=0.0%
     complete  : 0=0.0%, 4=100.0%, 8=0.0%, 16=0.0%, 32=0.0%, 64=0.0%, >=64=0.0%
     issued rwts: total=96149,95880,0,0 short=0,0,0,0 dropped=0,0,0,0
     latency   : target=0, window=0, percentile=100.00%, depth=1

Run status group 0 (all jobs):
   READ: bw=2564KiB/s (2625kB/s), 2564KiB/s-2564KiB/s (2625kB/s-2625kB/s), io=751MiB (788MB), run=300016-300016msec
  WRITE: bw=2557KiB/s (2618kB/s), 2557KiB/s-2557KiB/s (2618kB/s-2618kB/s), io=749MiB (785MB), run=300016-300016msec
