randrw: (g=0): rw=randrw, bs=(R) 8192B-8192B, (W) 8192B-8192B, (T) 8192B-8192B, ioengine=libaio, iodepth=1
...
fio-3.18
Starting 32 threads
randrw: Laying out IO file (1 file / 2048MiB)
randrw: Laying out IO file (1 file / 2048MiB)
randrw: Laying out IO file (1 file / 2048MiB)
randrw: Laying out IO file (1 file / 2048MiB)
randrw: Laying out IO file (1 file / 2048MiB)
randrw: Laying out IO file (1 file / 2048MiB)
randrw: Laying out IO file (1 file / 2048MiB)
randrw: Laying out IO file (1 file / 2048MiB)
randrw: Laying out IO file (1 file / 2048MiB)
randrw: Laying out IO file (1 file / 2048MiB)
randrw: Laying out IO file (1 file / 2048MiB)
randrw: Laying out IO file (1 file / 2048MiB)
randrw: Laying out IO file (1 file / 2048MiB)
randrw: Laying out IO file (1 file / 2048MiB)
randrw: Laying out IO file (1 file / 2048MiB)
randrw: Laying out IO file (1 file / 2048MiB)
randrw: Laying out IO file (1 file / 2048MiB)
randrw: Laying out IO file (1 file / 2048MiB)
randrw: Laying out IO file (1 file / 2048MiB)
randrw: Laying out IO file (1 file / 2048MiB)
randrw: Laying out IO file (1 file / 2048MiB)
randrw: Laying out IO file (1 file / 2048MiB)
randrw: Laying out IO file (1 file / 2048MiB)
randrw: Laying out IO file (1 file / 2048MiB)
randrw: Laying out IO file (1 file / 2048MiB)
randrw: Laying out IO file (1 file / 2048MiB)
randrw: Laying out IO file (1 file / 2048MiB)
randrw: Laying out IO file (1 file / 2048MiB)
randrw: Laying out IO file (1 file / 2048MiB)
randrw: Laying out IO file (1 file / 2048MiB)
randrw: Laying out IO file (1 file / 2048MiB)
randrw: Laying out IO file (1 file / 2048MiB)

randrw: (groupid=0, jobs=32): err= 0: pid=58898: Mon Feb 17 09:59:09 2020
  read: IOPS=620, BW=4964KiB/s (5083kB/s)(1455MiB/300061msec)
    slat (usec): min=24, max=609, avg=49.30, stdev=10.50
    clat (usec): min=487, max=523122, avg=22395.42, stdev=29560.76
     lat (usec): min=532, max=523181, avg=22444.89, stdev=29560.74
    clat percentiles (usec):
     |  1.00th=[   766],  5.00th=[  6783], 10.00th=[  7898], 20.00th=[  8979],
     | 30.00th=[  9765], 40.00th=[ 10421], 50.00th=[ 11863], 60.00th=[ 13960],
     | 70.00th=[ 16909], 80.00th=[ 23725], 90.00th=[ 50070], 95.00th=[ 85459],
     | 99.00th=[152044], 99.50th=[187696], 99.90th=[250610], 99.95th=[274727],
     | 99.99th=[333448]
   bw (  KiB/s): min=  560, max=11344, per=100.00%, avg=4973.44, stdev=58.83, samples=19154
   iops        : min=   70, max= 1418, avg=621.66, stdev= 7.35, samples=19154
  write: IOPS=622, BW=4981KiB/s (5101kB/s)(1460MiB/300061msec)
    slat (usec): min=26, max=539, avg=59.91, stdev=13.84
    clat (usec): min=1182, max=611678, avg=28955.45, stdev=36329.78
     lat (usec): min=1251, max=611739, avg=29015.56, stdev=36329.76
    clat percentiles (usec):
     |  1.00th=[  1876],  5.00th=[  8160], 10.00th=[  9372], 20.00th=[ 10552],
     | 30.00th=[ 11469], 40.00th=[ 13566], 50.00th=[ 15795], 60.00th=[ 18744],
     | 70.00th=[ 23462], 80.00th=[ 33424], 90.00th=[ 68682], 95.00th=[107480],
     | 99.00th=[185598], 99.50th=[221250], 99.90th=[295699], 99.95th=[333448],
     | 99.99th=[396362]
   bw (  KiB/s): min=  800, max=10736, per=100.00%, avg=4988.82, stdev=54.40, samples=19161
   iops        : min=  100, max= 1342, avg=623.58, stdev= 6.80, samples=19161
  lat (usec)   : 500=0.01%, 750=0.46%, 1000=0.20%
  lat (msec)   : 2=0.57%, 4=0.21%, 10=22.56%, 20=45.68%, 50=18.37%
  lat (msec)   : 100=7.21%, 250=4.55%, 500=0.18%, 750=0.01%
  cpu          : usr=0.02%, sys=0.16%, ctx=691485, majf=0, minf=6375
  IO depths    : 1=100.0%, 2=0.0%, 4=0.0%, 8=0.0%, 16=0.0%, 32=0.0%, >=64=0.0%
     submit    : 0=0.0%, 4=100.0%, 8=0.0%, 16=0.0%, 32=0.0%, 64=0.0%, >=64=0.0%
     complete  : 0=0.0%, 4=100.0%, 8=0.0%, 16=0.0%, 32=0.0%, 64=0.0%, >=64=0.0%
     issued rwts: total=186184,186833,0,0 short=0,0,0,0 dropped=0,0,0,0
     latency   : target=0, window=0, percentile=100.00%, depth=1

Run status group 0 (all jobs):
   READ: bw=4964KiB/s (5083kB/s), 4964KiB/s-4964KiB/s (5083kB/s-5083kB/s), io=1455MiB (1525MB), run=300061-300061msec
  WRITE: bw=4981KiB/s (5101kB/s), 4981KiB/s-4981KiB/s (5101kB/s-5101kB/s), io=1460MiB (1531MB), run=300061-300061msec
