randrw: (g=0): rw=randrw, bs=(R) 8192B-8192B, (W) 8192B-8192B, (T) 8192B-8192B, ioengine=libaio, iodepth=1
fio-3.18
Starting 1 thread

randrw: (groupid=0, jobs=1): err= 0: pid=7032: Fri Feb 14 17:37:49 2020
  read: IOPS=166, BW=1329KiB/s (1360kB/s)(389MiB/300025msec)
    slat (usec): min=23, max=150, avg=39.65, stdev= 3.80
    clat (usec): min=326, max=171146, avg=2610.42, stdev=8724.99
     lat (usec): min=359, max=171188, avg=2650.21, stdev=8724.95
    clat percentiles (usec):
     |  1.00th=[   408],  5.00th=[   437], 10.00th=[   457], 20.00th=[   486],
     | 30.00th=[   515], 40.00th=[   545], 50.00th=[   570], 60.00th=[   603],
     | 70.00th=[   644], 80.00th=[   693], 90.00th=[   840], 95.00th=[ 17171],
     | 99.00th=[ 48497], 99.50th=[ 58459], 99.90th=[ 81265], 99.95th=[ 90702],
     | 99.99th=[115868]
   bw (  KiB/s): min=  608, max= 2304, per=100.00%, avg=1329.85, stdev=252.56, samples=599
   iops        : min=   76, max=  288, avg=166.23, stdev=31.57, samples=599
  write: IOPS=164, BW=1320KiB/s (1351kB/s)(387MiB/300025msec)
    slat (usec): min=24, max=185, avg=48.67, stdev= 5.04
    clat (usec): min=893, max=152289, avg=3342.58, stdev=8665.65
     lat (usec): min=941, max=152345, avg=3391.41, stdev=8665.57
    clat percentiles (usec):
     |  1.00th=[  1004],  5.00th=[  1057], 10.00th=[  1106], 20.00th=[  1156],
     | 30.00th=[  1221], 40.00th=[  1254], 50.00th=[  1319], 60.00th=[  1369],
     | 70.00th=[  1434], 80.00th=[  1549], 90.00th=[  2245], 95.00th=[ 16909],
     | 99.00th=[ 49021], 99.50th=[ 60556], 99.90th=[ 83362], 99.95th=[ 94897],
     | 99.99th=[111674]
   bw (  KiB/s): min=  784, max= 2000, per=100.00%, avg=1321.12, stdev=196.73, samples=599
   iops        : min=   98, max=  250, avg=165.14, stdev=24.59, samples=599
  lat (usec)   : 500=12.52%, 750=30.70%, 1000=2.98%
  lat (msec)   : 2=44.63%, 4=1.80%, 10=0.99%, 20=1.98%, 50=3.46%
  lat (msec)   : 100=0.90%, 250=0.03%
  cpu          : usr=0.13%, sys=0.99%, ctx=198447, majf=0, minf=74
  IO depths    : 1=100.0%, 2=0.0%, 4=0.0%, 8=0.0%, 16=0.0%, 32=0.0%, >=64=0.0%
     submit    : 0=0.0%, 4=100.0%, 8=0.0%, 16=0.0%, 32=0.0%, 64=0.0%, >=64=0.0%
     complete  : 0=0.0%, 4=100.0%, 8=0.0%, 16=0.0%, 32=0.0%, 64=0.0%, >=64=0.0%
     issued rwts: total=49823,49496,0,0 short=0,0,0,0 dropped=0,0,0,0
     latency   : target=0, window=0, percentile=100.00%, depth=1

Run status group 0 (all jobs):
   READ: bw=1329KiB/s (1360kB/s), 1329KiB/s-1329KiB/s (1360kB/s-1360kB/s), io=389MiB (408MB), run=300025-300025msec
  WRITE: bw=1320KiB/s (1351kB/s), 1320KiB/s-1320KiB/s (1351kB/s-1351kB/s), io=387MiB (405MB), run=300025-300025msec
