randrw: (g=0): rw=randrw, bs=(R) 8192B-8192B, (W) 8192B-8192B, (T) 8192B-8192B, ioengine=libaio, iodepth=1
...
fio-3.18
Starting 32 threads
randrw: Laying out IO file (1 file / 1MiB)
randrw: Laying out IO file (1 file / 1MiB)
randrw: Laying out IO file (1 file / 1MiB)
randrw: Laying out IO file (1 file / 1MiB)
randrw: Laying out IO file (1 file / 1MiB)
randrw: Laying out IO file (1 file / 1MiB)
randrw: Laying out IO file (1 file / 1MiB)
randrw: Laying out IO file (1 file / 1MiB)
randrw: Laying out IO file (1 file / 1MiB)
randrw: Laying out IO file (1 file / 1MiB)
randrw: Laying out IO file (1 file / 1MiB)
randrw: Laying out IO file (1 file / 1MiB)
randrw: Laying out IO file (1 file / 1MiB)
randrw: Laying out IO file (1 file / 1MiB)
randrw: Laying out IO file (1 file / 1MiB)
randrw: Laying out IO file (1 file / 1MiB)
randrw: Laying out IO file (1 file / 1MiB)
randrw: Laying out IO file (1 file / 1MiB)
randrw: Laying out IO file (1 file / 1MiB)
randrw: Laying out IO file (1 file / 1MiB)
randrw: Laying out IO file (1 file / 1MiB)
randrw: Laying out IO file (1 file / 1MiB)
randrw: Laying out IO file (1 file / 1MiB)
randrw: Laying out IO file (1 file / 1MiB)
randrw: Laying out IO file (1 file / 1MiB)
randrw: Laying out IO file (1 file / 1MiB)
randrw: Laying out IO file (1 file / 1MiB)
randrw: Laying out IO file (1 file / 1MiB)
randrw: Laying out IO file (1 file / 1MiB)
randrw: Laying out IO file (1 file / 1MiB)
randrw: Laying out IO file (1 file / 1MiB)
randrw: Laying out IO file (1 file / 1MiB)

randrw: (groupid=0, jobs=32): err= 0: pid=121416: Fri Feb 14 12:11:15 2020
  read: IOPS=1419, BW=11.1MiB/s (11.6MB/s)(3328MiB/300117msec)
    slat (usec): min=21, max=502, avg=48.07, stdev=11.14
    clat (usec): min=324, max=508329, avg=9208.64, stdev=26779.10
     lat (usec): min=363, max=508372, avg=9256.90, stdev=26779.36
    clat percentiles (usec):
     |  1.00th=[   429],  5.00th=[   486], 10.00th=[   529], 20.00th=[   594],
     | 30.00th=[   644], 40.00th=[   701], 50.00th=[   758], 60.00th=[   832],
     | 70.00th=[   955], 80.00th=[  5342], 90.00th=[ 21365], 95.00th=[ 59507],
     | 99.00th=[143655], 99.50th=[170918], 99.90th=[229639], 99.95th=[254804],
     | 99.99th=[308282]
   bw (  KiB/s): min=  864, max=35056, per=100.00%, avg=11376.96, stdev=172.59, samples=19155
   iops        : min=  108, max= 4382, avg=1422.10, stdev=21.57, samples=19155
  write: IOPS=1423, BW=11.1MiB/s (11.7MB/s)(3338MiB/300117msec)
    slat (usec): min=22, max=989, avg=58.55, stdev=13.43
    clat (usec): min=729, max=812386, avg=13177.45, stdev=32933.13
     lat (usec): min=924, max=812452, avg=13236.22, stdev=32933.39
    clat percentiles (usec):
     |  1.00th=[  1074],  5.00th=[  1205], 10.00th=[  1287], 20.00th=[  1401],
     | 30.00th=[  1500], 40.00th=[  1598], 50.00th=[  1696], 60.00th=[  1844],
     | 70.00th=[  2573], 80.00th=[  9765], 90.00th=[ 35914], 95.00th=[ 82314],
     | 99.00th=[168821], 99.50th=[198181], 99.90th=[270533], 99.95th=[299893],
     | 99.99th=[379585]
   bw (  KiB/s): min= 1088, max=32272, per=100.00%, avg=11408.81, stdev=162.99, samples=19161
   iops        : min=  136, max= 4034, avg=1426.08, stdev=20.37, samples=19161
  lat (usec)   : 500=3.36%, 750=20.96%, 1000=11.57%
  lat (msec)   : 2=35.25%, 4=4.86%, 10=6.48%, 20=5.42%, 50=5.15%
  lat (msec)   : 100=3.81%, 250=3.03%, 500=0.11%, 750=0.01%, 1000=0.01%
  cpu          : usr=0.04%, sys=0.34%, ctx=1654367, majf=0, minf=2610
  IO depths    : 1=100.0%, 2=0.0%, 4=0.0%, 8=0.0%, 16=0.0%, 32=0.0%, >=64=0.0%
     submit    : 0=0.0%, 4=100.0%, 8=0.0%, 16=0.0%, 32=0.0%, 64=0.0%, >=64=0.0%
     complete  : 0=0.0%, 4=100.0%, 8=0.0%, 16=0.0%, 32=0.0%, 64=0.0%, >=64=0.0%
     issued rwts: total=425997,427322,0,0 short=0,0,0,0 dropped=0,0,0,0
     latency   : target=0, window=0, percentile=100.00%, depth=1

Run status group 0 (all jobs):
   READ: bw=11.1MiB/s (11.6MB/s), 11.1MiB/s-11.1MiB/s (11.6MB/s-11.6MB/s), io=3328MiB (3490MB), run=300117-300117msec
  WRITE: bw=11.1MiB/s (11.7MB/s), 11.1MiB/s-11.1MiB/s (11.7MB/s-11.7MB/s), io=3338MiB (3501MB), run=300117-300117msec
