randrw: (g=0): rw=randrw, bs=(R) 8192B-8192B, (W) 8192B-8192B, (T) 8192B-8192B, ioengine=libaio, iodepth=1
...
fio-3.18
Starting 8 threads

randrw: (groupid=0, jobs=8): err= 0: pid=122903: Fri Feb 14 12:39:38 2020
  read: IOPS=790, BW=6324KiB/s (6476kB/s)(1853MiB/300080msec)
    slat (usec): min=20, max=528, avg=43.29, stdev= 8.67
    clat (usec): min=50, max=250520, avg=4288.47, stdev=14882.00
     lat (usec): min=348, max=250569, avg=4331.90, stdev=14882.17
    clat percentiles (usec):
     |  1.00th=[   412],  5.00th=[   453], 10.00th=[   486], 20.00th=[   529],
     | 30.00th=[   578], 40.00th=[   619], 50.00th=[   660], 60.00th=[   701],
     | 70.00th=[   758], 80.00th=[   840], 90.00th=[  3032], 95.00th=[ 26346],
     | 99.00th=[ 82314], 99.50th=[102237], 99.90th=[143655], 99.95th=[156238],
     | 99.99th=[191890]
   bw (  KiB/s): min= 1392, max=14288, per=100.00%, avg=6331.88, stdev=277.82, samples=4792
   iops        : min=  174, max= 1786, avg=791.48, stdev=34.73, samples=4792
  write: IOPS=789, BW=6318KiB/s (6470kB/s)(1852MiB/300080msec)
    slat (usec): min=21, max=477, avg=52.68, stdev=10.95
    clat (usec): min=842, max=270358, avg=5735.64, stdev=16704.39
     lat (usec): min=899, max=270423, avg=5788.49, stdev=16704.54
    clat percentiles (usec):
     |  1.00th=[  1020],  5.00th=[  1123], 10.00th=[  1172], 20.00th=[  1270],
     | 30.00th=[  1336], 40.00th=[  1401], 50.00th=[  1483], 60.00th=[  1565],
     | 70.00th=[  1663], 80.00th=[  1827], 90.00th=[  6783], 95.00th=[ 32637],
     | 99.00th=[ 92799], 99.50th=[113771], 99.90th=[158335], 99.95th=[177210],
     | 99.99th=[221250]
   bw (  KiB/s): min= 1296, max=13296, per=100.00%, avg=6325.95, stdev=257.21, samples=4792
   iops        : min=  162, max= 1662, avg=790.74, stdev=32.15, samples=4792
  lat (usec)   : 100=0.01%, 250=0.01%, 500=6.55%, 750=27.88%, 1000=9.39%
  lat (msec)   : 2=42.76%, 4=2.97%, 10=1.88%, 20=2.14%, 50=3.48%
  lat (msec)   : 100=2.28%, 250=0.67%, 500=0.01%
  cpu          : usr=0.08%, sys=0.68%, ctx=897228, majf=0, minf=2854
  IO depths    : 1=100.0%, 2=0.0%, 4=0.0%, 8=0.0%, 16=0.0%, 32=0.0%, >=64=0.0%
     submit    : 0=0.0%, 4=100.0%, 8=0.0%, 16=0.0%, 32=0.0%, 64=0.0%, >=64=0.0%
     complete  : 0=0.0%, 4=100.0%, 8=0.0%, 16=0.0%, 32=0.0%, 64=0.0%, >=64=0.0%
     issued rwts: total=237209,237006,0,0 short=0,0,0,0 dropped=0,0,0,0
     latency   : target=0, window=0, percentile=100.00%, depth=1

Run status group 0 (all jobs):
   READ: bw=6324KiB/s (6476kB/s), 6324KiB/s-6324KiB/s (6476kB/s-6476kB/s), io=1853MiB (1943MB), run=300080-300080msec
  WRITE: bw=6318KiB/s (6470kB/s), 6318KiB/s-6318KiB/s (6470kB/s-6470kB/s), io=1852MiB (1942MB), run=300080-300080msec
