randrw: (g=0): rw=randrw, bs=(R) 8192B-8192B, (W) 8192B-8192B, (T) 8192B-8192B, ioengine=libaio, iodepth=1
...
fio-3.18
Starting 4 threads

randrw: (groupid=0, jobs=4): err= 0: pid=124941: Fri Feb 14 13:19:57 2020
  read: IOPS=537, BW=4296KiB/s (4400kB/s)(1259MiB/300034msec)
    slat (usec): min=19, max=361, avg=41.37, stdev= 7.20
    clat (usec): min=176, max=227121, avg=3139.69, stdev=11115.47
     lat (usec): min=357, max=227163, avg=3181.21, stdev=11115.52
    clat percentiles (usec):
     |  1.00th=[   404],  5.00th=[   445], 10.00th=[   469], 20.00th=[   510],
     | 30.00th=[   545], 40.00th=[   586], 50.00th=[   619], 60.00th=[   660],
     | 70.00th=[   709], 80.00th=[   775], 90.00th=[   988], 95.00th=[ 18482],
     | 99.00th=[ 62129], 99.50th=[ 78119], 99.90th=[109577], 99.95th=[124257],
     | 99.99th=[149947]
   bw (  KiB/s): min=  992, max= 8160, per=100.00%, avg=4301.31, stdev=295.86, samples=2396
   iops        : min=  124, max= 1020, avg=537.66, stdev=36.98, samples=2396
  write: IOPS=535, BW=4286KiB/s (4389kB/s)(1256MiB/300034msec)
    slat (usec): min=21, max=420, avg=50.36, stdev= 9.58
    clat (usec): min=867, max=225151, avg=4223.19, stdev=11889.98
     lat (usec): min=928, max=225202, avg=4273.73, stdev=11890.13
    clat percentiles (usec):
     |  1.00th=[  1020],  5.00th=[  1090], 10.00th=[  1139], 20.00th=[  1221],
     | 30.00th=[  1287], 40.00th=[  1352], 50.00th=[  1418], 60.00th=[  1483],
     | 70.00th=[  1582], 80.00th=[  1713], 90.00th=[  2900], 95.00th=[ 22152],
     | 99.00th=[ 65799], 99.50th=[ 82314], 99.90th=[119014], 99.95th=[133694],
     | 99.99th=[168821]
   bw (  KiB/s): min= 1056, max= 7424, per=100.00%, avg=4291.19, stdev=262.30, samples=2396
   iops        : min=  132, max=  928, avg=536.40, stdev=32.79, samples=2396
  lat (usec)   : 250=0.01%, 500=8.76%, 750=29.79%, 1000=6.88%
  lat (msec)   : 2=44.07%, 4=2.38%, 10=1.24%, 20=1.79%, 50=3.33%
  lat (msec)   : 100=1.56%, 250=0.19%
  cpu          : usr=0.11%, sys=0.88%, ctx=611742, majf=0, minf=1266
  IO depths    : 1=100.0%, 2=0.0%, 4=0.0%, 8=0.0%, 16=0.0%, 32=0.0%, >=64=0.0%
     submit    : 0=0.0%, 4=100.0%, 8=0.0%, 16=0.0%, 32=0.0%, 64=0.0%, >=64=0.0%
     complete  : 0=0.0%, 4=100.0%, 8=0.0%, 16=0.0%, 32=0.0%, 64=0.0%, >=64=0.0%
     issued rwts: total=161136,160754,0,0 short=0,0,0,0 dropped=0,0,0,0
     latency   : target=0, window=0, percentile=100.00%, depth=1

Run status group 0 (all jobs):
   READ: bw=4296KiB/s (4400kB/s), 4296KiB/s-4296KiB/s (4400kB/s-4400kB/s), io=1259MiB (1320MB), run=300034-300034msec
  WRITE: bw=4286KiB/s (4389kB/s), 4286KiB/s-4286KiB/s (4389kB/s-4389kB/s), io=1256MiB (1317MB), run=300034-300034msec
