randr: (g=0): rw=randread, bs=(R) 8192B-8192B, (W) 8192B-8192B, (T) 8192B-8192B, ioengine=libaio, iodepth=1
...
fio-3.18
Starting 32 threads
randr: Laying out IO file (1 file / 2048MiB)
randr: Laying out IO file (1 file / 2048MiB)
randr: Laying out IO file (1 file / 2048MiB)
randr: Laying out IO file (1 file / 2048MiB)
randr: Laying out IO file (1 file / 2048MiB)
randr: Laying out IO file (1 file / 2048MiB)
randr: Laying out IO file (1 file / 2048MiB)
randr: Laying out IO file (1 file / 2048MiB)
randr: Laying out IO file (1 file / 2048MiB)
randr: Laying out IO file (1 file / 2048MiB)
randr: Laying out IO file (1 file / 2048MiB)
randr: Laying out IO file (1 file / 2048MiB)
randr: Laying out IO file (1 file / 2048MiB)
randr: Laying out IO file (1 file / 2048MiB)
randr: Laying out IO file (1 file / 2048MiB)
randr: Laying out IO file (1 file / 2048MiB)
randr: Laying out IO file (1 file / 2048MiB)
randr: Laying out IO file (1 file / 2048MiB)
randr: Laying out IO file (1 file / 2048MiB)
randr: Laying out IO file (1 file / 2048MiB)
randr: Laying out IO file (1 file / 2048MiB)
randr: Laying out IO file (1 file / 2048MiB)
randr: Laying out IO file (1 file / 2048MiB)
randr: Laying out IO file (1 file / 2048MiB)
randr: Laying out IO file (1 file / 2048MiB)
randr: Laying out IO file (1 file / 2048MiB)
randr: Laying out IO file (1 file / 2048MiB)
randr: Laying out IO file (1 file / 2048MiB)
randr: Laying out IO file (1 file / 2048MiB)
randr: Laying out IO file (1 file / 2048MiB)
randr: Laying out IO file (1 file / 2048MiB)
randr: Laying out IO file (1 file / 2048MiB)

randr: (groupid=0, jobs=32): err= 0: pid=12490: Wed Feb 19 11:24:18 2020
  read: IOPS=2089, BW=16.3MiB/s (17.1MB/s)(4900MiB/300074msec)
    slat (usec): min=23, max=1296, avg=49.28, stdev=11.79
    clat (usec): min=428, max=294335, avg=15257.00, stdev=14459.29
     lat (usec): min=480, max=294394, avg=15306.45, stdev=14459.28
    clat percentiles (usec):
     |  1.00th=[   611],  5.00th=[  4555], 10.00th=[  7177], 20.00th=[  8717],
     | 30.00th=[  9634], 40.00th=[ 10290], 50.00th=[ 11469], 60.00th=[ 13042],
     | 70.00th=[ 15008], 80.00th=[ 17695], 90.00th=[ 23725], 95.00th=[ 35914],
     | 99.00th=[ 88605], 99.50th=[ 94897], 99.90th=[119014], 99.95th=[132645],
     | 99.99th=[179307]
   bw (  KiB/s): min= 6816, max=24672, per=100.00%, avg=16741.37, stdev=89.71, samples=19167
   iops        : min=  852, max= 3084, avg=2092.65, stdev=11.21, samples=19167
  lat (usec)   : 500=0.02%, 750=3.30%, 1000=0.52%
  lat (msec)   : 2=0.26%, 4=0.60%, 10=30.88%, 20=49.66%, 50=11.19%
  lat (msec)   : 100=3.23%, 250=0.34%, 500=0.01%
  cpu          : usr=0.02%, sys=0.26%, ctx=1170975, majf=0, minf=13206
  IO depths    : 1=100.0%, 2=0.0%, 4=0.0%, 8=0.0%, 16=0.0%, 32=0.0%, >=64=0.0%
     submit    : 0=0.0%, 4=100.0%, 8=0.0%, 16=0.0%, 32=0.0%, 64=0.0%, >=64=0.0%
     complete  : 0=0.0%, 4=100.0%, 8=0.0%, 16=0.0%, 32=0.0%, 64=0.0%, >=64=0.0%
     issued rwts: total=627136,0,0,0 short=0,0,0,0 dropped=0,0,0,0
     latency   : target=0, window=0, percentile=100.00%, depth=1

Run status group 0 (all jobs):
   READ: bw=16.3MiB/s (17.1MB/s), 16.3MiB/s-16.3MiB/s (17.1MB/s-17.1MB/s), io=4900MiB (5137MB), run=300074-300074msec
