randrw: (g=0): rw=randrw, bs=(R) 8192B-8192B, (W) 8192B-8192B, (T) 8192B-8192B, ioengine=libaio, iodepth=1
...
fio-3.18
Starting 16 threads

randrw: (groupid=0, jobs=16): err= 0: pid=122437: Fri Feb 14 12:31:49 2020
  read: IOPS=1077, BW=8621KiB/s (8828kB/s)(2526MiB/300082msec)
    slat (usec): min=20, max=771, avg=46.15, stdev=10.91
    clat (usec): min=5, max=314653, avg=6264.33, stdev=20389.85
     lat (usec): min=344, max=314701, avg=6310.64, stdev=20390.07
    clat percentiles (usec):
     |  1.00th=[   420],  5.00th=[   474], 10.00th=[   506], 20.00th=[   570],
     | 30.00th=[   619], 40.00th=[   660], 50.00th=[   709], 60.00th=[   766],
     | 70.00th=[   832], 80.00th=[   955], 90.00th=[ 11863], 95.00th=[ 40633],
     | 99.00th=[111674], 99.50th=[135267], 99.90th=[181404], 99.95th=[204473],
     | 99.99th=[240124]
   bw (  KiB/s): min= 1056, max=23232, per=100.00%, avg=8631.64, stdev=231.87, samples=9584
   iops        : min=  132, max= 2904, avg=1078.94, stdev=28.98, samples=9584
  write: IOPS=1077, BW=8619KiB/s (8825kB/s)(2526MiB/300082msec)
    slat (usec): min=22, max=658, avg=56.03, stdev=12.65
    clat (usec): min=761, max=351614, avg=8476.66, stdev=23581.52
     lat (usec): min=914, max=351657, avg=8532.87, stdev=23581.83
    clat percentiles (usec):
     |  1.00th=[  1057],  5.00th=[  1172], 10.00th=[  1237], 20.00th=[  1336],
     | 30.00th=[  1434], 40.00th=[  1516], 50.00th=[  1598], 60.00th=[  1680],
     | 70.00th=[  1811], 80.00th=[  2442], 90.00th=[ 17957], 95.00th=[ 52691],
     | 99.00th=[126354], 99.50th=[152044], 99.90th=[208667], 99.95th=[231736],
     | 99.99th=[278922]
   bw (  KiB/s): min= 1360, max=21856, per=100.00%, avg=8628.69, stdev=218.10, samples=9584
   iops        : min=  170, max= 2732, avg=1078.58, stdev=27.26, samples=9584
  lat (usec)   : 10=0.01%, 20=0.01%, 100=0.01%, 250=0.01%, 500=4.38%
  lat (usec)   : 750=24.61%, 1000=11.85%
  lat (msec)   : 2=40.02%, 4=4.09%, 10=3.39%, 20=3.07%, 50=3.86%
  lat (msec)   : 100=3.08%, 250=1.62%, 500=0.02%
  cpu          : usr=0.06%, sys=0.50%, ctx=1243481, majf=0, minf=7499
  IO depths    : 1=100.0%, 2=0.0%, 4=0.0%, 8=0.0%, 16=0.0%, 32=0.0%, >=64=0.0%
     submit    : 0=0.0%, 4=100.0%, 8=0.0%, 16=0.0%, 32=0.0%, 64=0.0%, >=64=0.0%
     complete  : 0=0.0%, 4=100.0%, 8=0.0%, 16=0.0%, 32=0.0%, 64=0.0%, >=64=0.0%
     issued rwts: total=323370,323285,0,0 short=0,0,0,0 dropped=0,0,0,0
     latency   : target=0, window=0, percentile=100.00%, depth=1

Run status group 0 (all jobs):
   READ: bw=8621KiB/s (8828kB/s), 8621KiB/s-8621KiB/s (8828kB/s-8828kB/s), io=2526MiB (2649MB), run=300082-300082msec
  WRITE: bw=8619KiB/s (8825kB/s), 8619KiB/s-8619KiB/s (8825kB/s-8825kB/s), io=2526MiB (2648MB), run=300082-300082msec
