seqw: (g=0): rw=write, bs=(R) 8192B-8192B, (W) 8192B-8192B, (T) 8192B-8192B, ioengine=libaio, iodepth=1
...
seqr: (g=0): rw=read, bs=(R) 8192B-8192B, (W) 8192B-8192B, (T) 8192B-8192B, ioengine=libaio, iodepth=1
...
fio-3.18
Starting 16 threads

seqw: (groupid=0, jobs=16): err= 0: pid=115829: Fri Feb 14 10:16:43 2020
  read: IOPS=10.9k, BW=85.5MiB/s (89.7MB/s)(25.1GiB/300031msec)
    slat (usec): min=17, max=1029, avg=49.26, stdev=14.85
    clat (usec): min=2, max=390957, avg=679.90, stdev=2568.05
     lat (usec): min=338, max=391000, avg=729.31, stdev=2568.34
    clat percentiles (usec):
     |  1.00th=[  383],  5.00th=[  416], 10.00th=[  433], 20.00th=[  457],
     | 30.00th=[  478], 40.00th=[  498], 50.00th=[  519], 60.00th=[  545],
     | 70.00th=[  578], 80.00th=[  619], 90.00th=[  693], 95.00th=[  766],
     | 99.00th=[ 1450], 99.50th=[ 3556], 99.90th=[42206], 99.95th=[60031],
     | 99.99th=[95945]
   bw (  KiB/s): min=12671, max=112752, per=100.00%, avg=87690.36, stdev=1721.18, samples=4792
   iops        : min= 1583, max=14094, avg=10961.29, stdev=215.15, samples=4792
  write: IOPS=1377, BW=10.8MiB/s (11.3MB/s)(3230MiB/300053msec)
    slat (usec): min=22, max=960, avg=60.61, stdev=18.64
    clat (usec): min=165, max=482347, avg=5743.60, stdev=14979.15
     lat (usec): min=919, max=482380, avg=5804.41, stdev=14979.41
    clat percentiles (usec):
     |  1.00th=[  1037],  5.00th=[  1123], 10.00th=[  1172], 20.00th=[  1237],
     | 30.00th=[  1303], 40.00th=[  1369], 50.00th=[  1434], 60.00th=[  1549],
     | 70.00th=[  1811], 80.00th=[  2540], 90.00th=[ 11076], 95.00th=[ 31327],
     | 99.00th=[ 78119], 99.50th=[ 96994], 99.90th=[143655], 99.95th=[166724],
     | 99.99th=[240124]
   bw (  KiB/s): min= 1152, max=18256, per=100.00%, avg=11035.17, stdev=328.16, samples=4792
   iops        : min=  144, max= 2282, avg=1379.39, stdev=41.02, samples=4792
  lat (usec)   : 4=0.01%, 10=0.01%, 250=0.01%, 500=36.43%, 750=47.16%
  lat (usec)   : 1000=3.94%
  lat (msec)   : 2=8.90%, 4=1.34%, 10=0.73%, 20=0.47%, 50=0.65%
  lat (msec)   : 100=0.31%, 250=0.06%, 500=0.01%
  cpu          : usr=0.24%, sys=3.08%, ctx=7090433, majf=0, minf=2827
  IO depths    : 1=100.0%, 2=0.0%, 4=0.0%, 8=0.0%, 16=0.0%, 32=0.0%, >=64=0.0%
     submit    : 0=0.0%, 4=100.0%, 8=0.0%, 16=0.0%, 32=0.0%, 64=0.0%, >=64=0.0%
     complete  : 0=0.0%, 4=100.0%, 8=0.0%, 16=0.0%, 32=0.0%, 64=0.0%, >=64=0.0%
     issued rwts: total=3284726,413380,0,0 short=0,0,0,0 dropped=0,0,0,0
     latency   : target=0, window=0, percentile=100.00%, depth=1

Run status group 0 (all jobs):
   READ: bw=85.5MiB/s (89.7MB/s), 85.5MiB/s-85.5MiB/s (89.7MB/s-89.7MB/s), io=25.1GiB (26.9GB), run=300031-300031msec
  WRITE: bw=10.8MiB/s (11.3MB/s), 10.8MiB/s-10.8MiB/s (11.3MB/s-11.3MB/s), io=3230MiB (3386MB), run=300053-300053msec
