seqw: (g=0): rw=write, bs=(R) 8192B-8192B, (W) 8192B-8192B, (T) 8192B-8192B, ioengine=libaio, iodepth=1
...
seqr: (g=0): rw=read, bs=(R) 8192B-8192B, (W) 8192B-8192B, (T) 8192B-8192B, ioengine=libaio, iodepth=1
...
fio-3.18
Starting 64 threads
seqw: Laying out IO file (1 file / 1MiB)
seqw: Laying out IO file (1 file / 1MiB)
seqw: Laying out IO file (1 file / 1MiB)
seqw: Laying out IO file (1 file / 1MiB)
seqw: Laying out IO file (1 file / 1MiB)
seqw: Laying out IO file (1 file / 1MiB)
seqw: Laying out IO file (1 file / 1MiB)
seqw: Laying out IO file (1 file / 1MiB)
seqw: Laying out IO file (1 file / 1MiB)
seqw: Laying out IO file (1 file / 1MiB)
seqw: Laying out IO file (1 file / 1MiB)
seqw: Laying out IO file (1 file / 1MiB)
seqw: Laying out IO file (1 file / 1MiB)
seqw: Laying out IO file (1 file / 1MiB)
seqw: Laying out IO file (1 file / 1MiB)
seqw: Laying out IO file (1 file / 1MiB)
seqw: Laying out IO file (1 file / 1MiB)
seqw: Laying out IO file (1 file / 1MiB)
seqw: Laying out IO file (1 file / 1MiB)
seqw: Laying out IO file (1 file / 1MiB)
seqw: Laying out IO file (1 file / 1MiB)
seqw: Laying out IO file (1 file / 1MiB)
seqw: Laying out IO file (1 file / 1MiB)
seqw: Laying out IO file (1 file / 1MiB)
seqw: Laying out IO file (1 file / 1MiB)
seqw: Laying out IO file (1 file / 1MiB)
seqw: Laying out IO file (1 file / 1MiB)
seqw: Laying out IO file (1 file / 1MiB)
seqw: Laying out IO file (1 file / 1MiB)
seqw: Laying out IO file (1 file / 1MiB)
seqw: Laying out IO file (1 file / 1MiB)
seqw: Laying out IO file (1 file / 1MiB)
seqr: Laying out IO file (1 file / 1MiB)
seqr: Laying out IO file (1 file / 1MiB)
seqr: Laying out IO file (1 file / 1MiB)
seqr: Laying out IO file (1 file / 1MiB)
seqr: Laying out IO file (1 file / 1MiB)
seqr: Laying out IO file (1 file / 1MiB)
seqr: Laying out IO file (1 file / 1MiB)
seqr: Laying out IO file (1 file / 1MiB)
seqr: Laying out IO file (1 file / 1MiB)
seqr: Laying out IO file (1 file / 1MiB)
seqr: Laying out IO file (1 file / 1MiB)
seqr: Laying out IO file (1 file / 1MiB)
seqr: Laying out IO file (1 file / 1MiB)
seqr: Laying out IO file (1 file / 1MiB)
seqr: Laying out IO file (1 file / 1MiB)
seqr: Laying out IO file (1 file / 1MiB)
seqr: Laying out IO file (1 file / 1MiB)
seqr: Laying out IO file (1 file / 1MiB)
seqr: Laying out IO file (1 file / 1MiB)
seqr: Laying out IO file (1 file / 1MiB)
seqr: Laying out IO file (1 file / 1MiB)
seqr: Laying out IO file (1 file / 1MiB)
seqr: Laying out IO file (1 file / 1MiB)
seqr: Laying out IO file (1 file / 1MiB)
seqr: Laying out IO file (1 file / 1MiB)
seqr: Laying out IO file (1 file / 1MiB)
seqr: Laying out IO file (1 file / 1MiB)
seqr: Laying out IO file (1 file / 1MiB)
seqr: Laying out IO file (1 file / 1MiB)
seqr: Laying out IO file (1 file / 1MiB)
seqr: Laying out IO file (1 file / 1MiB)
seqr: Laying out IO file (1 file / 1MiB)

seqw: (groupid=0, jobs=64): err= 0: pid=113815: Fri Feb 14 09:46:59 2020
  read: IOPS=21.9k, BW=171MiB/s (179MB/s)(50.1GiB/300095msec)
    slat (usec): min=20, max=2161, avg=66.50, stdev=30.49
    clat (nsec): min=1493, max=773565k, avg=1392795.66, stdev=8051987.48
     lat (usec): min=353, max=773621, avg=1459.46, stdev=8052.50
    clat percentiles (usec):
     |  1.00th=[   420],  5.00th=[   457], 10.00th=[   482], 20.00th=[   515],
     | 30.00th=[   545], 40.00th=[   570], 50.00th=[   603], 60.00th=[   635],
     | 70.00th=[   676], 80.00th=[   742], 90.00th=[   865], 95.00th=[  1172],
     | 99.00th=[ 18220], 99.50th=[ 36963], 99.90th=[121111], 99.95th=[170918],
     | 99.99th=[291505]
   bw (  KiB/s): min= 7727, max=327552, per=100.00%, avg=175480.88, stdev=1869.70, samples=19160
   iops        : min=  965, max=40944, avg=21935.08, stdev=233.71, samples=19160
  write: IOPS=2118, BW=16.5MiB/s (17.4MB/s)(4969MiB/300255msec)
    slat (usec): min=24, max=2026, avg=84.29, stdev=37.20
    clat (usec): min=2, max=862770, avg=15007.58, stdev=32526.75
     lat (usec): min=1031, max=862831, avg=15092.13, stdev=32526.97
    clat percentiles (usec):
     |  1.00th=[  1188],  5.00th=[  1319], 10.00th=[  1401], 20.00th=[  1532],
     | 30.00th=[  1663], 40.00th=[  1942], 50.00th=[  4752], 60.00th=[  8455],
     | 70.00th=[ 11338], 80.00th=[ 17695], 90.00th=[ 33817], 95.00th=[ 61604],
     | 99.00th=[166724], 99.50th=[223347], 99.90th=[354419], 99.95th=[408945],
     | 99.99th=[541066]
   bw (  KiB/s): min=  880, max=35760, per=100.00%, avg=16991.59, stdev=202.39, samples=19150
   iops        : min=  110, max= 4470, avg=2123.92, stdev=25.30, samples=19150
  lat (usec)   : 2=0.01%, 4=0.01%, 10=0.01%, 20=0.01%, 50=0.01%
  lat (usec)   : 100=0.01%, 500=13.67%, 750=60.16%, 1000=11.68%
  lat (msec)   : 2=5.72%, 4=1.40%, 10=2.81%, 20=2.17%, 50=1.49%
  lat (msec)   : 100=0.55%, 250=0.30%, 500=0.04%, 750=0.01%, 1000=0.01%
  cpu          : usr=0.11%, sys=2.06%, ctx=14371805, majf=0, minf=15407
  IO depths    : 1=100.0%, 2=0.0%, 4=0.0%, 8=0.0%, 16=0.0%, 32=0.0%, >=64=0.0%
     submit    : 0=0.0%, 4=100.0%, 8=0.0%, 16=0.0%, 32=0.0%, 64=0.0%, >=64=0.0%
     complete  : 0=0.0%, 4=100.0%, 8=0.0%, 16=0.0%, 32=0.0%, 64=0.0%, >=64=0.0%
     issued rwts: total=6572261,636079,0,0 short=0,0,0,0 dropped=0,0,0,0
     latency   : target=0, window=0, percentile=100.00%, depth=1

Run status group 0 (all jobs):
   READ: bw=171MiB/s (179MB/s), 171MiB/s-171MiB/s (179MB/s-179MB/s), io=50.1GiB (53.8GB), run=300095-300095msec
  WRITE: bw=16.5MiB/s (17.4MB/s), 16.5MiB/s-16.5MiB/s (17.4MB/s-17.4MB/s), io=4969MiB (5211MB), run=300255-300255msec
