seqw: (g=0): rw=write, bs=(R) 8192B-8192B, (W) 8192B-8192B, (T) 8192B-8192B, ioengine=libaio, iodepth=1
...
seqr: (g=0): rw=read, bs=(R) 8192B-8192B, (W) 8192B-8192B, (T) 8192B-8192B, ioengine=libaio, iodepth=1
...
fio-3.18
Starting 8 threads

seqw: (groupid=0, jobs=8): err= 0: pid=116268: Fri Feb 14 10:24:51 2020
  read: IOPS=6560, BW=51.2MiB/s (53.7MB/s)(15.0GiB/300001msec)
    slat (usec): min=18, max=633, avg=42.04, stdev= 9.81
    clat (usec): min=2, max=179474, avg=566.42, stdev=1363.75
     lat (usec): min=328, max=179516, avg=608.60, stdev=1363.90
    clat percentiles (usec):
     |  1.00th=[  371],  5.00th=[  400], 10.00th=[  416], 20.00th=[  441],
     | 30.00th=[  457], 40.00th=[  474], 50.00th=[  490], 60.00th=[  510],
     | 70.00th=[  537], 80.00th=[  578], 90.00th=[  652], 95.00th=[  709],
     | 99.00th=[  963], 99.50th=[ 1713], 99.90th=[18220], 99.95th=[32900],
     | 99.99th=[63177]
   bw (  KiB/s): min= 7311, max=59952, per=100.00%, avg=52536.55, stdev=1200.74, samples=2396
   iops        : min=  913, max= 7494, avg=6567.07, stdev=150.09, samples=2396
  write: IOPS=932, BW=7463KiB/s (7642kB/s)(2187MiB/300026msec)
    slat (usec): min=21, max=585, avg=53.00, stdev=14.87
    clat (usec): min=706, max=220176, avg=4232.91, stdev=10972.49
     lat (usec): min=919, max=220227, avg=4286.09, stdev=10972.77
    clat percentiles (usec):
     |  1.00th=[  1004],  5.00th=[  1057], 10.00th=[  1106], 20.00th=[  1172],
     | 30.00th=[  1221], 40.00th=[  1270], 50.00th=[  1319], 60.00th=[  1385],
     | 70.00th=[  1500], 80.00th=[  1893], 90.00th=[  5080], 95.00th=[ 23725],
     | 99.00th=[ 58983], 99.50th=[ 73925], 99.90th=[105382], 99.95th=[121111],
     | 99.99th=[158335]
   bw (  KiB/s): min= 1344, max=12048, per=100.00%, avg=7471.46, stdev=369.12, samples=2396
   iops        : min=  168, max= 1506, avg=933.93, stdev=46.14, samples=2396
  lat (usec)   : 4=0.01%, 10=0.01%, 50=0.01%, 100=0.01%, 250=0.01%
  lat (usec)   : 500=48.40%, 750=36.24%, 1000=2.23%
  lat (msec)   : 2=10.57%, 4=1.04%, 10=0.37%, 20=0.36%, 50=0.58%
  lat (msec)   : 100=0.19%, 250=0.02%
  cpu          : usr=0.31%, sys=3.15%, ctx=4320788, majf=0, minf=4629
  IO depths    : 1=100.0%, 2=0.0%, 4=0.0%, 8=0.0%, 16=0.0%, 32=0.0%, >=64=0.0%
     submit    : 0=0.0%, 4=100.0%, 8=0.0%, 16=0.0%, 32=0.0%, 64=0.0%, >=64=0.0%
     complete  : 0=0.0%, 4=100.0%, 8=0.0%, 16=0.0%, 32=0.0%, 64=0.0%, >=64=0.0%
     issued rwts: total=1968007,279874,0,0 short=0,0,0,0 dropped=0,0,0,0
     latency   : target=0, window=0, percentile=100.00%, depth=1

Run status group 0 (all jobs):
   READ: bw=51.2MiB/s (53.7MB/s), 51.2MiB/s-51.2MiB/s (53.7MB/s-53.7MB/s), io=15.0GiB (16.1GB), run=300001-300001msec
  WRITE: bw=7463KiB/s (7642kB/s), 7463KiB/s-7463KiB/s (7642kB/s-7642kB/s), io=2187MiB (2293MB), run=300026-300026msec
