seqw: (g=0): rw=write, bs=(R) 8192B-8192B, (W) 8192B-8192B, (T) 8192B-8192B, ioengine=libaio, iodepth=1
seqr: (g=0): rw=read, bs=(R) 8192B-8192B, (W) 8192B-8192B, (T) 8192B-8192B, ioengine=libaio, iodepth=1
fio-3.18
Starting 2 threads

seqw: (groupid=0, jobs=2): err= 0: pid=119754: Fri Feb 14 11:37:30 2020
  read: IOPS=1902, BW=14.9MiB/s (15.6MB/s)(4459MiB/300001msec)
    slat (usec): min=19, max=361, avg=38.31, stdev= 5.01
    clat (usec): min=192, max=41419, avg=486.31, stdev=183.95
     lat (usec): min=315, max=41460, avg=524.75, stdev=184.26
    clat percentiles (usec):
     |  1.00th=[  351],  5.00th=[  383], 10.00th=[  400], 20.00th=[  420],
     | 30.00th=[  437], 40.00th=[  449], 50.00th=[  465], 60.00th=[  478],
     | 70.00th=[  498], 80.00th=[  529], 90.00th=[  578], 95.00th=[  635],
     | 99.00th=[  799], 99.50th=[ 1139], 99.90th=[ 2573], 99.95th=[ 2933],
     | 99.99th=[ 7111]
   bw (  KiB/s): min=14223, max=16352, per=100.00%, avg=15235.06, stdev=315.47, samples=599
   iops        : min= 1777, max= 2044, avg=1904.38, stdev=39.43, samples=599
  write: IOPS=280, BW=2240KiB/s (2294kB/s)(656MiB/300027msec)
    slat (usec): min=19, max=316, avg=47.02, stdev=15.71
    clat (usec): min=844, max=612394, avg=3522.03, stdev=9199.64
     lat (usec): min=894, max=612451, avg=3569.23, stdev=9199.79
    clat percentiles (usec):
     |  1.00th=[   947],  5.00th=[   988], 10.00th=[  1020], 20.00th=[  1057],
     | 30.00th=[  1090], 40.00th=[  1139], 50.00th=[  1172], 60.00th=[  1221],
     | 70.00th=[  1303], 80.00th=[  1663], 90.00th=[  2737], 95.00th=[ 21627],
     | 99.00th=[ 49546], 99.50th=[ 58459], 99.90th=[ 78119], 99.95th=[ 86508],
     | 99.99th=[113771]
   bw (  KiB/s): min=   64, max= 3264, per=100.00%, avg=2242.93, stdev=356.15, samples=599
   iops        : min=    8, max=  408, avg=280.37, stdev=44.52, samples=599
  lat (usec)   : 250=0.01%, 500=61.49%, 750=24.42%, 1000=1.58%
  lat (msec)   : 2=10.81%, 4=0.55%, 10=0.19%, 20=0.28%, 50=0.55%
  lat (msec)   : 100=0.12%, 250=0.01%, 500=0.01%, 750=0.01%
  cpu          : usr=0.37%, sys=3.21%, ctx=1282066, majf=0, minf=437
  IO depths    : 1=100.0%, 2=0.0%, 4=0.0%, 8=0.0%, 16=0.0%, 32=0.0%, >=64=0.0%
     submit    : 0=0.0%, 4=100.0%, 8=0.0%, 16=0.0%, 32=0.0%, 64=0.0%, >=64=0.0%
     complete  : 0=0.0%, 4=100.0%, 8=0.0%, 16=0.0%, 32=0.0%, 64=0.0%, >=64=0.0%
     issued rwts: total=570731,84016,0,0 short=0,0,0,0 dropped=0,0,0,0
     latency   : target=0, window=0, percentile=100.00%, depth=1

Run status group 0 (all jobs):
   READ: bw=14.9MiB/s (15.6MB/s), 14.9MiB/s-14.9MiB/s (15.6MB/s-15.6MB/s), io=4459MiB (4675MB), run=300001-300001msec
  WRITE: bw=2240KiB/s (2294kB/s), 2240KiB/s-2240KiB/s (2294kB/s-2294kB/s), io=656MiB (688MB), run=300027-300027msec
