randr: (g=0): rw=randread, bs=(R) 8192B-8192B, (W) 8192B-8192B, (T) 8192B-8192B, ioengine=libaio, iodepth=1
...
fio-3.18
Starting 64 threads

randr: (groupid=0, jobs=64): err= 0: pid=2267: Thu Feb 20 13:28:43 2020
  read: IOPS=40.0k, BW=313MiB/s (328MB/s)(91.7GiB/300006msec)
    slat (usec): min=28, max=7579, avg=815.50, stdev=267.92
    clat (nsec): min=631, max=402428k, avg=779924.04, stdev=1439451.45
     lat (usec): min=424, max=403089, avg=1595.72, stdev=1458.38
    clat percentiles (usec):
     |  1.00th=[  253],  5.00th=[  537], 10.00th=[  562], 20.00th=[  603],
     | 30.00th=[  635], 40.00th=[  668], 50.00th=[  693], 60.00th=[  725],
     | 70.00th=[  766], 80.00th=[  824], 90.00th=[  914], 95.00th=[ 1037],
     | 99.00th=[ 2737], 99.50th=[ 3982], 99.90th=[ 6259], 99.95th=[13173],
     | 99.99th=[76022]
   bw (  KiB/s): min=245744, max=371872, per=100.00%, avg=320809.78, stdev=613.42, samples=38272
   iops        : min=30718, max=46484, avg=40101.18, stdev=76.68, samples=38272
  lat (nsec)   : 750=0.01%, 1000=0.01%
  lat (usec)   : 2=0.13%, 4=0.36%, 10=0.03%, 20=0.01%, 50=0.04%
  lat (usec)   : 100=0.12%, 250=0.31%, 500=1.49%, 750=63.30%, 1000=28.24%
  lat (msec)   : 2=4.63%, 4=0.84%, 10=0.44%, 20=0.01%, 50=0.02%
  lat (msec)   : 100=0.02%, 250=0.01%, 500=0.01%
  cpu          : usr=0.23%, sys=42.44%, ctx=34065414, majf=0, minf=61916
  IO depths    : 1=100.0%, 2=0.0%, 4=0.0%, 8=0.0%, 16=0.0%, 32=0.0%, >=64=0.0%
     submit    : 0=0.0%, 4=100.0%, 8=0.0%, 16=0.0%, 32=0.0%, 64=0.0%, >=64=0.0%
     complete  : 0=0.0%, 4=100.0%, 8=0.0%, 16=0.0%, 32=0.0%, 64=0.0%, >=64=0.0%
     issued rwts: total=12015151,0,0,0 short=0,0,0,0 dropped=0,0,0,0
     latency   : target=0, window=0, percentile=100.00%, depth=1

Run status group 0 (all jobs):
   READ: bw=313MiB/s (328MB/s), 313MiB/s-313MiB/s (328MB/s-328MB/s), io=91.7GiB (98.4GB), run=300006-300006msec
