randr: (g=0): rw=randread, bs=(R) 8192B-8192B, (W) 8192B-8192B, (T) 8192B-8192B, ioengine=libaio, iodepth=1
...
fio-3.18
Starting 4 threads

randr: (groupid=0, jobs=4): err= 0: pid=3739: Thu Feb 20 13:50:48 2020
  read: IOPS=7238, BW=56.5MiB/s (59.3MB/s)(16.6GiB/300001msec)
    slat (usec): min=17, max=504, avg=43.02, stdev= 9.58
    clat (usec): min=4, max=12550, avg=508.13, stdev=187.50
     lat (usec): min=335, max=12601, avg=551.30, stdev=187.94
    clat percentiles (usec):
     |  1.00th=[  383],  5.00th=[  412], 10.00th=[  429], 20.00th=[  445],
     | 30.00th=[  461], 40.00th=[  474], 50.00th=[  490], 60.00th=[  502],
     | 70.00th=[  519], 80.00th=[  537], 90.00th=[  578], 95.00th=[  619],
     | 99.00th=[  742], 99.50th=[ 1434], 99.90th=[ 3654], 99.95th=[ 3982],
     | 99.99th=[ 4490]
   bw (  KiB/s): min=51168, max=61904, per=100.00%, avg=57965.58, stdev=371.60, samples=2396
   iops        : min= 6396, max= 7738, avg=7245.69, stdev=46.45, samples=2396
  lat (usec)   : 10=0.01%, 50=0.01%, 250=0.01%, 500=58.64%, 750=40.39%
  lat (usec)   : 1000=0.39%
  lat (msec)   : 2=0.17%, 4=0.36%, 10=0.05%, 20=0.01%
  cpu          : usr=0.62%, sys=5.99%, ctx=4208242, majf=0, minf=4291
  IO depths    : 1=100.0%, 2=0.0%, 4=0.0%, 8=0.0%, 16=0.0%, 32=0.0%, >=64=0.0%
     submit    : 0=0.0%, 4=100.0%, 8=0.0%, 16=0.0%, 32=0.0%, 64=0.0%, >=64=0.0%
     complete  : 0=0.0%, 4=100.0%, 8=0.0%, 16=0.0%, 32=0.0%, 64=0.0%, >=64=0.0%
     issued rwts: total=2171472,0,0,0 short=0,0,0,0 dropped=0,0,0,0
     latency   : target=0, window=0, percentile=100.00%, depth=1

Run status group 0 (all jobs):
   READ: bw=56.5MiB/s (59.3MB/s), 56.5MiB/s-56.5MiB/s (59.3MB/s-59.3MB/s), io=16.6GiB (17.8GB), run=300001-300001msec
