randr: (g=0): rw=randread, bs=(R) 8192B-8192B, (W) 8192B-8192B, (T) 8192B-8192B, ioengine=libaio, iodepth=1
...
fio-3.18
Starting 16 threads

randr: (groupid=0, jobs=16): err= 0: pid=3102: Thu Feb 20 13:39:46 2020
  read: IOPS=23.8k, BW=186MiB/s (195MB/s)(54.5GiB/300002msec)
    slat (usec): min=18, max=1428, avg=59.54, stdev=23.64
    clat (usec): min=2, max=268020, avg=610.52, stdev=1514.40
     lat (usec): min=343, max=268091, avg=670.22, stdev=1514.64
    clat percentiles (usec):
     |  1.00th=[  408],  5.00th=[  445], 10.00th=[  465], 20.00th=[  494],
     | 30.00th=[  515], 40.00th=[  537], 50.00th=[  553], 60.00th=[  570],
     | 70.00th=[  594], 80.00th=[  627], 90.00th=[  685], 95.00th=[  734],
     | 99.00th=[  979], 99.50th=[ 2638], 99.90th=[ 4752], 99.95th=[15270],
     | 99.99th=[82314]
   bw (  KiB/s): min=104048, max=219920, per=100.00%, avg=190733.25, stdev=2340.27, samples=9570
   iops        : min=13006, max=27490, avg=23841.64, stdev=292.53, samples=9570
  lat (usec)   : 4=0.01%, 10=0.01%, 20=0.01%, 50=0.01%, 100=0.01%
  lat (usec)   : 500=23.66%, 750=72.17%, 1000=3.20%
  lat (msec)   : 2=0.30%, 4=0.47%, 10=0.14%, 20=0.01%, 50=0.02%
  lat (msec)   : 100=0.02%, 250=0.01%, 500=0.01%
  cpu          : usr=0.50%, sys=7.18%, ctx=14012057, majf=0, minf=14402
  IO depths    : 1=100.0%, 2=0.0%, 4=0.0%, 8=0.0%, 16=0.0%, 32=0.0%, >=64=0.0%
     submit    : 0=0.0%, 4=100.0%, 8=0.0%, 16=0.0%, 32=0.0%, 64=0.0%, >=64=0.0%
     complete  : 0=0.0%, 4=100.0%, 8=0.0%, 16=0.0%, 32=0.0%, 64=0.0%, >=64=0.0%
     issued rwts: total=7144516,0,0,0 short=0,0,0,0 dropped=0,0,0,0
     latency   : target=0, window=0, percentile=100.00%, depth=1

Run status group 0 (all jobs):
   READ: bw=186MiB/s (195MB/s), 186MiB/s-186MiB/s (195MB/s-195MB/s), io=54.5GiB (58.5GB), run=300002-300002msec
