randr: (g=0): rw=randread, bs=(R) 8192B-8192B, (W) 8192B-8192B, (T) 8192B-8192B, ioengine=libaio, iodepth=1
fio-3.18
Starting 1 thread

randr: (groupid=0, jobs=1): err= 0: pid=4426: Thu Feb 20 14:01:50 2020
  read: IOPS=1920, BW=15.0MiB/s (15.7MB/s)(4502MiB/300001msec)
    slat (usec): min=24, max=174, avg=40.74, stdev= 4.38
    clat (usec): min=296, max=7206, avg=478.88, stdev=181.59
     lat (usec): min=332, max=7249, avg=519.74, stdev=181.78
    clat percentiles (usec):
     |  1.00th=[  371],  5.00th=[  396], 10.00th=[  408], 20.00th=[  429],
     | 30.00th=[  441], 40.00th=[  449], 50.00th=[  461], 60.00th=[  474],
     | 70.00th=[  490], 80.00th=[  506], 90.00th=[  529], 95.00th=[  553],
     | 99.00th=[  685], 99.50th=[ 1270], 99.90th=[ 3589], 99.95th=[ 3884],
     | 99.99th=[ 4228]
   bw (  KiB/s): min=13824, max=16464, per=100.00%, avg=15380.34, stdev=414.41, samples=599
   iops        : min= 1728, max= 2058, avg=1922.54, stdev=51.80, samples=599
  lat (usec)   : 500=76.62%, 750=22.64%, 1000=0.19%
  lat (msec)   : 2=0.17%, 4=0.34%, 10=0.03%
  cpu          : usr=0.59%, sys=6.14%, ctx=1151857, majf=0, minf=118
  IO depths    : 1=100.0%, 2=0.0%, 4=0.0%, 8=0.0%, 16=0.0%, 32=0.0%, >=64=0.0%
     submit    : 0=0.0%, 4=100.0%, 8=0.0%, 16=0.0%, 32=0.0%, 64=0.0%, >=64=0.0%
     complete  : 0=0.0%, 4=100.0%, 8=0.0%, 16=0.0%, 32=0.0%, 64=0.0%, >=64=0.0%
     issued rwts: total=576199,0,0,0 short=0,0,0,0 dropped=0,0,0,0
     latency   : target=0, window=0, percentile=100.00%, depth=1

Run status group 0 (all jobs):
   READ: bw=15.0MiB/s (15.7MB/s), 15.0MiB/s-15.0MiB/s (15.7MB/s-15.7MB/s), io=4502MiB (4720MB), run=300001-300001msec
