randr: (g=0): rw=randread, bs=(R) 8192B-8192B, (W) 8192B-8192B, (T) 8192B-8192B, ioengine=libaio, iodepth=1
...
fio-3.18
Starting 16 threads

randr: (groupid=0, jobs=16): err= 0: pid=52658: Wed Feb 19 17:20:58 2020
  read: IOPS=2834, BW=22.1MiB/s (23.2MB/s)(6644MiB/300016msec)
    slat (usec): min=23, max=1342, avg=52.27, stdev=16.42
    clat (usec): min=2, max=185377, avg=5589.87, stdev=7977.19
     lat (usec): min=389, max=185467, avg=5642.30, stdev=7974.83
    clat percentiles (usec):
     |  1.00th=[   506],  5.00th=[   553], 10.00th=[   578], 20.00th=[   619],
     | 30.00th=[   668], 40.00th=[   725], 50.00th=[  2114], 60.00th=[  6587],
     | 70.00th=[  8455], 80.00th=[  9765], 90.00th=[ 12256], 95.00th=[ 15533],
     | 99.00th=[ 27919], 99.50th=[ 56361], 99.90th=[ 93848], 99.95th=[104334],
     | 99.99th=[113771]
   bw (  KiB/s): min= 8688, max=148608, per=99.89%, avg=22653.28, stdev=1617.70, samples=9584
   iops        : min= 1086, max=18576, avg=2831.65, stdev=202.21, samples=9584
  lat (usec)   : 4=0.01%, 10=0.01%, 50=0.01%, 100=0.01%, 250=0.01%
  lat (usec)   : 500=0.80%, 750=41.85%, 1000=5.81%
  lat (msec)   : 2=1.37%, 4=3.25%, 10=29.33%, 20=15.44%, 50=1.58%
  lat (msec)   : 100=0.50%, 250=0.07%
  cpu          : usr=0.06%, sys=0.74%, ctx=1618447, majf=0, minf=22339
  IO depths    : 1=100.0%, 2=0.0%, 4=0.0%, 8=0.0%, 16=0.0%, 32=0.0%, >=64=0.0%
     submit    : 0=0.0%, 4=100.0%, 8=0.0%, 16=0.0%, 32=0.0%, 64=0.0%, >=64=0.0%
     complete  : 0=0.0%, 4=100.0%, 8=0.0%, 16=0.0%, 32=0.0%, 64=0.0%, >=64=0.0%
     issued rwts: total=850470,0,0,0 short=0,0,0,0 dropped=0,0,0,0
     latency   : target=0, window=0, percentile=100.00%, depth=1

Run status group 0 (all jobs):
   READ: bw=22.1MiB/s (23.2MB/s), 22.1MiB/s-22.1MiB/s (23.2MB/s-23.2MB/s), io=6644MiB (6967MB), run=300016-300016msec
