randr: (g=0): rw=randread, bs=(R) 8192B-8192B, (W) 8192B-8192B, (T) 8192B-8192B, ioengine=libaio, iodepth=1
...
fio-3.18
Starting 8 threads

randr: (groupid=0, jobs=8): err= 0: pid=53076: Wed Feb 19 17:26:29 2020
  read: IOPS=1841, BW=14.4MiB/s (15.1MB/s)(4315MiB/300015msec)
    slat (usec): min=22, max=1061, avg=45.37, stdev= 9.88
    clat (usec): min=2, max=263277, avg=4297.82, stdev=6007.72
     lat (usec): min=394, max=263308, avg=4343.34, stdev=6007.76
    clat percentiles (usec):
     |  1.00th=[   510],  5.00th=[   553], 10.00th=[   578], 20.00th=[   619],
     | 30.00th=[   644], 40.00th=[   685], 50.00th=[   758], 60.00th=[  3458],
     | 70.00th=[  6652], 80.00th=[  8586], 90.00th=[ 10028], 95.00th=[ 13829],
     | 99.00th=[ 21103], 99.50th=[ 26346], 99.90th=[ 72877], 99.95th=[ 95945],
     | 99.99th=[110625]
   bw (  KiB/s): min= 5472, max=27440, per=100.00%, avg=14745.97, stdev=838.23, samples=4792
   iops        : min=  684, max= 3430, avg=1843.24, stdev=104.78, samples=4792
  lat (usec)   : 4=0.01%, 250=0.01%, 500=0.70%, 750=48.61%, 1000=5.74%
  lat (msec)   : 2=1.94%, 4=4.30%, 10=28.32%, 20=9.15%, 50=1.07%
  lat (msec)   : 100=0.12%, 250=0.04%, 500=0.01%
  cpu          : usr=0.08%, sys=0.83%, ctx=1010034, majf=0, minf=8234
  IO depths    : 1=100.0%, 2=0.0%, 4=0.0%, 8=0.0%, 16=0.0%, 32=0.0%, >=64=0.0%
     submit    : 0=0.0%, 4=100.0%, 8=0.0%, 16=0.0%, 32=0.0%, 64=0.0%, >=64=0.0%
     complete  : 0=0.0%, 4=100.0%, 8=0.0%, 16=0.0%, 32=0.0%, 64=0.0%, >=64=0.0%
     issued rwts: total=552370,0,0,0 short=0,0,0,0 dropped=0,0,0,0
     latency   : target=0, window=0, percentile=100.00%, depth=1

Run status group 0 (all jobs):
   READ: bw=14.4MiB/s (15.1MB/s), 14.4MiB/s-14.4MiB/s (15.1MB/s-15.1MB/s), io=4315MiB (4525MB), run=300015-300015msec
