randr: (g=0): rw=randread, bs=(R) 8192B-8192B, (W) 8192B-8192B, (T) 8192B-8192B, ioengine=libaio, iodepth=1
...
fio-3.18
Starting 4 threads

randr: (groupid=0, jobs=4): err= 0: pid=53375: Wed Feb 19 17:32:01 2020
  read: IOPS=1667, BW=13.0MiB/s (13.7MB/s)(3909MiB/300016msec)
    slat (usec): min=22, max=481, avg=44.01, stdev= 7.81
    clat (usec): min=184, max=123740, avg=2352.54, stdev=4415.02
     lat (usec): min=395, max=123786, avg=2396.69, stdev=4415.04
    clat percentiles (usec):
     |  1.00th=[   494],  5.00th=[   537], 10.00th=[   562], 20.00th=[   594],
     | 30.00th=[   619], 40.00th=[   635], 50.00th=[   660], 60.00th=[   693],
     | 70.00th=[   742], 80.00th=[  1549], 90.00th=[  8225], 95.00th=[ 10683],
     | 99.00th=[ 18744], 99.50th=[ 20055], 99.90th=[ 28705], 99.95th=[ 48497],
     | 99.99th=[104334]
   bw (  KiB/s): min= 5760, max=27360, per=100.00%, avg=13358.59, stdev=1734.85, samples=2396
   iops        : min=  720, max= 3420, avg=1669.82, stdev=216.86, samples=2396
  lat (usec)   : 250=0.01%, 500=1.31%, 750=69.60%, 1000=7.93%
  lat (msec)   : 2=1.56%, 4=2.55%, 10=11.13%, 20=5.40%, 50=0.47%
  lat (msec)   : 100=0.03%, 250=0.02%
  cpu          : usr=0.15%, sys=1.43%, ctx=950338, majf=0, minf=3954
  IO depths    : 1=100.0%, 2=0.0%, 4=0.0%, 8=0.0%, 16=0.0%, 32=0.0%, >=64=0.0%
     submit    : 0=0.0%, 4=100.0%, 8=0.0%, 16=0.0%, 32=0.0%, 64=0.0%, >=64=0.0%
     complete  : 0=0.0%, 4=100.0%, 8=0.0%, 16=0.0%, 32=0.0%, 64=0.0%, >=64=0.0%
     issued rwts: total=500409,0,0,0 short=0,0,0,0 dropped=0,0,0,0
     latency   : target=0, window=0, percentile=100.00%, depth=1

Run status group 0 (all jobs):
   READ: bw=13.0MiB/s (13.7MB/s), 13.0MiB/s-13.0MiB/s (13.7MB/s-13.7MB/s), io=3909MiB (4099MB), run=300016-300016msec
