randr: (g=0): rw=randread, bs=(R) 8192B-8192B, (W) 8192B-8192B, (T) 8192B-8192B, ioengine=libaio, iodepth=1
...
fio-3.18
Starting 8 threads

randr: (groupid=0, jobs=8): err= 0: pid=3428: Thu Feb 20 13:45:17 2020
  read: IOPS=13.7k, BW=107MiB/s (112MB/s)(31.4GiB/300001msec)
    slat (usec): min=17, max=801, avg=47.65, stdev=14.77
    clat (usec): min=2, max=191410, avg=533.69, stdev=650.86
     lat (usec): min=336, max=191457, avg=581.49, stdev=651.11
    clat percentiles (usec):
     |  1.00th=[  379],  5.00th=[  408], 10.00th=[  429], 20.00th=[  453],
     | 30.00th=[  469], 40.00th=[  486], 50.00th=[  506], 60.00th=[  523],
     | 70.00th=[  545], 80.00th=[  570], 90.00th=[  611], 95.00th=[  660],
     | 99.00th=[  824], 99.50th=[ 1991], 99.90th=[ 3949], 99.95th=[ 4359],
     | 99.99th=[26608]
   bw (  KiB/s): min=89680, max=119184, per=100.00%, avg=109889.80, stdev=1323.28, samples=4792
   iops        : min=11210, max=14898, avg=13736.21, stdev=165.41, samples=4792
  lat (usec)   : 4=0.01%, 10=0.01%, 50=0.01%, 100=0.01%, 250=0.01%
  lat (usec)   : 500=47.65%, 750=50.72%, 1000=0.92%
  lat (msec)   : 2=0.20%, 4=0.41%, 10=0.07%, 20=0.01%, 50=0.01%
  lat (msec)   : 100=0.01%, 250=0.01%
  cpu          : usr=0.61%, sys=6.57%, ctx=7777627, majf=0, minf=13985
  IO depths    : 1=100.0%, 2=0.0%, 4=0.0%, 8=0.0%, 16=0.0%, 32=0.0%, >=64=0.0%
     submit    : 0=0.0%, 4=100.0%, 8=0.0%, 16=0.0%, 32=0.0%, 64=0.0%, >=64=0.0%
     complete  : 0=0.0%, 4=100.0%, 8=0.0%, 16=0.0%, 32=0.0%, 64=0.0%, >=64=0.0%
     issued rwts: total=4116505,0,0,0 short=0,0,0,0 dropped=0,0,0,0
     latency   : target=0, window=0, percentile=100.00%, depth=1

Run status group 0 (all jobs):
   READ: bw=107MiB/s (112MB/s), 107MiB/s-107MiB/s (112MB/s-112MB/s), io=31.4GiB (33.7GB), run=300001-300001msec
