seqr: (g=0): rw=read, bs=(R) 64.0KiB-64.0KiB, (W) 64.0KiB-64.0KiB, (T) 64.0KiB-64.0KiB, ioengine=libaio, iodepth=1
...
fio-3.18
Starting 2 threads

seqr: (groupid=0, jobs=2): err= 0: pid=128543: Thu Feb 20 12:27:32 2020
  read: IOPS=2622, BW=164MiB/s (172MB/s)(48.0GiB/300001msec)
    slat (usec): min=20, max=380, avg=41.56, stdev= 5.09
    clat (usec): min=413, max=18542, avg=719.64, stdev=205.02
     lat (usec): min=508, max=18584, avg=761.35, stdev=205.08
    clat percentiles (usec):
     |  1.00th=[  553],  5.00th=[  594], 10.00th=[  619], 20.00th=[  644],
     | 30.00th=[  660], 40.00th=[  676], 50.00th=[  701], 60.00th=[  717],
     | 70.00th=[  742], 80.00th=[  766], 90.00th=[  824], 95.00th=[  865],
     | 99.00th=[  988], 99.50th=[ 1532], 99.90th=[ 4080], 99.95th=[ 4359],
     | 99.99th=[ 4752]
   bw (  KiB/s): min=156800, max=178688, per=100.00%, avg=168021.11, stdev=1853.57, samples=1198
   iops        : min= 2450, max= 2792, avg=2625.33, stdev=28.96, samples=1198
  lat (usec)   : 500=0.01%, 750=74.40%, 1000=24.65%
  lat (msec)   : 2=0.51%, 4=0.31%, 10=0.12%, 20=0.01%
  cpu          : usr=0.37%, sys=4.22%, ctx=1565518, majf=0, minf=398
  IO depths    : 1=100.0%, 2=0.0%, 4=0.0%, 8=0.0%, 16=0.0%, 32=0.0%, >=64=0.0%
     submit    : 0=0.0%, 4=100.0%, 8=0.0%, 16=0.0%, 32=0.0%, 64=0.0%, >=64=0.0%
     complete  : 0=0.0%, 4=100.0%, 8=0.0%, 16=0.0%, 32=0.0%, 64=0.0%, >=64=0.0%
     issued rwts: total=786808,0,0,0 short=0,0,0,0 dropped=0,0,0,0
     latency   : target=0, window=0, percentile=100.00%, depth=1

Run status group 0 (all jobs):
   READ: bw=164MiB/s (172MB/s), 164MiB/s-164MiB/s (172MB/s-172MB/s), io=48.0GiB (51.6GB), run=300001-300001msec
