seqr: (g=0): rw=read, bs=(R) 64.0KiB-64.0KiB, (W) 64.0KiB-64.0KiB, (T) 64.0KiB-64.0KiB, ioengine=libaio, iodepth=1
...
fio-3.18
Starting 4 threads

seqr: (groupid=0, jobs=4): err= 0: pid=128242: Thu Feb 20 12:22:01 2020
  read: IOPS=5174, BW=323MiB/s (339MB/s)(94.7GiB/300001msec)
    slat (usec): min=19, max=569, avg=43.16, stdev= 8.55
    clat (usec): min=120, max=15297, avg=728.38, stdev=207.26
     lat (usec): min=487, max=15346, avg=771.69, stdev=207.26
    clat percentiles (usec):
     |  1.00th=[  562],  5.00th=[  594], 10.00th=[  619], 20.00th=[  644],
     | 30.00th=[  668], 40.00th=[  685], 50.00th=[  701], 60.00th=[  725],
     | 70.00th=[  750], 80.00th=[  783], 90.00th=[  832], 95.00th=[  881],
     | 99.00th=[ 1037], 99.50th=[ 1762], 99.90th=[ 4080], 99.95th=[ 4359],
     | 99.99th=[ 4817]
   bw (  KiB/s): min=306944, max=352384, per=100.00%, avg=331498.42, stdev=1877.15, samples=2396
   iops        : min= 4796, max= 5506, avg=5179.66, stdev=29.33, samples=2396
  lat (usec)   : 250=0.01%, 500=0.01%, 750=70.81%, 1000=27.87%
  lat (msec)   : 2=0.84%, 4=0.35%, 10=0.11%, 20=0.01%
  cpu          : usr=0.42%, sys=4.35%, ctx=2998776, majf=0, minf=4186
  IO depths    : 1=100.0%, 2=0.0%, 4=0.0%, 8=0.0%, 16=0.0%, 32=0.0%, >=64=0.0%
     submit    : 0=0.0%, 4=100.0%, 8=0.0%, 16=0.0%, 32=0.0%, 64=0.0%, >=64=0.0%
     complete  : 0=0.0%, 4=100.0%, 8=0.0%, 16=0.0%, 32=0.0%, 64=0.0%, >=64=0.0%
     issued rwts: total=1552253,0,0,0 short=0,0,0,0 dropped=0,0,0,0
     latency   : target=0, window=0, percentile=100.00%, depth=1

Run status group 0 (all jobs):
   READ: bw=323MiB/s (339MB/s), 323MiB/s-323MiB/s (339MB/s-339MB/s), io=94.7GiB (102GB), run=300001-300001msec
