seqr: (g=0): rw=read, bs=(R) 64.0KiB-64.0KiB, (W) 64.0KiB-64.0KiB, (T) 64.0KiB-64.0KiB, ioengine=libaio, iodepth=1
...
fio-3.18
Starting 64 threads

seqr: (groupid=0, jobs=64): err= 0: pid=67782: Wed Feb 19 20:53:12 2020
  read: IOPS=17.3k, BW=1084MiB/s (1137MB/s)(318GiB/300009msec)
    slat (usec): min=20, max=3603, avg=60.38, stdev=22.34
    clat (usec): min=2, max=870919, avg=3627.93, stdev=8430.62
     lat (usec): min=559, max=870984, avg=3688.52, stdev=8431.25
    clat percentiles (usec):
     |  1.00th=[   807],  5.00th=[   988], 10.00th=[  1156], 20.00th=[  1516],
     | 30.00th=[  1844], 40.00th=[  2147], 50.00th=[  2442], 60.00th=[  2737],
     | 70.00th=[  2999], 80.00th=[  3326], 90.00th=[  5276], 95.00th=[  9634],
     | 99.00th=[ 24773], 99.50th=[ 41681], 99.90th=[116917], 99.95th=[158335],
     | 99.99th=[291505]
   bw (  MiB/s): min=   11, max= 2771, per=100.00%, avg=1085.56, stdev= 6.59, samples=38261
   iops        : min=  182, max=44348, avg=17368.90, stdev=105.50, samples=38261
  lat (usec)   : 4=0.01%, 10=0.01%, 20=0.01%, 50=0.01%, 250=0.01%
  lat (usec)   : 500=0.01%, 750=0.43%, 1000=4.89%
  lat (msec)   : 2=29.65%, 4=50.63%, 10=9.72%, 20=3.31%, 50=0.98%
  lat (msec)   : 100=0.26%, 250=0.12%, 500=0.01%, 750=0.01%, 1000=0.01%
  cpu          : usr=0.09%, sys=1.30%, ctx=10266307, majf=0, minf=39340
  IO depths    : 1=100.0%, 2=0.0%, 4=0.0%, 8=0.0%, 16=0.0%, 32=0.0%, >=64=0.0%
     submit    : 0=0.0%, 4=100.0%, 8=0.0%, 16=0.0%, 32=0.0%, 64=0.0%, >=64=0.0%
     complete  : 0=0.0%, 4=100.0%, 8=0.0%, 16=0.0%, 32=0.0%, 64=0.0%, >=64=0.0%
     issued rwts: total=5202940,0,0,0 short=0,0,0,0 dropped=0,0,0,0
     latency   : target=0, window=0, percentile=100.00%, depth=1

Run status group 0 (all jobs):
   READ: bw=1084MiB/s (1137MB/s), 1084MiB/s-1084MiB/s (1137MB/s-1137MB/s), io=318GiB (341GB), run=300009-300009msec
