seqr: (g=0): rw=read, bs=(R) 64.0KiB-64.0KiB, (W) 64.0KiB-64.0KiB, (T) 64.0KiB-64.0KiB, ioengine=libaio, iodepth=1
...
fio-3.18
Starting 2 threads

seqr: (groupid=0, jobs=2): err= 0: pid=69902: Wed Feb 19 21:20:48 2020
  read: IOPS=2443, BW=153MiB/s (160MB/s)(44.7GiB/300001msec)
    slat (usec): min=19, max=349, avg=43.32, stdev= 6.06
    clat (usec): min=330, max=307136, avg=773.69, stdev=1468.37
     lat (usec): min=484, max=307185, avg=817.14, stdev=1468.49
    clat percentiles (usec):
     |  1.00th=[  562],  5.00th=[  603], 10.00th=[  627], 20.00th=[  652],
     | 30.00th=[  676], 40.00th=[  693], 50.00th=[  717], 60.00th=[  734],
     | 70.00th=[  766], 80.00th=[  807], 90.00th=[  873], 95.00th=[  947],
     | 99.00th=[ 1205], 99.50th=[ 2311], 99.90th=[ 3949], 99.95th=[16909],
     | 99.99th=[74974]
   bw (  KiB/s): min= 1152, max=170496, per=100.00%, avg=156558.32, stdev=13083.57, samples=1198
   iops        : min=   18, max= 2664, avg=2446.22, stdev=204.43, samples=1198
  lat (usec)   : 500=0.03%, 750=65.29%, 1000=31.54%
  lat (msec)   : 2=2.56%, 4=0.48%, 10=0.03%, 20=0.02%, 50=0.02%
  lat (msec)   : 100=0.02%, 250=0.01%, 500=0.01%
  cpu          : usr=0.38%, sys=4.14%, ctx=1448023, majf=0, minf=750
  IO depths    : 1=100.0%, 2=0.0%, 4=0.0%, 8=0.0%, 16=0.0%, 32=0.0%, >=64=0.0%
     submit    : 0=0.0%, 4=100.0%, 8=0.0%, 16=0.0%, 32=0.0%, 64=0.0%, >=64=0.0%
     complete  : 0=0.0%, 4=100.0%, 8=0.0%, 16=0.0%, 32=0.0%, 64=0.0%, >=64=0.0%
     issued rwts: total=733141,0,0,0 short=0,0,0,0 dropped=0,0,0,0
     latency   : target=0, window=0, percentile=100.00%, depth=1

Run status group 0 (all jobs):
   READ: bw=153MiB/s (160MB/s), 153MiB/s-153MiB/s (160MB/s-160MB/s), io=44.7GiB (48.0GB), run=300001-300001msec
