seqr: (g=0): rw=read, bs=(R) 64.0KiB-64.0KiB, (W) 64.0KiB-64.0KiB, (T) 64.0KiB-64.0KiB, ioengine=libaio, iodepth=1
...
fio-3.18
Starting 32 threads

seqr: (groupid=0, jobs=32): err= 0: pid=68298: Wed Feb 19 20:58:43 2020
  read: IOPS=17.8k, BW=1109MiB/s (1163MB/s)(325GiB/300005msec)
    slat (usec): min=20, max=1886, avg=58.75, stdev=21.10
    clat (usec): min=2, max=341796, avg=1742.03, stdev=1873.41
     lat (usec): min=524, max=341838, avg=1800.97, stdev=1873.87
    clat percentiles (usec):
     |  1.00th=[  832],  5.00th=[ 1106], 10.00th=[ 1205], 20.00th=[ 1303],
     | 30.00th=[ 1385], 40.00th=[ 1483], 50.00th=[ 1647], 60.00th=[ 1795],
     | 70.00th=[ 1909], 80.00th=[ 2008], 90.00th=[ 2147], 95.00th=[ 2278],
     | 99.00th=[ 3916], 99.50th=[ 5342], 99.90th=[17957], 99.95th=[30802],
     | 99.99th=[89654]
   bw (  MiB/s): min=  173, max= 1947, per=100.00%, avg=1110.85, stdev= 4.96, samples=19136
   iops        : min= 2778, max=31158, avg=17773.62, stdev=79.32, samples=19136
  lat (usec)   : 4=0.01%, 10=0.01%, 100=0.01%, 250=0.01%, 500=0.01%
  lat (usec)   : 750=0.42%, 1000=2.47%
  lat (msec)   : 2=77.02%, 4=19.13%, 10=0.73%, 20=0.15%, 50=0.05%
  lat (msec)   : 100=0.02%, 250=0.01%, 500=0.01%
  cpu          : usr=0.17%, sys=2.64%, ctx=10145925, majf=0, minf=21684
  IO depths    : 1=100.0%, 2=0.0%, 4=0.0%, 8=0.0%, 16=0.0%, 32=0.0%, >=64=0.0%
     submit    : 0=0.0%, 4=100.0%, 8=0.0%, 16=0.0%, 32=0.0%, 64=0.0%, >=64=0.0%
     complete  : 0=0.0%, 4=100.0%, 8=0.0%, 16=0.0%, 32=0.0%, 64=0.0%, >=64=0.0%
     issued rwts: total=5325674,0,0,0 short=0,0,0,0 dropped=0,0,0,0
     latency   : target=0, window=0, percentile=100.00%, depth=1

Run status group 0 (all jobs):
   READ: bw=1109MiB/s (1163MB/s), 1109MiB/s-1109MiB/s (1163MB/s-1163MB/s), io=325GiB (349GB), run=300005-300005msec
