seqr: (g=0): rw=read, bs=(R) 64.0KiB-64.0KiB, (W) 64.0KiB-64.0KiB, (T) 64.0KiB-64.0KiB, ioengine=libaio, iodepth=1
...
fio-3.18
Starting 16 threads

seqr: (groupid=0, jobs=16): err= 0: pid=127601: Thu Feb 20 12:10:59 2020
  read: IOPS=16.7k, BW=1046MiB/s (1096MB/s)(306GiB/300002msec)
    slat (usec): min=20, max=1343, avg=51.67, stdev=17.05
    clat (usec): min=4, max=167246, avg=903.02, stdev=560.77
     lat (usec): min=530, max=167303, avg=954.87, stdev=561.05
    clat percentiles (usec):
     |  1.00th=[  652],  5.00th=[  701], 10.00th=[  734], 20.00th=[  775],
     | 30.00th=[  807], 40.00th=[  840], 50.00th=[  865], 60.00th=[  898],
     | 70.00th=[  930], 80.00th=[  979], 90.00th=[ 1045], 95.00th=[ 1123],
     | 99.00th=[ 1418], 99.50th=[ 2933], 99.90th=[ 4621], 99.95th=[ 5080],
     | 99.99th=[11469]
   bw (  MiB/s): min=  919, max= 1128, per=100.00%, avg=1046.81, stdev= 4.36, samples=9569
   iops        : min=14714, max=18060, avg=16748.92, stdev=69.79, samples=9569
  lat (usec)   : 10=0.01%, 20=0.01%, 50=0.01%, 100=0.01%, 250=0.01%
  lat (usec)   : 500=0.01%, 750=12.79%, 1000=71.48%
  lat (msec)   : 2=15.01%, 4=0.51%, 10=0.20%, 20=0.01%, 50=0.01%
  lat (msec)   : 100=0.01%, 250=0.01%
  cpu          : usr=0.31%, sys=4.53%, ctx=8908797, majf=0, minf=8150
  IO depths    : 1=100.0%, 2=0.0%, 4=0.0%, 8=0.0%, 16=0.0%, 32=0.0%, >=64=0.0%
     submit    : 0=0.0%, 4=100.0%, 8=0.0%, 16=0.0%, 32=0.0%, 64=0.0%, >=64=0.0%
     complete  : 0=0.0%, 4=100.0%, 8=0.0%, 16=0.0%, 32=0.0%, 64=0.0%, >=64=0.0%
     issued rwts: total=5018650,0,0,0 short=0,0,0,0 dropped=0,0,0,0
     latency   : target=0, window=0, percentile=100.00%, depth=1

Run status group 0 (all jobs):
   READ: bw=1046MiB/s (1096MB/s), 1046MiB/s-1046MiB/s (1096MB/s-1096MB/s), io=306GiB (329GB), run=300002-300002msec
