seqr: (g=0): rw=read, bs=(R) 64.0KiB-64.0KiB, (W) 64.0KiB-64.0KiB, (T) 64.0KiB-64.0KiB, ioengine=libaio, iodepth=1
...
fio-3.18
Starting 64 threads

seqr: (groupid=0, jobs=64): err= 0: pid=126034: Thu Feb 20 11:52:51 2020
  read: IOPS=17.9k, BW=1116MiB/s (1170MB/s)(327GiB/300007msec)
    slat (usec): min=21, max=2867, avg=59.98, stdev=22.85
    clat (usec): min=437, max=20630, avg=3521.34, stdev=707.21
     lat (usec): min=618, max=20675, avg=3581.53, stdev=708.37
    clat percentiles (usec):
     |  1.00th=[ 2966],  5.00th=[ 3097], 10.00th=[ 3130], 20.00th=[ 3195],
     | 30.00th=[ 3261], 40.00th=[ 3294], 50.00th=[ 3326], 60.00th=[ 3359],
     | 70.00th=[ 3392], 80.00th=[ 3458], 90.00th=[ 3916], 95.00th=[ 5735],
     | 99.00th=[ 6063], 99.50th=[ 6259], 99.90th=[ 7767], 99.95th=[ 8291],
     | 99.99th=[ 9765]
   bw (  MiB/s): min= 1064, max= 1163, per=100.00%, avg=1117.63, stdev= 0.31, samples=38272
   iops        : min=17037, max=18618, avg=17882.00, stdev= 5.00, samples=38272
  lat (usec)   : 500=0.01%, 750=0.01%, 1000=0.01%
  lat (msec)   : 2=0.01%, 4=90.26%, 10=9.73%, 20=0.01%, 50=0.01%
  cpu          : usr=0.09%, sys=1.36%, ctx=10235237, majf=0, minf=92119
  IO depths    : 1=100.0%, 2=0.0%, 4=0.0%, 8=0.0%, 16=0.0%, 32=0.0%, >=64=0.0%
     submit    : 0=0.0%, 4=100.0%, 8=0.0%, 16=0.0%, 32=0.0%, 64=0.0%, >=64=0.0%
     complete  : 0=0.0%, 4=100.0%, 8=0.0%, 16=0.0%, 32=0.0%, 64=0.0%, >=64=0.0%
     issued rwts: total=5358179,0,0,0 short=0,0,0,0 dropped=0,0,0,0
     latency   : target=0, window=0, percentile=100.00%, depth=1

Run status group 0 (all jobs):
   READ: bw=1116MiB/s (1170MB/s), 1116MiB/s-1116MiB/s (1170MB/s-1170MB/s), io=327GiB (351GB), run=300007-300007msec
