seqr: (g=0): rw=read, bs=(R) 64.0KiB-64.0KiB, (W) 64.0KiB-64.0KiB, (T) 64.0KiB-64.0KiB, ioengine=libaio, iodepth=1
fio-3.18
Starting 1 thread

seqr: (groupid=0, jobs=1): err= 0: pid=70211: Wed Feb 19 21:26:19 2020
  read: IOPS=1256, BW=78.5MiB/s (82.4MB/s)(23.0GiB/300001msec)
    slat (usec): min=19, max=205, avg=39.27, stdev= 5.75
    clat (usec): min=431, max=170023, avg=755.14, stdev=1018.09
     lat (usec): min=469, max=170065, avg=794.57, stdev=1018.20
    clat percentiles (usec):
     |  1.00th=[  562],  5.00th=[  603], 10.00th=[  627], 20.00th=[  652],
     | 30.00th=[  668], 40.00th=[  693], 50.00th=[  709], 60.00th=[  734],
     | 70.00th=[  758], 80.00th=[  799], 90.00th=[  857], 95.00th=[  914],
     | 99.00th=[ 1188], 99.50th=[ 2147], 99.90th=[ 3687], 99.95th=[ 6194],
     | 99.99th=[56886]
   bw (  KiB/s): min= 8704, max=87552, per=100.00%, avg=80514.97, stdev=10196.07, samples=599
   iops        : min=  136, max= 1368, avg=1258.05, stdev=159.31, samples=599
  lat (usec)   : 500=0.02%, 750=67.41%, 1000=30.00%
  lat (msec)   : 2=2.04%, 4=0.46%, 10=0.03%, 20=0.01%, 50=0.02%
  lat (msec)   : 100=0.01%, 250=0.01%
  cpu          : usr=0.41%, sys=3.81%, ctx=751330, majf=0, minf=289
  IO depths    : 1=100.0%, 2=0.0%, 4=0.0%, 8=0.0%, 16=0.0%, 32=0.0%, >=64=0.0%
     submit    : 0=0.0%, 4=100.0%, 8=0.0%, 16=0.0%, 32=0.0%, 64=0.0%, >=64=0.0%
     complete  : 0=0.0%, 4=100.0%, 8=0.0%, 16=0.0%, 32=0.0%, 64=0.0%, >=64=0.0%
     issued rwts: total=377019,0,0,0 short=0,0,0,0 dropped=0,0,0,0
     latency   : target=0, window=0, percentile=100.00%, depth=1

Run status group 0 (all jobs):
   READ: bw=78.5MiB/s (82.4MB/s), 78.5MiB/s-78.5MiB/s (82.4MB/s-82.4MB/s), io=23.0GiB (24.7GB), run=300001-300001msec
