seqr: (g=0): rw=read, bs=(R) 64.0KiB-64.0KiB, (W) 64.0KiB-64.0KiB, (T) 64.0KiB-64.0KiB, ioengine=libaio, iodepth=1
...
fio-3.18
Starting 128 threads

seqr: (groupid=0, jobs=128): err= 0: pid=125497: Thu Feb 20 11:47:20 2020
  read: IOPS=17.9k, BW=1117MiB/s (1171MB/s)(327GiB/300014msec)
    slat (usec): min=21, max=7942, avg=61.45, stdev=24.78
    clat (usec): min=29, max=299141, avg=7100.13, stdev=2601.11
     lat (usec): min=705, max=299191, avg=7161.79, stdev=2601.52
    clat percentiles (msec):
     |  1.00th=[    6],  5.00th=[    7], 10.00th=[    7], 20.00th=[    7],
     | 30.00th=[    7], 40.00th=[    7], 50.00th=[    7], 60.00th=[    7],
     | 70.00th=[    7], 80.00th=[    7], 90.00th=[    8], 95.00th=[   11],
     | 99.00th=[   13], 99.50th=[   13], 99.90th=[   42], 99.95th=[   63],
     | 99.99th=[  111]
   bw (  MiB/s): min=  896, max= 1263, per=100.00%, avg=1118.21, stdev= 0.81, samples=76544
   iops        : min=14340, max=20216, avg=17891.27, stdev=13.01, samples=76544
  lat (usec)   : 50=0.01%, 750=0.01%
  lat (msec)   : 2=0.01%, 4=0.01%, 10=94.85%, 20=4.99%, 50=0.09%
  lat (msec)   : 100=0.06%, 250=0.01%, 500=0.01%
  cpu          : usr=0.05%, sys=0.70%, ctx=10132304, majf=0, minf=85885
  IO depths    : 1=100.0%, 2=0.0%, 4=0.0%, 8=0.0%, 16=0.0%, 32=0.0%, >=64=0.0%
     submit    : 0=0.0%, 4=100.0%, 8=0.0%, 16=0.0%, 32=0.0%, 64=0.0%, >=64=0.0%
     complete  : 0=0.0%, 4=100.0%, 8=0.0%, 16=0.0%, 32=0.0%, 64=0.0%, >=64=0.0%
     issued rwts: total=5360418,0,0,0 short=0,0,0,0 dropped=0,0,0,0
     latency   : target=0, window=0, percentile=100.00%, depth=1

Run status group 0 (all jobs):
   READ: bw=1117MiB/s (1171MB/s), 1117MiB/s-1117MiB/s (1171MB/s-1171MB/s), io=327GiB (351GB), run=300014-300014msec
