seqr: (g=0): rw=read, bs=(R) 64.0KiB-64.0KiB, (W) 64.0KiB-64.0KiB, (T) 64.0KiB-64.0KiB, ioengine=libaio, iodepth=1
...
fio-3.18
Starting 4 threads

seqr: (groupid=0, jobs=4): err= 0: pid=69592: Wed Feb 19 21:15:17 2020
  read: IOPS=4856, BW=304MiB/s (318MB/s)(88.9GiB/300001msec)
    slat (usec): min=19, max=505, avg=44.48, stdev= 7.35
    clat (usec): min=277, max=276666, avg=777.80, stdev=1161.88
     lat (usec): min=496, max=276710, avg=822.43, stdev=1161.98
    clat percentiles (usec):
     |  1.00th=[  562],  5.00th=[  603], 10.00th=[  627], 20.00th=[  660],
     | 30.00th=[  685], 40.00th=[  701], 50.00th=[  725], 60.00th=[  750],
     | 70.00th=[  775], 80.00th=[  824], 90.00th=[  906], 95.00th=[  979],
     | 99.00th=[ 1237], 99.50th=[ 2442], 99.90th=[ 3916], 99.95th=[ 6128],
     | 99.99th=[59507]
   bw (  KiB/s): min=26112, max=334848, per=100.00%, avg=311092.61, stdev=10452.28, samples=2396
   iops        : min=  408, max= 5232, avg=4860.82, stdev=163.32, samples=2396
  lat (usec)   : 500=0.02%, 750=61.21%, 1000=34.53%
  lat (msec)   : 2=3.64%, 4=0.52%, 10=0.05%, 20=0.01%, 50=0.02%
  lat (msec)   : 100=0.01%, 250=0.01%, 500=0.01%
  cpu          : usr=0.41%, sys=4.17%, ctx=2882728, majf=0, minf=1729
  IO depths    : 1=100.0%, 2=0.0%, 4=0.0%, 8=0.0%, 16=0.0%, 32=0.0%, >=64=0.0%
     submit    : 0=0.0%, 4=100.0%, 8=0.0%, 16=0.0%, 32=0.0%, 64=0.0%, >=64=0.0%
     complete  : 0=0.0%, 4=100.0%, 8=0.0%, 16=0.0%, 32=0.0%, 64=0.0%, >=64=0.0%
     issued rwts: total=1456836,0,0,0 short=0,0,0,0 dropped=0,0,0,0
     latency   : target=0, window=0, percentile=100.00%, depth=1

Run status group 0 (all jobs):
   READ: bw=304MiB/s (318MB/s), 304MiB/s-304MiB/s (318MB/s-318MB/s), io=88.9GiB (95.5GB), run=300001-300001msec
