seqr: (g=0): rw=read, bs=(R) 64.0KiB-64.0KiB, (W) 64.0KiB-64.0KiB, (T) 64.0KiB-64.0KiB, ioengine=libaio, iodepth=1
...
fio-3.18
Starting 32 threads

seqr: (groupid=0, jobs=32): err= 0: pid=126999: Thu Feb 20 12:05:28 2020
  read: IOPS=17.9k, BW=1117MiB/s (1171MB/s)(327GiB/300004msec)
    slat (usec): min=19, max=2140, avg=58.85, stdev=21.11
    clat (usec): min=2, max=217279, avg=1729.96, stdev=858.61
     lat (usec): min=598, max=217327, avg=1789.01, stdev=858.85
    clat percentiles (usec):
     |  1.00th=[ 1090],  5.00th=[ 1188], 10.00th=[ 1237], 20.00th=[ 1336],
     | 30.00th=[ 1450], 40.00th=[ 1663], 50.00th=[ 1778], 60.00th=[ 1844],
     | 70.00th=[ 1909], 80.00th=[ 1975], 90.00th=[ 2073], 95.00th=[ 2212],
     | 99.00th=[ 2868], 99.50th=[ 4146], 99.90th=[ 5866], 99.95th=[ 6456],
     | 99.99th=[41157]
   bw (  MiB/s): min=  922, max= 1286, per=100.00%, avg=1118.01, stdev= 2.61, samples=19136
   iops        : min=14760, max=20576, avg=17888.07, stdev=41.83, samples=19136
  lat (usec)   : 4=0.01%, 250=0.01%, 500=0.01%, 750=0.01%, 1000=0.11%
  lat (msec)   : 2=83.84%, 4=15.49%, 10=0.54%, 20=0.01%, 50=0.01%
  lat (msec)   : 100=0.01%, 250=0.01%
  cpu          : usr=0.20%, sys=2.68%, ctx=10066383, majf=0, minf=15486
  IO depths    : 1=100.0%, 2=0.0%, 4=0.0%, 8=0.0%, 16=0.0%, 32=0.0%, >=64=0.0%
     submit    : 0=0.0%, 4=100.0%, 8=0.0%, 16=0.0%, 32=0.0%, 64=0.0%, >=64=0.0%
     complete  : 0=0.0%, 4=100.0%, 8=0.0%, 16=0.0%, 32=0.0%, 64=0.0%, >=64=0.0%
     issued rwts: total=5359966,0,0,0 short=0,0,0,0 dropped=0,0,0,0
     latency   : target=0, window=0, percentile=100.00%, depth=1

Run status group 0 (all jobs):
   READ: bw=1117MiB/s (1171MB/s), 1117MiB/s-1117MiB/s (1171MB/s-1171MB/s), io=327GiB (351GB), run=300004-300004msec
