seqr: (g=0): rw=read, bs=(R) 64.0KiB-64.0KiB, (W) 64.0KiB-64.0KiB, (T) 64.0KiB-64.0KiB, ioengine=libaio, iodepth=1
...
fio-3.18
Starting 8 threads

seqr: (groupid=0, jobs=8): err= 0: pid=69168: Wed Feb 19 21:09:46 2020
  read: IOPS=9236, BW=577MiB/s (605MB/s)(169GiB/300033msec)
    slat (usec): min=18, max=735, avg=45.27, stdev=13.42
    clat (usec): min=2, max=256358, avg=819.08, stdev=1103.48
     lat (usec): min=522, max=256404, avg=864.50, stdev=1103.69
    clat percentiles (usec):
     |  1.00th=[  594],  5.00th=[  635], 10.00th=[  660], 20.00th=[  693],
     | 30.00th=[  717], 40.00th=[  742], 50.00th=[  766], 60.00th=[  791],
     | 70.00th=[  824], 80.00th=[  873], 90.00th=[  955], 95.00th=[ 1037],
     | 99.00th=[ 1319], 99.50th=[ 2704], 99.90th=[ 4113], 99.95th=[ 4883],
     | 99.99th=[58983]
   bw (  KiB/s): min=54784, max=642176, per=100.00%, avg=591976.57, stdev=8790.44, samples=4787
   iops        : min=  856, max=10034, avg=9249.62, stdev=137.35, samples=4787
  lat (usec)   : 4=0.01%, 100=0.01%, 250=0.01%, 500=0.01%, 750=45.07%
  lat (usec)   : 1000=48.15%
  lat (msec)   : 2=6.08%, 4=0.58%, 10=0.08%, 20=0.01%, 50=0.02%
  lat (msec)   : 100=0.01%, 250=0.01%, 500=0.01%
  cpu          : usr=0.39%, sys=4.49%, ctx=4589157, majf=0, minf=5242
  IO depths    : 1=100.0%, 2=0.0%, 4=0.0%, 8=0.0%, 16=0.0%, 32=0.0%, >=64=0.0%
     submit    : 0=0.0%, 4=100.0%, 8=0.0%, 16=0.0%, 32=0.0%, 64=0.0%, >=64=0.0%
     complete  : 0=0.0%, 4=100.0%, 8=0.0%, 16=0.0%, 32=0.0%, 64=0.0%, >=64=0.0%
     issued rwts: total=2771208,0,0,0 short=0,0,0,0 dropped=0,0,0,0
     latency   : target=0, window=0, percentile=100.00%, depth=1

Run status group 0 (all jobs):
   READ: bw=577MiB/s (605MB/s), 577MiB/s-577MiB/s (605MB/s-605MB/s), io=169GiB (182GB), run=300033-300033msec
