seqr: (g=0): rw=read, bs=(R) 64.0KiB-64.0KiB, (W) 64.0KiB-64.0KiB, (T) 64.0KiB-64.0KiB, ioengine=libaio, iodepth=1
fio-3.18
Starting 1 thread

seqr: (groupid=0, jobs=1): err= 0: pid=128924: Thu Feb 20 12:33:04 2020
  read: IOPS=1304, BW=81.5MiB/s (85.5MB/s)(23.9GiB/300001msec)
    slat (usec): min=20, max=193, avg=38.10, stdev= 3.32
    clat (usec): min=474, max=6277, avg=727.39, stdev=202.31
     lat (usec): min=508, max=6313, avg=765.62, stdev=202.37
    clat percentiles (usec):
     |  1.00th=[  570],  5.00th=[  603], 10.00th=[  627], 20.00th=[  652],
     | 30.00th=[  668], 40.00th=[  685], 50.00th=[  701], 60.00th=[  725],
     | 70.00th=[  750], 80.00th=[  775], 90.00th=[  824], 95.00th=[  865],
     | 99.00th=[  979], 99.50th=[ 1582], 99.90th=[ 4047], 99.95th=[ 4293],
     | 99.99th=[ 4555]
   bw (  KiB/s): min=61952, max=89728, per=100.00%, avg=83563.32, stdev=2258.77, samples=599
   iops        : min=  968, max= 1402, avg=1305.68, stdev=35.29, samples=599
  lat (usec)   : 500=0.01%, 750=71.61%, 1000=27.49%
  lat (msec)   : 2=0.45%, 4=0.33%, 10=0.11%
  cpu          : usr=0.41%, sys=3.78%, ctx=778935, majf=0, minf=193
  IO depths    : 1=100.0%, 2=0.0%, 4=0.0%, 8=0.0%, 16=0.0%, 32=0.0%, >=64=0.0%
     submit    : 0=0.0%, 4=100.0%, 8=0.0%, 16=0.0%, 32=0.0%, 64=0.0%, >=64=0.0%
     complete  : 0=0.0%, 4=100.0%, 8=0.0%, 16=0.0%, 32=0.0%, 64=0.0%, >=64=0.0%
     issued rwts: total=391317,0,0,0 short=0,0,0,0 dropped=0,0,0,0
     latency   : target=0, window=0, percentile=100.00%, depth=1

Run status group 0 (all jobs):
   READ: bw=81.5MiB/s (85.5MB/s), 81.5MiB/s-81.5MiB/s (85.5MB/s-85.5MB/s), io=23.9GiB (25.6GB), run=300001-300001msec
