seqw: (g=0): rw=write, bs=(R) 64.0KiB-64.0KiB, (W) 64.0KiB-64.0KiB, (T) 64.0KiB-64.0KiB, ioengine=libaio, iodepth=1
...
fio-3.18
Starting 8 threads

seqw: (groupid=0, jobs=8): err= 0: pid=72108: Wed Feb 19 21:54:06 2020
  write: IOPS=4658, BW=291MiB/s (305MB/s)(85.3GiB/300003msec)
    slat (usec): min=21, max=715, avg=77.55, stdev=23.94
    clat (usec): min=616, max=493245, avg=1638.05, stdev=3521.78
     lat (usec): min=815, max=493283, avg=1715.78, stdev=3521.80
    clat percentiles (usec):
     |  1.00th=[   889],  5.00th=[   955], 10.00th=[   996], 20.00th=[  1057],
     | 30.00th=[  1090], 40.00th=[  1139], 50.00th=[  1188], 60.00th=[  1254],
     | 70.00th=[  1369], 80.00th=[  1598], 90.00th=[  2507], 95.00th=[  4293],
     | 99.00th=[  5407], 99.50th=[  6259], 99.90th=[ 30278], 99.95th=[ 57934],
     | 99.99th=[173016]
   bw (  KiB/s): min= 2048, max=405376, per=100.00%, avg=298441.38, stdev=7080.42, samples=4792
   iops        : min=   32, max= 6334, avg=4663.14, stdev=110.63, samples=4792
  lat (usec)   : 750=0.01%, 1000=10.59%
  lat (msec)   : 2=77.54%, 4=5.64%, 10=6.01%, 20=0.09%, 50=0.07%
  lat (msec)   : 100=0.04%, 250=0.02%, 500=0.01%
  cpu          : usr=0.23%, sys=2.45%, ctx=2520315, majf=0, minf=15029
  IO depths    : 1=100.0%, 2=0.0%, 4=0.0%, 8=0.0%, 16=0.0%, 32=0.0%, >=64=0.0%
     submit    : 0=0.0%, 4=100.0%, 8=0.0%, 16=0.0%, 32=0.0%, 64=0.0%, >=64=0.0%
     complete  : 0=0.0%, 4=100.0%, 8=0.0%, 16=0.0%, 32=0.0%, 64=0.0%, >=64=0.0%
     issued rwts: total=0,1397529,0,0 short=0,0,0,0 dropped=0,0,0,0
     latency   : target=0, window=0, percentile=100.00%, depth=1

Run status group 0 (all jobs):
  WRITE: bw=291MiB/s (305MB/s), 291MiB/s-291MiB/s (305MB/s-305MB/s), io=85.3GiB (91.6GB), run=300003-300003msec
