seqw: (g=0): rw=write, bs=(R) 64.0KiB-64.0KiB, (W) 64.0KiB-64.0KiB, (T) 64.0KiB-64.0KiB, ioengine=libaio, iodepth=1
...
fio-3.18
Starting 16 threads

seqw: (groupid=0, jobs=16): err= 0: pid=130464: Thu Feb 20 12:55:18 2020
  write: IOPS=6605, BW=413MiB/s (433MB/s)(121GiB/300296msec)
    slat (usec): min=21, max=984, avg=83.63, stdev=27.90
    clat (usec): min=247, max=5234.0k, avg=2334.39, stdev=16535.30
     lat (usec): min=822, max=5234.0k, avg=2418.38, stdev=16535.32
    clat percentiles (usec):
     |  1.00th=[   930],  5.00th=[  1020], 10.00th=[  1074], 20.00th=[  1156],
     | 30.00th=[  1221], 40.00th=[  1303], 50.00th=[  1385], 60.00th=[  1483],
     | 70.00th=[  1614], 80.00th=[  1876], 90.00th=[  4178], 95.00th=[  4948],
     | 99.00th=[  6849], 99.50th=[ 16450], 99.90th=[137364], 99.95th=[212861],
     | 99.99th=[367002]
   bw (  KiB/s): min=107392, max=650368, per=100.00%, avg=430043.16, stdev=7087.20, samples=9307
   iops        : min= 1678, max=10162, avg=6719.41, stdev=110.74, samples=9307
  lat (usec)   : 250=0.01%, 500=0.01%, 750=0.01%, 1000=3.66%
  lat (msec)   : 2=78.42%, 4=7.08%, 10=10.16%, 20=0.22%, 50=0.19%
  lat (msec)   : 100=0.12%, 250=0.10%, 500=0.02%, 750=0.01%, 1000=0.01%
  lat (msec)   : 2000=0.01%, >=2000=0.01%
  cpu          : usr=0.19%, sys=1.91%, ctx=3631293, majf=0, minf=21357
  IO depths    : 1=100.0%, 2=0.0%, 4=0.0%, 8=0.0%, 16=0.0%, 32=0.0%, >=64=0.0%
     submit    : 0=0.0%, 4=100.0%, 8=0.0%, 16=0.0%, 32=0.0%, 64=0.0%, >=64=0.0%
     complete  : 0=0.0%, 4=100.0%, 8=0.0%, 16=0.0%, 32=0.0%, 64=0.0%, >=64=0.0%
     issued rwts: total=0,1983663,0,0 short=0,0,0,0 dropped=0,0,0,0
     latency   : target=0, window=0, percentile=100.00%, depth=1

Run status group 0 (all jobs):
  WRITE: bw=413MiB/s (433MB/s), 413MiB/s-413MiB/s (433MB/s-433MB/s), io=121GiB (130GB), run=300296-300296msec
