seqw: (g=0): rw=write, bs=(R) 64.0KiB-64.0KiB, (W) 64.0KiB-64.0KiB, (T) 64.0KiB-64.0KiB, ioengine=libaio, iodepth=1
...
fio-3.18
Starting 32 threads

seqw: (groupid=0, jobs=32): err= 0: pid=130130: Thu Feb 20 12:49:43 2020
  write: IOPS=8789, BW=549MiB/s (576MB/s)(161GiB/300433msec)
    slat (usec): min=25, max=1627, avg=100.62, stdev=33.95
    clat (usec): min=62, max=15921k, avg=3533.62, stdev=24253.39
     lat (usec): min=809, max=15922k, avg=3634.47, stdev=24253.62
    clat percentiles (usec):
     |  1.00th=[  1020],  5.00th=[  1188], 10.00th=[  1287], 20.00th=[  1450],
     | 30.00th=[  1582], 40.00th=[  1713], 50.00th=[  1876], 60.00th=[  2089],
     | 70.00th=[  2474], 80.00th=[  4113], 90.00th=[  5276], 95.00th=[  5997],
     | 99.00th=[ 24249], 99.50th=[ 58459], 99.90th=[204473], 99.95th=[254804],
     | 99.99th=[358613]
   bw (  KiB/s): min=164608, max=899328, per=100.00%, avg=568712.25, stdev=4238.86, samples=18896
   iops        : min= 2572, max=14052, avg=8886.10, stdev=66.23, samples=18896
  lat (usec)   : 100=0.01%, 500=0.01%, 750=0.01%, 1000=0.80%
  lat (msec)   : 2=55.47%, 4=23.16%, 10=18.73%, 20=0.70%, 50=0.55%
  lat (msec)   : 100=0.28%, 250=0.24%, 500=0.05%, 750=0.01%, 1000=0.01%
  lat (msec)   : 2000=0.01%, >=2000=0.01%
  cpu          : usr=0.12%, sys=1.51%, ctx=5236488, majf=0, minf=47709
  IO depths    : 1=100.0%, 2=0.0%, 4=0.0%, 8=0.0%, 16=0.0%, 32=0.0%, >=64=0.0%
     submit    : 0=0.0%, 4=100.0%, 8=0.0%, 16=0.0%, 32=0.0%, 64=0.0%, >=64=0.0%
     complete  : 0=0.0%, 4=100.0%, 8=0.0%, 16=0.0%, 32=0.0%, 64=0.0%, >=64=0.0%
     issued rwts: total=0,2640695,0,0 short=0,0,0,0 dropped=0,0,0,0
     latency   : target=0, window=0, percentile=100.00%, depth=1

Run status group 0 (all jobs):
  WRITE: bw=549MiB/s (576MB/s), 549MiB/s-549MiB/s (576MB/s-576MB/s), io=161GiB (173GB), run=300433-300433msec
