seqw: (g=0): rw=write, bs=(R) 64.0KiB-64.0KiB, (W) 64.0KiB-64.0KiB, (T) 64.0KiB-64.0KiB, ioengine=libaio, iodepth=1
...
fio-3.18
Starting 2 threads

seqw: (groupid=0, jobs=2): err= 0: pid=72796: Wed Feb 19 22:05:16 2020
  write: IOPS=1611, BW=101MiB/s (106MB/s)(29.5GiB/300003msec)
    slat (usec): min=23, max=337, avg=45.05, stdev=19.57
    clat (usec): min=676, max=66926, avg=1194.79, stdev=787.84
     lat (usec): min=784, max=67005, avg=1240.00, stdev=787.91
    clat percentiles (usec):
     |  1.00th=[  840],  5.00th=[  881], 10.00th=[  906], 20.00th=[  947],
     | 30.00th=[  971], 40.00th=[ 1004], 50.00th=[ 1029], 60.00th=[ 1057],
     | 70.00th=[ 1090], 80.00th=[ 1188], 90.00th=[ 1532], 95.00th=[ 2024],
     | 99.00th=[ 4228], 99.50th=[ 4752], 99.90th=[ 6587], 99.95th=[ 9372],
     | 99.99th=[33817]
   bw (  KiB/s): min=78976, max=112000, per=100.00%, avg=103223.62, stdev=2154.34, samples=1198
   iops        : min= 1234, max= 1750, avg=1612.87, stdev=33.66, samples=1198
  lat (usec)   : 750=0.01%, 1000=39.70%
  lat (msec)   : 2=55.22%, 4=3.86%, 10=1.18%, 20=0.03%, 50=0.02%
  lat (msec)   : 100=0.01%
  cpu          : usr=0.33%, sys=2.91%, ctx=600273, majf=0, minf=1449
  IO depths    : 1=100.0%, 2=0.0%, 4=0.0%, 8=0.0%, 16=0.0%, 32=0.0%, >=64=0.0%
     submit    : 0=0.0%, 4=100.0%, 8=0.0%, 16=0.0%, 32=0.0%, 64=0.0%, >=64=0.0%
     complete  : 0=0.0%, 4=100.0%, 8=0.0%, 16=0.0%, 32=0.0%, 64=0.0%, >=64=0.0%
     issued rwts: total=0,483357,0,0 short=0,0,0,0 dropped=0,0,0,0
     latency   : target=0, window=0, percentile=100.00%, depth=1

Run status group 0 (all jobs):
  WRITE: bw=101MiB/s (106MB/s), 101MiB/s-101MiB/s (106MB/s-106MB/s), io=29.5GiB (31.7GB), run=300003-300003msec
