seqw: (g=0): rw=write, bs=(R) 64.0KiB-64.0KiB, (W) 64.0KiB-64.0KiB, (T) 64.0KiB-64.0KiB, ioengine=libaio, iodepth=1
...
fio-3.18
Starting 4 threads

seqw: (groupid=0, jobs=4): err= 0: pid=593: Thu Feb 20 13:06:27 2020
  write: IOPS=3048, BW=191MiB/s (200MB/s)(55.8GiB/300001msec)
    slat (usec): min=20, max=516, avg=66.51, stdev=21.40
    clat (usec): min=556, max=527363, avg=1244.14, stdev=1435.93
     lat (usec): min=786, max=527442, avg=1310.83, stdev=1435.91
    clat percentiles (usec):
     |  1.00th=[  816],  5.00th=[  873], 10.00th=[  906], 20.00th=[  955],
     | 30.00th=[  988], 40.00th=[ 1012], 50.00th=[ 1045], 60.00th=[ 1074],
     | 70.00th=[ 1123], 80.00th=[ 1205], 90.00th=[ 1401], 95.00th=[ 2442],
     | 99.00th=[ 4752], 99.50th=[ 5080], 99.90th=[ 9372], 99.95th=[22938],
     | 99.99th=[57934]
   bw (  KiB/s): min=115584, max=217984, per=100.00%, avg=195298.26, stdev=3529.90, samples=2396
   iops        : min= 1806, max= 3406, avg=3051.53, stdev=55.15, samples=2396
  lat (usec)   : 750=0.02%, 1000=34.98%
  lat (msec)   : 2=59.16%, 4=3.46%, 10=2.29%, 20=0.04%, 50=0.04%
  lat (msec)   : 100=0.02%, 250=0.01%, 750=0.01%
  cpu          : usr=0.30%, sys=2.76%, ctx=1584821, majf=0, minf=8279
  IO depths    : 1=100.0%, 2=0.0%, 4=0.0%, 8=0.0%, 16=0.0%, 32=0.0%, >=64=0.0%
     submit    : 0=0.0%, 4=100.0%, 8=0.0%, 16=0.0%, 32=0.0%, 64=0.0%, >=64=0.0%
     complete  : 0=0.0%, 4=100.0%, 8=0.0%, 16=0.0%, 32=0.0%, 64=0.0%, >=64=0.0%
     issued rwts: total=0,914525,0,0 short=0,0,0,0 dropped=0,0,0,0
     latency   : target=0, window=0, percentile=100.00%, depth=1

Run status group 0 (all jobs):
  WRITE: bw=191MiB/s (200MB/s), 191MiB/s-191MiB/s (200MB/s-200MB/s), io=55.8GiB (59.9GB), run=300001-300001msec
