seqw: (g=0): rw=write, bs=(R) 64.0KiB-64.0KiB, (W) 64.0KiB-64.0KiB, (T) 64.0KiB-64.0KiB, ioengine=libaio, iodepth=1
...
fio-3.18
Starting 4 threads

seqw: (groupid=0, jobs=4): err= 0: pid=72421: Wed Feb 19 21:59:41 2020
  write: IOPS=2808, BW=176MiB/s (184MB/s)(51.4GiB/300002msec)
    slat (usec): min=23, max=362, avg=78.85, stdev=13.74
    clat (usec): min=699, max=353761, avg=1343.73, stdev=2951.14
     lat (usec): min=786, max=353794, avg=1422.75, stdev=2950.97
    clat percentiles (usec):
     |  1.00th=[   840],  5.00th=[   881], 10.00th=[   914], 20.00th=[   955],
     | 30.00th=[   988], 40.00th=[  1012], 50.00th=[  1045], 60.00th=[  1090],
     | 70.00th=[  1139], 80.00th=[  1319], 90.00th=[  1663], 95.00th=[  2933],
     | 99.00th=[  4883], 99.50th=[  5276], 99.90th=[ 15795], 99.95th=[ 43779],
     | 99.99th=[158335]
   bw (  KiB/s): min= 1152, max=212992, per=100.00%, avg=179886.73, stdev=8141.72, samples=2396
   iops        : min=   18, max= 3328, avg=2810.73, stdev=127.21, samples=2396
  lat (usec)   : 750=0.01%, 1000=35.19%
  lat (msec)   : 2=57.77%, 4=4.37%, 10=2.53%, 20=0.06%, 50=0.05%
  lat (msec)   : 100=0.02%, 250=0.02%, 500=0.01%
  cpu          : usr=0.31%, sys=2.66%, ctx=1648077, majf=0, minf=1973
  IO depths    : 1=100.0%, 2=0.0%, 4=0.0%, 8=0.0%, 16=0.0%, 32=0.0%, >=64=0.0%
     submit    : 0=0.0%, 4=100.0%, 8=0.0%, 16=0.0%, 32=0.0%, 64=0.0%, >=64=0.0%
     complete  : 0=0.0%, 4=100.0%, 8=0.0%, 16=0.0%, 32=0.0%, 64=0.0%, >=64=0.0%
     issued rwts: total=0,842414,0,0 short=0,0,0,0 dropped=0,0,0,0
     latency   : target=0, window=0, percentile=100.00%, depth=1

Run status group 0 (all jobs):
  WRITE: bw=176MiB/s (184MB/s), 176MiB/s-176MiB/s (184MB/s-184MB/s), io=51.4GiB (55.2GB), run=300002-300002msec
