seqw: (g=0): rw=write, bs=(R) 64.0KiB-64.0KiB, (W) 64.0KiB-64.0KiB, (T) 64.0KiB-64.0KiB, ioengine=libaio, iodepth=1
...
fio-3.18
Starting 128 threads

seqw: (groupid=0, jobs=128): err= 0: pid=129233: Thu Feb 20 12:38:35 2020
  write: IOPS=12.4k, BW=772MiB/s (810MB/s)(227GiB/300727msec)
    slat (usec): min=26, max=5531, avg=132.15, stdev=87.71
    clat (usec): min=2, max=19035k, avg=10203.62, stdev=34386.37
     lat (usec): min=884, max=19035k, avg=10336.01, stdev=34387.21
    clat percentiles (usec):
     |  1.00th=[  1319],  5.00th=[  1745], 10.00th=[  2057], 20.00th=[  2573],
     | 30.00th=[  3064], 40.00th=[  3720], 50.00th=[  4621], 60.00th=[  5473],
     | 70.00th=[  6390], 80.00th=[  7832], 90.00th=[ 17171], 95.00th=[ 35914],
     | 99.00th=[130548], 99.50th=[185598], 99.90th=[291505], 99.95th=[341836],
     | 99.99th=[497026]
   bw (  KiB/s): min=77306, max=1851136, per=100.00%, avg=797622.19, stdev=2495.16, samples=76000
   iops        : min= 1202, max=28924, avg=12462.22, stdev=38.99, samples=76000
  lat (usec)   : 4=0.01%, 10=0.01%, 20=0.01%, 250=0.01%, 500=0.01%
  lat (usec)   : 750=0.01%, 1000=0.05%
  lat (msec)   : 2=8.92%, 4=34.40%, 10=41.51%, 20=6.25%, 50=5.47%
  lat (msec)   : 100=1.98%, 250=1.22%, 500=0.19%, 750=0.01%, 1000=0.01%
  lat (msec)   : 2000=0.01%, >=2000=0.01%
  cpu          : usr=0.05%, sys=0.80%, ctx=7569150, majf=0, minf=168482
  IO depths    : 1=100.0%, 2=0.0%, 4=0.0%, 8=0.0%, 16=0.0%, 32=0.0%, >=64=0.0%
     submit    : 0=0.0%, 4=100.0%, 8=0.0%, 16=0.0%, 32=0.0%, 64=0.0%, >=64=0.0%
     complete  : 0=0.0%, 4=100.0%, 8=0.0%, 16=0.0%, 32=0.0%, 64=0.0%, >=64=0.0%
     issued rwts: total=0,3714947,0,0 short=0,0,0,0 dropped=0,0,0,0
     latency   : target=0, window=0, percentile=100.00%, depth=1

Run status group 0 (all jobs):
  WRITE: bw=772MiB/s (810MB/s), 772MiB/s-772MiB/s (810MB/s-810MB/s), io=227GiB (243GB), run=300727-300727msec
