seqw: (g=0): rw=write, bs=(R) 64.0KiB-64.0KiB, (W) 64.0KiB-64.0KiB, (T) 64.0KiB-64.0KiB, ioengine=libaio, iodepth=1
...
fio-3.18
Starting 64 threads

seqw: (groupid=0, jobs=64): err= 0: pid=129698: Thu Feb 20 12:44:08 2020
  write: IOPS=10.1k, BW=633MiB/s (664MB/s)(186GiB/300552msec)
    slat (usec): min=23, max=3002, avg=111.80, stdev=49.41
    clat (usec): min=2, max=2977.1k, avg=6191.22, stdev=22600.41
     lat (usec): min=825, max=2977.3k, avg=6303.26, stdev=22601.11
    clat percentiles (usec):
     |  1.00th=[  1090],  5.00th=[  1319], 10.00th=[  1483], 20.00th=[  1729],
     | 30.00th=[  1958], 40.00th=[  2212], 50.00th=[  2540], 60.00th=[  3097],
     | 70.00th=[  4293], 80.00th=[  5342], 90.00th=[  6587], 95.00th=[ 13304],
     | 99.00th=[ 84411], 99.50th=[147850], 99.90th=[287310], 99.95th=[371196],
     | 99.99th=[717226]
   bw (  KiB/s): min=55936, max=1492480, per=100.00%, avg=654869.72, stdev=4253.27, samples=37952
   iops        : min=  874, max=23320, avg=10232.29, stdev=66.46, samples=37952
  lat (usec)   : 4=0.01%, 10=0.01%, 250=0.01%, 500=0.01%, 750=0.01%
  lat (usec)   : 1000=0.36%
  lat (msec)   : 2=31.27%, 4=36.18%, 10=26.27%, 20=2.10%, 50=2.07%
  lat (msec)   : 100=0.91%, 250=0.69%, 500=0.12%, 750=0.02%, 1000=0.01%
  lat (msec)   : 2000=0.01%, >=2000=0.01%
  cpu          : usr=0.07%, sys=1.01%, ctx=6145394, majf=0, minf=102019
  IO depths    : 1=100.0%, 2=0.0%, 4=0.0%, 8=0.0%, 16=0.0%, 32=0.0%, >=64=0.0%
     submit    : 0=0.0%, 4=100.0%, 8=0.0%, 16=0.0%, 32=0.0%, 64=0.0%, >=64=0.0%
     complete  : 0=0.0%, 4=100.0%, 8=0.0%, 16=0.0%, 32=0.0%, 64=0.0%, >=64=0.0%
     issued rwts: total=0,3045621,0,0 short=0,0,0,0 dropped=0,0,0,0
     latency   : target=0, window=0, percentile=100.00%, depth=1

Run status group 0 (all jobs):
  WRITE: bw=633MiB/s (664MB/s), 633MiB/s-633MiB/s (664MB/s-664MB/s), io=186GiB (200GB), run=300552-300552msec
