seqw: (g=0): rw=write, bs=(R) 64.0KiB-64.0KiB, (W) 64.0KiB-64.0KiB, (T) 64.0KiB-64.0KiB, ioengine=libaio, iodepth=1
fio-3.18
Starting 1 thread

seqw: (groupid=0, jobs=1): err= 0: pid=1303: Thu Feb 20 13:17:37 2020
  write: IOPS=757, BW=47.3MiB/s (49.6MB/s)(13.9GiB/300001msec)
    slat (usec): min=28, max=246, avg=34.40, stdev= 3.36
    clat (usec): min=760, max=587229, avg=1284.94, stdev=7379.35
     lat (usec): min=797, max=587266, avg=1319.47, stdev=7379.34
    clat percentiles (usec):
     |  1.00th=[   840],  5.00th=[   865], 10.00th=[   889], 20.00th=[   914],
     | 30.00th=[   947], 40.00th=[   971], 50.00th=[   996], 60.00th=[  1012],
     | 70.00th=[  1037], 80.00th=[  1074], 90.00th=[  1156], 95.00th=[  1303],
     | 99.00th=[  3523], 99.50th=[  4490], 99.90th=[ 51119], 99.95th=[198181],
     | 99.99th=[350225]
   bw (  KiB/s): min= 1920, max=63488, per=100.00%, avg=48511.65, stdev=13285.48, samples=599
   iops        : min=   30, max=  992, avg=757.99, stdev=207.59, samples=599
  lat (usec)   : 1000=52.95%
  lat (msec)   : 2=43.98%, 4=2.31%, 10=0.60%, 20=0.01%, 50=0.05%
  lat (msec)   : 100=0.02%, 250=0.04%, 500=0.03%, 750=0.01%
  cpu          : usr=0.36%, sys=2.61%, ctx=227529, majf=0, minf=167
  IO depths    : 1=100.0%, 2=0.0%, 4=0.0%, 8=0.0%, 16=0.0%, 32=0.0%, >=64=0.0%
     submit    : 0=0.0%, 4=100.0%, 8=0.0%, 16=0.0%, 32=0.0%, 64=0.0%, >=64=0.0%
     complete  : 0=0.0%, 4=100.0%, 8=0.0%, 16=0.0%, 32=0.0%, 64=0.0%, >=64=0.0%
     issued rwts: total=0,227165,0,0 short=0,0,0,0 dropped=0,0,0,0
     latency   : target=0, window=0, percentile=100.00%, depth=1

Run status group 0 (all jobs):
  WRITE: bw=47.3MiB/s (49.6MB/s), 47.3MiB/s-47.3MiB/s (49.6MB/s-49.6MB/s), io=13.9GiB (14.9GB), run=300001-300001msec
